cpu-bind=MASK - cn-0180, task  0  0 [128135]: mask |--------------------||||--------BBBBBBBB----|  set
Python 3.10.6
Gurobi Optimizer version 10.0.0 build v10.0.0rc2 (linux64)
Copyright (c) 2022, Gurobi Optimization, LLC
started at Thu Oct 12 10:18:51 CEST 2023
####################################################################################################
####################################################################################################
Start ROADEF
Set parameter TokenServer to value "license3.uni-paderborn.de"
####################################################################################################
####################################################################################################
Time for optimization 3600.0 (s)
####################################################################################################
Data read
Took 	00:00:00.021
####################################################################################################
Presolve
Anzahl Trucks in OPtimierungsproblem:  19
Itemgruppen in AP werden eher enger gemacht:  True
Start Reduction
Orinigial Anzahl:  123 634
Reduzierte Anzahl:  38 634
####################################################################################################
Load Assignment 1 solution
Set parameter MIPFocus to value 1
Set parameter TimeLimit to value 323.91
Set parameter Threads to value 8
Set parameter MIPGap to value 0.005
Gurobi Optimizer version 10.0.0 build v10.0.0rc2 (linux64)

CPU model: Intel(R) Xeon(R) Gold 6148 CPU @ 2.40GHz, instruction set [SSE2|AVX|AVX2|AVX512]
Thread count: 40 physical cores, 40 logical processors, using up to 8 threads

Optimize a model with 240 rows, 302 columns and 857 nonzeros
Model fingerprint: 0x8cf06b1a
Variable types: 38 continuous, 264 integer (19 binary)
Coefficient statistics:
  Matrix range     [3e-01, 2e+04]
  Objective range  [6e+01, 5e+03]
  Bounds range     [1e+00, 3e+01]
  RHS range        [1e+00, 3e+01]
Presolve removed 157 rows and 164 columns
Presolve time: 0.01s
Presolved: 83 rows, 138 columns, 413 nonzeros
Variable types: 0 continuous, 138 integer (36 binary)
Found heuristic solution: objective 268740.00000

Root relaxation: objective 1.969574e+04, 45 iterations, 0.00 seconds (0.00 work units)

    Nodes    |    Current Node    |     Objective Bounds      |     Work
 Expl Unexpl |  Obj  Depth IntInf | Incumbent    BestBd   Gap | It/Node Time

     0     0 19695.7402    0   23 268740.000 19695.7402  92.7%     -    0s
H    0     0                    29845.000000 19695.7402  34.0%     -    0s
H    0     0                    29680.000000 19695.7402  33.6%     -    0s
H    0     0                    28800.000000 19695.7402  31.6%     -    0s
     0     0 28800.0000    0    5 28800.0000 28800.0000  0.00%     -    0s

Cutting planes:
  Gomory: 7
  Cover: 3
  Implied bound: 2
  Clique: 2
  MIR: 6
  Flow cover: 4

Explored 1 nodes (69 simplex iterations) in 0.01 seconds (0.00 work units)
Thread count was 8 (of 40 available processors)

Solution count 4: 28800 29680 29845 268740 

Optimal solution found (tolerance 5.00e-03)
Best objective 2.880000000000e+04, best bound 2.880000000000e+04, gap 0.0000%

User-callback calls 567, time in user-callback 0.00 sec
Objective AP1: 28800.0, MIP-Gap: 0.0%
AP0 requires 18 trucks and 1 pseudo trucks.
####################################################################################################
####################################################################################################
Assignment 1
Set parameter TimeLimit to value 6.4775710152804857e+02
Set parameter Threads to value 8
Set parameter MIPGap to value 1e-16
Gurobi Optimizer version 10.0.0 build v10.0.0rc2 (linux64)

CPU model: Intel(R) Xeon(R) Gold 6148 CPU @ 2.40GHz, instruction set [SSE2|AVX|AVX2|AVX512]
Thread count: 40 physical cores, 40 logical processors, using up to 8 threads

Optimize a model with 561 rows, 2068 columns and 12254 nonzeros
Model fingerprint: 0xb6c4d224
Variable types: 38 continuous, 2030 integer (1706 binary)
Coefficient statistics:
  Matrix range     [1e+00, 2e+04]
  Objective range  [4e+01, 2e+03]
  Bounds range     [1e+00, 2e+01]
  RHS range        [1e+00, 4e+01]
Presolve removed 561 rows and 2068 columns
Presolve time: 0.00s
Presolve: All rows and columns removed

Explored 0 nodes (0 simplex iterations) in 0.00 seconds (0.01 work units)
Thread count was 1 (of 40 available processors)

Solution count 1: 28800 

Optimal solution found (tolerance 1.00e-16)
Best objective 2.880000000000e+04, best bound 2.880000000000e+04, gap 0.0000%
####################################################################################################
Hier wird die fixierte Version nochmal relaxiert um bessere Lösungen zu erhalten
Set parameter TimeLimit to value 647.663085247092
Set parameter MIPFocus to value 1
Gurobi Optimizer version 10.0.0 build v10.0.0rc2 (linux64)

CPU model: Intel(R) Xeon(R) Gold 6148 CPU @ 2.40GHz, instruction set [SSE2|AVX|AVX2|AVX512]
Thread count: 40 physical cores, 40 logical processors, using up to 8 threads

Optimize a model with 427 rows, 2068 columns and 11790 nonzeros
Model fingerprint: 0xc56f3f63
Variable types: 38 continuous, 2030 integer (1706 binary)
Coefficient statistics:
  Matrix range     [1e+00, 2e+04]
  Objective range  [4e+01, 2e+03]
  Bounds range     [1e+00, 2e+01]
  RHS range        [1e+00, 2e+01]

MIP start from previous solve produced solution with objective 28800 (0.00s)
Loaded MIP start from previous solve with objective 28800

Presolve removed 218 rows and 408 columns
Presolve time: 0.04s
Presolved: 209 rows, 1660 columns, 6542 nonzeros
Variable types: 0 continuous, 1660 integer (1456 binary)

Root relaxation: objective 1.965931e+04, 102 iterations, 0.00 seconds (0.00 work units)

    Nodes    |    Current Node    |     Objective Bounds      |     Work
 Expl Unexpl |  Obj  Depth IntInf | Incumbent    BestBd   Gap | It/Node Time

     0     0 19659.3104    0   42 28800.0000 19659.3104  31.7%     -    0s
     0     0 20559.3104    0   41 28800.0000 20559.3104  28.6%     -    0s
     0     0 21132.2764    0   42 28800.0000 21132.2764  26.6%     -    0s
     0     0 21340.0038    0   41 28800.0000 21340.0038  25.9%     -    0s
     0     0 21340.0038    0   41 28800.0000 21340.0038  25.9%     -    0s
     0     0 21340.0038    0   41 28800.0000 21340.0038  25.9%     -    0s
     0     0 27559.2322    0   12 28800.0000 27559.2322  4.31%     -    0s
     0     0 27559.2322    0   12 28800.0000 27559.2322  4.31%     -    0s
     0     0 27559.2322    0   12 28800.0000 27559.2322  4.31%     -    0s
     0     0 27559.2322    0   12 28800.0000 27559.2322  4.31%     -    0s
     0     0 27559.2322    0   12 28800.0000 27559.2322  4.31%     -    0s
H    0     0                    27650.000000 27559.2322  0.33%     -    0s
     0     0 27560.0000    0    6 27650.0000 27560.0000  0.33%     -    0s
H    0     0                    27560.000000 27560.0000  0.00%     -    0s

Cutting planes:
  Learned: 2
  Gomory: 14
  Cover: 9
  Implied bound: 46
  Clique: 3
  MIR: 24
  StrongCG: 18
  Flow cover: 13
  GUB cover: 12
  Zero half: 5
  RLT: 26
  Relax-and-lift: 37

Explored 1 nodes (278 simplex iterations) in 0.10 seconds (0.08 work units)
Thread count was 8 (of 40 available processors)

Solution count 3: 27560 27650 28800 

Optimal solution found (tolerance 1.00e-16)
Best objective 2.756000000000e+04, best bound 2.756000000000e+04, gap 0.0000%

User-callback calls 512, time in user-callback 0.00 sec
Objective AP1: 27560.0, MIP-Gap: 0.0%
AP1 requires 18 trucks to transport 634 items. 18 trucks and 0 pseudo trucks.
Took 	00:00:00.260
####################################################################################################
####################################################################################################
Simple Packing:  2
dataP.t2DSP:  1
####################################################################################################
####################################################################################################
First packing

----------------------------------------------------------------------------------------------------
3D Packing Heuristic in Truck P243630901
Item 0091017200_08062023000014 with: 1
Item 0091017200_08062023000020 with: 1
Item 0091017200_08062023000079 with: 7
Item 0091017200_08062023000086 with: 3
Item 0091017200_08062023000100 with: 4
Item 0091017200_08062023000103 with: 4
Heuristic packed all items

----------------------------------------------------------------------------------------------------
3D Packing Heuristic in Truck P173630901
Item 0091017200_08062023000001 with: 3
Item 0091017200_08062023000035 with: 2
Item 0091017200_08062023000047 with: 2
Item 0091017200_08062023000049 with: 2
Item 0091017200_08062023000069 with: 3
Item 0091017200_08062023000075 with: 6
Item 0091017200_08062023000109 with: 4
Heuristic packed all items

----------------------------------------------------------------------------------------------------
3D Packing Heuristic in Truck P194630901
Item 0091017200_08062023000003 with: 1
Item 0091017200_08062023000011 with: 2
Item 0091017200_08062023000065 with: 1
Item 0091017200_08062023000077 with: 3
Item 0091017200_08062023000084 with: 7
Item 0091017200_08062023000092 with: 4
Item 0091017200_08062023000095 with: 3
Item 0091017200_08062023000107 with: 1
Heuristic packed all items

----------------------------------------------------------------------------------------------------
3D Packing Heuristic in Truck P208630901
Item 0091017200_08062023000021 with: 2
Item 0091017200_08062023000039 with: 3
Item 0091017200_08062023000041 with: 4
Item 0091017200_08062023000048 with: 4
Item 0091017200_08062023000087 with: 2
Item 0091017200_08062023000097 with: 7
Heuristic packed all items

----------------------------------------------------------------------------------------------------
3D Packing Heuristic in Truck P209630901
Item 0091017200_08062023000002 with: 5
Item 0091017200_08062023000050 with: 2
Item 0091017200_08062023000062 with: 5
Item 0091017200_08062023000080 with: 2
Item 0091017200_08062023000091 with: 7
Item 0091017200_08062023000093 with: 1
Heuristic packed all items

----------------------------------------------------------------------------------------------------
3D Packing Heuristic in Truck P236630901
Item 0091017200_08062023000024 with: 4
Item 0091017200_08062023000053 with: 1
Item 0091017200_08062023000064 with: 8
Item 0091017200_08062023000072 with: 3
Item 0091017200_08062023000085 with: 4
Item 0091017200_08062023000104 with: 2
Heuristic packed all items

----------------------------------------------------------------------------------------------------
3D Packing Heuristic in Truck P187630901
Item 0091017200_08062023000005 with: 4
Item 0091017200_08062023000012 with: 3
Item 0091017200_08062023000013 with: 6
Item 0091017200_08062023000019 with: 3
Item 0091017200_08062023000074 with: 3
Item 0091017200_08062023000082 with: 3
Item 0091017200_08062023000111 with: 2
Heuristic packed all items

----------------------------------------------------------------------------------------------------
2D Packing Heuristic in Truck P201630901
Min2DVol: 15.599999999999996 [m2]
Stack 0 with items: ['0091017200_08062023000098', '0091017200_08062023000088', '0091017200_08062023000098']
Stack 1 with items: ['0091017200_08062023000088', '0091017200_08062023000042', '0091017200_08062023000042']
Stack 2 with items: ['0091017200_08062023000042', '0091017200_08062023000042', '0091017200_08062023000042']
Stack 3 with items: ['0091017200_08062023000042', '0091017200_08062023000042', '0091017200_08062023000042']
Stack 4 with items: ['0091017200_08062023000015', '0091017200_08062023000015', '0091017200_08062023000015']
Stack 5 with items: ['0091017200_08062023000010', '0091017200_08062023000010', '0091017200_08062023000010']
Stack 6 with items: ['0091017200_08062023000010', '0091017200_08062023000006', '0091017200_08062023000010']
Stack 7 with items: ['0091017200_08062023000006', '0091017200_08062023000006', '0091017200_08062023000006']
Stack 8 with items: ['0091017200_08062023000006', '0091017200_08062023000006']
Stack 9 with items: ['0091017200_08062023000123', '0091017200_08062023000123']
Stack 10 with items: ['0091017200_08062023000116', '0091017200_08062023000116']
Stack 11 with items: ['0091017200_08062023000116', '0091017200_08062023000116']
Stack 12 with items: ['0091017200_08062023000123', '0091017200_08062023000123']
Heuristic packed all stacks

----------------------------------------------------------------------------------------------------
2D Packing Heuristic in Truck P174630901
Min2DVol: 17.999999999999996 [m2]
Stack 0 with items: ['0091017200_08062023000119', '0091017200_08062023000119', '0091017200_08062023000119']
Stack 1 with items: ['0091017200_08062023000119', '0091017200_08062023000118', '0091017200_08062023000118']
Stack 2 with items: ['0091017200_08062023000118', '0091017200_08062023000118']
Stack 3 with items: ['0091017200_08062023000066', '0091017200_08062023000066']
Stack 4 with items: ['0091017200_08062023000066', '0091017200_08062023000066']
Stack 5 with items: ['0091017200_08062023000066', '0091017200_08062023000004']
Stack 6 with items: ['0091017200_08062023000004', '0091017200_08062023000004']
Stack 7 with items: ['0091017200_08062023000004']
Stack 8 with items: ['0091017200_08062023000057', '0091017200_08062023000057', '0091017200_08062023000057']
Stack 9 with items: ['0091017200_08062023000057', '0091017200_08062023000052']
Stack 10 with items: ['0091017200_08062023000052', '0091017200_08062023000052', '0091017200_08062023000052']
Stack 11 with items: ['0091017200_08062023000057', '0091017200_08062023000057', '0091017200_08062023000057']
Stack 12 with items: ['0091017200_08062023000094', '0091017200_08062023000057', '0091017200_08062023000057']
Stack 13 with items: ['0091017200_08062023000094', '0091017200_08062023000052', '0091017200_08062023000052']
Stack 14 with items: ['0091017200_08062023000052', '0091017200_08062023000057', '0091017200_08062023000057']
Heuristic packed all stacks

----------------------------------------------------------------------------------------------------
2D Packing Heuristic in Truck P199630901
Min2DVol: 19.199999999999996 [m2]
Stack 0 with items: ['0091017200_08062023000114', '0091017200_08062023000105', '0091017200_08062023000114']
Stack 1 with items: ['0091017200_08062023000105', '0091017200_08062023000105', '0091017200_08062023000105']
Stack 2 with items: ['0091017200_08062023000105', '0091017200_08062023000046', '0091017200_08062023000105']
Stack 3 with items: ['0091017200_08062023000046', '0091017200_08062023000046', '0091017200_08062023000046']
Stack 4 with items: ['0091017200_08062023000023', '0091017200_08062023000023', '0091017200_08062023000023']
Stack 5 with items: ['0091017200_08062023000023', '0091017200_08062023000023', '0091017200_08062023000023']
Stack 6 with items: ['0091017200_08062023000023', '0091017200_08062023000023', '0091017200_08062023000023']
Stack 7 with items: ['0091017200_08062023000023', '0091017200_08062023000023', '0091017200_08062023000023']
Stack 8 with items: ['0091017200_08062023000023']
Stack 9 with items: ['0091017200_08062023000096', '0091017200_08062023000027']
Stack 10 with items: ['0091017200_08062023000027', '0091017200_08062023000027']
Stack 11 with items: ['0091017200_08062023000089', '0091017200_08062023000027']
Stack 12 with items: ['0091017200_08062023000027', '0091017200_08062023000027']
Stack 13 with items: ['0091017200_08062023000089']
Stack 14 with items: ['0091017200_08062023000089', '0091017200_08062023000089']
Stack 15 with items: ['0091017200_08062023000089', '0091017200_08062023000089']
Heuristic packed all stacks

----------------------------------------------------------------------------------------------------
2D Packing Heuristic in Truck P241630901
Min2DVol: 19.199999999999996 [m2]
Stack 0 with items: ['0091017200_08062023000007', '0091017200_08062023000007']
Stack 1 with items: ['0091017200_08062023000071', '0091017200_08062023000007']
Stack 2 with items: ['0091017200_08062023000007', '0091017200_08062023000071']
Stack 3 with items: ['0091017200_08062023000071', '0091017200_08062023000071']
Stack 4 with items: ['0091017200_08062023000007', '0091017200_08062023000071']
Stack 5 with items: ['0091017200_08062023000071', '0091017200_08062023000071']
Stack 6 with items: ['0091017200_08062023000071', '0091017200_08062023000007']
Stack 7 with items: ['0091017200_08062023000007', '0091017200_08062023000007']
Stack 8 with items: ['0091017200_08062023000117', '0091017200_08062023000117', '0091017200_08062023000117']
Stack 9 with items: ['0091017200_08062023000117', '0091017200_08062023000067', '0091017200_08062023000117']
Stack 10 with items: ['0091017200_08062023000067', '0091017200_08062023000067', '0091017200_08062023000067']
Stack 11 with items: ['0091017200_08062023000067', '0091017200_08062023000067', '0091017200_08062023000067']
Stack 12 with items: ['0091017200_08062023000067', '0091017200_08062023000067', '0091017200_08062023000067']
Stack 13 with items: ['0091017200_08062023000067', '0091017200_08062023000067', '0091017200_08062023000067']
Stack 14 with items: ['0091017200_08062023000067', '0091017200_08062023000055', '0091017200_08062023000055']
Stack 15 with items: ['0091017200_08062023000008', '0091017200_08062023000008']
Heuristic packed all stacks

----------------------------------------------------------------------------------------------------
2D Packing Heuristic in Truck P244630901
Min2DVol: 19.199999999999996 [m2]
Stack 0 with items: ['0091017200_08062023000099', '0091017200_08062023000099', '0091017200_08062023000099']
Stack 1 with items: ['0091017200_08062023000099', '0091017200_08062023000099', '0091017200_08062023000099']
Stack 2 with items: ['0091017200_08062023000099', '0091017200_08062023000099', '0091017200_08062023000099']
Stack 3 with items: ['0091017200_08062023000099', '0091017200_08062023000099', '0091017200_08062023000099']
Stack 4 with items: ['0091017200_08062023000099', '0091017200_08062023000076', '0091017200_08062023000076']
Stack 5 with items: ['0091017200_08062023000076', '0091017200_08062023000068', '0091017200_08062023000076']
Stack 6 with items: ['0091017200_08062023000068', '0091017200_08062023000068', '0091017200_08062023000068']
Stack 7 with items: ['0091017200_08062023000016', '0091017200_08062023000016', '0091017200_08062023000016']
Stack 8 with items: ['0091017200_08062023000016', '0091017200_08062023000016']
Stack 9 with items: ['0091017200_08062023000029', '0091017200_08062023000029']
Stack 10 with items: ['0091017200_08062023000032', '0091017200_08062023000029']
Stack 11 with items: ['0091017200_08062023000029', '0091017200_08062023000029']
Stack 12 with items: ['0091017200_08062023000032', '0091017200_08062023000032']
Stack 13 with items: ['0091017200_08062023000032', '0091017200_08062023000032']
Stack 14 with items: ['0091017200_08062023000029']
Stack 15 with items: ['0091017200_08062023000032', '0091017200_08062023000032']
Heuristic packed all stacks

----------------------------------------------------------------------------------------------------
2D Packing Heuristic in Truck P188630901
Min2DVol: 19.199999999999996 [m2]
Stack 0 with items: ['0091017200_08062023000102', '0091017200_08062023000102', '0091017200_08062023000102']
Stack 1 with items: ['0091017200_08062023000101', '0091017200_08062023000101', '0091017200_08062023000101']
Stack 2 with items: ['0091017200_08062023000081', '0091017200_08062023000081']
Stack 3 with items: ['0091017200_08062023000081', '0091017200_08062023000081']
Stack 4 with items: ['0091017200_08062023000081', '0091017200_08062023000081']
Stack 5 with items: ['0091017200_08062023000081', '0091017200_08062023000017']
Stack 6 with items: ['0091017200_08062023000017', '0091017200_08062023000017']
Stack 7 with items: ['0091017200_08062023000017', '0091017200_08062023000017']
Stack 8 with items: ['0091017200_08062023000017', '0091017200_08062023000017']
Stack 9 with items: ['0091017200_08062023000045', '0091017200_08062023000045', '0091017200_08062023000045']
Stack 10 with items: ['0091017200_08062023000045', '0091017200_08062023000045', '0091017200_08062023000045']
Stack 11 with items: ['0091017200_08062023000034', '0091017200_08062023000034', '0091017200_08062023000034']
Stack 12 with items: ['0091017200_08062023000045', '0091017200_08062023000045', '0091017200_08062023000045']
Stack 13 with items: ['0091017200_08062023000038', '0091017200_08062023000045', '0091017200_08062023000045']
Stack 14 with items: ['0091017200_08062023000108', '0091017200_08062023000108', '0091017200_08062023000108']
Stack 15 with items: ['0091017200_08062023000034', '0091017200_08062023000034']
Heuristic packed all stacks

----------------------------------------------------------------------------------------------------
2D Packing Heuristic in Truck P195630901
Min2DVol: 20.39999999999999 [m2]
Stack 0 with items: ['0091017200_08062023000028', '0091017200_08062023000028']
Stack 1 with items: ['0091017200_08062023000028', '0091017200_08062023000028']
Stack 2 with items: ['0091017200_08062023000063', '0091017200_08062023000063']
Stack 3 with items: ['0091017200_08062023000063', '0091017200_08062023000063']
Stack 4 with items: ['0091017200_08062023000031', '0091017200_08062023000063']
Stack 5 with items: ['0091017200_08062023000063', '0091017200_08062023000063']
Stack 6 with items: ['0091017200_08062023000028', '0091017200_08062023000028']
Stack 7 with items: ['0091017200_08062023000028', '0091017200_08062023000030']
Stack 8 with items: ['0091017200_08062023000110', '0091017200_08062023000110', '0091017200_08062023000110']
Stack 9 with items: ['0091017200_08062023000106', '0091017200_08062023000106', '0091017200_08062023000106']
Stack 10 with items: ['0091017200_08062023000106', '0091017200_08062023000106', '0091017200_08062023000106']
Stack 11 with items: ['0091017200_08062023000083', '0091017200_08062023000083', '0091017200_08062023000083']
Stack 12 with items: ['0091017200_08062023000083', '0091017200_08062023000083', '0091017200_08062023000083']
Stack 13 with items: ['0091017200_08062023000083', '0091017200_08062023000083', '0091017200_08062023000083']
Stack 14 with items: ['0091017200_08062023000083', '0091017200_08062023000083', '0091017200_08062023000083']
Stack 15 with items: ['0091017200_08062023000044', '0091017200_08062023000044', '0091017200_08062023000044']
Stack 16 with items: ['0091017200_08062023000044', '0091017200_08062023000044']
Heuristic packed all stacks

----------------------------------------------------------------------------------------------------
2D Packing Heuristic in Truck P185630901
Min2DVol: 22.799999999999994 [m2]
Stack 0 with items: ['0091017200_08062023000122', '0091017200_08062023000122', '0091017200_08062023000122']
Stack 1 with items: ['0091017200_08062023000009', '0091017200_08062023000058', '0091017200_08062023000058']
Stack 2 with items: ['0091017200_08062023000009', '0091017200_08062023000009', '0091017200_08062023000009']
Stack 3 with items: ['0091017200_08062023000009', '0091017200_08062023000009', '0091017200_08062023000122']
Stack 4 with items: ['0091017200_08062023000009', '0091017200_08062023000009', '0091017200_08062023000009']
Stack 5 with items: ['0091017200_08062023000009', '0091017200_08062023000058', '0091017200_08062023000058']
Stack 6 with items: ['0091017200_08062023000009', '0091017200_08062023000009', '0091017200_08062023000009']
Stack 7 with items: ['0091017200_08062023000058', '0091017200_08062023000058', '0091017200_08062023000058']
Stack 8 with items: ['0091017200_08062023000058', '0091017200_08062023000058', '0091017200_08062023000058']
Stack 9 with items: ['0091017200_08062023000113', '0091017200_08062023000113', '0091017200_08062023000113']
Stack 10 with items: ['0091017200_08062023000113', '0091017200_08062023000112', '0091017200_08062023000113']
Stack 11 with items: ['0091017200_08062023000112', '0091017200_08062023000112', '0091017200_08062023000112']
Stack 12 with items: ['0091017200_08062023000112', '0091017200_08062023000078']
Stack 13 with items: ['0091017200_08062023000078', '0091017200_08062023000078']
Stack 14 with items: ['0091017200_08062023000078', '0091017200_08062023000078']
Stack 15 with items: ['0091017200_08062023000078', '0091017200_08062023000018']
Stack 16 with items: ['0091017200_08062023000018', '0091017200_08062023000018']
Stack 17 with items: ['0091017200_08062023000018', '0091017200_08062023000018']
Stack 18 with items: ['0091017200_08062023000018']
Heuristic packed all stacks

----------------------------------------------------------------------------------------------------
2D Packing Heuristic in Truck P192630901
Min2DVol: 23.999999999999993 [m2]
Stack 0 with items: ['0091017200_08062023000073', '0091017200_08062023000073', '0091017200_08062023000073']
Stack 1 with items: ['0091017200_08062023000070', '0091017200_08062023000070', '0091017200_08062023000070']
Stack 2 with items: ['0091017200_08062023000025', '0091017200_08062023000025', '0091017200_08062023000070']
Stack 3 with items: ['0091017200_08062023000070', '0091017200_08062023000070', '0091017200_08062023000070']
Stack 4 with items: ['0091017200_08062023000070', '0091017200_08062023000070', '0091017200_08062023000070']
Stack 5 with items: ['0091017200_08062023000073', '0091017200_08062023000033', '0091017200_08062023000073']
Stack 6 with items: ['0091017200_08062023000033', '0091017200_08062023000033', '0091017200_08062023000033']
Stack 7 with items: ['0091017200_08062023000070', '0091017200_08062023000070', '0091017200_08062023000070']
Stack 8 with items: ['0091017200_08062023000073', '0091017200_08062023000073', '0091017200_08062023000073']
Stack 9 with items: ['0091017200_08062023000060', '0091017200_08062023000060']
Stack 10 with items: ['0091017200_08062023000060', '0091017200_08062023000060']
Stack 11 with items: ['0091017200_08062023000060', '0091017200_08062023000060']
Stack 12 with items: ['0091017200_08062023000060', '0091017200_08062023000059']
Stack 13 with items: ['0091017200_08062023000056', '0091017200_08062023000056']
Stack 14 with items: ['0091017200_08062023000056', '0091017200_08062023000056']
Stack 15 with items: ['0091017200_08062023000056', '0091017200_08062023000056']
Stack 16 with items: ['0091017200_08062023000054', '0091017200_08062023000054', '0091017200_08062023000054']
Stack 17 with items: ['0091017200_08062023000054', '0091017200_08062023000040', '0091017200_08062023000054']
Stack 18 with items: ['0091017200_08062023000040', '0091017200_08062023000040', '0091017200_08062023000040']
Stack 19 with items: ['0091017200_08062023000040']
Heuristic packed all stacks

----------------------------------------------------------------------------------------------------
2D Packing Heuristic in Truck P237630901
Min2DVol: 25.199999999999992 [m2]
Stack 0 with items: ['0091017200_08062023000090', '0091017200_08062023000090']
Stack 1 with items: ['0091017200_08062023000026', '0091017200_08062023000026']
Stack 2 with items: ['0091017200_08062023000026', '0091017200_08062023000090']
Stack 3 with items: ['0091017200_08062023000026', '0091017200_08062023000026']
Stack 4 with items: ['0091017200_08062023000026', '0091017200_08062023000026']
Stack 5 with items: ['0091017200_08062023000090', '0091017200_08062023000090']
Stack 6 with items: ['0091017200_08062023000090', '0091017200_08062023000090']
Stack 7 with items: ['0091017200_08062023000090', '0091017200_08062023000090']
Stack 8 with items: ['0091017200_08062023000026', '0091017200_08062023000026']
Stack 9 with items: ['0091017200_08062023000061', '0091017200_08062023000061', '0091017200_08062023000061']
Stack 10 with items: ['0091017200_08062023000051', '0091017200_08062023000051', '0091017200_08062023000051']
Stack 11 with items: ['0091017200_08062023000051', '0091017200_08062023000043', '0091017200_08062023000043']
Stack 12 with items: ['0091017200_08062023000043', '0091017200_08062023000043', '0091017200_08062023000043']
Stack 13 with items: ['0091017200_08062023000043', '0091017200_08062023000043', '0091017200_08062023000043']
Stack 14 with items: ['0091017200_08062023000036', '0091017200_08062023000036', '0091017200_08062023000036']
Stack 15 with items: ['0091017200_08062023000036', '0091017200_08062023000036', '0091017200_08062023000036']
Stack 16 with items: ['0091017200_08062023000036', '0091017200_08062023000036', '0091017200_08062023000036']
Stack 17 with items: ['0091017200_08062023000036', '0091017200_08062023000036', '0091017200_08062023000036']
Stack 18 with items: ['0091017200_08062023000036', '0091017200_08062023000036', '0091017200_08062023000036']
Stack 19 with items: ['0091017200_08062023000036', '0091017200_08062023000036', '0091017200_08062023000036']
Stack 20 with items: ['0091017200_08062023000036']
Heuristic packed all stacks

----------------------------------------------------------------------------------------------------
2D Packing Heuristic in Truck P202630901
Min2DVol: 29.99999999999999 [m2]
Stack 0 with items: ['0091017200_08062023000042', '0091017200_08062023000042', '0091017200_08062023000042']
Stack 1 with items: ['0091017200_08062023000037', '0091017200_08062023000037', '0091017200_08062023000037']
Stack 2 with items: ['0091017200_08062023000037', '0091017200_08062023000037', '0091017200_08062023000037']
Stack 3 with items: ['0091017200_08062023000037', '0091017200_08062023000037', '0091017200_08062023000037']
Stack 4 with items: ['0091017200_08062023000037', '0091017200_08062023000037', '0091017200_08062023000037']
Stack 5 with items: ['0091017200_08062023000037', '0091017200_08062023000037', '0091017200_08062023000037']
Stack 6 with items: ['0091017200_08062023000037', '0091017200_08062023000037', '0091017200_08062023000037']
Stack 7 with items: ['0091017200_08062023000037', '0091017200_08062023000037', '0091017200_08062023000037']
Stack 8 with items: ['0091017200_08062023000037', '0091017200_08062023000037', '0091017200_08062023000037']
Stack 9 with items: ['0091017200_08062023000037', '0091017200_08062023000022', '0091017200_08062023000022']
Stack 10 with items: ['0091017200_08062023000022', '0091017200_08062023000022']
Stack 11 with items: ['0091017200_08062023000121', '0091017200_08062023000121']
Stack 12 with items: ['0091017200_08062023000121', '0091017200_08062023000121']
Stack 13 with items: ['0091017200_08062023000121', '0091017200_08062023000121']
Stack 14 with items: ['0091017200_08062023000121', '0091017200_08062023000121']
Stack 15 with items: ['0091017200_08062023000115', '0091017200_08062023000115']
Stack 16 with items: ['0091017200_08062023000121', '0091017200_08062023000121']
Stack 17 with items: ['0091017200_08062023000115', '0091017200_08062023000115']
Stack 18 with items: ['0091017200_08062023000121', '0091017200_08062023000121']
Stack 19 with items: ['0091017200_08062023000115']
Stack 20 with items: ['0091017200_08062023000115', '0091017200_08062023000115']
Stack 21 with items: ['0091017200_08062023000115', '0091017200_08062023000115']
Stack 22 with items: ['0091017200_08062023000115', '0091017200_08062023000115']
Stack 23 with items: ['0091017200_08062023000115', '0091017200_08062023000120']
Stack 24 with items: ['0091017200_08062023000121', '0091017200_08062023000115']
Heuristic packed all stacks
****************************************************************************************************
****************************************************************************************************
****************************************************************************************************
Final Solution
Objective;27560.0
Transportation cost;27000.0
Inventory cost;560.0
Runtime;0.98
****************************************************************************************************
****************************************************************************************************
****************************************************************************************************
####################################################################################################
Export solution
End ROADEF
####################################################################################################
####################################################################################################
####################################################################################################
####################################################################################################
####################################################################################################
####################################################################################################
####################################################################################################

real	0m2.898s
user	0m2.073s
sys	0m0.792s
finished at Thu Oct 12 10:18:54 CEST 2023
