cpu-bind=MASK - cn-0179, task  0  0 [1574559]: mask |----------------BBBB||||----------------BBBB|  set
Python 3.10.6
Gurobi Optimizer version 10.0.0 build v10.0.0rc2 (linux64)
Copyright (c) 2022, Gurobi Optimization, LLC
started at Thu Oct 12 10:31:11 CEST 2023
####################################################################################################
####################################################################################################
Start ROADEF
Set parameter TokenServer to value "license3.uni-paderborn.de"
####################################################################################################
####################################################################################################
Time for optimization 3600.0 (s)
####################################################################################################
Data read
Took 	00:00:00.031
####################################################################################################
Presolve
Anzahl Trucks in OPtimierungsproblem:  22
Itemgruppen in AP werden eher enger gemacht:  True
Start Reduction
Orinigial Anzahl:  217 665
Reduzierte Anzahl:  69 665
####################################################################################################
Load Assignment 1 solution
Set parameter MIPFocus to value 1
Set parameter TimeLimit to value 323.91
Set parameter Threads to value 8
Set parameter MIPGap to value 0.005
Gurobi Optimizer version 10.0.0 build v10.0.0rc2 (linux64)

CPU model: Intel(R) Xeon(R) Gold 6148 CPU @ 2.40GHz, instruction set [SSE2|AVX|AVX2|AVX512]
Thread count: 40 physical cores, 40 logical processors, using up to 8 threads

Optimize a model with 306 rows, 389 columns and 1124 nonzeros
Model fingerprint: 0xa2452a5e
Variable types: 44 continuous, 345 integer (22 binary)
Coefficient statistics:
  Matrix range     [1e-01, 2e+04]
  Objective range  [2e+01, 9e+03]
  Bounds range     [1e+00, 3e+01]
  RHS range        [1e+00, 3e+01]
Presolve removed 214 rows and 235 columns
Presolve time: 0.01s
Presolved: 92 rows, 154 columns, 466 nonzeros
Variable types: 0 continuous, 154 integer (57 binary)
Found heuristic solution: objective 226162.00000

Root relaxation: objective 1.181156e+05, 75 iterations, 0.00 seconds (0.00 work units)

    Nodes    |    Current Node    |     Objective Bounds      |     Work
 Expl Unexpl |  Obj  Depth IntInf | Incumbent    BestBd   Gap | It/Node Time

     0     0 118115.576    0   33 226162.000 118115.576  47.8%     -    0s
H    0     0                    158033.00000 118115.576  25.3%     -    0s
H    0     0                    145868.00000 129423.511  11.3%     -    0s
H    0     0                    145781.00000 129423.511  11.2%     -    0s
     0     0 129425.322    0   49 145781.000 129425.322  11.2%     -    0s
H    0     0                    143750.00000 129425.322  10.0%     -    0s
H    0     0                    142582.00000 129425.322  9.23%     -    0s
     0     0 129523.373    0   47 142582.000 129523.373  9.16%     -    0s
     0     0 129523.373    0   47 142582.000 129523.373  9.16%     -    0s
H    0     0                    142144.00000 131536.835  7.46%     -    0s
     0     0 131559.972    0   47 142144.000 131559.972  7.45%     -    0s
H    0     0                    141962.00000 131559.972  7.33%     -    0s
H    0     0                    141782.00000 131608.705  7.18%     -    0s
     0     0 131608.705    0   48 141782.000 131608.705  7.18%     -    0s
     0     0 131657.176    0   50 141782.000 131657.176  7.14%     -    0s
H    0     0                    141578.00000 131657.798  7.01%     -    0s
H    0     0                    135710.00000 131657.798  2.99%     -    0s
     0     0 131657.798    0   47 135710.000 131657.798  2.99%     -    0s
H    0     0                    135665.00000 131657.798  2.95%     -    0s
     0     0 131934.750    0   67 135665.000 131934.750  2.75%     -    0s
     0     0 132604.647    0   57 135665.000 132604.647  2.26%     -    0s
     0     0 132801.340    0   62 135665.000 132801.340  2.11%     -    0s
     0     0 132805.516    0   61 135665.000 132805.516  2.11%     -    0s
     0     0 132837.430    0   64 135665.000 132837.430  2.08%     -    0s
     0     0 132843.342    0   65 135665.000 132843.342  2.08%     -    0s
     0     0 132927.904    0   53 135665.000 132927.904  2.02%     -    0s
     0     0 132936.274    0   58 135665.000 132936.274  2.01%     -    0s
     0     0 132949.169    0   57 135665.000 132949.169  2.00%     -    0s
     0     0 133143.958    0   72 135665.000 133143.958  1.86%     -    0s
     0     0 133143.958    0   74 135665.000 133143.958  1.86%     -    0s
     0     0 134002.606    0   73 135665.000 134002.606  1.23%     -    0s
H    0     0                    135637.00000 134002.606  1.20%     -    0s
     0     2 134002.606    0   71 135637.000 134002.606  1.20%     -    0s

Cutting planes:
  Gomory: 8
  Cover: 14
  Implied bound: 19
  Clique: 2
  MIR: 33
  StrongCG: 14
  Flow cover: 4
  Inf proof: 1
  Network: 1
  RLT: 3
  Relax-and-lift: 1

Explored 44 nodes (957 simplex iterations) in 0.16 seconds (0.04 work units)
Thread count was 8 (of 40 available processors)

Solution count 10: 135637 135665 135710 ... 145781

Optimal solution found (tolerance 5.00e-03)
Best objective 1.356370000000e+05, best bound 1.352600000000e+05, gap 0.2779%

User-callback calls 814, time in user-callback 0.00 sec
Objective AP1: 135637.0, MIP-Gap: 0.28%
AP0 requires 16 trucks and 0 pseudo trucks.
####################################################################################################
####################################################################################################
Assignment 1
Set parameter TimeLimit to value 6.4757672939000656e+02
Set parameter Threads to value 8
Set parameter MIPGap to value 1e-16
Gurobi Optimizer version 10.0.0 build v10.0.0rc2 (linux64)

CPU model: Intel(R) Xeon(R) Gold 6148 CPU @ 2.40GHz, instruction set [SSE2|AVX|AVX2|AVX512]
Thread count: 40 physical cores, 40 logical processors, using up to 8 threads

Optimize a model with 837 rows, 2516 columns and 14813 nonzeros
Model fingerprint: 0xe3790bf9
Variable types: 44 continuous, 2472 integer (1922 binary)
Coefficient statistics:
  Matrix range     [5e-01, 3e+04]
  Objective range  [2e+01, 9e+03]
  Bounds range     [1e+00, 3e+01]
  RHS range        [1e+00, 3e+01]
Presolve removed 816 rows and 2336 columns
Presolve time: 0.02s
Presolved: 21 rows, 180 columns, 465 nonzeros
Variable types: 0 continuous, 180 integer (159 binary)

Root relaxation: objective 1.344050e+05, 10 iterations, 0.00 seconds (0.00 work units)

    Nodes    |    Current Node    |     Objective Bounds      |     Work
 Expl Unexpl |  Obj  Depth IntInf | Incumbent    BestBd   Gap | It/Node Time

     0     0 134405.000    0    3          - 134405.000      -     -    0s
H    0     0                    134405.00000 134405.000  0.00%     -    0s

Explored 1 nodes (10 simplex iterations) in 0.02 seconds (0.02 work units)
Thread count was 8 (of 40 available processors)

Solution count 1: 134405 

Optimal solution found (tolerance 1.00e-16)
Best objective 1.344050000000e+05, best bound 1.344050000000e+05, gap 0.0000%
####################################################################################################
Hier wird die fixierte Version nochmal relaxiert um bessere Lösungen zu erhalten
Set parameter TimeLimit to value 6.4743757609108468e+02
Set parameter MIPFocus to value 1
Gurobi Optimizer version 10.0.0 build v10.0.0rc2 (linux64)

CPU model: Intel(R) Xeon(R) Gold 6148 CPU @ 2.40GHz, instruction set [SSE2|AVX|AVX2|AVX512]
Thread count: 40 physical cores, 40 logical processors, using up to 8 threads

Optimize a model with 645 rows, 2516 columns and 14112 nonzeros
Model fingerprint: 0x35faf9f1
Variable types: 44 continuous, 2472 integer (1922 binary)
Coefficient statistics:
  Matrix range     [5e-01, 3e+04]
  Objective range  [2e+01, 9e+03]
  Bounds range     [1e+00, 3e+01]
  RHS range        [1e+00, 3e+01]

MIP start from previous solve produced solution with objective 134405 (0.00s)
Loaded MIP start from previous solve with objective 134405

Presolve removed 388 rows and 929 columns
Presolve time: 0.05s
Presolved: 257 rows, 1587 columns, 5711 nonzeros
Found heuristic solution: objective 128801.00000
Variable types: 0 continuous, 1587 integer (1366 binary)

Root relaxation: objective 1.057945e+05, 139 iterations, 0.00 seconds (0.00 work units)

    Nodes    |    Current Node    |     Objective Bounds      |     Work
 Expl Unexpl |  Obj  Depth IntInf | Incumbent    BestBd   Gap | It/Node Time

     0     0 105794.463    0   56 128801.000 105794.463  17.9%     -    0s
     0     0 105794.463    0   52 128801.000 105794.463  17.9%     -    0s
H    0     0                    125972.00000 105794.463  16.0%     -    0s
H    0     0                    125844.00000 105794.463  15.9%     -    0s
H    0     0                    125843.00000 114568.641  8.96%     -    0s
     0     0 114568.641    0  130 125843.000 114568.641  8.96%     -    0s
H    0     0                    125732.00000 114568.641  8.88%     -    0s
     0     0 115480.504    0  110 125732.000 115480.504  8.15%     -    0s
     0     0 115509.229    0   97 125732.000 115509.229  8.13%     -    0s
     0     0 115510.158    0  100 125732.000 115510.158  8.13%     -    0s
     0     0 115510.344    0  102 125732.000 115510.344  8.13%     -    0s
     0     0 117285.741    0   66 125732.000 117285.741  6.72%     -    0s
     0     0 117295.918    0   57 125732.000 117295.918  6.71%     -    0s
     0     0 117296.721    0   60 125732.000 117296.721  6.71%     -    0s
H    0     0                    125645.00000 117296.721  6.64%     -    0s
H    0     0                    125290.00000 117296.721  6.38%     -    0s
     0     0 117308.246    0   78 125290.000 117308.246  6.37%     -    0s
H    0     0                    125038.00000 117308.246  6.18%     -    0s
     0     0 117319.138    0   91 125038.000 117319.138  6.17%     -    0s
     0     0 117328.680    0   87 125038.000 117328.680  6.17%     -    0s
     0     0 117330.683    0   89 125038.000 117330.683  6.16%     -    0s
     0     0 117331.325    0   93 125038.000 117331.325  6.16%     -    0s
H    0     0                    122280.00000 117331.325  4.05%     -    0s
H    0     0                    122221.00000 117331.325  4.00%     -    0s
     0     0 117333.329    0  110 122221.000 117333.329  4.00%     -    0s
H    0     0                    122219.00000 117333.329  4.00%     -    0s
     0     0 117333.443    0  110 122219.000 117333.443  4.00%     -    0s
H    0     0                    121679.00000 117333.443  3.57%     -    0s
H    0     0                    121593.00000 117333.443  3.50%     -    0s
     0     0 117334.495    0   95 121593.000 117334.495  3.50%     -    0s
     0     2 117334.495    0   89 121593.000 117334.495  3.50%     -    0s
H    3     8                    121582.00000 117458.569  3.39%  77.7    0s
H    5     8                    120580.00000 117524.416  2.53%  73.8    0s
H   33    10                    120143.00000 118294.423  1.54%  46.6    0s
H   73    34                    120113.00000 119357.102  0.63%  26.3    0s
H   79    34                    120086.00000 119357.102  0.61%  24.8    0s
H   85    34                    120076.00000 119357.102  0.60%  23.4    0s
H  122    79                    120065.00000 119357.102  0.59%  17.4    0s
H  134    79                    120062.00000 119357.102  0.59%  16.3    0s
H  313   220                    120045.00000 119357.102  0.57%   9.6    0s
H  498   473                    120044.00000 119993.958  0.04%   7.2    0s
*  877   709              40    120041.00000 119994.558  0.04%   5.8    0s
H 1840   993                    120036.00000 119995.936  0.03%   5.0    0s
H 1841   959                    120034.00000 119995.936  0.03%   5.0    0s
H 7191  2732                    120032.00000 120016.255  0.01%   4.8    1s
 39415  6951 120025.615   53   15 120032.000 120021.788  0.01%   5.1    5s
 86809  6351     cutoff   49      120032.000 120023.935  0.01%   5.2   10s
 131602  2442 120027.900   58   14 120032.000 120027.624  0.00%   5.4   15s

Cutting planes:
  Gomory: 8
  Cover: 20
  Implied bound: 54
  Clique: 18
  MIR: 40
  StrongCG: 13
  Flow cover: 30
  GUB cover: 8
  Zero half: 3
  Network: 1
  RLT: 19
  Relax-and-lift: 25

Explored 145092 nodes (781614 simplex iterations) in 16.40 seconds (15.62 work units)
Thread count was 8 (of 40 available processors)

Solution count 10: 120032 120034 120036 ... 120086

Optimal solution found (tolerance 1.00e-16)
Best objective 1.200320000000e+05, best bound 1.200320000000e+05, gap 0.0000%

User-callback calls 296492, time in user-callback 0.43 sec
Objective AP1: 120032.0, MIP-Gap: 0.0%
AP1 requires 14 trucks to transport 665 items. 14 trucks and 0 pseudo trucks.
Took 	00:00:16.796
####################################################################################################
####################################################################################################
Simple Packing:  2
dataP.t2DSP:  1
####################################################################################################
####################################################################################################
First packing

----------------------------------------------------------------------------------------------------
3D Packing Heuristic in Truck P205654301
Item 0091017300_08062023000022 with: 1
Item 0091017300_08062023000030 with: 1
Item 0091017300_08062023000066 with: 3
Item 0091017300_08062023000077 with: 1
Item 0091017300_08062023000130 with: 1
Item 0091017300_08062023000137 with: 2
Item 0091017300_08062023000143 with: 1
Item 0091017300_08062023000193 with: 3
Item 0091017300_08062023000198 with: 1
Item 0091017300_08062023000205 with: 2
Item 0091017300_08062023000211 with: 1
Heuristic packed all items

----------------------------------------------------------------------------------------------------
2D Packing Heuristic in Truck P170654301
Min2DVol: 16.799999999999997 [m2]
Stack 0 with items: ['0091017300_08062023000212', '0091017300_08062023000212']
Stack 1 with items: ['0091017300_08062023000196', '0091017300_08062023000196']
Stack 2 with items: ['0091017300_08062023000179', '0091017300_08062023000179']
Stack 3 with items: ['0091017300_08062023000179', '0091017300_08062023000168']
Stack 4 with items: ['0091017300_08062023000164', '0091017300_08062023000150']
Stack 5 with items: ['0091017300_08062023000127', '0091017300_08062023000110']
Stack 6 with items: ['0091017300_08062023000110', '0091017300_08062023000110']
Stack 7 with items: ['0091017300_08062023000110', '0091017300_08062023000092']
Stack 8 with items: ['0091017300_08062023000092', '0091017300_08062023000068']
Stack 9 with items: ['0091017300_08062023000060', '0091017300_08062023000060']
Stack 10 with items: ['0091017300_08062023000057', '0091017300_08062023000057']
Stack 11 with items: ['0091017300_08062023000057', '0091017300_08062023000057']
Stack 12 with items: ['0091017300_08062023000057', '0091017300_08062023000057']
Stack 13 with items: ['0091017300_08062023000017', '0091017300_08062023000017']
Heuristic packed all stacks

----------------------------------------------------------------------------------------------------
2D Packing Heuristic in Truck P198654301
Min2DVol: 21.599999999999994 [m2]
Stack 0 with items: ['0091017300_08062023000215', '0091017300_08062023000215']
Stack 1 with items: ['0091017300_08062023000206', '0091017300_08062023000181']
Stack 2 with items: ['0091017300_08062023000177', '0091017300_08062023000177']
Stack 3 with items: ['0091017300_08062023000177', '0091017300_08062023000161']
Stack 4 with items: ['0091017300_08062023000123', '0091017300_08062023000123']
Stack 5 with items: ['0091017300_08062023000120', '0091017300_08062023000116']
Stack 6 with items: ['0091017300_08062023000116', '0091017300_08062023000116']
Stack 7 with items: ['0091017300_08062023000116', '0091017300_08062023000116']
Stack 8 with items: ['0091017300_08062023000116', '0091017300_08062023000115']
Stack 9 with items: ['0091017300_08062023000113', '0091017300_08062023000113']
Stack 10 with items: ['0091017300_08062023000113', '0091017300_08062023000112']
Stack 11 with items: ['0091017300_08062023000112', '0091017300_08062023000112']
Stack 12 with items: ['0091017300_08062023000112', '0091017300_08062023000112']
Stack 13 with items: ['0091017300_08062023000072', '0091017300_08062023000072']
Stack 14 with items: ['0091017300_08062023000053', '0091017300_08062023000053']
Stack 15 with items: ['0091017300_08062023000050', '0091017300_08062023000050']
Stack 16 with items: ['0091017300_08062023000036', '0091017300_08062023000036']
Stack 17 with items: ['0091017300_08062023000016', '0091017300_08062023000016']
Heuristic packed all stacks

----------------------------------------------------------------------------------------------------
2D Packing Heuristic in Truck P177654301
Min2DVol: 22.799999999999994 [m2]
Stack 0 with items: ['0091017300_08062023000192', '0091017300_08062023000192']
Stack 1 with items: ['0091017300_08062023000192', '0091017300_08062023000192']
Stack 2 with items: ['0091017300_08062023000145', '0091017300_08062023000101']
Stack 3 with items: ['0091017300_08062023000101', '0091017300_08062023000101']
Stack 4 with items: ['0091017300_08062023000090', '0091017300_08062023000090']
Stack 5 with items: ['0091017300_08062023000090', '0091017300_08062023000090']
Stack 6 with items: ['0091017300_08062023000090', '0091017300_08062023000090']
Stack 7 with items: ['0091017300_08062023000070', '0091017300_08062023000070']
Stack 8 with items: ['0091017300_08062023000070', '0091017300_08062023000070']
Stack 9 with items: ['0091017300_08062023000070', '0091017300_08062023000070']
Stack 10 with items: ['0091017300_08062023000070', '0091017300_08062023000070']
Stack 11 with items: ['0091017300_08062023000070', '0091017300_08062023000070']
Stack 12 with items: ['0091017300_08062023000070', '0091017300_08062023000070']
Stack 13 with items: ['0091017300_08062023000070', '0091017300_08062023000070']
Stack 14 with items: ['0091017300_08062023000070', '0091017300_08062023000070']
Stack 15 with items: ['0091017300_08062023000070', '0091017300_08062023000025']
Stack 16 with items: ['0091017300_08062023000019', '0091017300_08062023000019']
Stack 17 with items: ['0091017300_08062023000019', '0091017300_08062023000019']
Stack 18 with items: ['0091017300_08062023000019']
Heuristic packed all stacks

----------------------------------------------------------------------------------------------------
2D Packing Heuristic in Truck P185654305
Min2DVol: 19.272239999999993 [m2]
Stack 0 with items: ['0091017300_08062023000041', '0091017300_08062023000006', '0091017300_08062023000006', '0091017300_08062023000086']
Stack 1 with items: ['0091017300_08062023000125', '0091017300_08062023000086', '0091017300_08062023000004']
Stack 2 with items: ['0091017300_08062023000051', '0091017300_08062023000032', '0091017300_08062023000026']
Stack 3 with items: ['0091017300_08062023000032', '0091017300_08062023000098', '0091017300_08062023000100']
Stack 4 with items: ['0091017300_08062023000194', '0091017300_08062023000188']
Stack 5 with items: ['0091017300_08062023000188', '0091017300_08062023000132']
Stack 6 with items: ['0091017300_08062023000132', '0091017300_08062023000111']
Stack 7 with items: ['0091017300_08062023000085', '0091017300_08062023000085']
Stack 8 with items: ['0091017300_08062023000085', '0091017300_08062023000085']
Stack 9 with items: ['0091017300_08062023000085', '0091017300_08062023000085']
Stack 10 with items: ['0091017300_08062023000085', '0091017300_08062023000085']
Stack 11 with items: ['0091017300_08062023000062', '0091017300_08062023000062']
Stack 12 with items: ['0091017300_08062023000062', '0091017300_08062023000062']
Stack 13 with items: ['0091017300_08062023000062', '0091017300_08062023000062']
Stack 14 with items: ['0091017300_08062023000040', '0091017300_08062023000040']
Stack 15 with items: ['0091017300_08062023000037', '0091017300_08062023000037']
Heuristic packed all stacks

----------------------------------------------------------------------------------------------------
2D Packing Heuristic in Truck P186654301
Min2DVol: 22.799999999999994 [m2]
Stack 0 with items: ['0091017300_08062023000216', '0091017300_08062023000216']
Stack 1 with items: ['0091017300_08062023000216', '0091017300_08062023000216']
Stack 2 with items: ['0091017300_08062023000216', '0091017300_08062023000216']
Stack 3 with items: ['0091017300_08062023000214', '0091017300_08062023000208']
Stack 4 with items: ['0091017300_08062023000208', '0091017300_08062023000208']
Stack 5 with items: ['0091017300_08062023000208', '0091017300_08062023000208']
Stack 6 with items: ['0091017300_08062023000208', '0091017300_08062023000208']
Stack 7 with items: ['0091017300_08062023000208', '0091017300_08062023000184']
Stack 8 with items: ['0091017300_08062023000184', '0091017300_08062023000175']
Stack 9 with items: ['0091017300_08062023000167', '0091017300_08062023000152']
Stack 10 with items: ['0091017300_08062023000148', '0091017300_08062023000148']
Stack 11 with items: ['0091017300_08062023000148', '0091017300_08062023000148']
Stack 12 with items: ['0091017300_08062023000148', '0091017300_08062023000141']
Stack 13 with items: ['0091017300_08062023000097', '0091017300_08062023000097']
Stack 14 with items: ['0091017300_08062023000097', '0091017300_08062023000097']
Stack 15 with items: ['0091017300_08062023000097', '0091017300_08062023000040']
Stack 16 with items: ['0091017300_08062023000040', '0091017300_08062023000040']
Stack 17 with items: ['0091017300_08062023000040', '0091017300_08062023000039']
Stack 18 with items: ['0091017300_08062023000039']
Heuristic packed all stacks

----------------------------------------------------------------------------------------------------
2D Packing Heuristic in Truck P208654305
Min2DVol: 25.326419999999988 [m2]
Stack 0 with items: ['0091017300_08062023000180', '0091017300_08062023000173', '0091017300_08062023000160']
Stack 1 with items: ['0091017300_08062023000160', '0091017300_08062023000144', '0091017300_08062023000160']
Stack 2 with items: ['0091017300_08062023000144', '0091017300_08062023000118', '0091017300_08062023000118']
Stack 3 with items: ['0091017300_08062023000118', '0091017300_08062023000105', '0091017300_08062023000076']
Stack 4 with items: ['0091017300_08062023000079', '0091017300_08062023000023', '0091017300_08062023000079']
Stack 5 with items: ['0091017300_08062023000076', '0091017300_08062023000023', '0091017300_08062023000023', '0091017300_08062023000009']
Stack 6 with items: ['0091017300_08062023000009', '0091017300_08062023000001']
Stack 7 with items: ['0091017300_08062023000027', '0091017300_08062023000094']
Stack 8 with items: ['0091017300_08062023000154', '0091017300_08062023000080']
Stack 9 with items: ['0091017300_08062023000104', '0091017300_08062023000080']
Stack 10 with items: ['0091017300_08062023000094', '0091017300_08062023000042']
Stack 11 with items: ['0091017300_08062023000094', '0091017300_08062023000094']
Stack 12 with items: ['0091017300_08062023000024', '0091017300_08062023000042']
Stack 13 with items: ['0091017300_08062023000104', '0091017300_08062023000104']
Stack 14 with items: ['0091017300_08062023000027', '0091017300_08062023000094']
Stack 15 with items: ['0091017300_08062023000104', '0091017300_08062023000104']
Stack 16 with items: ['0091017300_08062023000104', '0091017300_08062023000104']
Stack 17 with items: ['0091017300_08062023000094', '0091017300_08062023000094']
Stack 18 with items: ['0091017300_08062023000094', '0091017300_08062023000094']
Stack 19 with items: ['0091017300_08062023000024', '0091017300_08062023000024']
Stack 20 with items: ['0091017300_08062023000027']
Heuristic packed all stacks

----------------------------------------------------------------------------------------------------
2D Packing Heuristic in Truck P187654305
Min2DVol: 28.926420000000004 [m2]
Stack 0 with items: ['0091017300_08062023000186', '0091017300_08062023000186']
Stack 1 with items: ['0091017300_08062023000184', '0091017300_08062023000184']
Stack 2 with items: ['0091017300_08062023000183', '0091017300_08062023000167']
Stack 3 with items: ['0091017300_08062023000133', '0091017300_08062023000126']
Stack 4 with items: ['0091017300_08062023000107', '0091017300_08062023000084']
Stack 5 with items: ['0091017300_08062023000084', '0091017300_08062023000084']
Stack 6 with items: ['0091017300_08062023000084', '0091017300_08062023000084']
Stack 7 with items: ['0091017300_08062023000084', '0091017300_08062023000084']
Stack 8 with items: ['0091017300_08062023000084', '0091017300_08062023000084']
Stack 9 with items: ['0091017300_08062023000084', '0091017300_08062023000084']
Stack 10 with items: ['0091017300_08062023000069', '0091017300_08062023000064']
Stack 11 with items: ['0091017300_08062023000064', '0091017300_08062023000064']
Stack 12 with items: ['0091017300_08062023000064', '0091017300_08062023000064']
Stack 13 with items: ['0091017300_08062023000064', '0091017300_08062023000064']
Stack 14 with items: ['0091017300_08062023000064', '0091017300_08062023000064']
Stack 15 with items: ['0091017300_08062023000046', '0091017300_08062023000011']
Stack 16 with items: ['0091017300_08062023000010']
Stack 17 with items: ['0091017300_08062023000210', '0091017300_08062023000089', '0091017300_08062023000089', '0091017300_08062023000075']
Stack 18 with items: ['0091017300_08062023000028', '0091017300_08062023000028', '0091017300_08062023000028']
Stack 19 with items: ['0091017300_08062023000169', '0091017300_08062023000129', '0091017300_08062023000055']
Stack 20 with items: ['0091017300_08062023000124', '0091017300_08062023000129', '0091017300_08062023000169']
Stack 21 with items: ['0091017300_08062023000089', '0091017300_08062023000089', '0091017300_08062023000124']
Stack 22 with items: ['0091017300_08062023000089', '0091017300_08062023000055', '0091017300_08062023000049']
Stack 23 with items: ['0091017300_08062023000028', '0091017300_08062023000028']
Heuristic packed all stacks

----------------------------------------------------------------------------------------------------
2D Packing Heuristic in Truck P192654305
Min2DVol: 27.726420000000005 [m2]
Stack 0 with items: ['0091017300_08062023000213', '0091017300_08062023000213']
Stack 1 with items: ['0091017300_08062023000213', '0091017300_08062023000213']
Stack 2 with items: ['0091017300_08062023000189', '0091017300_08062023000183']
Stack 3 with items: ['0091017300_08062023000183', '0091017300_08062023000183']
Stack 4 with items: ['0091017300_08062023000183', '0091017300_08062023000166']
Stack 5 with items: ['0091017300_08062023000166', '0091017300_08062023000165']
Stack 6 with items: ['0091017300_08062023000165', '0091017300_08062023000151']
Stack 7 with items: ['0091017300_08062023000151', '0091017300_08062023000126']
Stack 8 with items: ['0091017300_08062023000126', '0091017300_08062023000126']
Stack 9 with items: ['0091017300_08062023000081', '0091017300_08062023000081']
Stack 10 with items: ['0091017300_08062023000081', '0091017300_08062023000035']
Stack 11 with items: ['0091017300_08062023000035', '0091017300_08062023000035']
Stack 12 with items: ['0091017300_08062023000035', '0091017300_08062023000035']
Stack 13 with items: ['0091017300_08062023000035', '0091017300_08062023000035']
Stack 14 with items: ['0091017300_08062023000035', '0091017300_08062023000002']
Stack 15 with items: ['0091017300_08062023000002', '0091017300_08062023000002']
Stack 16 with items: ['0091017300_08062023000099', '0091017300_08062023000096', '0091017300_08062023000048', '0091017300_08062023000174']
Stack 17 with items: ['0091017300_08062023000122', '0091017300_08062023000096', '0091017300_08062023000096', '0091017300_08062023000187']
Stack 18 with items: ['0091017300_08062023000146', '0091017300_08062023000146', '0091017300_08062023000171']
Stack 19 with items: ['0091017300_08062023000142', '0091017300_08062023000142', '0091017300_08062023000171']
Stack 20 with items: ['0091017300_08062023000088', '0091017300_08062023000048', '0091017300_08062023000174']
Stack 21 with items: ['0091017300_08062023000088', '0091017300_08062023000048', '0091017300_08062023000142']
Stack 22 with items: ['0091017300_08062023000146', '0091017300_08062023000099', '0091017300_08062023000099']
Heuristic packed all stacks

----------------------------------------------------------------------------------------------------
2D Packing Heuristic in Truck P178654305
Min2DVol: 26.49029999999999 [m2]
Stack 0 with items: ['0091017300_08062023000056', '0091017300_08062023000056', '0091017300_08062023000056', '0091017300_08062023000102', '0091017300_08062023000102']
Stack 1 with items: ['0091017300_08062023000156', '0091017300_08062023000082', '0091017300_08062023000156']
Stack 2 with items: ['0091017300_08062023000149', '0091017300_08062023000082', '0091017300_08062023000149', '0091017300_08062023000149', '0091017300_08062023000149', '0091017300_08062023000149']
Stack 3 with items: ['0091017300_08062023000014', '0091017300_08062023000014', '0091017300_08062023000056', '0091017300_08062023000056', '0091017300_08062023000056']
Stack 4 with items: ['0091017300_08062023000038', '0091017300_08062023000043', '0091017300_08062023000149']
Stack 5 with items: ['0091017300_08062023000025', '0091017300_08062023000025']
Stack 6 with items: ['0091017300_08062023000025', '0091017300_08062023000025']
Stack 7 with items: ['0091017300_08062023000070', '0091017300_08062023000070']
Stack 8 with items: ['0091017300_08062023000070', '0091017300_08062023000070']
Stack 9 with items: ['0091017300_08062023000025', '0091017300_08062023000025']
Stack 10 with items: ['0091017300_08062023000025', '0091017300_08062023000025']
Stack 11 with items: ['0091017300_08062023000025', '0091017300_08062023000025']
Stack 12 with items: ['0091017300_08062023000145', '0091017300_08062023000145']
Stack 13 with items: ['0091017300_08062023000070', '0091017300_08062023000070']
Stack 14 with items: ['0091017300_08062023000070', '0091017300_08062023000070']
Stack 15 with items: ['0091017300_08062023000025', '0091017300_08062023000025']
Stack 16 with items: ['0091017300_08062023000025', '0091017300_08062023000025']
Stack 17 with items: ['0091017300_08062023000025', '0091017300_08062023000025']
Stack 18 with items: ['0091017300_08062023000145', '0091017300_08062023000145']
Stack 19 with items: ['0091017300_08062023000025', '0091017300_08062023000025']
Stack 20 with items: ['0091017300_08062023000025', '0091017300_08062023000025']
Stack 21 with items: ['0091017300_08062023000070', '0091017300_08062023000070']
Heuristic packed all stacks

----------------------------------------------------------------------------------------------------
2D Packing Heuristic in Truck P236654305
Min2DVol: 28.926420000000004 [m2]
Stack 0 with items: ['0091017300_08062023000195', '0091017300_08062023000195']
Stack 1 with items: ['0091017300_08062023000195', '0091017300_08062023000195']
Stack 2 with items: ['0091017300_08062023000195', '0091017300_08062023000195']
Stack 3 with items: ['0091017300_08062023000195', '0091017300_08062023000195']
Stack 4 with items: ['0091017300_08062023000195', '0091017300_08062023000195']
Stack 5 with items: ['0091017300_08062023000195', '0091017300_08062023000195']
Stack 6 with items: ['0091017300_08062023000195', '0091017300_08062023000195']
Stack 7 with items: ['0091017300_08062023000202', '0091017300_08062023000202']
Stack 8 with items: ['0091017300_08062023000209', '0091017300_08062023000209']
Stack 9 with items: ['0091017300_08062023000202', '0091017300_08062023000202']
Stack 10 with items: ['0091017300_08062023000202', '0091017300_08062023000202']
Stack 11 with items: ['0091017300_08062023000202', '0091017300_08062023000195']
Stack 12 with items: ['0091017300_08062023000153', '0091017300_08062023000153']
Stack 13 with items: ['0091017300_08062023000202', '0091017300_08062023000202']
Stack 14 with items: ['0091017300_08062023000029', '0091017300_08062023000029']
Stack 15 with items: ['0091017300_08062023000202', '0091017300_08062023000202']
Stack 16 with items: ['0091017300_08062023000202']
Stack 17 with items: ['0091017300_08062023000204', '0091017300_08062023000059', '0091017300_08062023000203', '0091017300_08062023000059', '0091017300_08062023000204', '0091017300_08062023000204', '0091017300_08062023000204']
Stack 18 with items: ['0091017300_08062023000200', '0091017300_08062023000158', '0091017300_08062023000200']
Stack 19 with items: ['0091017300_08062023000182', '0091017300_08062023000059', '0091017300_08062023000158', '0091017300_08062023000059']
Stack 20 with items: ['0091017300_08062023000114', '0091017300_08062023000114', '0091017300_08062023000114']
Stack 21 with items: ['0091017300_08062023000114', '0091017300_08062023000071', '0091017300_08062023000071']
Stack 22 with items: ['0091017300_08062023000071', '0091017300_08062023000045', '0091017300_08062023000071']
Stack 23 with items: ['0091017300_08062023000054', '0091017300_08062023000054']
Heuristic packed all stacks

----------------------------------------------------------------------------------------------------
2D Packing Heuristic in Truck P201654305
Min2DVol: 30.180599999999988 [m2]
Stack 0 with items: ['0091017300_08062023000191', '0091017300_08062023000191', '0091017300_08062023000191']
Stack 1 with items: ['0091017300_08062023000191', '0091017300_08062023000170', '0091017300_08062023000170', '0091017300_08062023000191']
Stack 2 with items: ['0091017300_08062023000170', '0091017300_08062023000135', '0091017300_08062023000135', '0091017300_08062023000073']
Stack 3 with items: ['0091017300_08062023000135', '0091017300_08062023000063', '0091017300_08062023000073', '0091017300_08062023000073', '0091017300_08062023000063']
Stack 4 with items: ['0091017300_08062023000063', '0091017300_08062023000047', '0091017300_08062023000047']
Stack 5 with items: ['0091017300_08062023000033', '0091017300_08062023000012', '0091017300_08062023000033']
Stack 6 with items: ['0091017300_08062023000020', '0091017300_08062023000020', '0091017300_08062023000020']
Stack 7 with items: ['0091017300_08062023000020', '0091017300_08062023000012', '0091017300_08062023000012', '0091017300_08062023000020']
Stack 8 with items: ['0091017300_08062023000008', '0091017300_08062023000008', '0091017300_08062023000008']
Stack 9 with items: ['0091017300_08062023000007', '0091017300_08062023000007']
Stack 10 with items: ['0091017300_08062023000018', '0091017300_08062023000044']
Stack 11 with items: ['0091017300_08062023000172', '0091017300_08062023000172']
Stack 12 with items: ['0091017300_08062023000018', '0091017300_08062023000018']
Stack 13 with items: ['0091017300_08062023000018', '0091017300_08062023000018']
Stack 14 with items: ['0091017300_08062023000018', '0091017300_08062023000018']
Stack 15 with items: ['0091017300_08062023000061', '0091017300_08062023000061']
Stack 16 with items: ['0091017300_08062023000061', '0091017300_08062023000015']
Stack 17 with items: ['0091017300_08062023000172', '0091017300_08062023000061']
Stack 18 with items: ['0091017300_08062023000061', '0091017300_08062023000061']
Stack 19 with items: ['0091017300_08062023000018', '0091017300_08062023000018']
Stack 20 with items: ['0091017300_08062023000018', '0091017300_08062023000018']
Stack 21 with items: ['0091017300_08062023000172', '0091017300_08062023000172']
Stack 22 with items: ['0091017300_08062023000172', '0091017300_08062023000172']
Stack 23 with items: ['0091017300_08062023000172', '0091017300_08062023000172']
Stack 24 with items: ['0091017300_08062023000015', '0091017300_08062023000015']
Heuristic packed all stacks

----------------------------------------------------------------------------------------------------
2D Packing Heuristic in Truck P194654305
Min2DVol: 31.398659999999985 [m2]
Stack 0 with items: ['0091017300_08062023000217', '0091017300_08062023000217', '0091017300_08062023000217']
Stack 1 with items: ['0091017300_08062023000207', '0091017300_08062023000159', '0091017300_08062023000201', '0091017300_08062023000159', '0091017300_08062023000207']
Stack 2 with items: ['0091017300_08062023000185', '0091017300_08062023000155', '0091017300_08062023000140']
Stack 3 with items: ['0091017300_08062023000140', '0091017300_08062023000138', '0091017300_08062023000138', '0091017300_08062023000128']
Stack 4 with items: ['0091017300_08062023000134', '0091017300_08062023000134', '0091017300_08062023000134']
Stack 5 with items: ['0091017300_08062023000134', '0091017300_08062023000131', '0091017300_08062023000108']
Stack 6 with items: ['0091017300_08062023000121', '0091017300_08062023000108', '0091017300_08062023000108', '0091017300_08062023000095']
Stack 7 with items: ['0091017300_08062023000106', '0091017300_08062023000095', '0091017300_08062023000095', '0091017300_08062023000106']
Stack 8 with items: ['0091017300_08062023000087', '0091017300_08062023000074', '0091017300_08062023000052']
Stack 9 with items: ['0091017300_08062023000074', '0091017300_08062023000074', '0091017300_08062023000074']
Stack 10 with items: ['0091017300_08062023000065', '0091017300_08062023000065']
Stack 11 with items: ['0091017300_08062023000213', '0091017300_08062023000139']
Stack 12 with items: ['0091017300_08062023000157', '0091017300_08062023000157']
Stack 13 with items: ['0091017300_08062023000157', '0091017300_08062023000157']
Stack 14 with items: ['0091017300_08062023000213', '0091017300_08062023000213']
Stack 15 with items: ['0091017300_08062023000157', '0091017300_08062023000139']
Stack 16 with items: ['0091017300_08062023000081', '0091017300_08062023000199']
Stack 17 with items: ['0091017300_08062023000199', '0091017300_08062023000199']
Stack 18 with items: ['0091017300_08062023000157', '0091017300_08062023000081']
Stack 19 with items: ['0091017300_08062023000139', '0091017300_08062023000139']
Stack 20 with items: ['0091017300_08062023000157', '0091017300_08062023000157']
Stack 21 with items: ['0091017300_08062023000157', '0091017300_08062023000157']
Stack 22 with items: ['0091017300_08062023000157', '0091017300_08062023000157']
Stack 23 with items: ['0091017300_08062023000139', '0091017300_08062023000139']
Stack 24 with items: ['0091017300_08062023000139', '0091017300_08062023000139']
Stack 25 with items: ['0091017300_08062023000139', '0091017300_08062023000139']
Heuristic packed all stacks

----------------------------------------------------------------------------------------------------
2D Packing Heuristic in Truck P171654305
Min2DVol: 30.180599999999988 [m2]
Stack 0 with items: ['0091017300_08062023000197', '0091017300_08062023000190', '0091017300_08062023000197']
Stack 1 with items: ['0091017300_08062023000190', '0091017300_08062023000176', '0091017300_08062023000176', '0091017300_08062023000178', '0091017300_08062023000176']
Stack 2 with items: ['0091017300_08062023000176', '0091017300_08062023000163', '0091017300_08062023000163', '0091017300_08062023000176', '0091017300_08062023000176']
Stack 3 with items: ['0091017300_08062023000163', '0091017300_08062023000147', '0091017300_08062023000147']
Stack 4 with items: ['0091017300_08062023000136', '0091017300_08062023000103', '0091017300_08062023000078', '0091017300_08062023000136', '0091017300_08062023000136', '0091017300_08062023000136']
Stack 5 with items: ['0091017300_08062023000093', '0091017300_08062023000078', '0091017300_08062023000091', '0091017300_08062023000078']
Stack 6 with items: ['0091017300_08062023000091', '0091017300_08062023000031', '0091017300_08062023000078', '0091017300_08062023000031', '0091017300_08062023000091']
Stack 7 with items: ['0091017300_08062023000067', '0091017300_08062023000058', '0091017300_08062023000031']
Stack 8 with items: ['0091017300_08062023000031', '0091017300_08062023000021', '0091017300_08062023000021', '0091017300_08062023000031', '0091017300_08062023000031']
Stack 9 with items: ['0091017300_08062023000013', '0091017300_08062023000003']
Stack 10 with items: ['0091017300_08062023000109', '0091017300_08062023000119']
Stack 11 with items: ['0091017300_08062023000005', '0091017300_08062023000005']
Stack 12 with items: ['0091017300_08062023000083', '0091017300_08062023000057']
Stack 13 with items: ['0091017300_08062023000212', '0091017300_08062023000162']
Stack 14 with items: ['0091017300_08062023000117', '0091017300_08062023000005']
Stack 15 with items: ['0091017300_08062023000034', '0091017300_08062023000101']
Stack 16 with items: ['0091017300_08062023000083', '0091017300_08062023000083']
Stack 17 with items: ['0091017300_08062023000119', '0091017300_08062023000057']
Stack 18 with items: ['0091017300_08062023000162', '0091017300_08062023000119']
Stack 19 with items: ['0091017300_08062023000109', '0091017300_08062023000083']
Stack 20 with items: ['0091017300_08062023000212', '0091017300_08062023000212']
Stack 21 with items: ['0091017300_08062023000119', '0091017300_08062023000034']
Stack 22 with items: ['0091017300_08062023000117', '0091017300_08062023000117']
Stack 23 with items: ['0091017300_08062023000034', '0091017300_08062023000034']
Stack 24 with items: ['0091017300_08062023000119', '0091017300_08062023000119']
Heuristic packed all stacks
****************************************************************************************************
****************************************************************************************************
****************************************************************************************************
Final Solution
Objective;120032.0
Transportation cost;105000.0
Inventory cost;15032.0
Runtime;25.09
****************************************************************************************************
****************************************************************************************************
****************************************************************************************************
####################################################################################################
Export solution
End ROADEF
####################################################################################################
####################################################################################################
####################################################################################################
####################################################################################################
####################################################################################################
####################################################################################################
####################################################################################################

real	0m26.338s
user	2m20.620s
sys	0m3.033s
finished at Thu Oct 12 10:31:37 CEST 2023
