cpu-bind=MASK - cn-0227, task  0  0 [1679569]: mask |--------------------||||--------BBBBBBBB----|  set
Python 3.10.6
Gurobi Optimizer version 10.0.0 build v10.0.0rc2 (linux64)
Copyright (c) 2022, Gurobi Optimization, LLC
started at Thu Oct 12 10:12:37 CEST 2023
####################################################################################################
####################################################################################################
Start ROADEF
Set parameter TokenServer to value "license3.uni-paderborn.de"
####################################################################################################
####################################################################################################
Time for optimization 3600.0 (s)
####################################################################################################
Data read
Took 	00:00:00.030
####################################################################################################
Presolve
Anzahl Trucks in OPtimierungsproblem:  20
Itemgruppen in AP werden eher enger gemacht:  True
Start Reduction
Orinigial Anzahl:  198 657
Reduzierte Anzahl:  58 657
####################################################################################################
Load Assignment 1 solution
Set parameter MIPFocus to value 1
Set parameter TimeLimit to value 323.91
Set parameter Threads to value 8
Set parameter MIPGap to value 0.005
Gurobi Optimizer version 10.0.0 build v10.0.0rc2 (linux64)

CPU model: Intel(R) Xeon(R) Gold 6148 CPU @ 2.40GHz, instruction set [SSE2|AVX|AVX2|AVX512]
Thread count: 40 physical cores, 40 logical processors, using up to 8 threads

Optimize a model with 279 rows, 351 columns and 1008 nonzeros
Model fingerprint: 0x7d13cda6
Variable types: 40 continuous, 311 integer (20 binary)
Coefficient statistics:
  Matrix range     [1e-01, 2e+04]
  Objective range  [2e+01, 4e+03]
  Bounds range     [1e+00, 3e+01]
  RHS range        [1e+00, 3e+01]
Presolve removed 181 rows and 189 columns
Presolve time: 0.01s
Presolved: 98 rows, 162 columns, 486 nonzeros
Variable types: 0 continuous, 162 integer (68 binary)
Found heuristic solution: objective 66933.000000

Root relaxation: objective 2.530007e+04, 57 iterations, 0.00 seconds (0.00 work units)

    Nodes    |    Current Node    |     Objective Bounds      |     Work
 Expl Unexpl |  Obj  Depth IntInf | Incumbent    BestBd   Gap | It/Node Time

     0     0 25300.0716    0   26 66933.0000 25300.0716  62.2%     -    0s
H    0     0                    35035.000000 25300.0716  27.8%     -    0s
H    0     0                    34973.000000 25300.0716  27.7%     -    0s
H    0     0                    34787.000000 25300.0716  27.3%     -    0s
H    0     0                    33257.000000 30518.9971  8.23%     -    0s
     0     0 31042.8389    0   39 33257.0000 31042.8389  6.66%     -    0s
H    0     0                    32947.000000 31042.8389  5.78%     -    0s
     0     0 31253.1975    0   24 32947.0000 31253.1975  5.14%     -    0s
H    0     0                    32036.000000 31446.0839  1.84%     -    0s
     0     0 31516.0104    0   29 32036.0000 31516.0104  1.62%     -    0s
H    0     0                    31822.000000 31580.7281  0.76%     -    0s
     0     0 31580.7281    0   21 31822.0000 31580.7281  0.76%     -    0s
     0     0 31583.0034    0   19 31822.0000 31583.0034  0.75%     -    0s
     0     0 31583.0034    0   18 31822.0000 31583.0034  0.75%     -    0s
     0     0 31672.7982    0   24 31822.0000 31672.7982  0.47%     -    0s

Cutting planes:
  Gomory: 2
  Cover: 7
  Implied bound: 8
  Clique: 4
  MIR: 12
  StrongCG: 5
  Flow cover: 3

Explored 1 nodes (168 simplex iterations) in 0.03 seconds (0.01 work units)
Thread count was 8 (of 40 available processors)

Solution count 8: 31822 32036 32947 ... 66933

Optimal solution found (tolerance 5.00e-03)
Best objective 3.182200000000e+04, best bound 3.167300000000e+04, gap 0.4682%

User-callback calls 558, time in user-callback 0.00 sec
Objective AP1: 31822.0, MIP-Gap: 0.47%
AP0 requires 15 trucks and 2 pseudo trucks.
####################################################################################################
####################################################################################################
Assignment 1
Set parameter TimeLimit to value 6.4772195720503112e+02
Set parameter Threads to value 8
Set parameter MIPGap to value 1e-16
Gurobi Optimizer version 10.0.0 build v10.0.0rc2 (linux64)

CPU model: Intel(R) Xeon(R) Gold 6148 CPU @ 2.40GHz, instruction set [SSE2|AVX|AVX2|AVX512]
Thread count: 40 physical cores, 40 logical processors, using up to 8 threads

Optimize a model with 744 rows, 2313 columns and 13667 nonzeros
Model fingerprint: 0x0e3ad45c
Variable types: 40 continuous, 2273 integer (1784 binary)
Coefficient statistics:
  Matrix range     [5e-01, 2e+04]
  Objective range  [2e+01, 2e+03]
  Bounds range     [1e+00, 3e+01]
  RHS range        [1e+00, 6e+01]
Presolve removed 720 rows and 2186 columns
Presolve time: 0.01s
Presolved: 24 rows, 127 columns, 327 nonzeros
Variable types: 0 continuous, 127 integer (102 binary)

Root relaxation: objective 3.140000e+04, 9 iterations, 0.00 seconds (0.00 work units)

    Nodes    |    Current Node    |     Objective Bounds      |     Work
 Expl Unexpl |  Obj  Depth IntInf | Incumbent    BestBd   Gap | It/Node Time

     0     0 31400.0000    0    3          - 31400.0000      -     -    0s
H    0     0                    31400.000000 31400.0000  0.00%     -    0s

Explored 1 nodes (9 simplex iterations) in 0.01 seconds (0.01 work units)
Thread count was 8 (of 40 available processors)

Solution count 1: 31400 

Optimal solution found (tolerance 1.00e-16)
Best objective 3.140000000000e+04, best bound 3.140000000000e+04, gap 0.0000%
####################################################################################################
Hier wird die fixierte Version nochmal relaxiert um bessere Lösungen zu erhalten
Set parameter TimeLimit to value 6.4761082794301217e+02
Set parameter MIPFocus to value 1
Gurobi Optimizer version 10.0.0 build v10.0.0rc2 (linux64)

CPU model: Intel(R) Xeon(R) Gold 6148 CPU @ 2.40GHz, instruction set [SSE2|AVX|AVX2|AVX512]
Thread count: 40 physical cores, 40 logical processors, using up to 8 threads

Optimize a model with 574 rows, 2313 columns and 12997 nonzeros
Model fingerprint: 0x150ccb3d
Variable types: 40 continuous, 2273 integer (1784 binary)
Coefficient statistics:
  Matrix range     [5e-01, 2e+04]
  Objective range  [2e+01, 2e+03]
  Bounds range     [1e+00, 3e+01]
  RHS range        [1e+00, 3e+01]

MIP start from previous solve produced solution with objective 31400 (0.00s)
Loaded MIP start from previous solve with objective 31400

Presolve removed 319 rows and 594 columns
Presolve time: 0.03s
Presolved: 255 rows, 1719 columns, 6185 nonzeros
Found heuristic solution: objective 30833.000000
Variable types: 0 continuous, 1719 integer (1472 binary)

Root relaxation: objective 2.320523e+04, 93 iterations, 0.00 seconds (0.00 work units)

    Nodes    |    Current Node    |     Objective Bounds      |     Work
 Expl Unexpl |  Obj  Depth IntInf | Incumbent    BestBd   Gap | It/Node Time

     0     0 23205.2316    0   43 30833.0000 23205.2316  24.7%     -    0s
     0     0 23205.2316    0   42 30833.0000 23205.2316  24.7%     -    0s
H    0     0                    30701.000000 23205.2316  24.4%     -    0s
H    0     0                    30667.000000 27507.4112  10.3%     -    0s
     0     0 27507.4112    0   67 30667.0000 27507.4112  10.3%     -    0s
H    0     0                    30603.000000 27507.4112  10.1%     -    0s
     0     0 28432.6542    0   83 30603.0000 28432.6542  7.09%     -    0s
     0     0 29209.7513    0   75 30603.0000 29209.7513  4.55%     -    0s
     0     0 29210.9583    0   64 30603.0000 29210.9583  4.55%     -    0s
     0     0 29210.9583    0   63 30603.0000 29210.9583  4.55%     -    0s
     0     0 29210.9583    0   66 30603.0000 29210.9583  4.55%     -    0s
     0     0 29210.9583    0   68 30603.0000 29210.9583  4.55%     -    0s
     0     0 29363.3507    0   82 30603.0000 29363.3507  4.05%     -    0s
H    0     0                    30594.000000 29363.3507  4.02%     -    0s
     0     0 29448.4493    0   89 30594.0000 29448.4493  3.74%     -    0s
H    0     0                    30590.000000 29448.4493  3.73%     -    0s
     0     0 29539.4674    0   75 30590.0000 29539.4674  3.43%     -    0s
     0     0 29539.4674    0   74 30590.0000 29539.4674  3.43%     -    0s
H    0     0                    30588.000000 29539.4674  3.43%     -    0s
     0     0 29539.4674    0   87 30588.0000 29539.4674  3.43%     -    0s
H    0     0                    30240.000000 29539.4674  2.32%     -    0s
     0     0 29539.4674    0   95 30240.0000 29539.4674  2.32%     -    0s
     0     0 29539.4674    0   98 30240.0000 29539.4674  2.32%     -    0s
     0     0 29674.3624    0   65 30240.0000 29674.3624  1.87%     -    0s
     0     0 29674.3624    0   43 30240.0000 29674.3624  1.87%     -    0s
H    0     0                    30076.000000 29674.3624  1.34%     -    0s
H    0     0                    30048.000000 29674.3624  1.24%     -    0s
     0     0 29674.3624    0   48 30048.0000 29674.3624  1.24%     -    0s
     0     0 29674.3624    0   48 30048.0000 29674.3624  1.24%     -    0s
     0     0 29674.3624    0   48 30048.0000 29674.3624  1.24%     -    0s
     0     0 29674.3624    0   48 30048.0000 29674.3624  1.24%     -    0s
     0     0 29674.3624    0   48 30048.0000 29674.3624  1.24%     -    0s
     0     0 29674.3624    0   48 30048.0000 29674.3624  1.24%     -    0s
     0     0 29674.3624    0   48 30048.0000 29674.3624  1.24%     -    0s
     0     0 29674.3624    0   48 30048.0000 29674.3624  1.24%     -    0s
     0     0 29674.3624    0   48 30048.0000 29674.3624  1.24%     -    0s
     0     0 29674.3624    0   59 30048.0000 29674.3624  1.24%     -    0s
     0     0 29674.3624    0   65 30048.0000 29674.3624  1.24%     -    0s
     0     0 29674.3624    0   68 30048.0000 29674.3624  1.24%     -    0s
     0     0 29674.3624    0   69 30048.0000 29674.3624  1.24%     -    0s
     0     0 29674.3624    0   85 30048.0000 29674.3624  1.24%     -    0s
H    0     0                    29909.000000 29674.3624  0.78%     -    0s
     0     0 29674.3624    0   85 29909.0000 29674.3624  0.78%     -    0s
     0     0 29674.3624    0   87 29909.0000 29674.3624  0.78%     -    0s
H    0     0                    29819.000000 29674.3624  0.49%     -    0s
     0     0 29674.3624    0   93 29819.0000 29674.3624  0.49%     -    0s
     0     0 29674.3624    0   77 29819.0000 29674.3624  0.49%     -    0s
H    0     0                    29795.000000 29674.3624  0.40%     -    0s
     0     0 29674.3624    0   89 29795.0000 29674.3624  0.40%     -    0s
     0     0 29674.3624    0   96 29795.0000 29674.3624  0.40%     -    0s
     0     0 29674.3624    0   92 29795.0000 29674.3624  0.40%     -    0s
     0     0 29674.3624    0   87 29795.0000 29674.3624  0.40%     -    0s
     0     0 29674.3624    0   74 29795.0000 29674.3624  0.40%     -    0s
     0     0 29674.3624    0   80 29795.0000 29674.3624  0.40%     -    0s
     0     0 29674.3624    0   87 29795.0000 29674.3624  0.40%     -    0s
     0     0 29674.3624    0   59 29795.0000 29674.3624  0.40%     -    0s
     0     0 29674.3624    0   40 29795.0000 29674.3624  0.40%     -    0s
     0     0 29674.3624    0   47 29795.0000 29674.3624  0.40%     -    0s
H    0     0                    29716.000000 29674.3624  0.14%     -    0s
     0     0 29674.3624    0   59 29716.0000 29674.3624  0.14%     -    0s
     0     0 29674.3624    0   60 29716.0000 29674.3624  0.14%     -    0s
     0     0 29686.0044    0   59 29716.0000 29686.0044  0.10%     -    0s
     0     0 29688.6554    0   60 29716.0000 29688.6554  0.09%     -    0s
     0     0 29692.5135    0   39 29716.0000 29692.5135  0.08%     -    0s
     0     0 29692.5135    0   38 29716.0000 29692.5135  0.08%     -    0s
     0     0 29702.8796    0   35 29716.0000 29702.8796  0.04%     -    0s
H    0     0                    29709.000000 29702.8796  0.02%     -    0s
     0     0 29704.8051    0    3 29709.0000 29704.8051  0.01%     -    0s
     0     0 29707.4561    0    2 29709.0000 29707.4561  0.01%     -    0s

Cutting planes:
  Gomory: 2
  MIR: 1

Explored 1 nodes (1688 simplex iterations) in 0.64 seconds (0.29 work units)
Thread count was 8 (of 40 available processors)

Solution count 10: 29709 29716 29795 ... 30590

Optimal solution found (tolerance 1.00e-16)
Best objective 2.970900000000e+04, best bound 2.970900000000e+04, gap 0.0000%

User-callback calls 712, time in user-callback 0.00 sec
Objective AP1: 29709.0, MIP-Gap: 0.0%
AP1 requires 16 trucks to transport 657 items. 14 trucks and 2 pseudo trucks.
Took 	00:00:00.855
####################################################################################################
####################################################################################################
Simple Packing:  2
dataP.t2DSP:  1
####################################################################################################
####################################################################################################
First packing

----------------------------------------------------------------------------------------------------
3D Packing Heuristic in Truck P198654301
Item 0091017300_14062023000016 with: 2
Item 0091017300_14062023000033 with: 2
Item 0091017300_14062023000047 with: 2
Item 0091017300_14062023000063 with: 1
Item 0091017300_14062023000100 with: 2
Item 0091017300_14062023000103 with: 2
Item 0091017300_14062023000149 with: 1
Item 0091017300_14062023000167 with: 1
Heuristic packed all items

----------------------------------------------------------------------------------------------------
3D Packing Heuristic in Truck P191654301
Item 0091017300_14062023000011 with: 2
Item 0091017300_14062023000032 with: 4
Item 0091017300_14062023000041 with: 1
Item 0091017300_14062023000096 with: 2
Item 0091017300_14062023000139 with: 1
Item 0091017300_14062023000140 with: 1
Item 0091017300_14062023000155 with: 2
Item 0091017300_14062023000173 with: 2
Item 0091017300_14062023000176 with: 1
Item 0091017300_14062023000195 with: 1
Heuristic packed all items

----------------------------------------------------------------------------------------------------
3D Packing Heuristic in Truck P205654301
Item 0091017300_14062023000020 with: 2
Item 0091017300_14062023000028 with: 1
Item 0091017300_14062023000058 with: 3
Item 0091017300_14062023000124 with: 3
Item 0091017300_14062023000130 with: 1
Item 0091017300_14062023000143 with: 1
Item 0091017300_14062023000179 with: 5
Item 0091017300_14062023000189 with: 4
Heuristic packed all items

----------------------------------------------------------------------------------------------------
2D Packing Heuristic in Truck P185654305
Min2DVol: 15.654179999999995 [m2]
Stack 0 with items: ['0091017300_14062023000006', '0091017300_14062023000046', '0091017300_14062023000113']
Stack 1 with items: ['0091017300_14062023000076', '0091017300_14062023000030', '0091017300_14062023000076']
Stack 2 with items: ['0091017300_14062023000006', '0091017300_14062023000024', '0091017300_14062023000024', '0091017300_14062023000030', '0091017300_14062023000090']
Stack 3 with items: ['0091017300_14062023000175', '0091017300_14062023000175']
Stack 4 with items: ['0091017300_14062023000132', '0091017300_14062023000098']
Stack 5 with items: ['0091017300_14062023000075', '0091017300_14062023000075']
Stack 6 with items: ['0091017300_14062023000075', '0091017300_14062023000075']
Stack 7 with items: ['0091017300_14062023000075', '0091017300_14062023000075']
Stack 8 with items: ['0091017300_14062023000075', '0091017300_14062023000054']
Stack 9 with items: ['0091017300_14062023000054', '0091017300_14062023000054']
Stack 10 with items: ['0091017300_14062023000054', '0091017300_14062023000054']
Stack 11 with items: ['0091017300_14062023000034', '0091017300_14062023000034']
Stack 12 with items: ['0091017300_14062023000034']
Heuristic packed all stacks

----------------------------------------------------------------------------------------------------
2D Packing Heuristic in Truck P186654301
Min2DVol: 20.39999999999999 [m2]
Stack 0 with items: ['0091017300_14062023000197', '0091017300_14062023000197']
Stack 1 with items: ['0091017300_14062023000197', '0091017300_14062023000197']
Stack 2 with items: ['0091017300_14062023000197', '0091017300_14062023000192']
Stack 3 with items: ['0091017300_14062023000192', '0091017300_14062023000192']
Stack 4 with items: ['0091017300_14062023000192', '0091017300_14062023000192']
Stack 5 with items: ['0091017300_14062023000192', '0091017300_14062023000192']
Stack 6 with items: ['0091017300_14062023000181', '0091017300_14062023000163']
Stack 7 with items: ['0091017300_14062023000137', '0091017300_14062023000137']
Stack 8 with items: ['0091017300_14062023000137', '0091017300_14062023000137']
Stack 9 with items: ['0091017300_14062023000128', '0091017300_14062023000120']
Stack 10 with items: ['0091017300_14062023000120', '0091017300_14062023000120']
Stack 11 with items: ['0091017300_14062023000087', '0091017300_14062023000087']
Stack 12 with items: ['0091017300_14062023000087', '0091017300_14062023000087']
Stack 13 with items: ['0091017300_14062023000087', '0091017300_14062023000087']
Stack 14 with items: ['0091017300_14062023000087', '0091017300_14062023000074']
Stack 15 with items: ['0091017300_14062023000036', '0091017300_14062023000036']
Stack 16 with items: ['0091017300_14062023000036']
Heuristic packed all stacks

----------------------------------------------------------------------------------------------------
2D Packing Heuristic in Truck P208654305
Min2DVol: 21.690299999999993 [m2]
Stack 0 with items: ['0091017300_14062023000001', '0091017300_14062023000001', '0091017300_14062023000001', '0091017300_14062023000094']
Stack 1 with items: ['0091017300_14062023000166', '0091017300_14062023000021', '0091017300_14062023000105', '0091017300_14062023000021']
Stack 2 with items: ['0091017300_14062023000131', '0091017300_14062023000105', '0091017300_14062023000068']
Stack 3 with items: ['0091017300_14062023000131', '0091017300_14062023000148', '0091017300_14062023000148']
Stack 4 with items: ['0091017300_14062023000069', '0091017300_14062023000021', '0091017300_14062023000148']
Stack 5 with items: ['0091017300_14062023000142', '0091017300_14062023000142']
Stack 6 with items: ['0091017300_14062023000142', '0091017300_14062023000142']
Stack 7 with items: ['0091017300_14062023000093', '0091017300_14062023000093']
Stack 8 with items: ['0091017300_14062023000093', '0091017300_14062023000093']
Stack 9 with items: ['0091017300_14062023000093', '0091017300_14062023000093']
Stack 10 with items: ['0091017300_14062023000084', '0091017300_14062023000084']
Stack 11 with items: ['0091017300_14062023000084', '0091017300_14062023000084']
Stack 12 with items: ['0091017300_14062023000084', '0091017300_14062023000084']
Stack 13 with items: ['0091017300_14062023000084', '0091017300_14062023000084']
Stack 14 with items: ['0091017300_14062023000070', '0091017300_14062023000070']
Stack 15 with items: ['0091017300_14062023000070', '0091017300_14062023000070']
Stack 16 with items: ['0091017300_14062023000038', '0091017300_14062023000038']
Stack 17 with items: ['0091017300_14062023000025', '0091017300_14062023000025']
Heuristic packed all stacks

----------------------------------------------------------------------------------------------------
2D Packing Heuristic in Truck P173654305
Min2DVol: 21.690299999999993 [m2]
Stack 0 with items: ['0091017300_14062023000083', '0091017300_14062023000029', '0091017300_14062023000151', '0091017300_14062023000164']
Stack 1 with items: ['0091017300_14062023000183', '0091017300_14062023000082', '0091017300_14062023000059']
Stack 2 with items: ['0091017300_14062023000029', '0091017300_14062023000029', '0091017300_14062023000029', '0091017300_14062023000082', '0091017300_14062023000082']
Stack 3 with items: ['0091017300_14062023000180', '0091017300_14062023000029', '0091017300_14062023000136', '0091017300_14062023000029']
Stack 4 with items: ['0091017300_14062023000164', '0091017300_14062023000151', '0091017300_14062023000164', '0091017300_14062023000164', '0091017300_14062023000164', '0091017300_14062023000164']
Stack 5 with items: ['0091017300_14062023000152', '0091017300_14062023000116']
Stack 6 with items: ['0091017300_14062023000107', '0091017300_14062023000107']
Stack 7 with items: ['0091017300_14062023000107', '0091017300_14062023000107']
Stack 8 with items: ['0091017300_14062023000107', '0091017300_14062023000107']
Stack 9 with items: ['0091017300_14062023000091', '0091017300_14062023000091']
Stack 10 with items: ['0091017300_14062023000091', '0091017300_14062023000091']
Stack 11 with items: ['0091017300_14062023000091', '0091017300_14062023000081']
Stack 12 with items: ['0091017300_14062023000073', '0091017300_14062023000073']
Stack 13 with items: ['0091017300_14062023000073', '0091017300_14062023000051']
Stack 14 with items: ['0091017300_14062023000051', '0091017300_14062023000051']
Stack 15 with items: ['0091017300_14062023000051', '0091017300_14062023000051']
Stack 16 with items: ['0091017300_14062023000051', '0091017300_14062023000051']
Stack 17 with items: ['0091017300_14062023000051']
Heuristic packed all stacks

----------------------------------------------------------------------------------------------------
2D Packing Heuristic in Truck P199654305
Min2DVol: 26.49029999999999 [m2]
Stack 0 with items: ['0091017300_14062023000005', '0091017300_14062023000127', '0091017300_14062023000133', '0091017300_14062023000172']
Stack 1 with items: ['0091017300_14062023000095', '0091017300_14062023000007', '0091017300_14062023000095']
Stack 2 with items: ['0091017300_14062023000125', '0091017300_14062023000077', '0091017300_14062023000005']
Stack 3 with items: ['0091017300_14062023000191', '0091017300_14062023000057', '0091017300_14062023000191']
Stack 4 with items: ['0091017300_14062023000057', '0091017300_14062023000125', '0091017300_14062023000186', '0091017300_14062023000186']
Stack 5 with items: ['0091017300_14062023000196', '0091017300_14062023000196']
Stack 6 with items: ['0091017300_14062023000190', '0091017300_14062023000165']
Stack 7 with items: ['0091017300_14062023000165', '0091017300_14062023000165']
Stack 8 with items: ['0091017300_14062023000165', '0091017300_14062023000161']
Stack 9 with items: ['0091017300_14062023000111', '0091017300_14062023000111']
Stack 10 with items: ['0091017300_14062023000111', '0091017300_14062023000108']
Stack 11 with items: ['0091017300_14062023000106', '0091017300_14062023000106']
Stack 12 with items: ['0091017300_14062023000104', '0091017300_14062023000104']
Stack 13 with items: ['0091017300_14062023000104', '0091017300_14062023000099']
Stack 14 with items: ['0091017300_14062023000099', '0091017300_14062023000099']
Stack 15 with items: ['0091017300_14062023000099', '0091017300_14062023000099']
Stack 16 with items: ['0091017300_14062023000099', '0091017300_14062023000065']
Stack 17 with items: ['0091017300_14062023000053', '0091017300_14062023000053']
Stack 18 with items: ['0091017300_14062023000045', '0091017300_14062023000045']
Stack 19 with items: ['0091017300_14062023000045', '0091017300_14062023000040']
Stack 20 with items: ['0091017300_14062023000040', '0091017300_14062023000033']
Stack 21 with items: ['0091017300_14062023000015']
Heuristic packed all stacks

----------------------------------------------------------------------------------------------------
2D Packing Heuristic in Truck P192654305
Min2DVol: 27.708360000000003 [m2]
Stack 0 with items: ['0091017300_14062023000194', '0091017300_14062023000194']
Stack 1 with items: ['0091017300_14062023000194', '0091017300_14062023000173']
Stack 2 with items: ['0091017300_14062023000173', '0091017300_14062023000170']
Stack 3 with items: ['0091017300_14062023000170', '0091017300_14062023000170']
Stack 4 with items: ['0091017300_14062023000170', '0091017300_14062023000170']
Stack 5 with items: ['0091017300_14062023000170', '0091017300_14062023000160']
Stack 6 with items: ['0091017300_14062023000154', '0091017300_14062023000153']
Stack 7 with items: ['0091017300_14062023000153', '0091017300_14062023000153']
Stack 8 with items: ['0091017300_14062023000145', '0091017300_14062023000121']
Stack 9 with items: ['0091017300_14062023000121', '0091017300_14062023000121']
Stack 10 with items: ['0091017300_14062023000115', '0091017300_14062023000115']
Stack 11 with items: ['0091017300_14062023000115', '0091017300_14062023000115']
Stack 12 with items: ['0091017300_14062023000071', '0091017300_14062023000060']
Stack 13 with items: ['0091017300_14062023000060', '0091017300_14062023000032']
Stack 14 with items: ['0091017300_14062023000010', '0091017300_14062023000003']
Stack 15 with items: ['0091017300_14062023000003', '0091017300_14062023000003']
Stack 16 with items: ['0091017300_14062023000002']
Stack 17 with items: ['0091017300_14062023000078', '0091017300_14062023000078']
Stack 18 with items: ['0091017300_14062023000174', '0091017300_14062023000086', '0091017300_14062023000162', '0091017300_14062023000086']
Stack 19 with items: ['0091017300_14062023000129', '0091017300_14062023000129', '0091017300_14062023000162']
Stack 20 with items: ['0091017300_14062023000158', '0091017300_14062023000110']
Stack 21 with items: ['0091017300_14062023000044', '0091017300_14062023000044', '0091017300_14062023000129', '0091017300_14062023000158']
Stack 22 with items: ['0091017300_14062023000089', '0091017300_14062023000089', '0091017300_14062023000089']
Heuristic packed all stacks

----------------------------------------------------------------------------------------------------
2D Packing Heuristic in Truck P187654305
Min2DVol: 27.726419999999987 [m2]
Stack 0 with items: ['0091017300_14062023000156', '0091017300_14062023000118', '0091017300_14062023000156']
Stack 1 with items: ['0091017300_14062023000118', '0091017300_14062023000112', '0091017300_14062023000112', '0091017300_14062023000118', '0091017300_14062023000118']
Stack 2 with items: ['0091017300_14062023000088', '0091017300_14062023000079', '0091017300_14062023000079']
Stack 3 with items: ['0091017300_14062023000079', '0091017300_14062023000067', '0091017300_14062023000067', '0091017300_14062023000067', '0091017300_14062023000079']
Stack 4 with items: ['0091017300_14062023000067', '0091017300_14062023000049', '0091017300_14062023000049']
Stack 5 with items: ['0091017300_14062023000026', '0091017300_14062023000026', '0091017300_14062023000026']
Stack 6 with items: ['0091017300_14062023000026', '0091017300_14062023000004']
Stack 7 with items: ['0091017300_14062023000074', '0091017300_14062023000037']
Stack 8 with items: ['0091017300_14062023000074', '0091017300_14062023000037']
Stack 9 with items: ['0091017300_14062023000074', '0091017300_14062023000074']
Stack 10 with items: ['0091017300_14062023000056', '0091017300_14062023000056']
Stack 11 with items: ['0091017300_14062023000137', '0091017300_14062023000056']
Stack 12 with items: ['0091017300_14062023000037', '0091017300_14062023000074']
Stack 13 with items: ['0091017300_14062023000056', '0091017300_14062023000056']
Stack 14 with items: ['0091017300_14062023000171', '0091017300_14062023000171']
Stack 15 with items: ['0091017300_14062023000074', '0091017300_14062023000074']
Stack 16 with items: ['0091017300_14062023000037', '0091017300_14062023000056']
Stack 17 with items: ['0091017300_14062023000074', '0091017300_14062023000074']
Stack 18 with items: ['0091017300_14062023000037', '0091017300_14062023000056']
Stack 19 with items: ['0091017300_14062023000074', '0091017300_14062023000074']
Stack 20 with items: ['0091017300_14062023000056', '0091017300_14062023000056']
Stack 21 with items: ['0091017300_14062023000171', '0091017300_14062023000171']
Stack 22 with items: ['0091017300_14062023000037', '0091017300_14062023000037']
Heuristic packed all stacks

----------------------------------------------------------------------------------------------------
2D Packing Heuristic in Truck P194654305
Min2DVol: 28.944479999999988 [m2]
Stack 0 with items: ['0091017300_14062023000198', '0091017300_14062023000147', '0091017300_14062023000147', '0091017300_14062023000147', '0091017300_14062023000198']
Stack 1 with items: ['0091017300_14062023000135', '0091017300_14062023000122', '0091017300_14062023000135']
Stack 2 with items: ['0091017300_14062023000122', '0091017300_14062023000122', '0091017300_14062023000122']
Stack 3 with items: ['0091017300_14062023000122', '0091017300_14062023000119', '0091017300_14062023000117']
Stack 4 with items: ['0091017300_14062023000119', '0091017300_14062023000097', '0091017300_14062023000117', '0091017300_14062023000085']
Stack 5 with items: ['0091017300_14062023000109', '0091017300_14062023000085', '0091017300_14062023000097', '0091017300_14062023000085']
Stack 6 with items: ['0091017300_14062023000066', '0091017300_14062023000066', '0091017300_14062023000066']
Stack 7 with items: ['0091017300_14062023000066', '0091017300_14062023000066']
Stack 8 with items: ['0091017300_14062023000126', '0091017300_14062023000126']
Stack 9 with items: ['0091017300_14062023000145', '0091017300_14062023000145']
Stack 10 with items: ['0091017300_14062023000145', '0091017300_14062023000145']
Stack 11 with items: ['0091017300_14062023000184', '0091017300_14062023000184']
Stack 12 with items: ['0091017300_14062023000194', '0091017300_14062023000194']
Stack 13 with items: ['0091017300_14062023000126', '0091017300_14062023000126']
Stack 14 with items: ['0091017300_14062023000126', '0091017300_14062023000126']
Stack 15 with items: ['0091017300_14062023000145', '0091017300_14062023000145']
Stack 16 with items: ['0091017300_14062023000145', '0091017300_14062023000145']
Stack 17 with items: ['0091017300_14062023000145', '0091017300_14062023000145']
Stack 18 with items: ['0091017300_14062023000145', '0091017300_14062023000145']
Stack 19 with items: ['0091017300_14062023000126', '0091017300_14062023000126']
Stack 20 with items: ['0091017300_14062023000184', '0091017300_14062023000184']
Stack 21 with items: ['0091017300_14062023000071', '0091017300_14062023000071']
Stack 22 with items: ['0091017300_14062023000126', '0091017300_14062023000126']
Stack 23 with items: ['0091017300_14062023000071', '0091017300_14062023000071']
Heuristic packed all stacks

----------------------------------------------------------------------------------------------------
2D Packing Heuristic in Truck P201654305
Min2DVol: 31.398659999999985 [m2]
Stack 0 with items: ['0091017300_14062023000177', '0091017300_14062023000177', '0091017300_14062023000177']
Stack 1 with items: ['0091017300_14062023000177', '0091017300_14062023000177', '0091017300_14062023000177']
Stack 2 with items: ['0091017300_14062023000157', '0091017300_14062023000123', '0091017300_14062023000123', '0091017300_14062023000157']
Stack 3 with items: ['0091017300_14062023000123', '0091017300_14062023000055', '0091017300_14062023000064', '0091017300_14062023000064', '0091017300_14062023000055']
Stack 4 with items: ['0091017300_14062023000055', '0091017300_14062023000043', '0091017300_14062023000019', '0091017300_14062023000055']
Stack 5 with items: ['0091017300_14062023000043', '0091017300_14062023000031', '0091017300_14062023000013']
Stack 6 with items: ['0091017300_14062023000031', '0091017300_14062023000013', '0091017300_14062023000031']
Stack 7 with items: ['0091017300_14062023000019', '0091017300_14062023000019', '0091017300_14062023000019']
Stack 8 with items: ['0091017300_14062023000019', '0091017300_14062023000013', '0091017300_14062023000013', '0091017300_14062023000019']
Stack 9 with items: ['0091017300_14062023000008', '0091017300_14062023000008', '0091017300_14062023000008']
Stack 10 with items: ['0091017300_14062023000007']
Stack 11 with items: ['0091017300_14062023000159', '0091017300_14062023000159']
Stack 12 with items: ['0091017300_14062023000017', '0091017300_14062023000017']
Stack 13 with items: ['0091017300_14062023000159', '0091017300_14062023000159']
Stack 14 with items: ['0091017300_14062023000017', '0091017300_14062023000017']
Stack 15 with items: ['0091017300_14062023000159', '0091017300_14062023000159']
Stack 16 with items: ['0091017300_14062023000017', '0091017300_14062023000017']
Stack 17 with items: ['0091017300_14062023000015', '0091017300_14062023000015']
Stack 18 with items: ['0091017300_14062023000040', '0091017300_14062023000017']
Stack 19 with items: ['0091017300_14062023000017', '0091017300_14062023000017']
Stack 20 with items: ['0091017300_14062023000159', '0091017300_14062023000159']
Stack 21 with items: ['0091017300_14062023000017', '0091017300_14062023000017']
Stack 22 with items: ['0091017300_14062023000159', '0091017300_14062023000159']
Stack 23 with items: ['0091017300_14062023000017', '0091017300_14062023000017']
Stack 24 with items: ['0091017300_14062023000159', '0091017300_14062023000017']
Stack 25 with items: ['0091017300_14062023000017', '0091017300_14062023000017']
Heuristic packed all stacks

----------------------------------------------------------------------------------------------------
2D Packing Heuristic in Truck P236654305
Min2DVol: 20.481270000000002 [m2]
Stack 0 with items: ['0091017300_14062023000188', '0091017300_14062023000185', '0091017300_14062023000188', '0091017300_14062023000188', '0091017300_14062023000188', '0091017300_14062023000188']
Stack 1 with items: ['0091017300_14062023000185', '0091017300_14062023000146', '0091017300_14062023000185']
Stack 2 with items: ['0091017300_14062023000169', '0091017300_14062023000052', '0091017300_14062023000169']
Stack 3 with items: ['0091017300_14062023000146', '0091017300_14062023000102', '0091017300_14062023000102']
Stack 4 with items: ['0091017300_14062023000102', '0091017300_14062023000102', '0091017300_14062023000102']
Stack 5 with items: ['0091017300_14062023000062', '0091017300_14062023000062', '0091017300_14062023000062']
Stack 6 with items: ['0091017300_14062023000062', '0091017300_14062023000052', '0091017300_14062023000052', '0091017300_14062023000052', '0091017300_14062023000062']
Stack 7 with items: ['0091017300_14062023000052', '0091017300_14062023000048', '0091017300_14062023000048']
Stack 8 with items: ['0091017300_14062023000009']
Stack 9 with items: ['0091017300_14062023000193', '0091017300_14062023000193']
Stack 10 with items: ['0091017300_14062023000193', '0091017300_14062023000193']
Stack 11 with items: ['0091017300_14062023000193', '0091017300_14062023000193']
Stack 12 with items: ['0091017300_14062023000193', '0091017300_14062023000193']
Stack 13 with items: ['0091017300_14062023000193', '0091017300_14062023000187']
Stack 14 with items: ['0091017300_14062023000187', '0091017300_14062023000187']
Stack 15 with items: ['0091017300_14062023000187', '0091017300_14062023000187']
Stack 16 with items: ['0091017300_14062023000187', '0091017300_14062023000187']
Stack 17 with items: ['0091017300_14062023000187', '0091017300_14062023000182']
Stack 18 with items: ['0091017300_14062023000182', '0091017300_14062023000182']
Stack 19 with items: ['0091017300_14062023000182', '0091017300_14062023000182']
Stack 20 with items: ['0091017300_14062023000182', '0091017300_14062023000182']
Stack 21 with items: ['0091017300_14062023000182', '0091017300_14062023000182']
Stack 22 with items: ['0091017300_14062023000182', '0091017300_14062023000168']
Stack 23 with items: ['0091017300_14062023000168', '0091017300_14062023000168']
Stack 24 with items: ['0091017300_14062023000150', '0091017300_14062023000150']
Stack 25 with items: ['0091017300_14062023000141', '0091017300_14062023000141']
Stack 26 with items: ['0091017300_14062023000141', '0091017300_14062023000141']
Stack 27 with items: ['0091017300_14062023000141', '0091017300_14062023000141']
Stack 28 with items: ['0091017300_14062023000141', '0091017300_14062023000114']
Stack 29 with items: ['0091017300_14062023000114', '0091017300_14062023000101']
Stack 30 with items: ['0091017300_14062023000101', '0091017300_14062023000042']
Stack 31 with items: ['0091017300_14062023000027', '0091017300_14062023000027']
Stack 32 with items: ['0091017300_14062023000022', '0091017300_14062023000022']
Stack 33 with items: ['0091017300_14062023000022', '0091017300_14062023000012']
Stacks not packed:
Stack 9 missing: ['0091017300_14062023000193', '0091017300_14062023000193']
Stack 10 missing: ['0091017300_14062023000193', '0091017300_14062023000193']
Stack 11 missing: ['0091017300_14062023000193', '0091017300_14062023000193']
Stack 12 missing: ['0091017300_14062023000193', '0091017300_14062023000193']
Stack 22 missing: ['0091017300_14062023000182', '0091017300_14062023000168']
Stack 23 missing: ['0091017300_14062023000168', '0091017300_14062023000168']
Stack 24 missing: ['0091017300_14062023000150', '0091017300_14062023000150']
Stack 30 missing: ['0091017300_14062023000101', '0091017300_14062023000042']
Stack 32 missing: ['0091017300_14062023000022', '0091017300_14062023000022']
Stack 33 missing: ['0091017300_14062023000022', '0091017300_14062023000012']
----------------------------------------------------------------------------------------------------
3D Packing Heuristic in Truck P236654305
Item 0091017300_14062023000193 with: 8
Item 0091017300_14062023000182 with: 1
Item 0091017300_14062023000168 with: 3
Item 0091017300_14062023000150 with: 2
Item 0091017300_14062023000101 with: 1
Item 0091017300_14062023000042 with: 1
Item 0091017300_14062023000022 with: 3
Item 0091017300_14062023000012 with: 1
Heuristic packed all items

----------------------------------------------------------------------------------------------------
2D Packing Heuristic in Truck P178654305
Min2DVol: 24.054180000000013 [m2]
Stack 0 with items: ['0091017300_14062023000050', '0091017300_14062023000035', '0091017300_14062023000050', '0091017300_14062023000050', '0091017300_14062023000050']
Stack 1 with items: ['0091017300_14062023000014', '0091017300_14062023000014', '0091017300_14062023000072']
Stack 2 with items: ['0091017300_14062023000092', '0091017300_14062023000092', '0091017300_14062023000092']
Stack 3 with items: ['0091017300_14062023000072', '0091017300_14062023000138', '0091017300_14062023000138', '0091017300_14062023000138', '0091017300_14062023000144']
Stack 4 with items: ['0091017300_14062023000138', '0091017300_14062023000138', '0091017300_14062023000138', '0091017300_14062023000144', '0091017300_14062023000144']
Stack 5 with items: ['0091017300_14062023000039', '0091017300_14062023000050', '0091017300_14062023000050', '0091017300_14062023000072']
Stack 6 with items: ['0091017300_14062023000178', '0091017300_14062023000178']
Stack 7 with items: ['0091017300_14062023000178', '0091017300_14062023000178']
Stack 8 with items: ['0091017300_14062023000134', '0091017300_14062023000134']
Stack 9 with items: ['0091017300_14062023000134', '0091017300_14062023000134']
Stack 10 with items: ['0091017300_14062023000080', '0091017300_14062023000080']
Stack 11 with items: ['0091017300_14062023000080', '0091017300_14062023000080']
Stack 12 with items: ['0091017300_14062023000080', '0091017300_14062023000061']
Stack 13 with items: ['0091017300_14062023000061', '0091017300_14062023000061']
Stack 14 with items: ['0091017300_14062023000061', '0091017300_14062023000061']
Stack 15 with items: ['0091017300_14062023000061', '0091017300_14062023000061']
Stack 16 with items: ['0091017300_14062023000061', '0091017300_14062023000061']
Stack 17 with items: ['0091017300_14062023000061', '0091017300_14062023000061']
Stack 18 with items: ['0091017300_14062023000061', '0091017300_14062023000061']
Stack 19 with items: ['0091017300_14062023000061', '0091017300_14062023000061']
Stack 20 with items: ['0091017300_14062023000061', '0091017300_14062023000061']
Stack 21 with items: ['0091017300_14062023000061', '0091017300_14062023000061']
Stack 22 with items: ['0091017300_14062023000061', '0091017300_14062023000061']
Stack 23 with items: ['0091017300_14062023000061', '0091017300_14062023000061']
Stack 24 with items: ['0091017300_14062023000061', '0091017300_14062023000061']
Stack 25 with items: ['0091017300_14062023000061', '0091017300_14062023000061']
Stack 26 with items: ['0091017300_14062023000023', '0091017300_14062023000023']
Stack 27 with items: ['0091017300_14062023000023', '0091017300_14062023000023']
Stack 28 with items: ['0091017300_14062023000023', '0091017300_14062023000023']
Stack 29 with items: ['0091017300_14062023000023', '0091017300_14062023000023']
Stack 30 with items: ['0091017300_14062023000023', '0091017300_14062023000023']
Stack 31 with items: ['0091017300_14062023000023', '0091017300_14062023000023']
Stack 32 with items: ['0091017300_14062023000023', '0091017300_14062023000023']
Stack 33 with items: ['0091017300_14062023000023', '0091017300_14062023000023']
Stack 34 with items: ['0091017300_14062023000023', '0091017300_14062023000023']
Stack 35 with items: ['0091017300_14062023000023', '0091017300_14062023000023']
Stack 36 with items: ['0091017300_14062023000023', '0091017300_14062023000023']
Stack 37 with items: ['0091017300_14062023000018', '0091017300_14062023000018']
Stack 38 with items: ['0091017300_14062023000018', '0091017300_14062023000018']
Stack 39 with items: ['0091017300_14062023000018']
Stacks not packed:
Stack 8 missing: ['0091017300_14062023000134', '0091017300_14062023000134']
Stack 9 missing: ['0091017300_14062023000134', '0091017300_14062023000134']
Stack 10 missing: ['0091017300_14062023000080', '0091017300_14062023000080']
Stack 11 missing: ['0091017300_14062023000080', '0091017300_14062023000080']
Stack 12 missing: ['0091017300_14062023000080', '0091017300_14062023000061']
Stack 14 missing: ['0091017300_14062023000061', '0091017300_14062023000061']
Stack 15 missing: ['0091017300_14062023000061', '0091017300_14062023000061']
Stack 16 missing: ['0091017300_14062023000061', '0091017300_14062023000061']
Stack 17 missing: ['0091017300_14062023000061', '0091017300_14062023000061']
Stack 18 missing: ['0091017300_14062023000061', '0091017300_14062023000061']
Stack 19 missing: ['0091017300_14062023000061', '0091017300_14062023000061']
Stack 20 missing: ['0091017300_14062023000061', '0091017300_14062023000061']
Stack 21 missing: ['0091017300_14062023000061', '0091017300_14062023000061']
Stack 22 missing: ['0091017300_14062023000061', '0091017300_14062023000061']
Stack 23 missing: ['0091017300_14062023000061', '0091017300_14062023000061']
Stack 24 missing: ['0091017300_14062023000061', '0091017300_14062023000061']
Stack 25 missing: ['0091017300_14062023000061', '0091017300_14062023000061']
----------------------------------------------------------------------------------------------------
2D Packing Heuristic in Truck P178654305
Min2DVol: 20.39999999999999 [m2]
Stack 0 with items: ['0091017300_14062023000134', '0091017300_14062023000134']
Stack 1 with items: ['0091017300_14062023000134', '0091017300_14062023000134']
Stack 2 with items: ['0091017300_14062023000080', '0091017300_14062023000080']
Stack 3 with items: ['0091017300_14062023000080', '0091017300_14062023000080']
Stack 4 with items: ['0091017300_14062023000080', '0091017300_14062023000061']
Stack 5 with items: ['0091017300_14062023000061', '0091017300_14062023000061']
Stack 6 with items: ['0091017300_14062023000061', '0091017300_14062023000061']
Stack 7 with items: ['0091017300_14062023000061', '0091017300_14062023000061']
Stack 8 with items: ['0091017300_14062023000061', '0091017300_14062023000061']
Stack 9 with items: ['0091017300_14062023000061', '0091017300_14062023000061']
Stack 10 with items: ['0091017300_14062023000061', '0091017300_14062023000061']
Stack 11 with items: ['0091017300_14062023000061', '0091017300_14062023000061']
Stack 12 with items: ['0091017300_14062023000061', '0091017300_14062023000061']
Stack 13 with items: ['0091017300_14062023000061', '0091017300_14062023000061']
Stack 14 with items: ['0091017300_14062023000061', '0091017300_14062023000061']
Stack 15 with items: ['0091017300_14062023000061', '0091017300_14062023000061']
Stack 16 with items: ['0091017300_14062023000061', '0091017300_14062023000061']
Heuristic packed all stacks
****************************************************************************************************
****************************************************************************************************
****************************************************************************************************
Final Solution
Objective;29709.0
Transportation cost;24600.0
Inventory cost;5109.0
Runtime;6.55
****************************************************************************************************
****************************************************************************************************
****************************************************************************************************
####################################################################################################
Export solution
End ROADEF
####################################################################################################
####################################################################################################
####################################################################################################
####################################################################################################
####################################################################################################
####################################################################################################
####################################################################################################

real	0m7.069s
user	0m25.793s
sys	0m1.536s
finished at Thu Oct 12 10:12:44 CEST 2023
