cpu-bind=MASK - cn-0178, task  0  0 [1196508]: mask |----------------BBBB||||----------------BBBB|  set
Python 3.10.6
Gurobi Optimizer version 10.0.0 build v10.0.0rc2 (linux64)
Copyright (c) 2022, Gurobi Optimization, LLC
started at Thu Oct 12 10:16:53 CEST 2023
####################################################################################################
####################################################################################################
Start ROADEF
Set parameter TokenServer to value "license3.uni-paderborn.de"
####################################################################################################
####################################################################################################
Time for optimization 3600.0 (s)
####################################################################################################
Data read
Took 	00:00:00.028
####################################################################################################
Presolve
Anzahl Trucks in OPtimierungsproblem:  20
Itemgruppen in AP werden eher enger gemacht:  True
Start Reduction
Orinigial Anzahl:  198 657
Reduzierte Anzahl:  58 657
####################################################################################################
Load Assignment 1 solution
Set parameter MIPFocus to value 1
Set parameter TimeLimit to value 323.91
Set parameter Threads to value 8
Set parameter MIPGap to value 0.005
Gurobi Optimizer version 10.0.0 build v10.0.0rc2 (linux64)

CPU model: Intel(R) Xeon(R) Gold 6148 CPU @ 2.40GHz, instruction set [SSE2|AVX|AVX2|AVX512]
Thread count: 40 physical cores, 40 logical processors, using up to 8 threads

Optimize a model with 279 rows, 351 columns and 1008 nonzeros
Model fingerprint: 0x93181dfe
Variable types: 40 continuous, 311 integer (20 binary)
Coefficient statistics:
  Matrix range     [1e-01, 2e+04]
  Objective range  [2e+01, 9e+03]
  Bounds range     [1e+00, 3e+01]
  RHS range        [1e+00, 3e+01]
Presolve removed 182 rows and 190 columns
Presolve time: 0.01s
Presolved: 97 rows, 161 columns, 484 nonzeros
Variable types: 0 continuous, 161 integer (65 binary)
Found heuristic solution: objective 224197.00000

Root relaxation: objective 1.140260e+05, 69 iterations, 0.00 seconds (0.00 work units)

    Nodes    |    Current Node    |     Objective Bounds      |     Work
 Expl Unexpl |  Obj  Depth IntInf | Incumbent    BestBd   Gap | It/Node Time

     0     0 114025.990    0   33 224197.000 114025.990  49.1%     -    0s
H    0     0                    142791.00000 114025.990  20.1%     -    0s
H    0     0                    131241.00000 120784.794  7.97%     -    0s
H    0     0                    131139.00000 120784.794  7.90%     -    0s
     0     0 120784.794    0   47 131139.000 120784.794  7.90%     -    0s
H    0     0                    131077.00000 120784.794  7.85%     -    0s
H    0     0                    130381.00000 120784.794  7.36%     -    0s
     0     0 122630.864    0   44 130381.000 122630.864  5.94%     -    0s
     0     0 122630.864    0   44 130381.000 122630.864  5.94%     -    0s
H    0     0                    130075.00000 124325.443  4.42%     -    0s
     0     0 124530.809    0   47 130075.000 124530.809  4.26%     -    0s
     0     0 124680.140    0   41 130075.000 124680.140  4.15%     -    0s
H    0     0                    129327.00000 124684.051  3.59%     -    0s
     0     0 124684.051    0   37 129327.000 124684.051  3.59%     -    0s
H    0     0                    126651.00000 124684.051  1.55%     -    0s
     0     0 124684.051    0   35 126651.000 124684.051  1.55%     -    0s
     0     0 124738.710    0   32 126651.000 124738.710  1.51%     -    0s
     0     0 125446.927    0   38 126651.000 125446.927  0.95%     -    0s
     0     0 126021.462    0   53 126651.000 126021.462  0.50%     -    0s

Cutting planes:
  Gomory: 8
  Cover: 6
  Implied bound: 8
  Clique: 4
  MIR: 20
  StrongCG: 7
  Flow cover: 3
  RLT: 1

Explored 1 nodes (228 simplex iterations) in 0.04 seconds (0.01 work units)
Thread count was 8 (of 40 available processors)

Solution count 9: 126651 129327 130075 ... 224197

Optimal solution found (tolerance 5.00e-03)
Best objective 1.266510000000e+05, best bound 1.260220000000e+05, gap 0.4966%

User-callback calls 583, time in user-callback 0.00 sec
Objective AP1: 126651.0, MIP-Gap: 0.5%
AP0 requires 14 trucks and 1 pseudo trucks.
####################################################################################################
####################################################################################################
Assignment 1
Set parameter TimeLimit to value 6.4770097980897879e+02
Set parameter Threads to value 8
Set parameter MIPGap to value 1e-16
Gurobi Optimizer version 10.0.0 build v10.0.0rc2 (linux64)

CPU model: Intel(R) Xeon(R) Gold 6148 CPU @ 2.40GHz, instruction set [SSE2|AVX|AVX2|AVX512]
Thread count: 40 physical cores, 40 logical processors, using up to 8 threads

Optimize a model with 742 rows, 2313 columns and 13662 nonzeros
Model fingerprint: 0x2e3fa0ee
Variable types: 40 continuous, 2273 integer (1784 binary)
Coefficient statistics:
  Matrix range     [5e-01, 2e+04]
  Objective range  [2e+01, 9e+03]
  Bounds range     [1e+00, 3e+01]
  RHS range        [1e+00, 4e+01]
Presolve removed 719 rows and 2141 columns
Presolve time: 0.01s
Presolved: 23 rows, 172 columns, 454 nonzeros
Variable types: 0 continuous, 172 integer (151 binary)

Root relaxation: objective 1.258970e+05, 10 iterations, 0.00 seconds (0.00 work units)

    Nodes    |    Current Node    |     Objective Bounds      |     Work
 Expl Unexpl |  Obj  Depth IntInf | Incumbent    BestBd   Gap | It/Node Time

     0     0 125897.000    0    3          - 125897.000      -     -    0s
H    0     0                    125897.00000 125897.000  0.00%     -    0s

Explored 1 nodes (10 simplex iterations) in 0.02 seconds (0.01 work units)
Thread count was 8 (of 40 available processors)

Solution count 1: 125897 

Optimal solution found (tolerance 1.00e-16)
Best objective 1.258970000000e+05, best bound 1.258970000000e+05, gap 0.0000%
####################################################################################################
Hier wird die fixierte Version nochmal relaxiert um bessere Lösungen zu erhalten
Set parameter TimeLimit to value 6.4757928771682089e+02
Set parameter MIPFocus to value 1
Gurobi Optimizer version 10.0.0 build v10.0.0rc2 (linux64)

CPU model: Intel(R) Xeon(R) Gold 6148 CPU @ 2.40GHz, instruction set [SSE2|AVX|AVX2|AVX512]
Thread count: 40 physical cores, 40 logical processors, using up to 8 threads

Optimize a model with 574 rows, 2313 columns and 12997 nonzeros
Model fingerprint: 0x59c2bb8f
Variable types: 40 continuous, 2273 integer (1784 binary)
Coefficient statistics:
  Matrix range     [5e-01, 2e+04]
  Objective range  [2e+01, 9e+03]
  Bounds range     [1e+00, 3e+01]
  RHS range        [1e+00, 3e+01]

MIP start from previous solve produced solution with objective 125897 (0.00s)
Loaded MIP start from previous solve with objective 125897

Presolve removed 319 rows and 594 columns
Presolve time: 0.10s
Presolved: 255 rows, 1719 columns, 6185 nonzeros
Found heuristic solution: objective 124907.00000
Variable types: 0 continuous, 1719 integer (1472 binary)

Root relaxation: objective 1.048517e+05, 134 iterations, 0.00 seconds (0.00 work units)

    Nodes    |    Current Node    |     Objective Bounds      |     Work
 Expl Unexpl |  Obj  Depth IntInf | Incumbent    BestBd   Gap | It/Node Time

     0     0 104851.735    0   54 124907.000 104851.735  16.1%     -    0s
     0     0 104851.735    0   50 124907.000 104851.735  16.1%     -    0s
H    0     0                    124739.00000 104851.735  15.9%     -    0s
H    0     0                    124592.00000 104851.735  15.8%     -    0s
H    0     0                    124589.00000 104851.735  15.8%     -    0s
H    0     0                    124586.00000 113351.301  9.02%     -    0s
H    0     0                    124579.00000 113351.301  9.01%     -    0s
     0     0 113351.301    0   72 124579.000 113351.301  9.01%     -    0s
H    0     0                    124570.00000 113351.301  9.01%     -    0s
     0     0 114162.534    0   94 124570.000 114162.534  8.35%     -    0s
     0     0 116426.529    0   97 124570.000 116426.529  6.54%     -    0s
     0     0 116426.529    0   73 124570.000 116426.529  6.54%     -    0s
     0     0 116426.529    0   74 124570.000 116426.529  6.54%     -    0s
H    0     0                    124563.00000 116426.529  6.53%     -    0s
H    0     0                    124504.00000 117432.965  5.68%     -    0s
     0     0 117432.965    0  111 124504.000 117432.965  5.68%     -    0s
     0     0 118037.428    0   91 124504.000 118037.428  5.19%     -    0s
     0     0 118039.986    0   94 124504.000 118039.986  5.19%     -    0s
     0     0 118043.087    0   96 124504.000 118043.087  5.19%     -    0s
     0     0 118174.402    0  100 124504.000 118174.402  5.08%     -    0s
     0     0 118207.764    0   92 124504.000 118207.764  5.06%     -    0s
H    0     0                    124475.00000 118210.959  5.03%     -    0s
     0     0 118210.959    0  107 124475.000 118210.959  5.03%     -    0s
     0     0 118213.300    0   93 124475.000 118213.300  5.03%     -    0s
     0     0 118214.381    0   97 124475.000 118214.381  5.03%     -    0s
     0     0 118223.134    0  119 124475.000 118223.134  5.02%     -    0s
H    0     0                    124366.00000 118223.134  4.94%     -    0s
     0     0 118240.716    0  129 124366.000 118240.716  4.93%     -    0s
     0     0 118245.411    0  134 124366.000 118245.411  4.92%     -    0s
     0     0 118246.754    0  125 124366.000 118246.754  4.92%     -    0s
     0     0 118246.793    0  127 124366.000 118246.793  4.92%     -    0s
     0     0 118250.048    0  144 124366.000 118250.048  4.92%     -    0s
     0     0 118251.233    0  134 124366.000 118251.233  4.92%     -    0s
H    0     0                    124304.00000 118251.233  4.87%     -    0s
     0     0 118251.456    0  146 124304.000 118251.456  4.87%     -    0s
H    0     0                    124282.00000 118251.456  4.85%     -    0s
H    0     0                    124255.00000 118251.504  4.83%     -    0s
     0     2 118251.504    0  144 124255.000 118251.504  4.83%     -    0s
H   33    32                    124244.00000 118886.864  4.31%  46.1    0s
H   35    32                    124195.00000 118886.864  4.27%  44.4    0s
H   36    32                    124147.00000 118886.864  4.24%  44.0    0s
H   68    53                    122119.00000 118982.201  2.57%  30.1    0s
H  431   403                    119159.00000 118982.201  0.15%  10.3    0s
H  468   403                    119095.00000 118982.201  0.09%   9.8    0s
H  512   403                    119094.00000 118982.201  0.09%   9.2    0s
H  520   456                    119057.00000 118982.201  0.06%   9.1    0s
H  554   456                    119054.00000 118982.201  0.06%   9.0    0s
H  570   456                    119031.00000 118982.201  0.04%   8.8    0s
H 1429   514                    119029.00000 118984.634  0.04%   6.5    0s
H 1500   700                    119026.00000 118984.737  0.03%   6.5    0s

Cutting planes:
  Gomory: 2
  StrongCG: 6

Explored 6010 nodes (34991 simplex iterations) in 1.86 seconds (1.15 work units)
Thread count was 8 (of 40 available processors)

Solution count 10: 119026 119029 119031 ... 124147

Optimal solution found (tolerance 1.00e-16)
Best objective 1.190260000000e+05, best bound 1.190260000000e+05, gap 0.0000%

User-callback calls 13076, time in user-callback 0.02 sec
Objective AP1: 119026.0, MIP-Gap: 0.0%
AP1 requires 14 trucks to transport 657 items. 13 trucks and 1 pseudo trucks.
Took 	00:00:02.122
####################################################################################################
####################################################################################################
Simple Packing:  2
dataP.t2DSP:  1
####################################################################################################
####################################################################################################
First packing

----------------------------------------------------------------------------------------------------
2D Packing Heuristic in Truck P198654301
Min2DVol: 19.199999999999996 [m2]
Stack 0 with items: ['0091017300_14062023000196', '0091017300_14062023000196']
Stack 1 with items: ['0091017300_14062023000190', '0091017300_14062023000167']
Stack 2 with items: ['0091017300_14062023000161', '0091017300_14062023000149']
Stack 3 with items: ['0091017300_14062023000108', '0091017300_14062023000106']
Stack 4 with items: ['0091017300_14062023000106', '0091017300_14062023000104']
Stack 5 with items: ['0091017300_14062023000104', '0091017300_14062023000104']
Stack 6 with items: ['0091017300_14062023000103', '0091017300_14062023000103']
Stack 7 with items: ['0091017300_14062023000100', '0091017300_14062023000100']
Stack 8 with items: ['0091017300_14062023000065', '0091017300_14062023000063']
Stack 9 with items: ['0091017300_14062023000053', '0091017300_14062023000053']
Stack 10 with items: ['0091017300_14062023000047', '0091017300_14062023000047']
Stack 11 with items: ['0091017300_14062023000040', '0091017300_14062023000040']
Stack 12 with items: ['0091017300_14062023000040', '0091017300_14062023000033']
Stack 13 with items: ['0091017300_14062023000033', '0091017300_14062023000033']
Stack 14 with items: ['0091017300_14062023000017', '0091017300_14062023000016']
Stack 15 with items: ['0091017300_14062023000016', '0091017300_14062023000015']
Heuristic packed all stacks

----------------------------------------------------------------------------------------------------
2D Packing Heuristic in Truck P177654301
Min2DVol: 22.799999999999994 [m2]
Stack 0 with items: ['0091017300_14062023000134', '0091017300_14062023000091']
Stack 1 with items: ['0091017300_14062023000091', '0091017300_14062023000091']
Stack 2 with items: ['0091017300_14062023000091', '0091017300_14062023000091']
Stack 3 with items: ['0091017300_14062023000081', '0091017300_14062023000080']
Stack 4 with items: ['0091017300_14062023000080', '0091017300_14062023000080']
Stack 5 with items: ['0091017300_14062023000073', '0091017300_14062023000073']
Stack 6 with items: ['0091017300_14062023000073', '0091017300_14062023000061']
Stack 7 with items: ['0091017300_14062023000061', '0091017300_14062023000061']
Stack 8 with items: ['0091017300_14062023000061', '0091017300_14062023000061']
Stack 9 with items: ['0091017300_14062023000061', '0091017300_14062023000061']
Stack 10 with items: ['0091017300_14062023000061', '0091017300_14062023000061']
Stack 11 with items: ['0091017300_14062023000061', '0091017300_14062023000061']
Stack 12 with items: ['0091017300_14062023000061', '0091017300_14062023000061']
Stack 13 with items: ['0091017300_14062023000061', '0091017300_14062023000061']
Stack 14 with items: ['0091017300_14062023000061', '0091017300_14062023000061']
Stack 15 with items: ['0091017300_14062023000061', '0091017300_14062023000061']
Stack 16 with items: ['0091017300_14062023000061', '0091017300_14062023000061']
Stack 17 with items: ['0091017300_14062023000018', '0091017300_14062023000018']
Stack 18 with items: ['0091017300_14062023000018']
Heuristic packed all stacks

----------------------------------------------------------------------------------------------------
2D Packing Heuristic in Truck P186654301
Min2DVol: 22.799999999999994 [m2]
Stack 0 with items: ['0091017300_14062023000197', '0091017300_14062023000197']
Stack 1 with items: ['0091017300_14062023000197', '0091017300_14062023000197']
Stack 2 with items: ['0091017300_14062023000197', '0091017300_14062023000195']
Stack 3 with items: ['0091017300_14062023000192', '0091017300_14062023000192']
Stack 4 with items: ['0091017300_14062023000192', '0091017300_14062023000192']
Stack 5 with items: ['0091017300_14062023000192', '0091017300_14062023000192']
Stack 6 with items: ['0091017300_14062023000192', '0091017300_14062023000181']
Stack 7 with items: ['0091017300_14062023000171', '0091017300_14062023000171']
Stack 8 with items: ['0091017300_14062023000171', '0091017300_14062023000171']
Stack 9 with items: ['0091017300_14062023000163', '0091017300_14062023000155']
Stack 10 with items: ['0091017300_14062023000155', '0091017300_14062023000140']
Stack 11 with items: ['0091017300_14062023000137', '0091017300_14062023000137']
Stack 12 with items: ['0091017300_14062023000137', '0091017300_14062023000137']
Stack 13 with items: ['0091017300_14062023000128', '0091017300_14062023000120']
Stack 14 with items: ['0091017300_14062023000120', '0091017300_14062023000120']
Stack 15 with items: ['0091017300_14062023000087', '0091017300_14062023000041']
Stack 16 with items: ['0091017300_14062023000036', '0091017300_14062023000036']
Stack 17 with items: ['0091017300_14062023000036', '0091017300_14062023000011']
Stack 18 with items: ['0091017300_14062023000011']
Heuristic packed all stacks

----------------------------------------------------------------------------------------------------
2D Packing Heuristic in Truck P173654305
Min2DVol: 19.290299999999995 [m2]
Stack 0 with items: ['0091017300_14062023000183', '0091017300_14062023000164', '0091017300_14062023000180', '0091017300_14062023000164']
Stack 1 with items: ['0091017300_14062023000164', '0091017300_14062023000151', '0091017300_14062023000029', '0091017300_14062023000164', '0091017300_14062023000164', '0091017300_14062023000164']
Stack 2 with items: ['0091017300_14062023000151', '0091017300_14062023000029', '0091017300_14062023000029', '0091017300_14062023000136', '0091017300_14062023000029']
Stack 3 with items: ['0091017300_14062023000083', '0091017300_14062023000029', '0091017300_14062023000082', '0091017300_14062023000029']
Stack 4 with items: ['0091017300_14062023000082', '0091017300_14062023000059', '0091017300_14062023000082']
Stack 5 with items: ['0091017300_14062023000051', '0091017300_14062023000051']
Stack 6 with items: ['0091017300_14062023000107', '0091017300_14062023000107']
Stack 7 with items: ['0091017300_14062023000051', '0091017300_14062023000051']
Stack 8 with items: ['0091017300_14062023000051', '0091017300_14062023000051']
Stack 9 with items: ['0091017300_14062023000152', '0091017300_14062023000107']
Stack 10 with items: ['0091017300_14062023000051', '0091017300_14062023000051']
Stack 11 with items: ['0091017300_14062023000107', '0091017300_14062023000107']
Stack 12 with items: ['0091017300_14062023000134', '0091017300_14062023000134']
Stack 13 with items: ['0091017300_14062023000134', '0091017300_14062023000116']
Stack 14 with items: ['0091017300_14062023000080', '0091017300_14062023000080']
Stack 15 with items: ['0091017300_14062023000107']
Heuristic packed all stacks

----------------------------------------------------------------------------------------------------
2D Packing Heuristic in Truck P185654305
Min2DVol: 24.07223999999999 [m2]
Stack 0 with items: ['0091017300_14062023000113', '0091017300_14062023000090', '0091017300_14062023000004']
Stack 1 with items: ['0091017300_14062023000024', '0091017300_14062023000006', '0091017300_14062023000024', '0091017300_14062023000076', '0091017300_14062023000076']
Stack 2 with items: ['0091017300_14062023000030', '0091017300_14062023000046']
Stack 3 with items: ['0091017300_14062023000030', '0091017300_14062023000006']
Stack 4 with items: ['0091017300_14062023000175', '0091017300_14062023000175']
Stack 5 with items: ['0091017300_14062023000132', '0091017300_14062023000098']
Stack 6 with items: ['0091017300_14062023000087', '0091017300_14062023000087']
Stack 7 with items: ['0091017300_14062023000087', '0091017300_14062023000087']
Stack 8 with items: ['0091017300_14062023000087', '0091017300_14062023000087']
Stack 9 with items: ['0091017300_14062023000075', '0091017300_14062023000075']
Stack 10 with items: ['0091017300_14062023000075', '0091017300_14062023000075']
Stack 11 with items: ['0091017300_14062023000075', '0091017300_14062023000075']
Stack 12 with items: ['0091017300_14062023000075', '0091017300_14062023000054']
Stack 13 with items: ['0091017300_14062023000054', '0091017300_14062023000054']
Stack 14 with items: ['0091017300_14062023000054', '0091017300_14062023000054']
Stack 15 with items: ['0091017300_14062023000037', '0091017300_14062023000037']
Stack 16 with items: ['0091017300_14062023000037', '0091017300_14062023000037']
Stack 17 with items: ['0091017300_14062023000037', '0091017300_14062023000037']
Stack 18 with items: ['0091017300_14062023000034', '0091017300_14062023000034']
Stack 19 with items: ['0091017300_14062023000034']
Heuristic packed all stacks

----------------------------------------------------------------------------------------------------
2D Packing Heuristic in Truck P208654305
Min2DVol: 21.690299999999993 [m2]
Stack 0 with items: ['0091017300_14062023000001', '0091017300_14062023000001', '0091017300_14062023000001', '0091017300_14062023000094']
Stack 1 with items: ['0091017300_14062023000166', '0091017300_14062023000021', '0091017300_14062023000105', '0091017300_14062023000021']
Stack 2 with items: ['0091017300_14062023000131', '0091017300_14062023000105', '0091017300_14062023000068']
Stack 3 with items: ['0091017300_14062023000131', '0091017300_14062023000148', '0091017300_14062023000148']
Stack 4 with items: ['0091017300_14062023000069', '0091017300_14062023000021', '0091017300_14062023000148']
Stack 5 with items: ['0091017300_14062023000142', '0091017300_14062023000142']
Stack 6 with items: ['0091017300_14062023000142', '0091017300_14062023000142']
Stack 7 with items: ['0091017300_14062023000093', '0091017300_14062023000093']
Stack 8 with items: ['0091017300_14062023000093', '0091017300_14062023000093']
Stack 9 with items: ['0091017300_14062023000093', '0091017300_14062023000093']
Stack 10 with items: ['0091017300_14062023000084', '0091017300_14062023000084']
Stack 11 with items: ['0091017300_14062023000084', '0091017300_14062023000084']
Stack 12 with items: ['0091017300_14062023000084', '0091017300_14062023000084']
Stack 13 with items: ['0091017300_14062023000084', '0091017300_14062023000084']
Stack 14 with items: ['0091017300_14062023000070', '0091017300_14062023000070']
Stack 15 with items: ['0091017300_14062023000070', '0091017300_14062023000070']
Stack 16 with items: ['0091017300_14062023000038', '0091017300_14062023000038']
Stack 17 with items: ['0091017300_14062023000025', '0091017300_14062023000025']
Heuristic packed all stacks

----------------------------------------------------------------------------------------------------
2D Packing Heuristic in Truck P192654305
Min2DVol: 27.708360000000003 [m2]
Stack 0 with items: ['0091017300_14062023000194', '0091017300_14062023000194']
Stack 1 with items: ['0091017300_14062023000194', '0091017300_14062023000176']
Stack 2 with items: ['0091017300_14062023000170', '0091017300_14062023000170']
Stack 3 with items: ['0091017300_14062023000170', '0091017300_14062023000170']
Stack 4 with items: ['0091017300_14062023000170', '0091017300_14062023000170']
Stack 5 with items: ['0091017300_14062023000160', '0091017300_14062023000154']
Stack 6 with items: ['0091017300_14062023000153', '0091017300_14062023000153']
Stack 7 with items: ['0091017300_14062023000153', '0091017300_14062023000145']
Stack 8 with items: ['0091017300_14062023000139', '0091017300_14062023000115']
Stack 9 with items: ['0091017300_14062023000115', '0091017300_14062023000115']
Stack 10 with items: ['0091017300_14062023000115', '0091017300_14062023000071']
Stack 11 with items: ['0091017300_14062023000060', '0091017300_14062023000032']
Stack 12 with items: ['0091017300_14062023000032', '0091017300_14062023000032']
Stack 13 with items: ['0091017300_14062023000032', '0091017300_14062023000032']
Stack 14 with items: ['0091017300_14062023000010', '0091017300_14062023000003']
Stack 15 with items: ['0091017300_14062023000003', '0091017300_14062023000003']
Stack 16 with items: ['0091017300_14062023000002']
Stack 17 with items: ['0091017300_14062023000078', '0091017300_14062023000078']
Stack 18 with items: ['0091017300_14062023000174', '0091017300_14062023000086', '0091017300_14062023000162', '0091017300_14062023000086']
Stack 19 with items: ['0091017300_14062023000129', '0091017300_14062023000129', '0091017300_14062023000162']
Stack 20 with items: ['0091017300_14062023000158', '0091017300_14062023000110']
Stack 21 with items: ['0091017300_14062023000044', '0091017300_14062023000044', '0091017300_14062023000129', '0091017300_14062023000158']
Stack 22 with items: ['0091017300_14062023000089', '0091017300_14062023000089', '0091017300_14062023000089']
Heuristic packed all stacks

----------------------------------------------------------------------------------------------------
2D Packing Heuristic in Truck P199654305
Min2DVol: 26.49029999999999 [m2]
Stack 0 with items: ['0091017300_14062023000191', '0091017300_14062023000186', '0091017300_14062023000186', '0091017300_14062023000005', '0091017300_14062023000191']
Stack 1 with items: ['0091017300_14062023000172', '0091017300_14062023000127', '0091017300_14062023000133', '0091017300_14062023000005']
Stack 2 with items: ['0091017300_14062023000125', '0091017300_14062023000095', '0091017300_14062023000125']
Stack 3 with items: ['0091017300_14062023000095', '0091017300_14062023000077']
Stack 4 with items: ['0091017300_14062023000057', '0091017300_14062023000007', '0091017300_14062023000057']
Stack 5 with items: ['0091017300_14062023000099', '0091017300_14062023000159']
Stack 6 with items: ['0091017300_14062023000017', '0091017300_14062023000017']
Stack 7 with items: ['0091017300_14062023000017', '0091017300_14062023000017']
Stack 8 with items: ['0091017300_14062023000017', '0091017300_14062023000017']
Stack 9 with items: ['0091017300_14062023000099', '0091017300_14062023000099']
Stack 10 with items: ['0091017300_14062023000165', '0091017300_14062023000099']
Stack 11 with items: ['0091017300_14062023000045', '0091017300_14062023000045']
Stack 12 with items: ['0091017300_14062023000159', '0091017300_14062023000159']
Stack 13 with items: ['0091017300_14062023000045', '0091017300_14062023000017']
Stack 14 with items: ['0091017300_14062023000017', '0091017300_14062023000017']
Stack 15 with items: ['0091017300_14062023000017', '0091017300_14062023000017']
Stack 16 with items: ['0091017300_14062023000165', '0091017300_14062023000111']
Stack 17 with items: ['0091017300_14062023000165', '0091017300_14062023000165']
Stack 18 with items: ['0091017300_14062023000111', '0091017300_14062023000099']
Stack 19 with items: ['0091017300_14062023000017', '0091017300_14062023000017']
Stack 20 with items: ['0091017300_14062023000099', '0091017300_14062023000017']
Stack 21 with items: ['0091017300_14062023000111', '0091017300_14062023000159']
Heuristic packed all stacks

----------------------------------------------------------------------------------------------------
2D Packing Heuristic in Truck P187654305
Min2DVol: 28.926419999999986 [m2]
Stack 0 with items: ['0091017300_14062023000118', '0091017300_14062023000079', '0091017300_14062023000118', '0091017300_14062023000118', '0091017300_14062023000118']
Stack 1 with items: ['0091017300_14062023000088', '0091017300_14062023000067', '0091017300_14062023000067', '0091017300_14062023000079', '0091017300_14062023000067']
Stack 2 with items: ['0091017300_14062023000156', '0091017300_14062023000156']
Stack 3 with items: ['0091017300_14062023000026', '0091017300_14062023000026', '0091017300_14062023000026']
Stack 4 with items: ['0091017300_14062023000079', '0091017300_14062023000026', '0091017300_14062023000079']
Stack 5 with items: ['0091017300_14062023000112', '0091017300_14062023000112']
Stack 6 with items: ['0091017300_14062023000049', '0091017300_14062023000049', '0091017300_14062023000067']
Stack 7 with items: ['0091017300_14062023000173', '0091017300_14062023000173']
Stack 8 with items: ['0091017300_14062023000173', '0091017300_14062023000173']
Stack 9 with items: ['0091017300_14062023000137', '0091017300_14062023000121']
Stack 10 with items: ['0091017300_14062023000121', '0091017300_14062023000121']
Stack 11 with items: ['0091017300_14062023000096', '0091017300_14062023000096']
Stack 12 with items: ['0091017300_14062023000074', '0091017300_14062023000074']
Stack 13 with items: ['0091017300_14062023000074', '0091017300_14062023000074']
Stack 14 with items: ['0091017300_14062023000074', '0091017300_14062023000074']
Stack 15 with items: ['0091017300_14062023000074', '0091017300_14062023000074']
Stack 16 with items: ['0091017300_14062023000074', '0091017300_14062023000074']
Stack 17 with items: ['0091017300_14062023000074', '0091017300_14062023000074']
Stack 18 with items: ['0091017300_14062023000060', '0091017300_14062023000056']
Stack 19 with items: ['0091017300_14062023000056', '0091017300_14062023000056']
Stack 20 with items: ['0091017300_14062023000056', '0091017300_14062023000056']
Stack 21 with items: ['0091017300_14062023000056', '0091017300_14062023000056']
Stack 22 with items: ['0091017300_14062023000056', '0091017300_14062023000056']
Stack 23 with items: ['0091017300_14062023000037']
Heuristic packed all stacks

----------------------------------------------------------------------------------------------------
2D Packing Heuristic in Truck P178654305
Min2DVol: 27.70835999999999 [m2]
Stack 0 with items: ['0091017300_14062023000050', '0091017300_14062023000035', '0091017300_14062023000050', '0091017300_14062023000050', '0091017300_14062023000050']
Stack 1 with items: ['0091017300_14062023000014', '0091017300_14062023000014', '0091017300_14062023000072']
Stack 2 with items: ['0091017300_14062023000092', '0091017300_14062023000092', '0091017300_14062023000092']
Stack 3 with items: ['0091017300_14062023000072', '0091017300_14062023000138', '0091017300_14062023000138', '0091017300_14062023000138', '0091017300_14062023000144']
Stack 4 with items: ['0091017300_14062023000138', '0091017300_14062023000138', '0091017300_14062023000138', '0091017300_14062023000144', '0091017300_14062023000144']
Stack 5 with items: ['0091017300_14062023000039', '0091017300_14062023000050', '0091017300_14062023000050', '0091017300_14062023000072']
Stack 6 with items: ['0091017300_14062023000178', '0091017300_14062023000178']
Stack 7 with items: ['0091017300_14062023000178', '0091017300_14062023000178']
Stack 8 with items: ['0091017300_14062023000061', '0091017300_14062023000061']
Stack 9 with items: ['0091017300_14062023000061', '0091017300_14062023000061']
Stack 10 with items: ['0091017300_14062023000061', '0091017300_14062023000061']
Stack 11 with items: ['0091017300_14062023000023', '0091017300_14062023000023']
Stack 12 with items: ['0091017300_14062023000023', '0091017300_14062023000023']
Stack 13 with items: ['0091017300_14062023000023', '0091017300_14062023000023']
Stack 14 with items: ['0091017300_14062023000023', '0091017300_14062023000023']
Stack 15 with items: ['0091017300_14062023000023', '0091017300_14062023000023']
Stack 16 with items: ['0091017300_14062023000023', '0091017300_14062023000023']
Stack 17 with items: ['0091017300_14062023000023', '0091017300_14062023000023']
Stack 18 with items: ['0091017300_14062023000023', '0091017300_14062023000023']
Stack 19 with items: ['0091017300_14062023000023', '0091017300_14062023000023']
Stack 20 with items: ['0091017300_14062023000023', '0091017300_14062023000023']
Stack 21 with items: ['0091017300_14062023000023', '0091017300_14062023000023']
Stack 22 with items: ['0091017300_14062023000018', '0091017300_14062023000018']
Heuristic packed all stacks

----------------------------------------------------------------------------------------------------
2D Packing Heuristic in Truck P194654305
Min2DVol: 28.944479999999988 [m2]
Stack 0 with items: ['0091017300_14062023000198', '0091017300_14062023000147', '0091017300_14062023000147', '0091017300_14062023000147', '0091017300_14062023000198']
Stack 1 with items: ['0091017300_14062023000135', '0091017300_14062023000122', '0091017300_14062023000135']
Stack 2 with items: ['0091017300_14062023000122', '0091017300_14062023000122', '0091017300_14062023000122']
Stack 3 with items: ['0091017300_14062023000122', '0091017300_14062023000119', '0091017300_14062023000117']
Stack 4 with items: ['0091017300_14062023000119', '0091017300_14062023000097', '0091017300_14062023000117', '0091017300_14062023000085']
Stack 5 with items: ['0091017300_14062023000109', '0091017300_14062023000085', '0091017300_14062023000097', '0091017300_14062023000085']
Stack 6 with items: ['0091017300_14062023000066', '0091017300_14062023000066', '0091017300_14062023000066']
Stack 7 with items: ['0091017300_14062023000066', '0091017300_14062023000066']
Stack 8 with items: ['0091017300_14062023000126', '0091017300_14062023000126']
Stack 9 with items: ['0091017300_14062023000145', '0091017300_14062023000145']
Stack 10 with items: ['0091017300_14062023000145', '0091017300_14062023000145']
Stack 11 with items: ['0091017300_14062023000184', '0091017300_14062023000184']
Stack 12 with items: ['0091017300_14062023000194', '0091017300_14062023000194']
Stack 13 with items: ['0091017300_14062023000126', '0091017300_14062023000126']
Stack 14 with items: ['0091017300_14062023000126', '0091017300_14062023000126']
Stack 15 with items: ['0091017300_14062023000145', '0091017300_14062023000145']
Stack 16 with items: ['0091017300_14062023000145', '0091017300_14062023000145']
Stack 17 with items: ['0091017300_14062023000145', '0091017300_14062023000145']
Stack 18 with items: ['0091017300_14062023000145', '0091017300_14062023000145']
Stack 19 with items: ['0091017300_14062023000126', '0091017300_14062023000126']
Stack 20 with items: ['0091017300_14062023000184', '0091017300_14062023000184']
Stack 21 with items: ['0091017300_14062023000071', '0091017300_14062023000071']
Stack 22 with items: ['0091017300_14062023000126', '0091017300_14062023000126']
Stack 23 with items: ['0091017300_14062023000071', '0091017300_14062023000071']
Heuristic packed all stacks

----------------------------------------------------------------------------------------------------
2D Packing Heuristic in Truck P201654305
Min2DVol: 31.398659999999985 [m2]
Stack 0 with items: ['0091017300_14062023000177', '0091017300_14062023000177', '0091017300_14062023000177']
Stack 1 with items: ['0091017300_14062023000177', '0091017300_14062023000177', '0091017300_14062023000177']
Stack 2 with items: ['0091017300_14062023000157', '0091017300_14062023000123', '0091017300_14062023000123', '0091017300_14062023000157']
Stack 3 with items: ['0091017300_14062023000123', '0091017300_14062023000055', '0091017300_14062023000064', '0091017300_14062023000064', '0091017300_14062023000055']
Stack 4 with items: ['0091017300_14062023000055', '0091017300_14062023000043', '0091017300_14062023000019', '0091017300_14062023000055']
Stack 5 with items: ['0091017300_14062023000043', '0091017300_14062023000031', '0091017300_14062023000013']
Stack 6 with items: ['0091017300_14062023000031', '0091017300_14062023000013', '0091017300_14062023000031']
Stack 7 with items: ['0091017300_14062023000019', '0091017300_14062023000019', '0091017300_14062023000019']
Stack 8 with items: ['0091017300_14062023000019', '0091017300_14062023000013', '0091017300_14062023000013', '0091017300_14062023000019']
Stack 9 with items: ['0091017300_14062023000008', '0091017300_14062023000008', '0091017300_14062023000008']
Stack 10 with items: ['0091017300_14062023000007']
Stack 11 with items: ['0091017300_14062023000189', '0091017300_14062023000189']
Stack 12 with items: ['0091017300_14062023000189', '0091017300_14062023000189']
Stack 13 with items: ['0091017300_14062023000179', '0091017300_14062023000179']
Stack 14 with items: ['0091017300_14062023000179', '0091017300_14062023000179']
Stack 15 with items: ['0091017300_14062023000179', '0091017300_14062023000159']
Stack 16 with items: ['0091017300_14062023000159', '0091017300_14062023000159']
Stack 17 with items: ['0091017300_14062023000159', '0091017300_14062023000159']
Stack 18 with items: ['0091017300_14062023000159', '0091017300_14062023000159']
Stack 19 with items: ['0091017300_14062023000143', '0091017300_14062023000130']
Stack 20 with items: ['0091017300_14062023000124', '0091017300_14062023000124']
Stack 21 with items: ['0091017300_14062023000124', '0091017300_14062023000058']
Stack 22 with items: ['0091017300_14062023000058', '0091017300_14062023000058']
Stack 23 with items: ['0091017300_14062023000028', '0091017300_14062023000020']
Stack 24 with items: ['0091017300_14062023000020', '0091017300_14062023000017']
Stack 25 with items: ['0091017300_14062023000015', '0091017300_14062023000015']
Heuristic packed all stacks

----------------------------------------------------------------------------------------------------
2D Packing Heuristic in Truck P236654305
Min2DVol: 20.481270000000002 [m2]
Stack 0 with items: ['0091017300_14062023000188', '0091017300_14062023000185', '0091017300_14062023000188', '0091017300_14062023000188', '0091017300_14062023000188', '0091017300_14062023000188']
Stack 1 with items: ['0091017300_14062023000185', '0091017300_14062023000146', '0091017300_14062023000185']
Stack 2 with items: ['0091017300_14062023000169', '0091017300_14062023000052', '0091017300_14062023000169']
Stack 3 with items: ['0091017300_14062023000146', '0091017300_14062023000102', '0091017300_14062023000102']
Stack 4 with items: ['0091017300_14062023000102', '0091017300_14062023000102', '0091017300_14062023000102']
Stack 5 with items: ['0091017300_14062023000062', '0091017300_14062023000062', '0091017300_14062023000062']
Stack 6 with items: ['0091017300_14062023000062', '0091017300_14062023000052', '0091017300_14062023000052', '0091017300_14062023000052', '0091017300_14062023000062']
Stack 7 with items: ['0091017300_14062023000052', '0091017300_14062023000048', '0091017300_14062023000048']
Stack 8 with items: ['0091017300_14062023000009']
Stack 9 with items: ['0091017300_14062023000193', '0091017300_14062023000193']
Stack 10 with items: ['0091017300_14062023000193', '0091017300_14062023000193']
Stack 11 with items: ['0091017300_14062023000193', '0091017300_14062023000193']
Stack 12 with items: ['0091017300_14062023000193', '0091017300_14062023000193']
Stack 13 with items: ['0091017300_14062023000193', '0091017300_14062023000187']
Stack 14 with items: ['0091017300_14062023000187', '0091017300_14062023000187']
Stack 15 with items: ['0091017300_14062023000187', '0091017300_14062023000187']
Stack 16 with items: ['0091017300_14062023000187', '0091017300_14062023000187']
Stack 17 with items: ['0091017300_14062023000187', '0091017300_14062023000182']
Stack 18 with items: ['0091017300_14062023000182', '0091017300_14062023000182']
Stack 19 with items: ['0091017300_14062023000182', '0091017300_14062023000182']
Stack 20 with items: ['0091017300_14062023000182', '0091017300_14062023000182']
Stack 21 with items: ['0091017300_14062023000182', '0091017300_14062023000182']
Stack 22 with items: ['0091017300_14062023000182', '0091017300_14062023000168']
Stack 23 with items: ['0091017300_14062023000168', '0091017300_14062023000168']
Stack 24 with items: ['0091017300_14062023000150', '0091017300_14062023000150']
Stack 25 with items: ['0091017300_14062023000141', '0091017300_14062023000141']
Stack 26 with items: ['0091017300_14062023000141', '0091017300_14062023000141']
Stack 27 with items: ['0091017300_14062023000141', '0091017300_14062023000141']
Stack 28 with items: ['0091017300_14062023000141', '0091017300_14062023000114']
Stack 29 with items: ['0091017300_14062023000114', '0091017300_14062023000101']
Stack 30 with items: ['0091017300_14062023000101', '0091017300_14062023000042']
Stack 31 with items: ['0091017300_14062023000027', '0091017300_14062023000027']
Stack 32 with items: ['0091017300_14062023000022', '0091017300_14062023000022']
Stack 33 with items: ['0091017300_14062023000022', '0091017300_14062023000012']
Stacks not packed:
Stack 9 missing: ['0091017300_14062023000193', '0091017300_14062023000193']
Stack 10 missing: ['0091017300_14062023000193', '0091017300_14062023000193']
Stack 11 missing: ['0091017300_14062023000193', '0091017300_14062023000193']
Stack 12 missing: ['0091017300_14062023000193', '0091017300_14062023000193']
Stack 22 missing: ['0091017300_14062023000182', '0091017300_14062023000168']
Stack 23 missing: ['0091017300_14062023000168', '0091017300_14062023000168']
Stack 24 missing: ['0091017300_14062023000150', '0091017300_14062023000150']
Stack 30 missing: ['0091017300_14062023000101', '0091017300_14062023000042']
Stack 32 missing: ['0091017300_14062023000022', '0091017300_14062023000022']
Stack 33 missing: ['0091017300_14062023000022', '0091017300_14062023000012']
----------------------------------------------------------------------------------------------------
3D Packing Heuristic in Truck P236654305
Item 0091017300_14062023000193 with: 8
Item 0091017300_14062023000182 with: 1
Item 0091017300_14062023000168 with: 3
Item 0091017300_14062023000150 with: 2
Item 0091017300_14062023000101 with: 1
Item 0091017300_14062023000042 with: 1
Item 0091017300_14062023000022 with: 3
Item 0091017300_14062023000012 with: 1
Heuristic packed all items
****************************************************************************************************
****************************************************************************************************
****************************************************************************************************
Final Solution
Objective;119026.0
Transportation cost;106500.0
Inventory cost;12526.0
Runtime;8.58
****************************************************************************************************
****************************************************************************************************
****************************************************************************************************
####################################################################################################
Export solution
End ROADEF
####################################################################################################
####################################################################################################
####################################################################################################
####################################################################################################
####################################################################################################
####################################################################################################
####################################################################################################

real	0m9.052s
user	0m39.020s
sys	0m1.872s
finished at Thu Oct 12 10:17:02 CEST 2023
