cpu-bind=MASK - cn-0172, task  0  0 [3766368]: mask |--------------------||||--------BBBBBBBB----|  set
Python 3.10.6
Gurobi Optimizer version 10.0.0 build v10.0.0rc2 (linux64)
Copyright (c) 2022, Gurobi Optimization, LLC
started at Thu Oct 12 10:31:11 CEST 2023
####################################################################################################
####################################################################################################
Start ROADEF
Set parameter TokenServer to value "license3.uni-paderborn.de"
####################################################################################################
####################################################################################################
Time for optimization 3600.0 (s)
####################################################################################################
Data read
Took 	00:00:00.030
####################################################################################################
Presolve
Anzahl Trucks in OPtimierungsproblem:  20
Itemgruppen in AP werden eher enger gemacht:  True
Start Reduction
Orinigial Anzahl:  198 657
Reduzierte Anzahl:  58 657
####################################################################################################
Load Assignment 1 solution
Set parameter MIPFocus to value 1
Set parameter TimeLimit to value 323.91
Set parameter Threads to value 8
Set parameter MIPGap to value 0.005
Gurobi Optimizer version 10.0.0 build v10.0.0rc2 (linux64)

CPU model: Intel(R) Xeon(R) Gold 6148 CPU @ 2.40GHz, instruction set [SSE2|AVX|AVX2|AVX512]
Thread count: 40 physical cores, 40 logical processors, using up to 8 threads

Optimize a model with 279 rows, 350 columns and 1004 nonzeros
Model fingerprint: 0xe26567d3
Variable types: 40 continuous, 310 integer (20 binary)
Coefficient statistics:
  Matrix range     [1e-01, 2e+04]
  Objective range  [2e+01, 4e+03]
  Bounds range     [1e+00, 3e+01]
  RHS range        [1e+00, 3e+01]
Presolve removed 195 rows and 210 columns
Presolve time: 0.01s
Presolved: 84 rows, 140 columns, 418 nonzeros
Variable types: 0 continuous, 140 integer (60 binary)
Found heuristic solution: objective 63151.000000

Root relaxation: objective 2.635174e+04, 55 iterations, 0.00 seconds (0.00 work units)

    Nodes    |    Current Node    |     Objective Bounds      |     Work
 Expl Unexpl |  Obj  Depth IntInf | Incumbent    BestBd   Gap | It/Node Time

     0     0 26351.7410    0   25 63151.0000 26351.7410  58.3%     -    0s
H    0     0                    33365.000000 26351.7410  21.0%     -    0s
H    0     0                    32931.000000 30239.2754  8.17%     -    0s
     0     0 30325.2324    0   42 32931.0000 30325.2324  7.91%     -    0s
H    0     0                    32454.000000 30480.0258  6.08%     -    0s
H    0     0                    32287.000000 30480.0258  5.60%     -    0s
H    0     0                    31915.000000 30480.0258  4.50%     -    0s
     0     0 30502.3392    0   28 31915.0000 30502.3392  4.43%     -    0s
     0     0 30517.9505    0   30 31915.0000 30517.9505  4.38%     -    0s
     0     0 30631.0086    0   36 31915.0000 30631.0086  4.02%     -    0s
H    0     0                    31237.000000 30647.7502  1.89%     -    0s
     0     0 30647.7502    0   37 31237.0000 30647.7502  1.89%     -    0s
     0     0 30739.5439    0   35 31237.0000 30739.5439  1.59%     -    0s
     0     0 30740.1830    0   34 31237.0000 30740.1830  1.59%     -    0s
     0     0 30810.1506    0   33 31237.0000 30810.1506  1.37%     -    0s
     0     0 30874.7808    0   34 31237.0000 30874.7808  1.16%     -    0s
     0     0 30874.7808    0   36 31237.0000 30874.7808  1.16%     -    0s
H    0     0                    31207.000000 31045.5963  0.52%     -    0s
     0     0 31045.5963    0   39 31207.0000 31045.5963  0.52%     -    0s
     0     0 31047.4322    0   38 31207.0000 31047.4322  0.51%     -    0s
     0     0 31064.3097    0   36 31207.0000 31064.3097  0.46%     -    0s

Cutting planes:
  Learned: 1
  Gomory: 4
  Cover: 4
  Implied bound: 7
  Clique: 4
  MIR: 15
  StrongCG: 9
  Flow cover: 3

Explored 1 nodes (204 simplex iterations) in 0.04 seconds (0.01 work units)
Thread count was 8 (of 40 available processors)

Solution count 8: 31207 31237 31915 ... 63151

Optimal solution found (tolerance 5.00e-03)
Best objective 3.120700000000e+04, best bound 3.106500000000e+04, gap 0.4550%

User-callback calls 835, time in user-callback 0.00 sec
Objective AP1: 31207.0, MIP-Gap: 0.46%
AP0 requires 15 trucks and 2 pseudo trucks.
####################################################################################################
####################################################################################################
Assignment 1
Set parameter TimeLimit to value 6.4771664264302706e+02
Set parameter Threads to value 8
Set parameter MIPGap to value 1e-16
Gurobi Optimizer version 10.0.0 build v10.0.0rc2 (linux64)

CPU model: Intel(R) Xeon(R) Gold 6148 CPU @ 2.40GHz, instruction set [SSE2|AVX|AVX2|AVX512]
Thread count: 40 physical cores, 40 logical processors, using up to 8 threads

Optimize a model with 743 rows, 2307 columns and 13631 nonzeros
Model fingerprint: 0x384c7579
Variable types: 40 continuous, 2267 integer (1780 binary)
Coefficient statistics:
  Matrix range     [5e-01, 2e+04]
  Objective range  [2e+01, 2e+03]
  Bounds range     [1e+00, 3e+01]
  RHS range        [1e+00, 6e+01]
Presolve removed 720 rows and 2183 columns
Presolve time: 0.01s
Presolved: 23 rows, 124 columns, 316 nonzeros
Variable types: 0 continuous, 124 integer (104 binary)

Root relaxation: objective 3.077800e+04, 10 iterations, 0.00 seconds (0.00 work units)

    Nodes    |    Current Node    |     Objective Bounds      |     Work
 Expl Unexpl |  Obj  Depth IntInf | Incumbent    BestBd   Gap | It/Node Time

     0     0 30778.0000    0    3          - 30778.0000      -     -    0s
H    0     0                    30778.000000 30778.0000  0.00%     -    0s

Explored 1 nodes (10 simplex iterations) in 0.01 seconds (0.01 work units)
Thread count was 8 (of 40 available processors)

Solution count 1: 30778 

Optimal solution found (tolerance 1.00e-16)
Best objective 3.077800000000e+04, best bound 3.077800000000e+04, gap 0.0000%
####################################################################################################
Hier wird die fixierte Version nochmal relaxiert um bessere Lösungen zu erhalten
Set parameter TimeLimit to value 6.4761101821407681e+02
Set parameter MIPFocus to value 1
Gurobi Optimizer version 10.0.0 build v10.0.0rc2 (linux64)

CPU model: Intel(R) Xeon(R) Gold 6148 CPU @ 2.40GHz, instruction set [SSE2|AVX|AVX2|AVX512]
Thread count: 40 physical cores, 40 logical processors, using up to 8 threads

Optimize a model with 574 rows, 2307 columns and 12963 nonzeros
Model fingerprint: 0x1bc57edd
Variable types: 40 continuous, 2267 integer (1780 binary)
Coefficient statistics:
  Matrix range     [5e-01, 2e+04]
  Objective range  [2e+01, 2e+03]
  Bounds range     [1e+00, 3e+01]
  RHS range        [1e+00, 3e+01]

MIP start from previous solve produced solution with objective 30778 (0.00s)
Loaded MIP start from previous solve with objective 30778

Presolve removed 329 rows and 601 columns
Presolve time: 0.03s
Presolved: 245 rows, 1706 columns, 5997 nonzeros
Found heuristic solution: objective 30211.000000
Variable types: 0 continuous, 1706 integer (1460 binary)

Root relaxation: objective 2.288035e+04, 89 iterations, 0.00 seconds (0.00 work units)

    Nodes    |    Current Node    |     Objective Bounds      |     Work
 Expl Unexpl |  Obj  Depth IntInf | Incumbent    BestBd   Gap | It/Node Time

     0     0 22880.3550    0   44 30211.0000 22880.3550  24.3%     -    0s
     0     0 22880.3550    0   42 30211.0000 22880.3550  24.3%     -    0s
H    0     0                    30195.000000 22880.3550  24.2%     -    0s
H    0     0                    30176.000000 26623.2282  11.8%     -    0s
     0     0 26623.2282    0   56 30176.0000 26623.2282  11.8%     -    0s
H    0     0                    29905.000000 26623.2282  11.0%     -    0s
     0     0 28177.0359    0   83 29905.0000 28177.0359  5.78%     -    0s
     0     0 28451.0825    0   76 29905.0000 28451.0825  4.86%     -    0s
     0     0 28451.0825    0   70 29905.0000 28451.0825  4.86%     -    0s
     0     0 28451.0825    0   72 29905.0000 28451.0825  4.86%     -    0s
     0     0 28657.1487    0  115 29905.0000 28657.1487  4.17%     -    0s
     0     0 28657.1487    0  115 29905.0000 28657.1487  4.17%     -    0s
H    0     0                    29739.000000 28716.3669  3.44%     -    0s
     0     0 28716.3669    0  109 29739.0000 28716.3669  3.44%     -    0s
     0     0 28717.5676    0  114 29739.0000 28717.5676  3.43%     -    0s
     0     0 28717.7017    0  114 29739.0000 28717.7017  3.43%     -    0s
     0     0 28798.0415    0   89 29739.0000 28798.0415  3.16%     -    0s
H    0     0                    29631.000000 28798.0415  2.81%     -    0s
     0     0 28829.7671    0   99 29631.0000 28829.7671  2.70%     -    0s
     0     0 28843.4825    0  108 29631.0000 28843.4825  2.66%     -    0s
     0     0 28889.6837    0  112 29631.0000 28889.6837  2.50%     -    0s
     0     0 28901.4058    0  112 29631.0000 28901.4058  2.46%     -    0s
H    0     0                    29351.000000 29052.6733  1.02%     -    0s
     0     0 29062.7513    0  115 29351.0000 29062.7513  0.98%     -    0s
     0     0 29062.7513    0   35 29351.0000 29062.7513  0.98%     -    0s
H    0     0                    29345.000000 29062.7513  0.96%     -    0s
H    0     0                    29297.000000 29062.7513  0.80%     -    0s
     0     0 29062.7513    0   44 29297.0000 29062.7513  0.80%     -    0s
H    0     0                    29294.000000 29062.7513  0.79%     -    0s
     0     0 29062.7513    0   62 29294.0000 29062.7513  0.79%     -    0s
     0     0 29062.7513    0   79 29294.0000 29062.7513  0.79%     -    0s
     0     0 29062.7513    0   78 29294.0000 29062.7513  0.79%     -    0s
     0     0 29062.7513    0   78 29294.0000 29062.7513  0.79%     -    0s
     0     0 29062.7513    0   78 29294.0000 29062.7513  0.79%     -    0s
     0     0 29062.7513    0   78 29294.0000 29062.7513  0.79%     -    0s
     0     0 29062.7513    0   78 29294.0000 29062.7513  0.79%     -    0s
     0     0 29062.7513    0   78 29294.0000 29062.7513  0.79%     -    0s
     0     0 29062.7597    0  101 29294.0000 29062.7597  0.79%     -    0s
     0     0 29063.2015    0  101 29294.0000 29063.2015  0.79%     -    0s
     0     0 29063.8726    0  115 29294.0000 29063.8726  0.79%     -    0s
     0     0 29063.9113    0  116 29294.0000 29063.9113  0.79%     -    0s
     0     0 29065.5350    0   95 29294.0000 29065.5350  0.78%     -    0s
     0     0 29065.8392    0   97 29294.0000 29065.8392  0.78%     -    0s
H    0     0                    29266.000000 29065.8392  0.68%     -    0s
H    0     0                    29265.000000 29066.8797  0.68%     -    0s
     0     0 29067.0855    0   91 29265.0000 29067.0855  0.68%     -    0s
     0     0 29067.2078    0  104 29265.0000 29067.2078  0.68%     -    0s
     0     0 29067.3665    0  111 29265.0000 29067.3665  0.68%     -    0s
H    0     0                    29224.000000 29068.0591  0.53%     -    0s
     0     0 29069.8844    0  117 29224.0000 29069.8844  0.53%     -    0s
H    0     0                    29195.000000 29069.8844  0.43%     -    0s
     0     0 29072.4772    0  121 29195.0000 29072.4772  0.42%     -    0s
     0     0 29072.4772    0  124 29195.0000 29072.4772  0.42%     -    0s
H    0     0                    29139.000000 29072.4772  0.23%     -    0s
     0     0 29072.4992    0  116 29139.0000 29072.4992  0.23%     -    0s
H    0     0                    29138.000000 29072.4992  0.22%     -    0s
     0     0 29072.4992    0   42 29138.0000 29072.4992  0.22%     -    0s
     0     0 29072.4992    0   50 29138.0000 29072.4992  0.22%     -    0s
     0     0 29072.4992    0   51 29138.0000 29072.4992  0.22%     -    0s
     0     0 29072.4992    0   64 29138.0000 29072.4992  0.22%     -    0s
     0     0 29072.4992    0   87 29138.0000 29072.4992  0.22%     -    0s
     0     0 29072.4992    0   84 29138.0000 29072.4992  0.22%     -    0s
     0     0 29072.4992    0   94 29138.0000 29072.4992  0.22%     -    0s
H    0     0                    29111.000000 29072.4992  0.13%     -    0s
H    0     0                    29109.000000 29072.4992  0.13%     -    0s
     0     0 29072.4992    0   67 29109.0000 29072.4992  0.13%     -    0s
     0     0 29072.4992    0   75 29109.0000 29072.4992  0.13%     -    0s
     0     0 29072.4992    0   57 29109.0000 29072.4992  0.13%     -    0s
     0     0 29072.4992    0   56 29109.0000 29072.4992  0.13%     -    0s
     0     0 29072.4992    0   57 29109.0000 29072.4992  0.13%     -    0s
     0     0 29072.4992    0   56 29109.0000 29072.4992  0.13%     -    0s
     0     0 29072.4992    0   56 29109.0000 29072.4992  0.13%     -    0s
     0     0 29072.4992    0   56 29109.0000 29072.4992  0.13%     -    0s
     0     0 29072.4992    0   56 29109.0000 29072.4992  0.13%     -    0s
     0     0 29072.4992    0   56 29109.0000 29072.4992  0.13%     -    0s
     0     0 29085.6032    0   57 29109.0000 29085.6032  0.08%     -    0s
     0     0 29103.2177    0   41 29109.0000 29103.2177  0.02%     -    0s
     0     0 29103.2177    0   12 29109.0000 29103.2177  0.02%     -    0s
     0     0 29103.2177    0   14 29109.0000 29103.2177  0.02%     -    0s
     0     0 29103.2177    0   14 29109.0000 29103.2177  0.02%     -    0s
     0     0 29103.2177    0   14 29109.0000 29103.2177  0.02%     -    0s
     0     0 29103.2177    0   14 29109.0000 29103.2177  0.02%     -    0s
     0     0 29103.2177    0   14 29109.0000 29103.2177  0.02%     -    0s
     0     0 29103.2177    0   14 29109.0000 29103.2177  0.02%     -    0s
     0     0 29103.2177    0   14 29109.0000 29103.2177  0.02%     -    0s
     0     0 29103.2177    0   14 29109.0000 29103.2177  0.02%     -    0s
     0     0 29103.2177    0   14 29109.0000 29103.2177  0.02%     -    0s
     0     0 29103.2177    0   14 29109.0000 29103.2177  0.02%     -    0s
     0     0 29103.2177    0   14 29109.0000 29103.2177  0.02%     -    0s
     0     0 29105.3430    0    6 29109.0000 29105.3430  0.01%     -    0s
     0     0 29105.3430    0    6 29109.0000 29105.3430  0.01%     -    0s
     0     0 29105.3430    0    6 29109.0000 29105.3430  0.01%     -    0s

Cutting planes:
  Gomory: 1
  StrongCG: 1
  Relax-and-lift: 1

Explored 1 nodes (2122 simplex iterations) in 0.70 seconds (0.35 work units)
Thread count was 8 (of 40 available processors)

Solution count 10: 29109 29109 29111 ... 29294

Optimal solution found (tolerance 1.00e-16)
Best objective 2.910900000000e+04, best bound 2.910900000000e+04, gap 0.0000%

User-callback calls 800, time in user-callback 0.00 sec
Objective AP1: 29109.0, MIP-Gap: 0.0%
AP1 requires 16 trucks to transport 657 items. 14 trucks and 2 pseudo trucks.
Took 	00:00:00.914
####################################################################################################
####################################################################################################
Simple Packing:  2
dataP.t2DSP:  1
####################################################################################################
####################################################################################################
First packing

----------------------------------------------------------------------------------------------------
3D Packing Heuristic in Truck P198654301
Item 0091017300_14062023000016 with: 2
Item 0091017300_14062023000033 with: 3
Item 0091017300_14062023000047 with: 2
Item 0091017300_14062023000100 with: 2
Item 0091017300_14062023000103 with: 2
Item 0091017300_14062023000149 with: 1
Item 0091017300_14062023000167 with: 1
Heuristic packed all items

----------------------------------------------------------------------------------------------------
3D Packing Heuristic in Truck P191654301
Item 0091017300_14062023000011 with: 2
Item 0091017300_14062023000032 with: 2
Item 0091017300_14062023000041 with: 1
Item 0091017300_14062023000096 with: 2
Item 0091017300_14062023000139 with: 1
Item 0091017300_14062023000140 with: 1
Item 0091017300_14062023000155 with: 2
Item 0091017300_14062023000173 with: 4
Item 0091017300_14062023000176 with: 1
Item 0091017300_14062023000195 with: 1
Heuristic packed all items

----------------------------------------------------------------------------------------------------
3D Packing Heuristic in Truck P205654301
Item 0091017300_14062023000020 with: 2
Item 0091017300_14062023000028 with: 1
Item 0091017300_14062023000058 with: 3
Item 0091017300_14062023000124 with: 3
Item 0091017300_14062023000130 with: 1
Item 0091017300_14062023000143 with: 1
Item 0091017300_14062023000179 with: 5
Item 0091017300_14062023000189 with: 4
Heuristic packed all items

----------------------------------------------------------------------------------------------------
2D Packing Heuristic in Truck P185654305
Min2DVol: 15.654179999999995 [m2]
Stack 0 with items: ['0091017300_14062023000006', '0091017300_14062023000046', '0091017300_14062023000113']
Stack 1 with items: ['0091017300_14062023000076', '0091017300_14062023000030', '0091017300_14062023000076']
Stack 2 with items: ['0091017300_14062023000006', '0091017300_14062023000024', '0091017300_14062023000024', '0091017300_14062023000030', '0091017300_14062023000090']
Stack 3 with items: ['0091017300_14062023000175', '0091017300_14062023000175']
Stack 4 with items: ['0091017300_14062023000132', '0091017300_14062023000098']
Stack 5 with items: ['0091017300_14062023000075', '0091017300_14062023000075']
Stack 6 with items: ['0091017300_14062023000075', '0091017300_14062023000075']
Stack 7 with items: ['0091017300_14062023000075', '0091017300_14062023000075']
Stack 8 with items: ['0091017300_14062023000075', '0091017300_14062023000054']
Stack 9 with items: ['0091017300_14062023000054', '0091017300_14062023000054']
Stack 10 with items: ['0091017300_14062023000054', '0091017300_14062023000054']
Stack 11 with items: ['0091017300_14062023000034', '0091017300_14062023000034']
Stack 12 with items: ['0091017300_14062023000034']
Heuristic packed all stacks

----------------------------------------------------------------------------------------------------
2D Packing Heuristic in Truck P186654301
Min2DVol: 20.39999999999999 [m2]
Stack 0 with items: ['0091017300_14062023000197', '0091017300_14062023000197']
Stack 1 with items: ['0091017300_14062023000197', '0091017300_14062023000197']
Stack 2 with items: ['0091017300_14062023000197', '0091017300_14062023000192']
Stack 3 with items: ['0091017300_14062023000192', '0091017300_14062023000192']
Stack 4 with items: ['0091017300_14062023000192', '0091017300_14062023000192']
Stack 5 with items: ['0091017300_14062023000192', '0091017300_14062023000192']
Stack 6 with items: ['0091017300_14062023000181', '0091017300_14062023000163']
Stack 7 with items: ['0091017300_14062023000137', '0091017300_14062023000137']
Stack 8 with items: ['0091017300_14062023000137', '0091017300_14062023000137']
Stack 9 with items: ['0091017300_14062023000128', '0091017300_14062023000120']
Stack 10 with items: ['0091017300_14062023000120', '0091017300_14062023000120']
Stack 11 with items: ['0091017300_14062023000087', '0091017300_14062023000087']
Stack 12 with items: ['0091017300_14062023000087', '0091017300_14062023000087']
Stack 13 with items: ['0091017300_14062023000087', '0091017300_14062023000087']
Stack 14 with items: ['0091017300_14062023000087', '0091017300_14062023000074']
Stack 15 with items: ['0091017300_14062023000036', '0091017300_14062023000036']
Stack 16 with items: ['0091017300_14062023000036']
Heuristic packed all stacks

----------------------------------------------------------------------------------------------------
2D Packing Heuristic in Truck P208654305
Min2DVol: 21.690299999999993 [m2]
Stack 0 with items: ['0091017300_14062023000001', '0091017300_14062023000001', '0091017300_14062023000001', '0091017300_14062023000094']
Stack 1 with items: ['0091017300_14062023000166', '0091017300_14062023000021', '0091017300_14062023000105', '0091017300_14062023000021']
Stack 2 with items: ['0091017300_14062023000131', '0091017300_14062023000105', '0091017300_14062023000068']
Stack 3 with items: ['0091017300_14062023000131', '0091017300_14062023000148', '0091017300_14062023000148']
Stack 4 with items: ['0091017300_14062023000069', '0091017300_14062023000021', '0091017300_14062023000148']
Stack 5 with items: ['0091017300_14062023000142', '0091017300_14062023000142']
Stack 6 with items: ['0091017300_14062023000142', '0091017300_14062023000142']
Stack 7 with items: ['0091017300_14062023000093', '0091017300_14062023000093']
Stack 8 with items: ['0091017300_14062023000093', '0091017300_14062023000093']
Stack 9 with items: ['0091017300_14062023000093', '0091017300_14062023000093']
Stack 10 with items: ['0091017300_14062023000084', '0091017300_14062023000084']
Stack 11 with items: ['0091017300_14062023000084', '0091017300_14062023000084']
Stack 12 with items: ['0091017300_14062023000084', '0091017300_14062023000084']
Stack 13 with items: ['0091017300_14062023000084', '0091017300_14062023000084']
Stack 14 with items: ['0091017300_14062023000070', '0091017300_14062023000070']
Stack 15 with items: ['0091017300_14062023000070', '0091017300_14062023000070']
Stack 16 with items: ['0091017300_14062023000038', '0091017300_14062023000038']
Stack 17 with items: ['0091017300_14062023000025', '0091017300_14062023000025']
Heuristic packed all stacks

----------------------------------------------------------------------------------------------------
2D Packing Heuristic in Truck P173654305
Min2DVol: 21.690299999999993 [m2]
Stack 0 with items: ['0091017300_14062023000083', '0091017300_14062023000029', '0091017300_14062023000151', '0091017300_14062023000164']
Stack 1 with items: ['0091017300_14062023000183', '0091017300_14062023000082', '0091017300_14062023000059']
Stack 2 with items: ['0091017300_14062023000029', '0091017300_14062023000029', '0091017300_14062023000029', '0091017300_14062023000082', '0091017300_14062023000082']
Stack 3 with items: ['0091017300_14062023000180', '0091017300_14062023000029', '0091017300_14062023000136', '0091017300_14062023000029']
Stack 4 with items: ['0091017300_14062023000164', '0091017300_14062023000151', '0091017300_14062023000164', '0091017300_14062023000164', '0091017300_14062023000164', '0091017300_14062023000164']
Stack 5 with items: ['0091017300_14062023000152', '0091017300_14062023000116']
Stack 6 with items: ['0091017300_14062023000107', '0091017300_14062023000107']
Stack 7 with items: ['0091017300_14062023000107', '0091017300_14062023000107']
Stack 8 with items: ['0091017300_14062023000107', '0091017300_14062023000107']
Stack 9 with items: ['0091017300_14062023000091', '0091017300_14062023000091']
Stack 10 with items: ['0091017300_14062023000091', '0091017300_14062023000091']
Stack 11 with items: ['0091017300_14062023000091', '0091017300_14062023000081']
Stack 12 with items: ['0091017300_14062023000073', '0091017300_14062023000073']
Stack 13 with items: ['0091017300_14062023000073', '0091017300_14062023000051']
Stack 14 with items: ['0091017300_14062023000051', '0091017300_14062023000051']
Stack 15 with items: ['0091017300_14062023000051', '0091017300_14062023000051']
Stack 16 with items: ['0091017300_14062023000051', '0091017300_14062023000051']
Stack 17 with items: ['0091017300_14062023000051']
Heuristic packed all stacks

----------------------------------------------------------------------------------------------------
2D Packing Heuristic in Truck P199654305
Min2DVol: 26.49029999999999 [m2]
Stack 0 with items: ['0091017300_14062023000005', '0091017300_14062023000127', '0091017300_14062023000133', '0091017300_14062023000172']
Stack 1 with items: ['0091017300_14062023000095', '0091017300_14062023000007', '0091017300_14062023000095']
Stack 2 with items: ['0091017300_14062023000125', '0091017300_14062023000077', '0091017300_14062023000005']
Stack 3 with items: ['0091017300_14062023000191', '0091017300_14062023000057', '0091017300_14062023000191']
Stack 4 with items: ['0091017300_14062023000057', '0091017300_14062023000125', '0091017300_14062023000186', '0091017300_14062023000186']
Stack 5 with items: ['0091017300_14062023000196', '0091017300_14062023000196']
Stack 6 with items: ['0091017300_14062023000190', '0091017300_14062023000165']
Stack 7 with items: ['0091017300_14062023000165', '0091017300_14062023000165']
Stack 8 with items: ['0091017300_14062023000165', '0091017300_14062023000161']
Stack 9 with items: ['0091017300_14062023000111', '0091017300_14062023000111']
Stack 10 with items: ['0091017300_14062023000111', '0091017300_14062023000108']
Stack 11 with items: ['0091017300_14062023000106', '0091017300_14062023000106']
Stack 12 with items: ['0091017300_14062023000104', '0091017300_14062023000104']
Stack 13 with items: ['0091017300_14062023000104', '0091017300_14062023000099']
Stack 14 with items: ['0091017300_14062023000099', '0091017300_14062023000099']
Stack 15 with items: ['0091017300_14062023000099', '0091017300_14062023000099']
Stack 16 with items: ['0091017300_14062023000099', '0091017300_14062023000065']
Stack 17 with items: ['0091017300_14062023000063', '0091017300_14062023000053']
Stack 18 with items: ['0091017300_14062023000053', '0091017300_14062023000045']
Stack 19 with items: ['0091017300_14062023000045', '0091017300_14062023000045']
Stack 20 with items: ['0091017300_14062023000040', '0091017300_14062023000040']
Stack 21 with items: ['0091017300_14062023000015']
Heuristic packed all stacks

----------------------------------------------------------------------------------------------------
2D Packing Heuristic in Truck P192654305
Min2DVol: 27.708360000000003 [m2]
Stack 0 with items: ['0091017300_14062023000194', '0091017300_14062023000194']
Stack 1 with items: ['0091017300_14062023000194', '0091017300_14062023000170']
Stack 2 with items: ['0091017300_14062023000170', '0091017300_14062023000170']
Stack 3 with items: ['0091017300_14062023000170', '0091017300_14062023000170']
Stack 4 with items: ['0091017300_14062023000170', '0091017300_14062023000160']
Stack 5 with items: ['0091017300_14062023000154', '0091017300_14062023000153']
Stack 6 with items: ['0091017300_14062023000153', '0091017300_14062023000153']
Stack 7 with items: ['0091017300_14062023000145', '0091017300_14062023000121']
Stack 8 with items: ['0091017300_14062023000121', '0091017300_14062023000121']
Stack 9 with items: ['0091017300_14062023000115', '0091017300_14062023000115']
Stack 10 with items: ['0091017300_14062023000115', '0091017300_14062023000115']
Stack 11 with items: ['0091017300_14062023000071', '0091017300_14062023000060']
Stack 12 with items: ['0091017300_14062023000060', '0091017300_14062023000032']
Stack 13 with items: ['0091017300_14062023000032', '0091017300_14062023000032']
Stack 14 with items: ['0091017300_14062023000010', '0091017300_14062023000003']
Stack 15 with items: ['0091017300_14062023000003', '0091017300_14062023000003']
Stack 16 with items: ['0091017300_14062023000002']
Stack 17 with items: ['0091017300_14062023000078', '0091017300_14062023000078']
Stack 18 with items: ['0091017300_14062023000174', '0091017300_14062023000086', '0091017300_14062023000162', '0091017300_14062023000086']
Stack 19 with items: ['0091017300_14062023000129', '0091017300_14062023000129', '0091017300_14062023000162']
Stack 20 with items: ['0091017300_14062023000158', '0091017300_14062023000110']
Stack 21 with items: ['0091017300_14062023000044', '0091017300_14062023000044', '0091017300_14062023000129', '0091017300_14062023000158']
Stack 22 with items: ['0091017300_14062023000089', '0091017300_14062023000089', '0091017300_14062023000089']
Heuristic packed all stacks

----------------------------------------------------------------------------------------------------
2D Packing Heuristic in Truck P187654305
Min2DVol: 27.726419999999987 [m2]
Stack 0 with items: ['0091017300_14062023000156', '0091017300_14062023000118', '0091017300_14062023000156']
Stack 1 with items: ['0091017300_14062023000118', '0091017300_14062023000112', '0091017300_14062023000112', '0091017300_14062023000118', '0091017300_14062023000118']
Stack 2 with items: ['0091017300_14062023000088', '0091017300_14062023000079', '0091017300_14062023000079']
Stack 3 with items: ['0091017300_14062023000079', '0091017300_14062023000067', '0091017300_14062023000067', '0091017300_14062023000067', '0091017300_14062023000079']
Stack 4 with items: ['0091017300_14062023000067', '0091017300_14062023000049', '0091017300_14062023000049']
Stack 5 with items: ['0091017300_14062023000026', '0091017300_14062023000026', '0091017300_14062023000026']
Stack 6 with items: ['0091017300_14062023000026', '0091017300_14062023000004']
Stack 7 with items: ['0091017300_14062023000074', '0091017300_14062023000037']
Stack 8 with items: ['0091017300_14062023000074', '0091017300_14062023000037']
Stack 9 with items: ['0091017300_14062023000074', '0091017300_14062023000074']
Stack 10 with items: ['0091017300_14062023000056', '0091017300_14062023000056']
Stack 11 with items: ['0091017300_14062023000137', '0091017300_14062023000056']
Stack 12 with items: ['0091017300_14062023000037', '0091017300_14062023000074']
Stack 13 with items: ['0091017300_14062023000056', '0091017300_14062023000056']
Stack 14 with items: ['0091017300_14062023000171', '0091017300_14062023000171']
Stack 15 with items: ['0091017300_14062023000074', '0091017300_14062023000074']
Stack 16 with items: ['0091017300_14062023000037', '0091017300_14062023000056']
Stack 17 with items: ['0091017300_14062023000074', '0091017300_14062023000074']
Stack 18 with items: ['0091017300_14062023000037', '0091017300_14062023000056']
Stack 19 with items: ['0091017300_14062023000074', '0091017300_14062023000074']
Stack 20 with items: ['0091017300_14062023000056', '0091017300_14062023000056']
Stack 21 with items: ['0091017300_14062023000171', '0091017300_14062023000171']
Stack 22 with items: ['0091017300_14062023000037', '0091017300_14062023000037']
Heuristic packed all stacks

----------------------------------------------------------------------------------------------------
2D Packing Heuristic in Truck P194654305
Min2DVol: 28.944479999999988 [m2]
Stack 0 with items: ['0091017300_14062023000198', '0091017300_14062023000147', '0091017300_14062023000147', '0091017300_14062023000147', '0091017300_14062023000198']
Stack 1 with items: ['0091017300_14062023000135', '0091017300_14062023000122', '0091017300_14062023000135']
Stack 2 with items: ['0091017300_14062023000122', '0091017300_14062023000122', '0091017300_14062023000122']
Stack 3 with items: ['0091017300_14062023000122', '0091017300_14062023000119', '0091017300_14062023000117']
Stack 4 with items: ['0091017300_14062023000119', '0091017300_14062023000097', '0091017300_14062023000117', '0091017300_14062023000085']
Stack 5 with items: ['0091017300_14062023000109', '0091017300_14062023000085', '0091017300_14062023000097', '0091017300_14062023000085']
Stack 6 with items: ['0091017300_14062023000066', '0091017300_14062023000066', '0091017300_14062023000066']
Stack 7 with items: ['0091017300_14062023000066', '0091017300_14062023000066']
Stack 8 with items: ['0091017300_14062023000126', '0091017300_14062023000126']
Stack 9 with items: ['0091017300_14062023000145', '0091017300_14062023000145']
Stack 10 with items: ['0091017300_14062023000145', '0091017300_14062023000145']
Stack 11 with items: ['0091017300_14062023000184', '0091017300_14062023000184']
Stack 12 with items: ['0091017300_14062023000194', '0091017300_14062023000194']
Stack 13 with items: ['0091017300_14062023000126', '0091017300_14062023000126']
Stack 14 with items: ['0091017300_14062023000126', '0091017300_14062023000126']
Stack 15 with items: ['0091017300_14062023000145', '0091017300_14062023000145']
Stack 16 with items: ['0091017300_14062023000145', '0091017300_14062023000145']
Stack 17 with items: ['0091017300_14062023000145', '0091017300_14062023000145']
Stack 18 with items: ['0091017300_14062023000145', '0091017300_14062023000145']
Stack 19 with items: ['0091017300_14062023000126', '0091017300_14062023000126']
Stack 20 with items: ['0091017300_14062023000184', '0091017300_14062023000184']
Stack 21 with items: ['0091017300_14062023000071', '0091017300_14062023000071']
Stack 22 with items: ['0091017300_14062023000126', '0091017300_14062023000126']
Stack 23 with items: ['0091017300_14062023000071', '0091017300_14062023000071']
Heuristic packed all stacks

----------------------------------------------------------------------------------------------------
2D Packing Heuristic in Truck P201654305
Min2DVol: 31.398659999999985 [m2]
Stack 0 with items: ['0091017300_14062023000177', '0091017300_14062023000177', '0091017300_14062023000177']
Stack 1 with items: ['0091017300_14062023000177', '0091017300_14062023000177', '0091017300_14062023000177']
Stack 2 with items: ['0091017300_14062023000157', '0091017300_14062023000123', '0091017300_14062023000123', '0091017300_14062023000157']
Stack 3 with items: ['0091017300_14062023000123', '0091017300_14062023000055', '0091017300_14062023000064', '0091017300_14062023000064', '0091017300_14062023000055']
Stack 4 with items: ['0091017300_14062023000055', '0091017300_14062023000043', '0091017300_14062023000019', '0091017300_14062023000055']
Stack 5 with items: ['0091017300_14062023000043', '0091017300_14062023000031', '0091017300_14062023000013']
Stack 6 with items: ['0091017300_14062023000031', '0091017300_14062023000013', '0091017300_14062023000031']
Stack 7 with items: ['0091017300_14062023000019', '0091017300_14062023000019', '0091017300_14062023000019']
Stack 8 with items: ['0091017300_14062023000019', '0091017300_14062023000013', '0091017300_14062023000013', '0091017300_14062023000019']
Stack 9 with items: ['0091017300_14062023000008', '0091017300_14062023000008', '0091017300_14062023000008']
Stack 10 with items: ['0091017300_14062023000007']
Stack 11 with items: ['0091017300_14062023000159', '0091017300_14062023000159']
Stack 12 with items: ['0091017300_14062023000017', '0091017300_14062023000017']
Stack 13 with items: ['0091017300_14062023000159', '0091017300_14062023000159']
Stack 14 with items: ['0091017300_14062023000017', '0091017300_14062023000017']
Stack 15 with items: ['0091017300_14062023000159', '0091017300_14062023000159']
Stack 16 with items: ['0091017300_14062023000017', '0091017300_14062023000017']
Stack 17 with items: ['0091017300_14062023000015', '0091017300_14062023000015']
Stack 18 with items: ['0091017300_14062023000040', '0091017300_14062023000017']
Stack 19 with items: ['0091017300_14062023000017', '0091017300_14062023000017']
Stack 20 with items: ['0091017300_14062023000159', '0091017300_14062023000159']
Stack 21 with items: ['0091017300_14062023000017', '0091017300_14062023000017']
Stack 22 with items: ['0091017300_14062023000159', '0091017300_14062023000159']
Stack 23 with items: ['0091017300_14062023000017', '0091017300_14062023000017']
Stack 24 with items: ['0091017300_14062023000159', '0091017300_14062023000017']
Stack 25 with items: ['0091017300_14062023000017', '0091017300_14062023000017']
Heuristic packed all stacks

----------------------------------------------------------------------------------------------------
2D Packing Heuristic in Truck P236654305
Min2DVol: 20.481270000000002 [m2]
Stack 0 with items: ['0091017300_14062023000188', '0091017300_14062023000185', '0091017300_14062023000188', '0091017300_14062023000188', '0091017300_14062023000188', '0091017300_14062023000188']
Stack 1 with items: ['0091017300_14062023000185', '0091017300_14062023000146', '0091017300_14062023000185']
Stack 2 with items: ['0091017300_14062023000169', '0091017300_14062023000052', '0091017300_14062023000169']
Stack 3 with items: ['0091017300_14062023000146', '0091017300_14062023000102', '0091017300_14062023000102']
Stack 4 with items: ['0091017300_14062023000102', '0091017300_14062023000102', '0091017300_14062023000102']
Stack 5 with items: ['0091017300_14062023000062', '0091017300_14062023000062', '0091017300_14062023000062']
Stack 6 with items: ['0091017300_14062023000062', '0091017300_14062023000052', '0091017300_14062023000052', '0091017300_14062023000052', '0091017300_14062023000062']
Stack 7 with items: ['0091017300_14062023000052', '0091017300_14062023000048', '0091017300_14062023000048']
Stack 8 with items: ['0091017300_14062023000009']
Stack 9 with items: ['0091017300_14062023000193', '0091017300_14062023000193']
Stack 10 with items: ['0091017300_14062023000193', '0091017300_14062023000193']
Stack 11 with items: ['0091017300_14062023000193', '0091017300_14062023000193']
Stack 12 with items: ['0091017300_14062023000193', '0091017300_14062023000193']
Stack 13 with items: ['0091017300_14062023000193', '0091017300_14062023000187']
Stack 14 with items: ['0091017300_14062023000187', '0091017300_14062023000187']
Stack 15 with items: ['0091017300_14062023000187', '0091017300_14062023000187']
Stack 16 with items: ['0091017300_14062023000187', '0091017300_14062023000187']
Stack 17 with items: ['0091017300_14062023000187', '0091017300_14062023000182']
Stack 18 with items: ['0091017300_14062023000182', '0091017300_14062023000182']
Stack 19 with items: ['0091017300_14062023000182', '0091017300_14062023000182']
Stack 20 with items: ['0091017300_14062023000182', '0091017300_14062023000182']
Stack 21 with items: ['0091017300_14062023000182', '0091017300_14062023000182']
Stack 22 with items: ['0091017300_14062023000182', '0091017300_14062023000168']
Stack 23 with items: ['0091017300_14062023000168', '0091017300_14062023000168']
Stack 24 with items: ['0091017300_14062023000150', '0091017300_14062023000150']
Stack 25 with items: ['0091017300_14062023000141', '0091017300_14062023000141']
Stack 26 with items: ['0091017300_14062023000141', '0091017300_14062023000141']
Stack 27 with items: ['0091017300_14062023000141', '0091017300_14062023000141']
Stack 28 with items: ['0091017300_14062023000141', '0091017300_14062023000114']
Stack 29 with items: ['0091017300_14062023000114', '0091017300_14062023000101']
Stack 30 with items: ['0091017300_14062023000101', '0091017300_14062023000042']
Stack 31 with items: ['0091017300_14062023000027', '0091017300_14062023000027']
Stack 32 with items: ['0091017300_14062023000022', '0091017300_14062023000022']
Stack 33 with items: ['0091017300_14062023000022', '0091017300_14062023000012']
Stacks not packed:
Stack 9 missing: ['0091017300_14062023000193', '0091017300_14062023000193']
Stack 10 missing: ['0091017300_14062023000193', '0091017300_14062023000193']
Stack 11 missing: ['0091017300_14062023000193', '0091017300_14062023000193']
Stack 12 missing: ['0091017300_14062023000193', '0091017300_14062023000193']
Stack 22 missing: ['0091017300_14062023000182', '0091017300_14062023000168']
Stack 23 missing: ['0091017300_14062023000168', '0091017300_14062023000168']
Stack 24 missing: ['0091017300_14062023000150', '0091017300_14062023000150']
Stack 30 missing: ['0091017300_14062023000101', '0091017300_14062023000042']
Stack 32 missing: ['0091017300_14062023000022', '0091017300_14062023000022']
Stack 33 missing: ['0091017300_14062023000022', '0091017300_14062023000012']
----------------------------------------------------------------------------------------------------
3D Packing Heuristic in Truck P236654305
Item 0091017300_14062023000193 with: 8
Item 0091017300_14062023000182 with: 1
Item 0091017300_14062023000168 with: 3
Item 0091017300_14062023000150 with: 2
Item 0091017300_14062023000101 with: 1
Item 0091017300_14062023000042 with: 1
Item 0091017300_14062023000022 with: 3
Item 0091017300_14062023000012 with: 1
Heuristic packed all items

----------------------------------------------------------------------------------------------------
2D Packing Heuristic in Truck P178654305
Min2DVol: 24.054180000000013 [m2]
Stack 0 with items: ['0091017300_14062023000050', '0091017300_14062023000035', '0091017300_14062023000050', '0091017300_14062023000050', '0091017300_14062023000050']
Stack 1 with items: ['0091017300_14062023000014', '0091017300_14062023000014', '0091017300_14062023000072']
Stack 2 with items: ['0091017300_14062023000092', '0091017300_14062023000092', '0091017300_14062023000092']
Stack 3 with items: ['0091017300_14062023000072', '0091017300_14062023000138', '0091017300_14062023000138', '0091017300_14062023000138', '0091017300_14062023000144']
Stack 4 with items: ['0091017300_14062023000138', '0091017300_14062023000138', '0091017300_14062023000138', '0091017300_14062023000144', '0091017300_14062023000144']
Stack 5 with items: ['0091017300_14062023000039', '0091017300_14062023000050', '0091017300_14062023000050', '0091017300_14062023000072']
Stack 6 with items: ['0091017300_14062023000178', '0091017300_14062023000178']
Stack 7 with items: ['0091017300_14062023000178', '0091017300_14062023000178']
Stack 8 with items: ['0091017300_14062023000134', '0091017300_14062023000134']
Stack 9 with items: ['0091017300_14062023000134', '0091017300_14062023000134']
Stack 10 with items: ['0091017300_14062023000080', '0091017300_14062023000080']
Stack 11 with items: ['0091017300_14062023000080', '0091017300_14062023000080']
Stack 12 with items: ['0091017300_14062023000080', '0091017300_14062023000061']
Stack 13 with items: ['0091017300_14062023000061', '0091017300_14062023000061']
Stack 14 with items: ['0091017300_14062023000061', '0091017300_14062023000061']
Stack 15 with items: ['0091017300_14062023000061', '0091017300_14062023000061']
Stack 16 with items: ['0091017300_14062023000061', '0091017300_14062023000061']
Stack 17 with items: ['0091017300_14062023000061', '0091017300_14062023000061']
Stack 18 with items: ['0091017300_14062023000061', '0091017300_14062023000061']
Stack 19 with items: ['0091017300_14062023000061', '0091017300_14062023000061']
Stack 20 with items: ['0091017300_14062023000061', '0091017300_14062023000061']
Stack 21 with items: ['0091017300_14062023000061', '0091017300_14062023000061']
Stack 22 with items: ['0091017300_14062023000061', '0091017300_14062023000061']
Stack 23 with items: ['0091017300_14062023000061', '0091017300_14062023000061']
Stack 24 with items: ['0091017300_14062023000061', '0091017300_14062023000061']
Stack 25 with items: ['0091017300_14062023000061', '0091017300_14062023000061']
Stack 26 with items: ['0091017300_14062023000023', '0091017300_14062023000023']
Stack 27 with items: ['0091017300_14062023000023', '0091017300_14062023000023']
Stack 28 with items: ['0091017300_14062023000023', '0091017300_14062023000023']
Stack 29 with items: ['0091017300_14062023000023', '0091017300_14062023000023']
Stack 30 with items: ['0091017300_14062023000023', '0091017300_14062023000023']
Stack 31 with items: ['0091017300_14062023000023', '0091017300_14062023000023']
Stack 32 with items: ['0091017300_14062023000023', '0091017300_14062023000023']
Stack 33 with items: ['0091017300_14062023000023', '0091017300_14062023000023']
Stack 34 with items: ['0091017300_14062023000023', '0091017300_14062023000023']
Stack 35 with items: ['0091017300_14062023000023', '0091017300_14062023000023']
Stack 36 with items: ['0091017300_14062023000023', '0091017300_14062023000023']
Stack 37 with items: ['0091017300_14062023000018', '0091017300_14062023000018']
Stack 38 with items: ['0091017300_14062023000018', '0091017300_14062023000018']
Stack 39 with items: ['0091017300_14062023000018']
Stacks not packed:
Stack 8 missing: ['0091017300_14062023000134', '0091017300_14062023000134']
Stack 9 missing: ['0091017300_14062023000134', '0091017300_14062023000134']
Stack 10 missing: ['0091017300_14062023000080', '0091017300_14062023000080']
Stack 11 missing: ['0091017300_14062023000080', '0091017300_14062023000080']
Stack 12 missing: ['0091017300_14062023000080', '0091017300_14062023000061']
Stack 14 missing: ['0091017300_14062023000061', '0091017300_14062023000061']
Stack 15 missing: ['0091017300_14062023000061', '0091017300_14062023000061']
Stack 16 missing: ['0091017300_14062023000061', '0091017300_14062023000061']
Stack 17 missing: ['0091017300_14062023000061', '0091017300_14062023000061']
Stack 18 missing: ['0091017300_14062023000061', '0091017300_14062023000061']
Stack 19 missing: ['0091017300_14062023000061', '0091017300_14062023000061']
Stack 20 missing: ['0091017300_14062023000061', '0091017300_14062023000061']
Stack 21 missing: ['0091017300_14062023000061', '0091017300_14062023000061']
Stack 22 missing: ['0091017300_14062023000061', '0091017300_14062023000061']
Stack 23 missing: ['0091017300_14062023000061', '0091017300_14062023000061']
Stack 24 missing: ['0091017300_14062023000061', '0091017300_14062023000061']
Stack 25 missing: ['0091017300_14062023000061', '0091017300_14062023000061']
----------------------------------------------------------------------------------------------------
2D Packing Heuristic in Truck P178654305
Min2DVol: 20.39999999999999 [m2]
Stack 0 with items: ['0091017300_14062023000134', '0091017300_14062023000134']
Stack 1 with items: ['0091017300_14062023000134', '0091017300_14062023000134']
Stack 2 with items: ['0091017300_14062023000080', '0091017300_14062023000080']
Stack 3 with items: ['0091017300_14062023000080', '0091017300_14062023000080']
Stack 4 with items: ['0091017300_14062023000080', '0091017300_14062023000061']
Stack 5 with items: ['0091017300_14062023000061', '0091017300_14062023000061']
Stack 6 with items: ['0091017300_14062023000061', '0091017300_14062023000061']
Stack 7 with items: ['0091017300_14062023000061', '0091017300_14062023000061']
Stack 8 with items: ['0091017300_14062023000061', '0091017300_14062023000061']
Stack 9 with items: ['0091017300_14062023000061', '0091017300_14062023000061']
Stack 10 with items: ['0091017300_14062023000061', '0091017300_14062023000061']
Stack 11 with items: ['0091017300_14062023000061', '0091017300_14062023000061']
Stack 12 with items: ['0091017300_14062023000061', '0091017300_14062023000061']
Stack 13 with items: ['0091017300_14062023000061', '0091017300_14062023000061']
Stack 14 with items: ['0091017300_14062023000061', '0091017300_14062023000061']
Stack 15 with items: ['0091017300_14062023000061', '0091017300_14062023000061']
Stack 16 with items: ['0091017300_14062023000061', '0091017300_14062023000061']
Heuristic packed all stacks
****************************************************************************************************
****************************************************************************************************
****************************************************************************************************
Final Solution
Objective;29109.0
Transportation cost;24000.0
Inventory cost;5109.0
Runtime;6.4
****************************************************************************************************
****************************************************************************************************
****************************************************************************************************
####################################################################################################
Export solution
End ROADEF
####################################################################################################
####################################################################################################
####################################################################################################
####################################################################################################
####################################################################################################
####################################################################################################
####################################################################################################

real	0m7.692s
user	0m25.259s
sys	0m1.488s
finished at Thu Oct 12 10:31:19 CEST 2023
