cpu-bind=MASK - cn-0112, task  0  0 [300484]: mask |--------------------||||--------BBBBBBBB----|  set
Python 3.10.6
Gurobi Optimizer version 10.0.0 build v10.0.0rc2 (linux64)
Copyright (c) 2022, Gurobi Optimization, LLC
started at Wed Oct 11 23:25:58 CEST 2023
####################################################################################################
####################################################################################################
Start ROADEF
Set parameter TokenServer to value "license3.uni-paderborn.de"
####################################################################################################
####################################################################################################
Time for optimization 3600.0 (s)
####################################################################################################
Data read
Took 	00:00:00.230
####################################################################################################
Presolve
Anzahl Trucks in OPtimierungsproblem:  19
Itemgruppen in AP werden eher enger gemacht:  False
Start Reduction
Orinigial Anzahl:  127 684
Reduzierte Anzahl:  38 684
####################################################################################################
Load Assignment 1 solution
Set parameter MIPFocus to value 1
Set parameter TimeLimit to value 323.91
Set parameter Threads to value 8
Set parameter MIPGap to value 0.005
Gurobi Optimizer version 10.0.0 build v10.0.0rc2 (linux64)

CPU model: Intel(R) Xeon(R) Gold 6148 CPU @ 2.40GHz, instruction set [SSE2|AVX|AVX2|AVX512]
Thread count: 40 physical cores, 40 logical processors, using up to 8 threads

Optimize a model with 235 rows, 298 columns and 852 nonzeros
Model fingerprint: 0x256ae5c8
Variable types: 38 continuous, 260 integer (19 binary)
Coefficient statistics:
  Matrix range     [3e-01, 2e+04]
  Objective range  [6e+01, 5e+03]
  Bounds range     [1e+00, 3e+01]
  RHS range        [1e+00, 3e+01]
Presolve removed 129 rows and 129 columns
Presolve time: 0.00s
Presolved: 106 rows, 169 columns, 501 nonzeros
Variable types: 0 continuous, 169 integer (45 binary)
Found heuristic solution: objective 321070.00000

Root relaxation: objective 2.099090e+04, 62 iterations, 0.00 seconds (0.00 work units)

    Nodes    |    Current Node    |     Objective Bounds      |     Work
 Expl Unexpl |  Obj  Depth IntInf | Incumbent    BestBd   Gap | It/Node Time

     0     0 20990.8961    0   30 321070.000 20990.8961  93.5%     -    0s
H    0     0                    32100.000000 20990.8961  34.6%     -    0s
     0     0 infeasible    0      32100.0000 32100.0000  0.00%     -    0s

Cutting planes:
  Gomory: 7
  Cover: 5
  Implied bound: 5
  Clique: 2
  MIR: 9
  Flow cover: 6
  Network: 1

Explored 1 nodes (94 simplex iterations) in 0.01 seconds (0.00 work units)
Thread count was 8 (of 40 available processors)

Solution count 2: 32100 321070 

Optimal solution found (tolerance 5.00e-03)
Best objective 3.210000000000e+04, best bound 3.210000000000e+04, gap 0.0000%

User-callback calls 551, time in user-callback 0.00 sec
Objective AP1: 32100.0, MIP-Gap: 0.0%
AP0 requires 19 trucks and 2 pseudo trucks.
####################################################################################################
####################################################################################################
Assignment 1
Set parameter TimeLimit to value 6.4753546520711859e+02
Set parameter Threads to value 8
Set parameter MIPGap to value 1e-16
Gurobi Optimizer version 10.0.0 build v10.0.0rc2 (linux64)

CPU model: Intel(R) Xeon(R) Gold 6148 CPU @ 2.40GHz, instruction set [SSE2|AVX|AVX2|AVX512]
Thread count: 40 physical cores, 40 logical processors, using up to 8 threads

Optimize a model with 567 rows, 2237 columns and 13262 nonzeros
Model fingerprint: 0x37e798c7
Variable types: 38 continuous, 2199 integer (1864 binary)
Coefficient statistics:
  Matrix range     [1e+00, 2e+04]
  Objective range  [4e+01, 2e+03]
  Bounds range     [1e+00, 2e+01]
  RHS range        [1e+00, 5e+01]
Presolve removed 567 rows and 2237 columns
Presolve time: 0.00s
Presolve: All rows and columns removed

Explored 0 nodes (0 simplex iterations) in 0.01 seconds (0.01 work units)
Thread count was 1 (of 40 available processors)

Solution count 1: 30300 

Optimal solution found (tolerance 1.00e-16)
Best objective 3.030000000000e+04, best bound 3.030000000000e+04, gap 0.0000%
####################################################################################################
Hier wird die fixierte Version nochmal relaxiert um bessere Lösungen zu erhalten
Set parameter TimeLimit to value 6.4743149169132118e+02
Set parameter MIPFocus to value 1
Gurobi Optimizer version 10.0.0 build v10.0.0rc2 (linux64)

CPU model: Intel(R) Xeon(R) Gold 6148 CPU @ 2.40GHz, instruction set [SSE2|AVX|AVX2|AVX512]
Thread count: 40 physical cores, 40 logical processors, using up to 8 threads

Optimize a model with 431 rows, 2237 columns and 12789 nonzeros
Model fingerprint: 0x1478103a
Variable types: 38 continuous, 2199 integer (1864 binary)
Coefficient statistics:
  Matrix range     [1e+00, 2e+04]
  Objective range  [4e+01, 2e+03]
  Bounds range     [1e+00, 2e+01]
  RHS range        [1e+00, 2e+01]

MIP start from previous solve produced solution with objective 30300 (0.00s)
Loaded MIP start from previous solve with objective 30300

Presolve removed 181 rows and 214 columns
Presolve time: 0.03s
Presolved: 250 rows, 2023 columns, 8015 nonzeros
Variable types: 0 continuous, 2023 integer (1775 binary)

Root relaxation: objective 1.853377e+04, 116 iterations, 0.00 seconds (0.00 work units)

    Nodes    |    Current Node    |     Objective Bounds      |     Work
 Expl Unexpl |  Obj  Depth IntInf | Incumbent    BestBd   Gap | It/Node Time

     0     0 18533.7676    0   50 30300.0000 18533.7676  38.8%     -    0s
     0     0 19358.7676    0   46 30300.0000 19358.7676  36.1%     -    0s
     0     0 19358.7676    0   46 30300.0000 19358.7676  36.1%     -    0s
     0     0 19358.7676    0   46 30300.0000 19358.7676  36.1%     -    0s
     0     0 19358.7676    0   46 30300.0000 19358.7676  36.1%     -    0s
     0     0 29094.7366    0   10 30300.0000 29094.7366  3.98%     -    0s
     0     0 29094.7366    0   10 30300.0000 29094.7366  3.98%     -    0s
     0     0 29094.7366    0   10 30300.0000 29094.7366  3.98%     -    0s
     0     0 29094.7366    0   10 30300.0000 29094.7366  3.98%     -    0s
H    0     0                    29235.000000 29094.7366  0.48%     -    0s
     0     0 29096.7578    0    6 29235.0000 29096.7578  0.47%     -    0s
     0     0 29096.7578    0    6 29235.0000 29096.7578  0.47%     -    0s
     0     0 29096.7578    0    6 29235.0000 29096.7578  0.47%     -    0s
     0     0 29096.7578    0    6 29235.0000 29096.7578  0.47%     -    0s
     0     0 29096.7578    0    6 29235.0000 29096.7578  0.47%     -    0s
     0     0 29096.7578    0    6 29235.0000 29096.7578  0.47%     -    0s
     0     0 29096.7578    0    6 29235.0000 29096.7578  0.47%     -    0s
     0     0 29096.7578    0    6 29235.0000 29096.7578  0.47%     -    0s
     0     0 29096.7578    0    6 29235.0000 29096.7578  0.47%     -    0s
H    0     0                    29145.000000 29096.7578  0.17%     -    0s
H    0     0                    29100.000000 29099.1469  0.00%     -    0s

Cutting planes:
  Learned: 4
  Gomory: 14
  Cover: 7
  Implied bound: 46
  MIR: 19
  StrongCG: 30
  Flow cover: 23
  GUB cover: 22
  Zero half: 3
  RLT: 32
  Relax-and-lift: 39

Explored 1 nodes (322 simplex iterations) in 0.12 seconds (0.08 work units)
Thread count was 8 (of 40 available processors)

Solution count 4: 29100 29145 29235 30300 

Optimal solution found (tolerance 1.00e-16)
Best objective 2.910000000000e+04, best bound 2.910000000000e+04, gap 0.0000%

User-callback calls 433, time in user-callback 0.00 sec
Objective AP1: 29100.0, MIP-Gap: 0.0%
AP1 requires 19 trucks to transport 684 items. 19 trucks and 0 pseudo trucks.

P185630901 0

P187630901 0

P188630901 0

P192630901 0

P194630901 0

P195630901 0

P199630901 0

P201630901 0

P202630901 0

P208630901 0

P209630901 0

P236630901 0

P237630901 0

P241630901 0

P243630901 0

P244630901 0

P248630901 0

P250630901 0

P251630901 0
Took 	00:00:00.512
####################################################################################################
####################################################################################################
Simple Packing:  2
dataP.t2DSP:  1
####################################################################################################
####################################################################################################
First packing

----------------------------------------------------------------------------------------------------
3D Packing Heuristic in Truck P250630901
Item 0091017200_14062023000023 with: 6
Item 0091017200_14062023000032 with: 3
Item 0091017200_14062023000050 with: 2
Item 0091017200_14062023000097 with: 3
Item 0091017200_14062023000111 with: 3
Item 0091017200_14062023000115 with: 1
Heuristic packed all items

----------------------------------------------------------------------------------------------------
3D Packing Heuristic in Truck P208630901
Item 0091017200_14062023000024 with: 2
Item 0091017200_14062023000043 with: 2
Item 0091017200_14062023000045 with: 4
Item 0091017200_14062023000052 with: 4
Item 0091017200_14062023000091 with: 1
Item 0091017200_14062023000101 with: 7
Heuristic packed all items

----------------------------------------------------------------------------------------------------
3D Packing Heuristic in Truck P236630901
Item 0091017200_14062023000027 with: 4
Item 0091017200_14062023000055 with: 2
Item 0091017200_14062023000066 with: 7
Item 0091017200_14062023000073 with: 3
Item 0091017200_14062023000089 with: 4
Item 0091017200_14062023000108 with: 1
Heuristic packed all items

----------------------------------------------------------------------------------------------------
3D Packing Heuristic in Truck P209630901
Item 0091017200_14062023000001 with: 4
Item 0091017200_14062023000053 with: 2
Item 0091017200_14062023000063 with: 5
Item 0091017200_14062023000083 with: 2
Item 0091017200_14062023000096 with: 8
Item 0091017200_14062023000099 with: 1
Heuristic packed all items

----------------------------------------------------------------------------------------------------
3D Packing Heuristic in Truck P243630901
Item 0091017200_14062023000015 with: 2
Item 0091017200_14062023000022 with: 2
Item 0091017200_14062023000082 with: 7
Item 0091017200_14062023000090 with: 3
Item 0091017200_14062023000104 with: 4
Item 0091017200_14062023000107 with: 4
Heuristic packed all items

----------------------------------------------------------------------------------------------------
3D Packing Heuristic in Truck P187630901
Item 0091017200_14062023000005 with: 5
Item 0091017200_14062023000013 with: 3
Item 0091017200_14062023000014 with: 5
Item 0091017200_14062023000021 with: 3
Item 0091017200_14062023000076 with: 3
Item 0091017200_14062023000085 with: 2
Item 0091017200_14062023000116 with: 2
Heuristic packed all items

----------------------------------------------------------------------------------------------------
3D Packing Heuristic in Truck P194630901
Item 0091017200_14062023000003 with: 2
Item 0091017200_14062023000012 with: 3
Item 0091017200_14062023000065 with: 1
Item 0091017200_14062023000067 with: 2
Item 0091017200_14062023000080 with: 3
Item 0091017200_14062023000088 with: 5
Item 0091017200_14062023000098 with: 3
Item 0091017200_14062023000100 with: 4
Item 0091017200_14062023000112 with: 1
Heuristic packed all items

----------------------------------------------------------------------------------------------------
2D Packing Heuristic in Truck P201630901
Min2DVol: 15.599999999999996 [m2]
Stack 0 with items: ['0091017200_14062023000102', '0091017200_14062023000092', '0091017200_14062023000102']
Stack 1 with items: ['0091017200_14062023000092', '0091017200_14062023000046', '0091017200_14062023000046']
Stack 2 with items: ['0091017200_14062023000046', '0091017200_14062023000046', '0091017200_14062023000046']
Stack 3 with items: ['0091017200_14062023000046', '0091017200_14062023000046', '0091017200_14062023000046']
Stack 4 with items: ['0091017200_14062023000016', '0091017200_14062023000016', '0091017200_14062023000016']
Stack 5 with items: ['0091017200_14062023000011', '0091017200_14062023000011', '0091017200_14062023000011']
Stack 6 with items: ['0091017200_14062023000011', '0091017200_14062023000011', '0091017200_14062023000011']
Stack 7 with items: ['0091017200_14062023000006', '0091017200_14062023000006', '0091017200_14062023000006']
Stack 8 with items: ['0091017200_14062023000006', '0091017200_14062023000006', '0091017200_14062023000006']
Stack 9 with items: ['0091017200_14062023000121', '0091017200_14062023000127']
Stack 10 with items: ['0091017200_14062023000127', '0091017200_14062023000127']
Stack 11 with items: ['0091017200_14062023000121', '0091017200_14062023000121']
Stack 12 with items: ['0091017200_14062023000078']
Heuristic packed all stacks

----------------------------------------------------------------------------------------------------
2D Packing Heuristic in Truck P248630901
Min2DVol: 17.999999999999996 [m2]
Stack 0 with items: ['0091017200_14062023000077', '0091017200_14062023000077', '0091017200_14062023000077']
Stack 1 with items: ['0091017200_14062023000041', '0091017200_14062023000041', '0091017200_14062023000041']
Stack 2 with items: ['0091017200_14062023000041', '0091017200_14062023000020', '0091017200_14062023000020']
Stack 3 with items: ['0091017200_14062023000020', '0091017200_14062023000002', '0091017200_14062023000020']
Stack 4 with items: ['0091017200_14062023000002', '0091017200_14062023000002', '0091017200_14062023000002']
Stack 5 with items: ['0091017200_14062023000002', '0091017200_14062023000002', '0091017200_14062023000002']
Stack 6 with items: ['0091017200_14062023000002', '0091017200_14062023000002', '0091017200_14062023000002']
Stack 7 with items: ['0091017200_14062023000002', '0091017200_14062023000002']
Stack 8 with items: ['0091017200_14062023000068', '0091017200_14062023000068']
Stack 9 with items: ['0091017200_14062023000004', '0091017200_14062023000004']
Stack 10 with items: ['0091017200_14062023000004', '0091017200_14062023000004']
Stack 11 with items: ['0091017200_14062023000068', '0091017200_14062023000004']
Stack 12 with items: ['0091017200_14062023000004', '0091017200_14062023000004']
Stack 13 with items: ['0091017200_14062023000068', '0091017200_14062023000068']
Stack 14 with items: ['0091017200_14062023000068', '0091017200_14062023000068']
Heuristic packed all stacks

----------------------------------------------------------------------------------------------------
2D Packing Heuristic in Truck P199630901
Min2DVol: 17.999999999999996 [m2]
Stack 0 with items: ['0091017200_14062023000119', '0091017200_14062023000109', '0091017200_14062023000119']
Stack 1 with items: ['0091017200_14062023000109', '0091017200_14062023000109', '0091017200_14062023000109']
Stack 2 with items: ['0091017200_14062023000109', '0091017200_14062023000109', '0091017200_14062023000109']
Stack 3 with items: ['0091017200_14062023000051', '0091017200_14062023000051', '0091017200_14062023000051']
Stack 4 with items: ['0091017200_14062023000026', '0091017200_14062023000026', '0091017200_14062023000026']
Stack 5 with items: ['0091017200_14062023000026', '0091017200_14062023000026', '0091017200_14062023000026']
Stack 6 with items: ['0091017200_14062023000026', '0091017200_14062023000026', '0091017200_14062023000026']
Stack 7 with items: ['0091017200_14062023000026', '0091017200_14062023000026', '0091017200_14062023000026']
Stack 8 with items: ['0091017200_14062023000094', '0091017200_14062023000094']
Stack 9 with items: ['0091017200_14062023000031', '0091017200_14062023000031']
Stack 10 with items: ['0091017200_14062023000031', '0091017200_14062023000031']
Stack 11 with items: ['0091017200_14062023000031', '0091017200_14062023000094']
Stack 12 with items: ['0091017200_14062023000031', '0091017200_14062023000031']
Stack 13 with items: ['0091017200_14062023000094', '0091017200_14062023000094']
Stack 14 with items: ['0091017200_14062023000094', '0091017200_14062023000094']
Heuristic packed all stacks

----------------------------------------------------------------------------------------------------
2D Packing Heuristic in Truck P244630901
Min2DVol: 19.199999999999996 [m2]
Stack 0 with items: ['0091017200_14062023000103', '0091017200_14062023000103', '0091017200_14062023000103']
Stack 1 with items: ['0091017200_14062023000103', '0091017200_14062023000103', '0091017200_14062023000103']
Stack 2 with items: ['0091017200_14062023000103', '0091017200_14062023000103', '0091017200_14062023000103']
Stack 3 with items: ['0091017200_14062023000103', '0091017200_14062023000103', '0091017200_14062023000103']
Stack 4 with items: ['0091017200_14062023000103', '0091017200_14062023000079', '0091017200_14062023000079']
Stack 5 with items: ['0091017200_14062023000079', '0091017200_14062023000070', '0091017200_14062023000070']
Stack 6 with items: ['0091017200_14062023000070', '0091017200_14062023000017', '0091017200_14062023000070']
Stack 7 with items: ['0091017200_14062023000017', '0091017200_14062023000017', '0091017200_14062023000017']
Stack 8 with items: ['0091017200_14062023000017']
Stack 9 with items: ['0091017200_14062023000037', '0091017200_14062023000037']
Stack 10 with items: ['0091017200_14062023000034', '0091017200_14062023000034']
Stack 11 with items: ['0091017200_14062023000034', '0091017200_14062023000034']
Stack 12 with items: ['0091017200_14062023000034', '0091017200_14062023000037']
Stack 13 with items: ['0091017200_14062023000034', '0091017200_14062023000034']
Stack 14 with items: ['0091017200_14062023000037', '0091017200_14062023000037']
Stack 15 with items: ['0091017200_14062023000037', '0091017200_14062023000037']
Heuristic packed all stacks

----------------------------------------------------------------------------------------------------
2D Packing Heuristic in Truck P195630901
Min2DVol: 20.39999999999999 [m2]
Stack 0 with items: ['0091017200_14062023000064', '0091017200_14062023000064']
Stack 1 with items: ['0091017200_14062023000064', '0091017200_14062023000064']
Stack 2 with items: ['0091017200_14062023000033', '0091017200_14062023000033']
Stack 3 with items: ['0091017200_14062023000036', '0091017200_14062023000035']
Stack 4 with items: ['0091017200_14062023000033', '0091017200_14062023000033']
Stack 5 with items: ['0091017200_14062023000064', '0091017200_14062023000064']
Stack 6 with items: ['0091017200_14062023000033', '0091017200_14062023000033']
Stack 7 with items: ['0091017200_14062023000033']
Stack 8 with items: ['0091017200_14062023000114', '0091017200_14062023000114', '0091017200_14062023000114']
Stack 9 with items: ['0091017200_14062023000110', '0091017200_14062023000110', '0091017200_14062023000110']
Stack 10 with items: ['0091017200_14062023000110', '0091017200_14062023000110', '0091017200_14062023000110']
Stack 11 with items: ['0091017200_14062023000087', '0091017200_14062023000087', '0091017200_14062023000087']
Stack 12 with items: ['0091017200_14062023000087', '0091017200_14062023000087', '0091017200_14062023000087']
Stack 13 with items: ['0091017200_14062023000087', '0091017200_14062023000087', '0091017200_14062023000087']
Stack 14 with items: ['0091017200_14062023000087', '0091017200_14062023000087', '0091017200_14062023000087']
Stack 15 with items: ['0091017200_14062023000087', '0091017200_14062023000048', '0091017200_14062023000048']
Stack 16 with items: ['0091017200_14062023000048', '0091017200_14062023000048']
Heuristic packed all stacks

----------------------------------------------------------------------------------------------------
2D Packing Heuristic in Truck P241630901
Min2DVol: 20.39999999999999 [m2]
Stack 0 with items: ['0091017200_14062023000007', '0091017200_14062023000007']
Stack 1 with items: ['0091017200_14062023000072', '0091017200_14062023000007']
Stack 2 with items: ['0091017200_14062023000007', '0091017200_14062023000072']
Stack 3 with items: ['0091017200_14062023000072', '0091017200_14062023000072']
Stack 4 with items: ['0091017200_14062023000007', '0091017200_14062023000072']
Stack 5 with items: ['0091017200_14062023000072', '0091017200_14062023000072']
Stack 6 with items: ['0091017200_14062023000072', '0091017200_14062023000007']
Stack 7 with items: ['0091017200_14062023000007', '0091017200_14062023000007']
Stack 8 with items: ['0091017200_14062023000122', '0091017200_14062023000122', '0091017200_14062023000122']
Stack 9 with items: ['0091017200_14062023000122', '0091017200_14062023000069', '0091017200_14062023000122']
Stack 10 with items: ['0091017200_14062023000069', '0091017200_14062023000069', '0091017200_14062023000069']
Stack 11 with items: ['0091017200_14062023000069', '0091017200_14062023000069', '0091017200_14062023000069']
Stack 12 with items: ['0091017200_14062023000069', '0091017200_14062023000069', '0091017200_14062023000069']
Stack 13 with items: ['0091017200_14062023000069', '0091017200_14062023000069', '0091017200_14062023000069']
Stack 14 with items: ['0091017200_14062023000069', '0091017200_14062023000058', '0091017200_14062023000069']
Stack 15 with items: ['0091017200_14062023000058', '0091017200_14062023000008', '0091017200_14062023000008']
Stack 16 with items: ['0091017200_14062023000008']
Heuristic packed all stacks

----------------------------------------------------------------------------------------------------
2D Packing Heuristic in Truck P188630901
Min2DVol: 21.599999999999994 [m2]
Stack 0 with items: ['0091017200_14062023000106', '0091017200_14062023000106', '0091017200_14062023000106']
Stack 1 with items: ['0091017200_14062023000106', '0091017200_14062023000105', '0091017200_14062023000105']
Stack 2 with items: ['0091017200_14062023000105', '0091017200_14062023000105']
Stack 3 with items: ['0091017200_14062023000084', '0091017200_14062023000084']
Stack 4 with items: ['0091017200_14062023000084', '0091017200_14062023000084']
Stack 5 with items: ['0091017200_14062023000084', '0091017200_14062023000084']
Stack 6 with items: ['0091017200_14062023000084', '0091017200_14062023000018']
Stack 7 with items: ['0091017200_14062023000018', '0091017200_14062023000018']
Stack 8 with items: ['0091017200_14062023000018', '0091017200_14062023000018']
Stack 9 with items: ['0091017200_14062023000018']
Stack 10 with items: ['0091017200_14062023000049', '0091017200_14062023000049', '0091017200_14062023000049']
Stack 11 with items: ['0091017200_14062023000049', '0091017200_14062023000049', '0091017200_14062023000049']
Stack 12 with items: ['0091017200_14062023000113', '0091017200_14062023000039', '0091017200_14062023000039']
Stack 13 with items: ['0091017200_14062023000113', '0091017200_14062023000113', '0091017200_14062023000113']
Stack 14 with items: ['0091017200_14062023000049', '0091017200_14062023000049', '0091017200_14062023000049']
Stack 15 with items: ['0091017200_14062023000049', '0091017200_14062023000049', '0091017200_14062023000049']
Stack 16 with items: ['0091017200_14062023000039', '0091017200_14062023000039', '0091017200_14062023000039']
Stack 17 with items: ['0091017200_14062023000039', '0091017200_14062023000039']
Heuristic packed all stacks

----------------------------------------------------------------------------------------------------
2D Packing Heuristic in Truck P192630901
Min2DVol: 20.39999999999999 [m2]
Stack 0 with items: ['0091017200_14062023000075', '0091017200_14062023000075', '0091017200_14062023000075']
Stack 1 with items: ['0091017200_14062023000075', '0091017200_14062023000075', '0091017200_14062023000075']
Stack 2 with items: ['0091017200_14062023000071', '0091017200_14062023000071', '0091017200_14062023000071']
Stack 3 with items: ['0091017200_14062023000071', '0091017200_14062023000071', '0091017200_14062023000071']
Stack 4 with items: ['0091017200_14062023000071', '0091017200_14062023000071', '0091017200_14062023000071']
Stack 5 with items: ['0091017200_14062023000071', '0091017200_14062023000071', '0091017200_14062023000071']
Stack 6 with items: ['0091017200_14062023000038', '0091017200_14062023000038', '0091017200_14062023000038']
Stack 7 with items: ['0091017200_14062023000038', '0091017200_14062023000029', '0091017200_14062023000029']
Stack 8 with items: ['0091017200_14062023000044', '0091017200_14062023000044', '0091017200_14062023000044']
Stack 9 with items: ['0091017200_14062023000044', '0091017200_14062023000056']
Stack 10 with items: ['0091017200_14062023000056', '0091017200_14062023000056', '0091017200_14062023000056']
Stack 11 with items: ['0091017200_14062023000061', '0091017200_14062023000059']
Stack 12 with items: ['0091017200_14062023000059', '0091017200_14062023000061']
Stack 13 with items: ['0091017200_14062023000061', '0091017200_14062023000061']
Stack 14 with items: ['0091017200_14062023000059', '0091017200_14062023000059']
Stack 15 with items: ['0091017200_14062023000059', '0091017200_14062023000059']
Stack 16 with items: ['0091017200_14062023000061', '0091017200_14062023000061']
Heuristic packed all stacks

----------------------------------------------------------------------------------------------------
2D Packing Heuristic in Truck P185630901
Min2DVol: 21.599999999999994 [m2]
Stack 0 with items: ['0091017200_14062023000060', '0091017200_14062023000126', '0091017200_14062023000126']
Stack 1 with items: ['0091017200_14062023000009', '0091017200_14062023000009', '0091017200_14062023000009']
Stack 2 with items: ['0091017200_14062023000060', '0091017200_14062023000060', '0091017200_14062023000060']
Stack 3 with items: ['0091017200_14062023000009', '0091017200_14062023000009', '0091017200_14062023000009']
Stack 4 with items: ['0091017200_14062023000009', '0091017200_14062023000009', '0091017200_14062023000060']
Stack 5 with items: ['0091017200_14062023000126', '0091017200_14062023000126', '0091017200_14062023000126']
Stack 6 with items: ['0091017200_14062023000009', '0091017200_14062023000009', '0091017200_14062023000009']
Stack 7 with items: ['0091017200_14062023000060', '0091017200_14062023000060', '0091017200_14062023000060']
Stack 8 with items: ['0091017200_14062023000118', '0091017200_14062023000118', '0091017200_14062023000118']
Stack 9 with items: ['0091017200_14062023000118', '0091017200_14062023000117', '0091017200_14062023000118']
Stack 10 with items: ['0091017200_14062023000117', '0091017200_14062023000117', '0091017200_14062023000117']
Stack 11 with items: ['0091017200_14062023000117', '0091017200_14062023000081']
Stack 12 with items: ['0091017200_14062023000081', '0091017200_14062023000081']
Stack 13 with items: ['0091017200_14062023000081', '0091017200_14062023000081']
Stack 14 with items: ['0091017200_14062023000081', '0091017200_14062023000057']
Stack 15 with items: ['0091017200_14062023000019', '0091017200_14062023000019']
Stack 16 with items: ['0091017200_14062023000019', '0091017200_14062023000019']
Stack 17 with items: ['0091017200_14062023000019', '0091017200_14062023000019']
Heuristic packed all stacks

----------------------------------------------------------------------------------------------------
2D Packing Heuristic in Truck P237630901
Min2DVol: 25.199999999999992 [m2]
Stack 0 with items: ['0091017200_14062023000095', '0091017200_14062023000095']
Stack 1 with items: ['0091017200_14062023000030', '0091017200_14062023000030']
Stack 2 with items: ['0091017200_14062023000030', '0091017200_14062023000095']
Stack 3 with items: ['0091017200_14062023000030', '0091017200_14062023000030']
Stack 4 with items: ['0091017200_14062023000030', '0091017200_14062023000030']
Stack 5 with items: ['0091017200_14062023000030', '0091017200_14062023000095']
Stack 6 with items: ['0091017200_14062023000095', '0091017200_14062023000095']
Stack 7 with items: ['0091017200_14062023000030', '0091017200_14062023000030']
Stack 8 with items: ['0091017200_14062023000095']
Stack 9 with items: ['0091017200_14062023000095', '0091017200_14062023000095']
Stack 10 with items: ['0091017200_14062023000062', '0091017200_14062023000062', '0091017200_14062023000062']
Stack 11 with items: ['0091017200_14062023000054', '0091017200_14062023000054', '0091017200_14062023000054']
Stack 12 with items: ['0091017200_14062023000047', '0091017200_14062023000047', '0091017200_14062023000047']
Stack 13 with items: ['0091017200_14062023000047', '0091017200_14062023000047', '0091017200_14062023000047']
Stack 14 with items: ['0091017200_14062023000047', '0091017200_14062023000040', '0091017200_14062023000047']
Stack 15 with items: ['0091017200_14062023000040', '0091017200_14062023000040', '0091017200_14062023000040']
Stack 16 with items: ['0091017200_14062023000040', '0091017200_14062023000040', '0091017200_14062023000040']
Stack 17 with items: ['0091017200_14062023000040', '0091017200_14062023000040', '0091017200_14062023000040']
Stack 18 with items: ['0091017200_14062023000040', '0091017200_14062023000040', '0091017200_14062023000040']
Stack 19 with items: ['0091017200_14062023000040', '0091017200_14062023000040', '0091017200_14062023000040']
Stack 20 with items: ['0091017200_14062023000040', '0091017200_14062023000040', '0091017200_14062023000040']
Heuristic packed all stacks

----------------------------------------------------------------------------------------------------
2D Packing Heuristic in Truck P251630901
Min2DVol: 27.59999999999999 [m2]
Stack 0 with items: ['0091017200_14062023000124', '0091017200_14062023000124', '0091017200_14062023000124']
Stack 1 with items: ['0091017200_14062023000124', '0091017200_14062023000086', '0091017200_14062023000124']
Stack 2 with items: ['0091017200_14062023000086', '0091017200_14062023000086', '0091017200_14062023000086']
Stack 3 with items: ['0091017200_14062023000086', '0091017200_14062023000086', '0091017200_14062023000086']
Stack 4 with items: ['0091017200_14062023000086', '0091017200_14062023000086', '0091017200_14062023000086']
Stack 5 with items: ['0091017200_14062023000086', '0091017200_14062023000086', '0091017200_14062023000086']
Stack 6 with items: ['0091017200_14062023000086', '0091017200_14062023000086', '0091017200_14062023000086']
Stack 7 with items: ['0091017200_14062023000086', '0091017200_14062023000086', '0091017200_14062023000086']
Stack 8 with items: ['0091017200_14062023000074', '0091017200_14062023000074', '0091017200_14062023000074']
Stack 9 with items: ['0091017200_14062023000074', '0091017200_14062023000074', '0091017200_14062023000074']
Stack 10 with items: ['0091017200_14062023000074', '0091017200_14062023000010', '0091017200_14062023000010']
Stack 11 with items: ['0091017200_14062023000010', '0091017200_14062023000010', '0091017200_14062023000010']
Stack 12 with items: ['0091017200_14062023000010', '0091017200_14062023000010']
Stack 13 with items: ['0091017200_14062023000093', '0091017200_14062023000093']
Stack 14 with items: ['0091017200_14062023000028', '0091017200_14062023000028']
Stack 15 with items: ['0091017200_14062023000093', '0091017200_14062023000093']
Stack 16 with items: ['0091017200_14062023000028', '0091017200_14062023000028']
Stack 17 with items: ['0091017200_14062023000028', '0091017200_14062023000028']
Stack 18 with items: ['0091017200_14062023000093', '0091017200_14062023000093']
Stack 19 with items: ['0091017200_14062023000093', '0091017200_14062023000093']
Stack 20 with items: ['0091017200_14062023000028', '0091017200_14062023000028']
Stack 21 with items: ['0091017200_14062023000028', '0091017200_14062023000028']
Stack 22 with items: ['0091017200_14062023000093', '0091017200_14062023000093']
Heuristic packed all stacks

----------------------------------------------------------------------------------------------------
2D Packing Heuristic in Truck P202630901
Min2DVol: 29.99999999999999 [m2]
Stack 0 with items: ['0091017200_14062023000046', '0091017200_14062023000046', '0091017200_14062023000046']
Stack 1 with items: ['0091017200_14062023000042', '0091017200_14062023000042', '0091017200_14062023000042']
Stack 2 with items: ['0091017200_14062023000042', '0091017200_14062023000042', '0091017200_14062023000042']
Stack 3 with items: ['0091017200_14062023000042', '0091017200_14062023000042', '0091017200_14062023000042']
Stack 4 with items: ['0091017200_14062023000042', '0091017200_14062023000042', '0091017200_14062023000042']
Stack 5 with items: ['0091017200_14062023000042', '0091017200_14062023000042', '0091017200_14062023000042']
Stack 6 with items: ['0091017200_14062023000042', '0091017200_14062023000042', '0091017200_14062023000042']
Stack 7 with items: ['0091017200_14062023000042', '0091017200_14062023000042', '0091017200_14062023000042']
Stack 8 with items: ['0091017200_14062023000042', '0091017200_14062023000042', '0091017200_14062023000042']
Stack 9 with items: ['0091017200_14062023000025', '0091017200_14062023000025', '0091017200_14062023000025']
Stack 10 with items: ['0091017200_14062023000025', '0091017200_14062023000025']
Stack 11 with items: ['0091017200_14062023000125', '0091017200_14062023000125']
Stack 12 with items: ['0091017200_14062023000125', '0091017200_14062023000125']
Stack 13 with items: ['0091017200_14062023000125', '0091017200_14062023000125']
Stack 14 with items: ['0091017200_14062023000125', '0091017200_14062023000125']
Stack 15 with items: ['0091017200_14062023000120', '0091017200_14062023000120']
Stack 16 with items: ['0091017200_14062023000125', '0091017200_14062023000125']
Stack 17 with items: ['0091017200_14062023000120', '0091017200_14062023000120']
Stack 18 with items: ['0091017200_14062023000125', '0091017200_14062023000125']
Stack 19 with items: ['0091017200_14062023000120']
Stack 20 with items: ['0091017200_14062023000120', '0091017200_14062023000120']
Stack 21 with items: ['0091017200_14062023000120', '0091017200_14062023000120']
Stack 22 with items: ['0091017200_14062023000120', '0091017200_14062023000120']
Stack 23 with items: ['0091017200_14062023000120', '0091017200_14062023000123']
Stack 24 with items: ['0091017200_14062023000125', '0091017200_14062023000120']
Heuristic packed all stacks
****************************************************************************************************
****************************************************************************************************
****************************************************************************************************
Final Solution
Objective;29100.0
Transportation cost;28500.0
Inventory cost;600.0
Runtime;1.22
****************************************************************************************************
****************************************************************************************************
****************************************************************************************************
####################################################################################################
Export solution
End ROADEF
####################################################################################################
####################################################################################################
####################################################################################################
####################################################################################################
####################################################################################################
####################################################################################################
####################################################################################################

real	0m6.604s
user	0m1.910s
sys	0m0.817s
finished at Wed Oct 11 23:26:05 CEST 2023
