cpu-bind=MASK - cn-0255, task  0  0 [2308368]: mask |BBBBBBBB------------||||--------------------|  set
Python 3.10.6
Gurobi Optimizer version 10.0.0 build v10.0.0rc2 (linux64)
Copyright (c) 2022, Gurobi Optimization, LLC
started at Wed Oct 11 23:42:32 CEST 2023
####################################################################################################
####################################################################################################
Start ROADEF
Set parameter TokenServer to value "license3.uni-paderborn.de"
####################################################################################################
####################################################################################################
Time for optimization 3600.0 (s)
####################################################################################################
Data read
Took 	00:00:00.027
####################################################################################################
Presolve
Anzahl Trucks in OPtimierungsproblem:  22
Itemgruppen in AP werden eher enger gemacht:  False
Start Reduction
Orinigial Anzahl:  217 665
Reduzierte Anzahl:  69 665
####################################################################################################
Load Assignment 1 solution
Set parameter MIPFocus to value 1
Set parameter TimeLimit to value 323.91
Set parameter Threads to value 8
Set parameter MIPGap to value 0.005
Gurobi Optimizer version 10.0.0 build v10.0.0rc2 (linux64)

CPU model: Intel(R) Xeon(R) Gold 6148 CPU @ 2.40GHz, instruction set [SSE2|AVX|AVX2|AVX512]
Thread count: 40 physical cores, 40 logical processors, using up to 8 threads

Optimize a model with 282 rows, 365 columns and 1076 nonzeros
Model fingerprint: 0xefcf5a40
Variable types: 44 continuous, 321 integer (22 binary)
Coefficient statistics:
  Matrix range     [1e-01, 2e+04]
  Objective range  [2e+01, 4e+03]
  Bounds range     [1e+00, 3e+01]
  RHS range        [1e+00, 3e+01]
Presolve removed 197 rows and 218 columns
Presolve time: 0.01s
Presolved: 85 rows, 147 columns, 452 nonzeros
Variable types: 0 continuous, 147 integer (52 binary)
Found heuristic solution: objective 63694.000000

Root relaxation: objective 2.575098e+04, 47 iterations, 0.00 seconds (0.00 work units)

    Nodes    |    Current Node    |     Objective Bounds      |     Work
 Expl Unexpl |  Obj  Depth IntInf | Incumbent    BestBd   Gap | It/Node Time

     0     0 25750.9800    0   20 63694.0000 25750.9800  59.6%     -    0s
H    0     0                    46602.000000 25750.9800  44.7%     -    0s
H    0     0                    39868.000000 25750.9800  35.4%     -    0s
H    0     0                    39496.000000 25750.9800  34.8%     -    0s
H    0     0                    37599.000000 25750.9800  31.5%     -    0s
H    0     0                    36579.000000 32450.2662  11.3%     -    0s
H    0     0                    35609.000000 32450.2662  8.87%     -    0s
     0     0 32450.2662    0   37 35609.0000 32450.2662  8.87%     -    0s
H    0     0                    34688.000000 32509.0029  6.28%     -    0s
     0     0 32526.2247    0   34 34688.0000 32526.2247  6.23%     -    0s
     0     0 32526.2247    0   26 34688.0000 32526.2247  6.23%     -    0s
     0     0 32526.2247    0   25 34688.0000 32526.2247  6.23%     -    0s
H    0     0                    34198.000000 32526.2247  4.89%     -    0s
H    0     0                    33432.000000 32526.2247  2.71%     -    0s
H    0     0                    33060.000000 32817.9776  0.73%     -    0s
     0     0 32831.8929    0   12 33060.0000 32831.8929  0.69%     -    0s
     0     0 32831.8929    0   22 33060.0000 32831.8929  0.69%     -    0s
     0     0 32831.8929    0   21 33060.0000 32831.8929  0.69%     -    0s
     0     0 32881.5831    0   21 33060.0000 32881.5831  0.54%     -    0s
     0     0 32909.1897    0   17 33060.0000 32909.1897  0.46%     -    0s

Cutting planes:
  Gomory: 1
  Cover: 6
  Implied bound: 10
  Clique: 2
  MIR: 6
  StrongCG: 4
  Flow cover: 1
  Network: 1

Explored 1 nodes (131 simplex iterations) in 0.02 seconds (0.01 work units)
Thread count was 8 (of 40 available processors)

Solution count 10: 33060 33432 34198 ... 46602

Optimal solution found (tolerance 5.00e-03)
Best objective 3.306000000000e+04, best bound 3.291000000000e+04, gap 0.4537%

User-callback calls 611, time in user-callback 0.00 sec
Objective AP1: 33060.0, MIP-Gap: 0.45%
AP0 requires 15 trucks and 3 pseudo trucks.
####################################################################################################
####################################################################################################
Assignment 1
Set parameter TimeLimit to value 6.4772974339586688e+02
Set parameter Threads to value 8
Set parameter MIPGap to value 1e-16
Gurobi Optimizer version 10.0.0 build v10.0.0rc2 (linux64)

CPU model: Intel(R) Xeon(R) Gold 6148 CPU @ 2.40GHz, instruction set [SSE2|AVX|AVX2|AVX512]
Thread count: 40 physical cores, 40 logical processors, using up to 8 threads

Optimize a model with 721 rows, 2486 columns and 14683 nonzeros
Model fingerprint: 0x6c10db1e
Variable types: 44 continuous, 2442 integer (1892 binary)
Coefficient statistics:
  Matrix range     [5e-01, 3e+04]
  Objective range  [2e+01, 2e+03]
  Bounds range     [1e+00, 3e+01]
  RHS range        [1e+00, 6e+01]
Presolve removed 721 rows and 2486 columns
Presolve time: 0.00s
Presolve: All rows and columns removed

Explored 0 nodes (0 simplex iterations) in 0.01 seconds (0.01 work units)
Thread count was 1 (of 40 available processors)

Solution count 1: 32718 

Optimal solution found (tolerance 1.00e-16)
Best objective 3.271800000000e+04, best bound 3.271800000000e+04, gap 0.0000%
####################################################################################################
Hier wird die fixierte Version nochmal relaxiert um bessere Lösungen zu erhalten
Set parameter TimeLimit to value 6.4762203279969287e+02
Set parameter MIPFocus to value 1
Gurobi Optimizer version 10.0.0 build v10.0.0rc2 (linux64)

CPU model: Intel(R) Xeon(R) Gold 6148 CPU @ 2.40GHz, instruction set [SSE2|AVX|AVX2|AVX512]
Thread count: 40 physical cores, 40 logical processors, using up to 8 threads

Optimize a model with 525 rows, 2486 columns and 13962 nonzeros
Model fingerprint: 0x9aa30dcd
Variable types: 44 continuous, 2442 integer (1892 binary)
Coefficient statistics:
  Matrix range     [5e-01, 3e+04]
  Objective range  [2e+01, 2e+03]
  Bounds range     [1e+00, 3e+01]
  RHS range        [1e+00, 3e+01]

MIP start from previous solve produced solution with objective 32718 (0.00s)
Loaded MIP start from previous solve with objective 32718

Presolve removed 334 rows and 904 columns
Presolve time: 0.05s
Presolved: 191 rows, 1582 columns, 5626 nonzeros
Found heuristic solution: objective 32016.000000
Variable types: 0 continuous, 1582 integer (1361 binary)

Root relaxation: objective 2.373828e+04, 71 iterations, 0.00 seconds (0.00 work units)

    Nodes    |    Current Node    |     Objective Bounds      |     Work
 Expl Unexpl |  Obj  Depth IntInf | Incumbent    BestBd   Gap | It/Node Time

     0     0 23738.2836    0   34 32016.0000 23738.2836  25.9%     -    0s
     0     0 23738.2836    0   32 32016.0000 23738.2836  25.9%     -    0s
H    0     0                    31926.000000 23738.2836  25.6%     -    0s
     0     0 29632.5318    0   76 31926.0000 29632.5318  7.18%     -    0s
     0     0 30339.3730    0   72 31926.0000 30339.3730  4.97%     -    0s
     0     0 30416.7557    0   76 31926.0000 30416.7557  4.73%     -    0s
     0     0 30428.7155    0   67 31926.0000 30428.7155  4.69%     -    0s
     0     0 30429.6925    0   69 31926.0000 30429.6925  4.69%     -    0s
H    0     0                    31792.000000 30578.4185  3.82%     -    0s
     0     0 30832.8907    0   54 31792.0000 30832.8907  3.02%     -    0s
H    0     0                    31789.000000 30832.8907  3.01%     -    0s
H    0     0                    31784.000000 30832.8907  2.99%     -    0s
     0     0 30832.8907    0   48 31784.0000 30832.8907  2.99%     -    0s
     0     0 30832.8907    0   50 31784.0000 30832.8907  2.99%     -    0s
H    0     0                    31749.000000 30832.8907  2.89%     -    0s
H    0     0                    31681.000000 30832.8907  2.68%     -    0s
     0     0 30832.8907    0   61 31681.0000 30832.8907  2.68%     -    0s
     0     0 30832.8907    0   57 31681.0000 30832.8907  2.68%     -    0s
     0     0 30837.6500    0   77 31681.0000 30837.6500  2.66%     -    0s
H    0     0                    31579.000000 30837.6500  2.35%     -    0s
H    0     0                    31545.000000 30837.6500  2.24%     -    0s
H    0     0                    31522.000000 30837.6500  2.17%     -    0s
     0     0 30874.8162    0   83 31522.0000 30874.8162  2.05%     -    0s
H    0     0                    31520.000000 30874.8162  2.05%     -    0s
     0     0 30874.8162    0   93 31520.0000 30874.8162  2.05%     -    0s
     0     0 30874.8162    0   95 31520.0000 30874.8162  2.05%     -    0s
H    0     0                    31506.000000 30874.8162  2.00%     -    0s
H    0     0                    31454.000000 30874.8162  1.84%     -    0s
H    0     0                    31427.000000 30874.8162  1.76%     -    0s
     0     0 30874.8162    0  100 31427.0000 30874.8162  1.76%     -    0s
     0     0 30874.8162    0   31 31427.0000 30874.8162  1.76%     -    0s
     0     0 30874.8162    0   56 31427.0000 30874.8162  1.76%     -    0s
     0     0 30874.8162    0   56 31427.0000 30874.8162  1.76%     -    0s
     0     0 30874.8162    0   56 31427.0000 30874.8162  1.76%     -    0s
     0     0 30874.8162    0   56 31427.0000 30874.8162  1.76%     -    0s
     0     0 30874.8162    0   56 31427.0000 30874.8162  1.76%     -    0s
     0     0 30874.8162    0   56 31427.0000 30874.8162  1.76%     -    0s
     0     0 30874.8162    0   56 31427.0000 30874.8162  1.76%     -    0s
     0     0 30874.8162    0   56 31427.0000 30874.8162  1.76%     -    0s
     0     0 30874.8162    0   56 31427.0000 30874.8162  1.76%     -    0s
     0     0 30874.8162    0   56 31427.0000 30874.8162  1.76%     -    0s
     0     0 30874.8162    0   56 31427.0000 30874.8162  1.76%     -    0s
     0     0 31314.7347    0   40 31427.0000 31314.7347  0.36%     -    0s
     0     0 31314.7347    0   40 31427.0000 31314.7347  0.36%     -    0s
     0     0 31314.7347    0   23 31427.0000 31314.7347  0.36%     -    0s
     0     0 31328.9735    0   48 31427.0000 31328.9735  0.31%     -    0s
     0     0 31329.5323    0   44 31427.0000 31329.5323  0.31%     -    0s
     0     0 31329.8410    0   70 31427.0000 31329.8410  0.31%     -    0s
     0     0 31329.8694    0   76 31427.0000 31329.8694  0.31%     -    0s
     0     0 31329.8694    0   78 31427.0000 31329.8694  0.31%     -    0s
     0     0 31329.8694    0   80 31427.0000 31329.8694  0.31%     -    0s
     0     0 31330.6770    0   86 31427.0000 31330.6770  0.31%     -    0s
     0     0 31331.0347    0   86 31427.0000 31331.0347  0.31%     -    0s
H    0     0                    31423.000000 31331.0347  0.29%     -    0s
H    0     0                    31413.000000 31331.0347  0.26%     -    0s
H    0     0                    31391.000000 31331.0347  0.19%     -    0s
     0     0 31337.1439    0   75 31391.0000 31337.1439  0.17%     -    0s
H    0     0                    31371.000000 31337.1439  0.11%     -    0s
H    0     0                    31358.000000 31337.1439  0.07%     -    0s
     0     0 31338.8747    0   81 31358.0000 31338.8747  0.06%     -    0s
     0     0 31338.8747    0   81 31358.0000 31338.8747  0.06%     -    0s
     0     0 31338.8747    0   85 31358.0000 31338.8747  0.06%     -    0s
     0     0 31338.8747    0   87 31358.0000 31338.8747  0.06%     -    0s
     0     0 31338.8747    0   92 31358.0000 31338.8747  0.06%     -    0s
H    0     0                    31344.000000 31338.8747  0.02%     -    0s
     0     0 31341.8230    0   81 31344.0000 31341.8230  0.01%     -    0s
     0     0 31342.1572    0   80 31344.0000 31342.1572  0.01%     -    0s

Cutting planes:
  Gomory: 6
  Lift-and-project: 1
  Cover: 18
  Implied bound: 46
  Clique: 11
  MIR: 30
  StrongCG: 6
  Flow cover: 9
  Zero half: 3
  Mod-K: 1
  Network: 2
  RLT: 18
  Relax-and-lift: 6

Explored 1 nodes (1224 simplex iterations) in 0.50 seconds (0.27 work units)
Thread count was 8 (of 40 available processors)

Solution count 10: 31344 31358 31371 ... 31520

Optimal solution found (tolerance 1.00e-16)
Best objective 3.134400000000e+04, best bound 3.134400000000e+04, gap 0.0000%

User-callback calls 688, time in user-callback 0.00 sec
Objective AP1: 31344.0, MIP-Gap: 0.0%
AP1 requires 18 trucks to transport 665 items. 16 trucks and 2 pseudo trucks.

P170654301 0

P171654305 0

P173654305 0

P178654305 1

P185654305 0

P186654301 0

P187654305 0

P191654301 0

P192654305 0

P194654305 0

P198654301 0

P199654305 0

P201654305 0

P205654301 0

P208654305 0

P236654305 1
Took 	00:00:00.702
####################################################################################################
####################################################################################################
Simple Packing:  2
dataP.t2DSP:  1
####################################################################################################
####################################################################################################
First packing

----------------------------------------------------------------------------------------------------
3D Packing Heuristic in Truck P170654301
Item 0091017300_08062023000017 with: 2
Item 0091017300_08062023000092 with: 2
Item 0091017300_08062023000179 with: 3
Item 0091017300_08062023000196 with: 2
Heuristic packed all items

----------------------------------------------------------------------------------------------------
3D Packing Heuristic in Truck P198654301
Item 0091017300_08062023000016 with: 2
Item 0091017300_08062023000053 with: 2
Item 0091017300_08062023000113 with: 3
Item 0091017300_08062023000115 with: 1
Item 0091017300_08062023000161 with: 1
Item 0091017300_08062023000181 with: 1
Heuristic packed all items

----------------------------------------------------------------------------------------------------
3D Packing Heuristic in Truck P191654301
Item 0091017300_08062023000011 with: 1
Item 0091017300_08062023000046 with: 1
Item 0091017300_08062023000107 with: 1
Item 0091017300_08062023000151 with: 2
Item 0091017300_08062023000152 with: 1
Item 0091017300_08062023000167 with: 2
Item 0091017300_08062023000186 with: 2
Item 0091017300_08062023000214 with: 1
Heuristic packed all items

----------------------------------------------------------------------------------------------------
3D Packing Heuristic in Truck P205654301
Item 0091017300_08062023000022 with: 1
Item 0091017300_08062023000030 with: 1
Item 0091017300_08062023000066 with: 3
Item 0091017300_08062023000077 with: 1
Item 0091017300_08062023000130 with: 1
Item 0091017300_08062023000137 with: 2
Item 0091017300_08062023000143 with: 1
Item 0091017300_08062023000193 with: 3
Item 0091017300_08062023000198 with: 1
Item 0091017300_08062023000205 with: 2
Item 0091017300_08062023000211 with: 1
Heuristic packed all items

----------------------------------------------------------------------------------------------------
2D Packing Heuristic in Truck P186654301
Min2DVol: 17.999999999999996 [m2]
Stack 0 with items: ['0091017300_08062023000216', '0091017300_08062023000216']
Stack 1 with items: ['0091017300_08062023000216', '0091017300_08062023000216']
Stack 2 with items: ['0091017300_08062023000216', '0091017300_08062023000216']
Stack 3 with items: ['0091017300_08062023000208', '0091017300_08062023000208']
Stack 4 with items: ['0091017300_08062023000208', '0091017300_08062023000208']
Stack 5 with items: ['0091017300_08062023000208', '0091017300_08062023000208']
Stack 6 with items: ['0091017300_08062023000208', '0091017300_08062023000208']
Stack 7 with items: ['0091017300_08062023000194', '0091017300_08062023000175']
Stack 8 with items: ['0091017300_08062023000148', '0091017300_08062023000148']
Stack 9 with items: ['0091017300_08062023000141', '0091017300_08062023000132']
Stack 10 with items: ['0091017300_08062023000132', '0091017300_08062023000097']
Stack 11 with items: ['0091017300_08062023000097', '0091017300_08062023000097']
Stack 12 with items: ['0091017300_08062023000097', '0091017300_08062023000097']
Stack 13 with items: ['0091017300_08062023000040', '0091017300_08062023000039']
Stack 14 with items: ['0091017300_08062023000039']
Heuristic packed all stacks

----------------------------------------------------------------------------------------------------
2D Packing Heuristic in Truck P185654305
Min2DVol: 16.872239999999994 [m2]
Stack 0 with items: ['0091017300_08062023000125', '0091017300_08062023000100', '0091017300_08062023000086']
Stack 1 with items: ['0091017300_08062023000086', '0091017300_08062023000026', '0091017300_08062023000051', '0091017300_08062023000006']
Stack 2 with items: ['0091017300_08062023000041', '0091017300_08062023000032', '0091017300_08062023000006']
Stack 3 with items: ['0091017300_08062023000032']
Stack 4 with items: ['0091017300_08062023000085', '0091017300_08062023000085']
Stack 5 with items: ['0091017300_08062023000085', '0091017300_08062023000085']
Stack 6 with items: ['0091017300_08062023000062', '0091017300_08062023000188']
Stack 7 with items: ['0091017300_08062023000037', '0091017300_08062023000085']
Stack 8 with items: ['0091017300_08062023000111', '0091017300_08062023000085']
Stack 9 with items: ['0091017300_08062023000085', '0091017300_08062023000085']
Stack 10 with items: ['0091017300_08062023000037', '0091017300_08062023000188']
Stack 11 with items: ['0091017300_08062023000062']
Stack 12 with items: ['0091017300_08062023000062', '0091017300_08062023000062']
Stack 13 with items: ['0091017300_08062023000062', '0091017300_08062023000062']
Heuristic packed all stacks

----------------------------------------------------------------------------------------------------
2D Packing Heuristic in Truck P199654305
Min2DVol: 21.690299999999993 [m2]
Stack 0 with items: ['0091017300_08062023000087', '0091017300_08062023000052', '0091017300_08062023000207']
Stack 1 with items: ['0091017300_08062023000138', '0091017300_08062023000007', '0091017300_08062023000138']
Stack 2 with items: ['0091017300_08062023000207', '0091017300_08062023000065', '0091017300_08062023000065']
Stack 3 with items: ['0091017300_08062023000140', '0091017300_08062023000106', '0091017300_08062023000106', '0091017300_08062023000140']
Stack 4 with items: ['0091017300_08062023000185', '0091017300_08062023000007', '0091017300_08062023000201']
Stack 5 with items: ['0091017300_08062023000215', '0091017300_08062023000215']
Stack 6 with items: ['0091017300_08062023000206', '0091017300_08062023000177']
Stack 7 with items: ['0091017300_08062023000177', '0091017300_08062023000177']
Stack 8 with items: ['0091017300_08062023000123', '0091017300_08062023000123']
Stack 9 with items: ['0091017300_08062023000120', '0091017300_08062023000116']
Stack 10 with items: ['0091017300_08062023000116', '0091017300_08062023000116']
Stack 11 with items: ['0091017300_08062023000116', '0091017300_08062023000112']
Stack 12 with items: ['0091017300_08062023000112', '0091017300_08062023000112']
Stack 13 with items: ['0091017300_08062023000112', '0091017300_08062023000112']
Stack 14 with items: ['0091017300_08062023000072', '0091017300_08062023000072']
Stack 15 with items: ['0091017300_08062023000050', '0091017300_08062023000050']
Stack 16 with items: ['0091017300_08062023000036', '0091017300_08062023000036']
Stack 17 with items: ['0091017300_08062023000015']
Heuristic packed all stacks

----------------------------------------------------------------------------------------------------
2D Packing Heuristic in Truck P208654305
Min2DVol: 21.708359999999992 [m2]
Stack 0 with items: ['0091017300_08062023000180', '0091017300_08062023000173', '0091017300_08062023000160']
Stack 1 with items: ['0091017300_08062023000160', '0091017300_08062023000144', '0091017300_08062023000160']
Stack 2 with items: ['0091017300_08062023000144', '0091017300_08062023000118', '0091017300_08062023000118']
Stack 3 with items: ['0091017300_08062023000118', '0091017300_08062023000105', '0091017300_08062023000076']
Stack 4 with items: ['0091017300_08062023000079', '0091017300_08062023000023', '0091017300_08062023000079']
Stack 5 with items: ['0091017300_08062023000076', '0091017300_08062023000023', '0091017300_08062023000023', '0091017300_08062023000001']
Stack 6 with items: ['0091017300_08062023000094', '0091017300_08062023000094']
Stack 7 with items: ['0091017300_08062023000094', '0091017300_08062023000094']
Stack 8 with items: ['0091017300_08062023000094', '0091017300_08062023000094']
Stack 9 with items: ['0091017300_08062023000094', '0091017300_08062023000104']
Stack 10 with items: ['0091017300_08062023000104', '0091017300_08062023000104']
Stack 11 with items: ['0091017300_08062023000042', '0091017300_08062023000042']
Stack 12 with items: ['0091017300_08062023000027', '0091017300_08062023000080']
Stack 13 with items: ['0091017300_08062023000027', '0091017300_08062023000027']
Stack 14 with items: ['0091017300_08062023000104', '0091017300_08062023000104']
Stack 15 with items: ['0091017300_08062023000104', '0091017300_08062023000104']
Stack 16 with items: ['0091017300_08062023000094', '0091017300_08062023000094']
Stack 17 with items: ['0091017300_08062023000080', '0091017300_08062023000154']
Heuristic packed all stacks

----------------------------------------------------------------------------------------------------
2D Packing Heuristic in Truck P171654305
Min2DVol: 22.890299999999993 [m2]
Stack 0 with items: ['0091017300_08062023000078', '0091017300_08062023000058', '0091017300_08062023000078', '0091017300_08062023000078', '0091017300_08062023000078']
Stack 1 with items: ['0091017300_08062023000178', '0091017300_08062023000103', '0091017300_08062023000021']
Stack 2 with items: ['0091017300_08062023000190', '0091017300_08062023000021', '0091017300_08062023000190']
Stack 3 with items: ['0091017300_08062023000013', '0091017300_08062023000136', '0091017300_08062023000136', '0091017300_08062023000136', '0091017300_08062023000136']
Stack 4 with items: ['0091017300_08062023000003']
Stack 5 with items: ['0091017300_08062023000212', '0091017300_08062023000212']
Stack 6 with items: ['0091017300_08062023000212', '0091017300_08062023000212']
Stack 7 with items: ['0091017300_08062023000212', '0091017300_08062023000168']
Stack 8 with items: ['0091017300_08062023000162', '0091017300_08062023000162']
Stack 9 with items: ['0091017300_08062023000117', '0091017300_08062023000117']
Stack 10 with items: ['0091017300_08062023000117', '0091017300_08062023000110']
Stack 11 with items: ['0091017300_08062023000110', '0091017300_08062023000110']
Stack 12 with items: ['0091017300_08062023000110', '0091017300_08062023000109']
Stack 13 with items: ['0091017300_08062023000109', '0091017300_08062023000068']
Stack 14 with items: ['0091017300_08062023000060', '0091017300_08062023000060']
Stack 15 with items: ['0091017300_08062023000034', '0091017300_08062023000034']
Stack 16 with items: ['0091017300_08062023000034', '0091017300_08062023000034']
Stack 17 with items: ['0091017300_08062023000005', '0091017300_08062023000005']
Stack 18 with items: ['0091017300_08062023000005']
Heuristic packed all stacks

----------------------------------------------------------------------------------------------------
2D Packing Heuristic in Truck P173654305
Min2DVol: 22.90835999999999 [m2]
Stack 0 with items: ['0091017300_08062023000067', '0091017300_08062023000031', '0091017300_08062023000031', '0091017300_08062023000163']
Stack 1 with items: ['0091017300_08062023000197', '0091017300_08062023000163', '0091017300_08062023000163']
Stack 2 with items: ['0091017300_08062023000031', '0091017300_08062023000031', '0091017300_08062023000031', '0091017300_08062023000147', '0091017300_08062023000147']
Stack 3 with items: ['0091017300_08062023000031', '0091017300_08062023000176', '0091017300_08062023000176', '0091017300_08062023000176', '0091017300_08062023000176', '0091017300_08062023000176', '0091017300_08062023000176']
Stack 4 with items: ['0091017300_08062023000091', '0091017300_08062023000091', '0091017300_08062023000091']
Stack 5 with items: ['0091017300_08062023000197', '0091017300_08062023000093']
Stack 6 with items: ['0091017300_08062023000164', '0091017300_08062023000150']
Stack 7 with items: ['0091017300_08062023000127', '0091017300_08062023000119']
Stack 8 with items: ['0091017300_08062023000119', '0091017300_08062023000119']
Stack 9 with items: ['0091017300_08062023000119', '0091017300_08062023000119']
Stack 10 with items: ['0091017300_08062023000119', '0091017300_08062023000101']
Stack 11 with items: ['0091017300_08062023000101', '0091017300_08062023000101']
Stack 12 with items: ['0091017300_08062023000101', '0091017300_08062023000083']
Stack 13 with items: ['0091017300_08062023000083', '0091017300_08062023000083']
Stack 14 with items: ['0091017300_08062023000083', '0091017300_08062023000057']
Stack 15 with items: ['0091017300_08062023000057', '0091017300_08062023000057']
Stack 16 with items: ['0091017300_08062023000057', '0091017300_08062023000057']
Stack 17 with items: ['0091017300_08062023000057', '0091017300_08062023000057']
Stack 18 with items: ['0091017300_08062023000057']
Heuristic packed all stacks

----------------------------------------------------------------------------------------------------
2D Packing Heuristic in Truck P192654305
Min2DVol: 27.708360000000003 [m2]
Stack 0 with items: ['0091017300_08062023000213', '0091017300_08062023000213']
Stack 1 with items: ['0091017300_08062023000213', '0091017300_08062023000213']
Stack 2 with items: ['0091017300_08062023000213', '0091017300_08062023000189']
Stack 3 with items: ['0091017300_08062023000183', '0091017300_08062023000183']
Stack 4 with items: ['0091017300_08062023000183', '0091017300_08062023000183']
Stack 5 with items: ['0091017300_08062023000183', '0091017300_08062023000166']
Stack 6 with items: ['0091017300_08062023000166', '0091017300_08062023000165']
Stack 7 with items: ['0091017300_08062023000165', '0091017300_08062023000133']
Stack 8 with items: ['0091017300_08062023000126', '0091017300_08062023000126']
Stack 9 with items: ['0091017300_08062023000126', '0091017300_08062023000126']
Stack 10 with items: ['0091017300_08062023000069', '0091017300_08062023000035']
Stack 11 with items: ['0091017300_08062023000035', '0091017300_08062023000035']
Stack 12 with items: ['0091017300_08062023000035', '0091017300_08062023000035']
Stack 13 with items: ['0091017300_08062023000035', '0091017300_08062023000035']
Stack 14 with items: ['0091017300_08062023000035', '0091017300_08062023000010']
Stack 15 with items: ['0091017300_08062023000002', '0091017300_08062023000002']
Stack 16 with items: ['0091017300_08062023000002']
Stack 17 with items: ['0091017300_08062023000122', '0091017300_08062023000088']
Stack 18 with items: ['0091017300_08062023000187', '0091017300_08062023000048', '0091017300_08062023000048', '0091017300_08062023000142', '0091017300_08062023000048']
Stack 19 with items: ['0091017300_08062023000171', '0091017300_08062023000096', '0091017300_08062023000171']
Stack 20 with items: ['0091017300_08062023000174', '0091017300_08062023000099', '0091017300_08062023000099']
Stack 21 with items: ['0091017300_08062023000174', '0091017300_08062023000142', '0091017300_08062023000142']
Stack 22 with items: ['0091017300_08062023000099', '0091017300_08062023000096', '0091017300_08062023000096', '0091017300_08062023000088']
Heuristic packed all stacks

----------------------------------------------------------------------------------------------------
2D Packing Heuristic in Truck P187654305
Min2DVol: 28.944479999999988 [m2]
Stack 0 with items: ['0091017300_08062023000210', '0091017300_08062023000129', '0091017300_08062023000169', '0091017300_08062023000129']
Stack 1 with items: ['0091017300_08062023000169', '0091017300_08062023000124', '0091017300_08062023000075']
Stack 2 with items: ['0091017300_08062023000124', '0091017300_08062023000098', '0091017300_08062023000089']
Stack 3 with items: ['0091017300_08062023000089', '0091017300_08062023000089', '0091017300_08062023000089']
Stack 4 with items: ['0091017300_08062023000089', '0091017300_08062023000055', '0091017300_08062023000049']
Stack 5 with items: ['0091017300_08062023000055', '0091017300_08062023000028']
Stack 6 with items: ['0091017300_08062023000028', '0091017300_08062023000028', '0091017300_08062023000028']
Stack 7 with items: ['0091017300_08062023000028', '0091017300_08062023000004']
Stack 8 with items: ['0091017300_08062023000184', '0091017300_08062023000184']
Stack 9 with items: ['0091017300_08062023000084', '0091017300_08062023000084']
Stack 10 with items: ['0091017300_08062023000084', '0091017300_08062023000084']
Stack 11 with items: ['0091017300_08062023000084', '0091017300_08062023000084']
Stack 12 with items: ['0091017300_08062023000064', '0091017300_08062023000064']
Stack 13 with items: ['0091017300_08062023000064', '0091017300_08062023000064']
Stack 14 with items: ['0091017300_08062023000084', '0091017300_08062023000084']
Stack 15 with items: ['0091017300_08062023000040', '0091017300_08062023000064']
Stack 16 with items: ['0091017300_08062023000084', '0091017300_08062023000184']
Stack 17 with items: ['0091017300_08062023000148', '0091017300_08062023000148']
Stack 18 with items: ['0091017300_08062023000064', '0091017300_08062023000064']
Stack 19 with items: ['0091017300_08062023000040', '0091017300_08062023000040']
Stack 20 with items: ['0091017300_08062023000064', '0091017300_08062023000064']
Stack 21 with items: ['0091017300_08062023000040', '0091017300_08062023000040']
Stack 22 with items: ['0091017300_08062023000148', '0091017300_08062023000184']
Stack 23 with items: ['0091017300_08062023000084', '0091017300_08062023000084']
Heuristic packed all stacks

----------------------------------------------------------------------------------------------------
2D Packing Heuristic in Truck P194654305
Min2DVol: 27.726419999999987 [m2]
Stack 0 with items: ['0091017300_08062023000134', '0091017300_08062023000095', '0091017300_08062023000131', '0091017300_08062023000095']
Stack 1 with items: ['0091017300_08062023000217', '0091017300_08062023000128', '0091017300_08062023000108', '0091017300_08062023000217']
Stack 2 with items: ['0091017300_08062023000074', '0091017300_08062023000074', '0091017300_08062023000108', '0091017300_08062023000108']
Stack 3 with items: ['0091017300_08062023000095', '0091017300_08062023000121', '0091017300_08062023000159', '0091017300_08062023000217']
Stack 4 with items: ['0091017300_08062023000159', '0091017300_08062023000134', '0091017300_08062023000155', '0091017300_08062023000134']
Stack 5 with items: ['0091017300_08062023000146', '0091017300_08062023000146', '0091017300_08062023000146']
Stack 6 with items: ['0091017300_08062023000074', '0091017300_08062023000074', '0091017300_08062023000134']
Stack 7 with items: ['0091017300_08062023000081', '0091017300_08062023000157']
Stack 8 with items: ['0091017300_08062023000157', '0091017300_08062023000157']
Stack 9 with items: ['0091017300_08062023000157', '0091017300_08062023000157']
Stack 10 with items: ['0091017300_08062023000199', '0091017300_08062023000199']
Stack 11 with items: ['0091017300_08062023000157', '0091017300_08062023000157']
Stack 12 with items: ['0091017300_08062023000081', '0091017300_08062023000081']
Stack 13 with items: ['0091017300_08062023000157', '0091017300_08062023000157']
Stack 14 with items: ['0091017300_08062023000081', '0091017300_08062023000139']
Stack 15 with items: ['0091017300_08062023000157', '0091017300_08062023000139']
Stack 16 with items: ['0091017300_08062023000139', '0091017300_08062023000139']
Stack 17 with items: ['0091017300_08062023000139', '0091017300_08062023000139']
Stack 18 with items: ['0091017300_08062023000139', '0091017300_08062023000139']
Stack 19 with items: ['0091017300_08062023000139', '0091017300_08062023000139']
Stack 20 with items: ['0091017300_08062023000157', '0091017300_08062023000157']
Stack 21 with items: ['0091017300_08062023000213', '0091017300_08062023000213']
Stack 22 with items: ['0091017300_08062023000199', '0091017300_08062023000081']
Heuristic packed all stacks

----------------------------------------------------------------------------------------------------
2D Packing Heuristic in Truck P201654305
Min2DVol: 30.162539999999986 [m2]
Stack 0 with items: ['0091017300_08062023000191', '0091017300_08062023000191', '0091017300_08062023000191']
Stack 1 with items: ['0091017300_08062023000191', '0091017300_08062023000170', '0091017300_08062023000170', '0091017300_08062023000191']
Stack 2 with items: ['0091017300_08062023000170', '0091017300_08062023000135', '0091017300_08062023000135', '0091017300_08062023000073']
Stack 3 with items: ['0091017300_08062023000135', '0091017300_08062023000063', '0091017300_08062023000073', '0091017300_08062023000073', '0091017300_08062023000063']
Stack 4 with items: ['0091017300_08062023000063', '0091017300_08062023000047', '0091017300_08062023000047']
Stack 5 with items: ['0091017300_08062023000033', '0091017300_08062023000012', '0091017300_08062023000033']
Stack 6 with items: ['0091017300_08062023000020', '0091017300_08062023000020', '0091017300_08062023000020']
Stack 7 with items: ['0091017300_08062023000020', '0091017300_08062023000012', '0091017300_08062023000012', '0091017300_08062023000020']
Stack 8 with items: ['0091017300_08062023000008', '0091017300_08062023000008', '0091017300_08062023000008']
Stack 9 with items: ['0091017300_08062023000172', '0091017300_08062023000172']
Stack 10 with items: ['0091017300_08062023000018', '0091017300_08062023000018']
Stack 11 with items: ['0091017300_08062023000172', '0091017300_08062023000172']
Stack 12 with items: ['0091017300_08062023000061', '0091017300_08062023000061']
Stack 13 with items: ['0091017300_08062023000172', '0091017300_08062023000172']
Stack 14 with items: ['0091017300_08062023000172', '0091017300_08062023000172']
Stack 15 with items: ['0091017300_08062023000044', '0091017300_08062023000018']
Stack 16 with items: ['0091017300_08062023000015', '0091017300_08062023000015']
Stack 17 with items: ['0091017300_08062023000172', '0091017300_08062023000018']
Stack 18 with items: ['0091017300_08062023000018', '0091017300_08062023000018']
Stack 19 with items: ['0091017300_08062023000116', '0091017300_08062023000116']
Stack 20 with items: ['0091017300_08062023000018', '0091017300_08062023000018']
Stack 21 with items: ['0091017300_08062023000018', '0091017300_08062023000018']
Stack 22 with items: ['0091017300_08062023000018']
Stack 23 with items: ['0091017300_08062023000061', '0091017300_08062023000061']
Stack 24 with items: ['0091017300_08062023000061', '0091017300_08062023000061']
Heuristic packed all stacks

----------------------------------------------------------------------------------------------------
2D Packing Heuristic in Truck P236654305
Min2DVol: 15.672239999999993 [m2]
Stack 0 with items: ['0091017300_08062023000204', '0091017300_08062023000059', '0091017300_08062023000203', '0091017300_08062023000059', '0091017300_08062023000204', '0091017300_08062023000204', '0091017300_08062023000204']
Stack 1 with items: ['0091017300_08062023000200', '0091017300_08062023000158', '0091017300_08062023000200']
Stack 2 with items: ['0091017300_08062023000182', '0091017300_08062023000059', '0091017300_08062023000158', '0091017300_08062023000059']
Stack 3 with items: ['0091017300_08062023000114', '0091017300_08062023000114', '0091017300_08062023000114']
Stack 4 with items: ['0091017300_08062023000114', '0091017300_08062023000071', '0091017300_08062023000071']
Stack 5 with items: ['0091017300_08062023000071', '0091017300_08062023000045', '0091017300_08062023000071']
Stack 6 with items: ['0091017300_08062023000054', '0091017300_08062023000054']
Stack 7 with items: ['0091017300_08062023000009', '0091017300_08062023000009']
Stack 8 with items: ['0091017300_08062023000195', '0091017300_08062023000195']
Stack 9 with items: ['0091017300_08062023000202', '0091017300_08062023000202']
Stack 10 with items: ['0091017300_08062023000202', '0091017300_08062023000202']
Stack 11 with items: ['0091017300_08062023000202', '0091017300_08062023000202']
Stack 12 with items: ['0091017300_08062023000195', '0091017300_08062023000195']
Stack 13 with items: ['0091017300_08062023000209', '0091017300_08062023000209']
Stack 14 with items: ['0091017300_08062023000029', '0091017300_08062023000029']
Stack 15 with items: ['0091017300_08062023000195', '0091017300_08062023000195']
Stack 16 with items: ['0091017300_08062023000153', '0091017300_08062023000153']
Stack 17 with items: ['0091017300_08062023000202', '0091017300_08062023000202']
Stack 18 with items: ['0091017300_08062023000195', '0091017300_08062023000195']
Stack 19 with items: ['0091017300_08062023000195', '0091017300_08062023000195']
Stack 20 with items: ['0091017300_08062023000024', '0091017300_08062023000024']
Stack 21 with items: ['0091017300_08062023000195', '0091017300_08062023000195']
Stack 22 with items: ['0091017300_08062023000202', '0091017300_08062023000202']
Stack 23 with items: ['0091017300_08062023000195', '0091017300_08062023000024']
Stack 24 with items: ['0091017300_08062023000195', '0091017300_08062023000195']
Stack 25 with items: ['0091017300_08062023000202', '0091017300_08062023000202']
Stacks not packed:
Stack 20 missing: ['0091017300_08062023000024', '0091017300_08062023000024']
Stack 23 missing: ['0091017300_08062023000195', '0091017300_08062023000024']
----------------------------------------------------------------------------------------------------
3D Packing Heuristic in Truck P236654305
Item 0091017300_08062023000024 with: 3
Item 0091017300_08062023000195 with: 1
Heuristic packed all items

----------------------------------------------------------------------------------------------------
2D Packing Heuristic in Truck P178654305
Min2DVol: 23.445150000000012 [m2]
Stack 0 with items: ['0091017300_08062023000056', '0091017300_08062023000038', '0091017300_08062023000056', '0091017300_08062023000056', '0091017300_08062023000056']
Stack 1 with items: ['0091017300_08062023000014', '0091017300_08062023000014', '0091017300_08062023000149', '0091017300_08062023000149', '0091017300_08062023000149']
Stack 2 with items: ['0091017300_08062023000102', '0091017300_08062023000102', '0091017300_08062023000149', '0091017300_08062023000149', '0091017300_08062023000149']
Stack 3 with items: ['0091017300_08062023000082', '0091017300_08062023000056', '0091017300_08062023000056', '0091017300_08062023000043']
Stack 4 with items: ['0091017300_08062023000156', '0091017300_08062023000082', '0091017300_08062023000156']
Stack 5 with items: ['0091017300_08062023000192', '0091017300_08062023000192']
Stack 6 with items: ['0091017300_08062023000192', '0091017300_08062023000192']
Stack 7 with items: ['0091017300_08062023000145', '0091017300_08062023000145']
Stack 8 with items: ['0091017300_08062023000145', '0091017300_08062023000145']
Stack 9 with items: ['0091017300_08062023000145', '0091017300_08062023000090']
Stack 10 with items: ['0091017300_08062023000090', '0091017300_08062023000090']
Stack 11 with items: ['0091017300_08062023000090', '0091017300_08062023000090']
Stack 12 with items: ['0091017300_08062023000090', '0091017300_08062023000070']
Stack 13 with items: ['0091017300_08062023000070', '0091017300_08062023000070']
Stack 14 with items: ['0091017300_08062023000070', '0091017300_08062023000070']
Stack 15 with items: ['0091017300_08062023000070', '0091017300_08062023000070']
Stack 16 with items: ['0091017300_08062023000070', '0091017300_08062023000070']
Stack 17 with items: ['0091017300_08062023000070', '0091017300_08062023000070']
Stack 18 with items: ['0091017300_08062023000070', '0091017300_08062023000070']
Stack 19 with items: ['0091017300_08062023000070', '0091017300_08062023000070']
Stack 20 with items: ['0091017300_08062023000070', '0091017300_08062023000070']
Stack 21 with items: ['0091017300_08062023000070', '0091017300_08062023000070']
Stack 22 with items: ['0091017300_08062023000070', '0091017300_08062023000070']
Stack 23 with items: ['0091017300_08062023000070', '0091017300_08062023000070']
Stack 24 with items: ['0091017300_08062023000070', '0091017300_08062023000070']
Stack 25 with items: ['0091017300_08062023000070', '0091017300_08062023000070']
Stack 26 with items: ['0091017300_08062023000025', '0091017300_08062023000025']
Stack 27 with items: ['0091017300_08062023000025', '0091017300_08062023000025']
Stack 28 with items: ['0091017300_08062023000025', '0091017300_08062023000025']
Stack 29 with items: ['0091017300_08062023000025', '0091017300_08062023000025']
Stack 30 with items: ['0091017300_08062023000025', '0091017300_08062023000025']
Stack 31 with items: ['0091017300_08062023000025', '0091017300_08062023000025']
Stack 32 with items: ['0091017300_08062023000025', '0091017300_08062023000025']
Stack 33 with items: ['0091017300_08062023000025', '0091017300_08062023000025']
Stack 34 with items: ['0091017300_08062023000025', '0091017300_08062023000025']
Stack 35 with items: ['0091017300_08062023000025', '0091017300_08062023000025']
Stack 36 with items: ['0091017300_08062023000025', '0091017300_08062023000019']
Stack 37 with items: ['0091017300_08062023000019', '0091017300_08062023000019']
Stack 38 with items: ['0091017300_08062023000019', '0091017300_08062023000019']
Stacks not packed:
Stack 7 missing: ['0091017300_08062023000145', '0091017300_08062023000145']
Stack 8 missing: ['0091017300_08062023000145', '0091017300_08062023000145']
Stack 9 missing: ['0091017300_08062023000145', '0091017300_08062023000090']
Stack 10 missing: ['0091017300_08062023000090', '0091017300_08062023000090']
Stack 11 missing: ['0091017300_08062023000090', '0091017300_08062023000090']
Stack 12 missing: ['0091017300_08062023000090', '0091017300_08062023000070']
Stack 15 missing: ['0091017300_08062023000070', '0091017300_08062023000070']
Stack 16 missing: ['0091017300_08062023000070', '0091017300_08062023000070']
Stack 17 missing: ['0091017300_08062023000070', '0091017300_08062023000070']
Stack 18 missing: ['0091017300_08062023000070', '0091017300_08062023000070']
Stack 19 missing: ['0091017300_08062023000070', '0091017300_08062023000070']
Stack 20 missing: ['0091017300_08062023000070', '0091017300_08062023000070']
Stack 21 missing: ['0091017300_08062023000070', '0091017300_08062023000070']
Stack 22 missing: ['0091017300_08062023000070', '0091017300_08062023000070']
Stack 23 missing: ['0091017300_08062023000070', '0091017300_08062023000070']
Stack 24 missing: ['0091017300_08062023000070', '0091017300_08062023000070']
Stack 25 missing: ['0091017300_08062023000070', '0091017300_08062023000070']
----------------------------------------------------------------------------------------------------
2D Packing Heuristic in Truck P178654305
Min2DVol: 20.39999999999999 [m2]
Stack 0 with items: ['0091017300_08062023000145', '0091017300_08062023000145']
Stack 1 with items: ['0091017300_08062023000145', '0091017300_08062023000145']
Stack 2 with items: ['0091017300_08062023000145', '0091017300_08062023000090']
Stack 3 with items: ['0091017300_08062023000090', '0091017300_08062023000090']
Stack 4 with items: ['0091017300_08062023000090', '0091017300_08062023000090']
Stack 5 with items: ['0091017300_08062023000090', '0091017300_08062023000070']
Stack 6 with items: ['0091017300_08062023000070', '0091017300_08062023000070']
Stack 7 with items: ['0091017300_08062023000070', '0091017300_08062023000070']
Stack 8 with items: ['0091017300_08062023000070', '0091017300_08062023000070']
Stack 9 with items: ['0091017300_08062023000070', '0091017300_08062023000070']
Stack 10 with items: ['0091017300_08062023000070', '0091017300_08062023000070']
Stack 11 with items: ['0091017300_08062023000070', '0091017300_08062023000070']
Stack 12 with items: ['0091017300_08062023000070', '0091017300_08062023000070']
Stack 13 with items: ['0091017300_08062023000070', '0091017300_08062023000070']
Stack 14 with items: ['0091017300_08062023000070', '0091017300_08062023000070']
Stack 15 with items: ['0091017300_08062023000070', '0091017300_08062023000070']
Stack 16 with items: ['0091017300_08062023000070', '0091017300_08062023000070']
Heuristic packed all stacks
****************************************************************************************************
****************************************************************************************************
****************************************************************************************************
Final Solution
Objective;31344.0
Transportation cost;27600.0
Inventory cost;3744.0
Runtime;4.74
****************************************************************************************************
****************************************************************************************************
****************************************************************************************************
####################################################################################################
Export solution
End ROADEF
####################################################################################################
####################################################################################################
####################################################################################################
####################################################################################################
####################################################################################################
####################################################################################################
####################################################################################################

real	0m5.198s
user	0m13.404s
sys	0m1.016s
finished at Wed Oct 11 23:42:37 CEST 2023
