cpu-bind=MASK - cn-0109, task  0  0 [264525]: mask |--------------------||||--------BBBBBBBB----|  set
Python 3.10.6
Gurobi Optimizer version 10.0.0 build v10.0.0rc2 (linux64)
Copyright (c) 2022, Gurobi Optimization, LLC
started at Thu Oct 12 00:02:14 CEST 2023
####################################################################################################
####################################################################################################
Start ROADEF
Set parameter TokenServer to value "license3.uni-paderborn.de"
####################################################################################################
####################################################################################################
Time for optimization 3600.0 (s)
####################################################################################################
Data read
Took 	00:00:00.250
####################################################################################################
Presolve
Anzahl Trucks in OPtimierungsproblem:  22
Itemgruppen in AP werden eher enger gemacht:  False
Start Reduction
Orinigial Anzahl:  217 665
Reduzierte Anzahl:  70 665
####################################################################################################
Load Assignment 1 solution
Set parameter MIPFocus to value 1
Set parameter TimeLimit to value 323.91
Set parameter Threads to value 8
Set parameter MIPGap to value 0.005
Gurobi Optimizer version 10.0.0 build v10.0.0rc2 (linux64)

CPU model: Intel(R) Xeon(R) Gold 6148 CPU @ 2.40GHz, instruction set [SSE2|AVX|AVX2|AVX512]
Thread count: 40 physical cores, 40 logical processors, using up to 8 threads

Optimize a model with 285 rows, 363 columns and 1065 nonzeros
Model fingerprint: 0x29a494e9
Variable types: 44 continuous, 319 integer (22 binary)
Coefficient statistics:
  Matrix range     [1e-01, 2e+04]
  Objective range  [8e+01, 4e+03]
  Bounds range     [1e+00, 3e+01]
  RHS range        [1e+00, 3e+01]
Presolve removed 207 rows and 231 columns
Presolve time: 0.01s
Presolved: 78 rows, 132 columns, 402 nonzeros
Variable types: 0 continuous, 132 integer (46 binary)
Found heuristic solution: objective 143720.00000

Root relaxation: objective 3.064316e+04, 45 iterations, 0.00 seconds (0.00 work units)

    Nodes    |    Current Node    |     Objective Bounds      |     Work
 Expl Unexpl |  Obj  Depth IntInf | Incumbent    BestBd   Gap | It/Node Time

     0     0 30643.1566    0   16 143720.000 30643.1566  78.7%     -    0s
H    0     0                    48610.000000 30643.1566  37.0%     -    0s
H    0     0                    41430.000000 30643.1566  26.0%     -    0s
     0     0 40731.8940    0    8 41430.0000 40731.8940  1.69%     -    0s
H    0     0                    41280.000000 40731.8940  1.33%     -    0s
H    0     0                    40980.000000 40731.8940  0.61%     -    0s
     0     0 40731.8940    0    6 40980.0000 40731.8940  0.61%     -    0s
     0     0     cutoff    0      40980.0000 40980.0000  0.00%     -    0s

Cutting planes:
  Gomory: 2
  Cover: 5
  Implied bound: 9
  Clique: 1
  MIR: 6
  StrongCG: 1
  Flow cover: 1

Explored 1 nodes (75 simplex iterations) in 0.01 seconds (0.00 work units)
Thread count was 8 (of 40 available processors)

Solution count 5: 40980 41280 41430 ... 143720

Optimal solution found (tolerance 5.00e-03)
Best objective 4.098000000000e+04, best bound 4.098000000000e+04, gap 0.0000%

User-callback calls 519, time in user-callback 0.00 sec
Objective AP1: 40980.0, MIP-Gap: 0.0%
AP0 requires 19 trucks and 5 pseudo trucks.
####################################################################################################
####################################################################################################
Assignment 1
Set parameter TimeLimit to value 6.4750375007808213e+02
Set parameter Threads to value 8
Set parameter MIPGap to value 1e-16
Gurobi Optimizer version 10.0.0 build v10.0.0rc2 (linux64)

CPU model: Intel(R) Xeon(R) Gold 6148 CPU @ 2.40GHz, instruction set [SSE2|AVX|AVX2|AVX512]
Thread count: 40 physical cores, 40 logical processors, using up to 8 threads

Optimize a model with 720 rows, 2415 columns and 14266 nonzeros
Model fingerprint: 0x0930ad15
Variable types: 44 continuous, 2371 integer (1835 binary)
Coefficient statistics:
  Matrix range     [5e-01, 3e+04]
  Objective range  [8e+01, 2e+03]
  Bounds range     [1e+00, 3e+01]
  RHS range        [1e+00, 6e+01]
Presolve removed 720 rows and 2415 columns
Presolve time: 0.00s
Presolve: All rows and columns removed

Explored 0 nodes (0 simplex iterations) in 0.01 seconds (0.01 work units)
Thread count was 1 (of 40 available processors)

Solution count 1: 40765 

Optimal solution found (tolerance 1.00e-16)
Best objective 4.076500000000e+04, best bound 4.076500000000e+04, gap 0.0000%
####################################################################################################
Hier wird die fixierte Version nochmal relaxiert um bessere Lösungen zu erhalten
Set parameter TimeLimit to value 6.4739648946670820e+02
Set parameter MIPFocus to value 1
Gurobi Optimizer version 10.0.0 build v10.0.0rc2 (linux64)

CPU model: Intel(R) Xeon(R) Gold 6148 CPU @ 2.40GHz, instruction set [SSE2|AVX|AVX2|AVX512]
Thread count: 40 physical cores, 40 logical processors, using up to 8 threads

Optimize a model with 525 rows, 2415 columns and 13550 nonzeros
Model fingerprint: 0xd5969486
Variable types: 44 continuous, 2371 integer (1835 binary)
Coefficient statistics:
  Matrix range     [5e-01, 3e+04]
  Objective range  [8e+01, 2e+03]
  Bounds range     [1e+00, 3e+01]
  RHS range        [1e+00, 3e+01]

MIP start from previous solve produced solution with objective 40765 (0.00s)
Loaded MIP start from previous solve with objective 40765

Presolve removed 349 rows and 978 columns
Presolve time: 0.04s
Presolved: 176 rows, 1437 columns, 5096 nonzeros
Found heuristic solution: objective 39945.000000
Variable types: 0 continuous, 1437 integer (1230 binary)

Root relaxation: objective 2.724738e+04, 62 iterations, 0.00 seconds (0.00 work units)

    Nodes    |    Current Node    |     Objective Bounds      |     Work
 Expl Unexpl |  Obj  Depth IntInf | Incumbent    BestBd   Gap | It/Node Time

     0     0 27247.3807    0   27 39945.0000 27247.3807  31.8%     -    0s
     0     0 27247.3807    0   26 39945.0000 27247.3807  31.8%     -    0s
     0     0 37388.4190    0   39 39945.0000 37388.4190  6.40%     -    0s
H    0     0                    39855.000000 37388.4190  6.19%     -    0s
     0     0 38435.1986    0   33 39855.0000 38435.1986  3.56%     -    0s
     0     0 38435.1986    0   38 39855.0000 38435.1986  3.56%     -    0s
     0     0 38435.1986    0   29 39855.0000 38435.1986  3.56%     -    0s
H    0     0                    38885.000000 38470.8753  1.06%     -    0s
     0     0 38716.7693    0   27 38885.0000 38716.7693  0.43%     -    0s
     0     0 38716.7693    0   20 38885.0000 38716.7693  0.43%     -    0s
     0     0 38716.7693    0   23 38885.0000 38716.7693  0.43%     -    0s
     0     0 38716.7693    0   25 38885.0000 38716.7693  0.43%     -    0s
H    0     0                    38745.000000 38716.7693  0.07%     -    0s
     0     0 38716.7693    0   23 38745.0000 38716.7693  0.07%     -    0s

Cutting planes:
  Gomory: 12
  Cover: 4
  Implied bound: 17
  Clique: 10
  MIR: 8
  StrongCG: 3
  Flow cover: 7
  GUB cover: 3
  Zero half: 1
  RLT: 9
  Relax-and-lift: 1

Explored 1 nodes (335 simplex iterations) in 0.15 seconds (0.09 work units)
Thread count was 8 (of 40 available processors)

Solution count 5: 38745 38885 39855 ... 40765

Optimal solution found (tolerance 1.00e-16)
Best objective 3.874500000000e+04, best bound 3.874500000000e+04, gap 0.0000%

User-callback calls 515, time in user-callback 0.00 sec
Objective AP1: 38745.0, MIP-Gap: 0.0%
AP1 requires 22 trucks to transport 665 items. 19 trucks and 3 pseudo trucks.

P170654301 0

P171654305 0

P173654305 0

P177654301 0

P178654305 1

P185654305 0

P186654301 0

P187654305 0

P191654301 0

P192654305 0

P194654305 1

P198654301 0

P199654305 0

P200654301 0

P201654305 0

P205654301 0

P207654301 0

P208654305 0

P236654305 1
Took 	00:00:00.581
####################################################################################################
####################################################################################################
Simple Packing:  2
dataP.t2DSP:  1
####################################################################################################
####################################################################################################
First packing

----------------------------------------------------------------------------------------------------
3D Packing Heuristic in Truck P191654301
Item 0091017300_08062023000011 with: 1
Item 0091017300_08062023000046 with: 1
Item 0091017300_08062023000107 with: 1
Item 0091017300_08062023000152 with: 1
Item 0091017300_08062023000167 with: 2
Item 0091017300_08062023000214 with: 1
Heuristic packed all items

----------------------------------------------------------------------------------------------------
3D Packing Heuristic in Truck P177654301
Item 0091017300_08062023000083 with: 4
Item 0091017300_08062023000101 with: 4
Heuristic packed all items

----------------------------------------------------------------------------------------------------
3D Packing Heuristic in Truck P205654301
Item 0091017300_08062023000022 with: 1
Item 0091017300_08062023000030 with: 1
Item 0091017300_08062023000193 with: 3
Item 0091017300_08062023000205 with: 2
Item 0091017300_08062023000211 with: 1
Heuristic packed all items

----------------------------------------------------------------------------------------------------
3D Packing Heuristic in Truck P170654301
Item 0091017300_08062023000017 with: 2
Item 0091017300_08062023000092 with: 2
Item 0091017300_08062023000179 with: 3
Item 0091017300_08062023000196 with: 2
Heuristic packed all items

----------------------------------------------------------------------------------------------------
3D Packing Heuristic in Truck P207654301
Item 0091017300_08062023000066 with: 3
Item 0091017300_08062023000077 with: 1
Item 0091017300_08062023000130 with: 1
Item 0091017300_08062023000137 with: 2
Item 0091017300_08062023000143 with: 1
Item 0091017300_08062023000198 with: 1
Heuristic packed all items

----------------------------------------------------------------------------------------------------
3D Packing Heuristic in Truck P198654301
Item 0091017300_08062023000016 with: 2
Item 0091017300_08062023000053 with: 2
Item 0091017300_08062023000113 with: 3
Item 0091017300_08062023000115 with: 1
Item 0091017300_08062023000161 with: 1
Item 0091017300_08062023000181 with: 1
Heuristic packed all items

----------------------------------------------------------------------------------------------------
3D Packing Heuristic in Truck P200654301
Item 0091017300_08062023000050 with: 2
Item 0091017300_08062023000072 with: 2
Item 0091017300_08062023000116 with: 6
Item 0091017300_08062023000120 with: 1
Item 0091017300_08062023000123 with: 2
Item 0091017300_08062023000206 with: 1
Heuristic packed all items

----------------------------------------------------------------------------------------------------
2D Packing Heuristic in Truck P199654305
Min2DVol: 13.290299999999998 [m2]
Stack 0 with items: ['0091017300_08062023000177', '0091017300_08062023000177']
Stack 1 with items: ['0091017300_08062023000036', '0091017300_08062023000177']
Stack 2 with items: ['0091017300_08062023000215', '0091017300_08062023000215']
Stack 3 with items: ['0091017300_08062023000112', '0091017300_08062023000036']
Stack 4 with items: ['0091017300_08062023000112', '0091017300_08062023000112']
Stack 5 with items: ['0091017300_08062023000112', '0091017300_08062023000112']
Stack 6 with items: ['0091017300_08062023000207', '0091017300_08062023000201', '0091017300_08062023000140', '0091017300_08062023000207']
Stack 7 with items: ['0091017300_08062023000185', '0091017300_08062023000140', '0091017300_08062023000138']
Stack 8 with items: ['0091017300_08062023000138', '0091017300_08062023000106', '0091017300_08062023000106']
Stack 9 with items: ['0091017300_08062023000087', '0091017300_08062023000065', '0091017300_08062023000052']
Stack 10 with items: ['0091017300_08062023000065']
Heuristic packed all stacks

----------------------------------------------------------------------------------------------------
2D Packing Heuristic in Truck P186654301
Min2DVol: 17.999999999999996 [m2]
Stack 0 with items: ['0091017300_08062023000216', '0091017300_08062023000216']
Stack 1 with items: ['0091017300_08062023000216', '0091017300_08062023000216']
Stack 2 with items: ['0091017300_08062023000216', '0091017300_08062023000216']
Stack 3 with items: ['0091017300_08062023000208', '0091017300_08062023000208']
Stack 4 with items: ['0091017300_08062023000208', '0091017300_08062023000208']
Stack 5 with items: ['0091017300_08062023000208', '0091017300_08062023000208']
Stack 6 with items: ['0091017300_08062023000208', '0091017300_08062023000208']
Stack 7 with items: ['0091017300_08062023000194', '0091017300_08062023000175']
Stack 8 with items: ['0091017300_08062023000148', '0091017300_08062023000148']
Stack 9 with items: ['0091017300_08062023000141', '0091017300_08062023000132']
Stack 10 with items: ['0091017300_08062023000132', '0091017300_08062023000097']
Stack 11 with items: ['0091017300_08062023000097', '0091017300_08062023000097']
Stack 12 with items: ['0091017300_08062023000097', '0091017300_08062023000097']
Stack 13 with items: ['0091017300_08062023000040', '0091017300_08062023000039']
Stack 14 with items: ['0091017300_08062023000039']
Heuristic packed all stacks

----------------------------------------------------------------------------------------------------
2D Packing Heuristic in Truck P185654305
Min2DVol: 16.872239999999994 [m2]
Stack 0 with items: ['0091017300_08062023000125', '0091017300_08062023000100', '0091017300_08062023000086']
Stack 1 with items: ['0091017300_08062023000086', '0091017300_08062023000026', '0091017300_08062023000051', '0091017300_08062023000006']
Stack 2 with items: ['0091017300_08062023000041', '0091017300_08062023000032', '0091017300_08062023000006']
Stack 3 with items: ['0091017300_08062023000032']
Stack 4 with items: ['0091017300_08062023000085', '0091017300_08062023000085']
Stack 5 with items: ['0091017300_08062023000085', '0091017300_08062023000085']
Stack 6 with items: ['0091017300_08062023000062', '0091017300_08062023000188']
Stack 7 with items: ['0091017300_08062023000037', '0091017300_08062023000085']
Stack 8 with items: ['0091017300_08062023000111', '0091017300_08062023000085']
Stack 9 with items: ['0091017300_08062023000085', '0091017300_08062023000085']
Stack 10 with items: ['0091017300_08062023000037', '0091017300_08062023000188']
Stack 11 with items: ['0091017300_08062023000062']
Stack 12 with items: ['0091017300_08062023000062', '0091017300_08062023000062']
Stack 13 with items: ['0091017300_08062023000062', '0091017300_08062023000062']
Heuristic packed all stacks

----------------------------------------------------------------------------------------------------
2D Packing Heuristic in Truck P173654305
Min2DVol: 18.108359999999994 [m2]
Stack 0 with items: ['0091017300_08062023000197', '0091017300_08062023000176', '0091017300_08062023000176', '0091017300_08062023000176', '0091017300_08062023000197']
Stack 1 with items: ['0091017300_08062023000176', '0091017300_08062023000163', '0091017300_08062023000163', '0091017300_08062023000176', '0091017300_08062023000176']
Stack 2 with items: ['0091017300_08062023000163', '0091017300_08062023000147', '0091017300_08062023000147']
Stack 3 with items: ['0091017300_08062023000093', '0091017300_08062023000031', '0091017300_08062023000091', '0091017300_08062023000031']
Stack 4 with items: ['0091017300_08062023000091', '0091017300_08062023000067', '0091017300_08062023000091']
Stack 5 with items: ['0091017300_08062023000031', '0091017300_08062023000031', '0091017300_08062023000031', '0091017300_08062023000031']
Stack 6 with items: ['0091017300_08062023000119', '0091017300_08062023000057']
Stack 7 with items: ['0091017300_08062023000057', '0091017300_08062023000057']
Stack 8 with items: ['0091017300_08062023000057', '0091017300_08062023000057']
Stack 9 with items: ['0091017300_08062023000119', '0091017300_08062023000057']
Stack 10 with items: ['0091017300_08062023000119', '0091017300_08062023000057']
Stack 11 with items: ['0091017300_08062023000119', '0091017300_08062023000164']
Stack 12 with items: ['0091017300_08062023000119', '0091017300_08062023000150']
Stack 13 with items: ['0091017300_08062023000127', '0091017300_08062023000119']
Stack 14 with items: ['0091017300_08062023000057']
Heuristic packed all stacks

----------------------------------------------------------------------------------------------------
2D Packing Heuristic in Truck P192654305
Min2DVol: 20.4903 [m2]
Stack 0 with items: ['0091017300_08062023000186', '0091017300_08062023000186']
Stack 1 with items: ['0091017300_08062023000183', '0091017300_08062023000183']
Stack 2 with items: ['0091017300_08062023000183', '0091017300_08062023000183']
Stack 3 with items: ['0091017300_08062023000183', '0091017300_08062023000166']
Stack 4 with items: ['0091017300_08062023000166', '0091017300_08062023000165']
Stack 5 with items: ['0091017300_08062023000165', '0091017300_08062023000151']
Stack 6 with items: ['0091017300_08062023000151', '0091017300_08062023000133']
Stack 7 with items: ['0091017300_08062023000126', '0091017300_08062023000126']
Stack 8 with items: ['0091017300_08062023000126', '0091017300_08062023000126']
Stack 9 with items: ['0091017300_08062023000069', '0091017300_08062023000010']
Stack 10 with items: ['0091017300_08062023000002', '0091017300_08062023000002']
Stack 11 with items: ['0091017300_08062023000002']
Stack 12 with items: ['0091017300_08062023000096', '0091017300_08062023000048', '0091017300_08062023000048', '0091017300_08062023000142', '0091017300_08062023000187']
Stack 13 with items: ['0091017300_08062023000099', '0091017300_08062023000099', '0091017300_08062023000171']
Stack 14 with items: ['0091017300_08062023000142', '0091017300_08062023000096', '0091017300_08062023000122', '0091017300_08062023000096']
Stack 15 with items: ['0091017300_08062023000048', '0091017300_08062023000088', '0091017300_08062023000088']
Stack 16 with items: ['0091017300_08062023000099', '0091017300_08062023000142', '0091017300_08062023000171']
Heuristic packed all stacks

----------------------------------------------------------------------------------------------------
2D Packing Heuristic in Truck P208654305
Min2DVol: 21.708359999999992 [m2]
Stack 0 with items: ['0091017300_08062023000180', '0091017300_08062023000173', '0091017300_08062023000160']
Stack 1 with items: ['0091017300_08062023000160', '0091017300_08062023000144', '0091017300_08062023000160']
Stack 2 with items: ['0091017300_08062023000144', '0091017300_08062023000118', '0091017300_08062023000118']
Stack 3 with items: ['0091017300_08062023000118', '0091017300_08062023000105', '0091017300_08062023000076']
Stack 4 with items: ['0091017300_08062023000079', '0091017300_08062023000023', '0091017300_08062023000079']
Stack 5 with items: ['0091017300_08062023000076', '0091017300_08062023000023', '0091017300_08062023000023', '0091017300_08062023000001']
Stack 6 with items: ['0091017300_08062023000094', '0091017300_08062023000094']
Stack 7 with items: ['0091017300_08062023000094', '0091017300_08062023000094']
Stack 8 with items: ['0091017300_08062023000094', '0091017300_08062023000094']
Stack 9 with items: ['0091017300_08062023000094', '0091017300_08062023000104']
Stack 10 with items: ['0091017300_08062023000104', '0091017300_08062023000104']
Stack 11 with items: ['0091017300_08062023000042', '0091017300_08062023000042']
Stack 12 with items: ['0091017300_08062023000027', '0091017300_08062023000080']
Stack 13 with items: ['0091017300_08062023000027', '0091017300_08062023000027']
Stack 14 with items: ['0091017300_08062023000104', '0091017300_08062023000104']
Stack 15 with items: ['0091017300_08062023000104', '0091017300_08062023000104']
Stack 16 with items: ['0091017300_08062023000094', '0091017300_08062023000094']
Stack 17 with items: ['0091017300_08062023000080', '0091017300_08062023000154']
Heuristic packed all stacks

----------------------------------------------------------------------------------------------------
2D Packing Heuristic in Truck P171654305
Min2DVol: 22.890299999999993 [m2]
Stack 0 with items: ['0091017300_08062023000078', '0091017300_08062023000058', '0091017300_08062023000078', '0091017300_08062023000078', '0091017300_08062023000078']
Stack 1 with items: ['0091017300_08062023000178', '0091017300_08062023000103', '0091017300_08062023000021']
Stack 2 with items: ['0091017300_08062023000190', '0091017300_08062023000021', '0091017300_08062023000190']
Stack 3 with items: ['0091017300_08062023000013', '0091017300_08062023000136', '0091017300_08062023000136', '0091017300_08062023000136', '0091017300_08062023000136']
Stack 4 with items: ['0091017300_08062023000003']
Stack 5 with items: ['0091017300_08062023000212', '0091017300_08062023000212']
Stack 6 with items: ['0091017300_08062023000212', '0091017300_08062023000212']
Stack 7 with items: ['0091017300_08062023000212', '0091017300_08062023000168']
Stack 8 with items: ['0091017300_08062023000162', '0091017300_08062023000162']
Stack 9 with items: ['0091017300_08062023000117', '0091017300_08062023000117']
Stack 10 with items: ['0091017300_08062023000117', '0091017300_08062023000110']
Stack 11 with items: ['0091017300_08062023000110', '0091017300_08062023000110']
Stack 12 with items: ['0091017300_08062023000110', '0091017300_08062023000109']
Stack 13 with items: ['0091017300_08062023000109', '0091017300_08062023000068']
Stack 14 with items: ['0091017300_08062023000060', '0091017300_08062023000060']
Stack 15 with items: ['0091017300_08062023000034', '0091017300_08062023000034']
Stack 16 with items: ['0091017300_08062023000034', '0091017300_08062023000034']
Stack 17 with items: ['0091017300_08062023000005', '0091017300_08062023000005']
Stack 18 with items: ['0091017300_08062023000005']
Heuristic packed all stacks

----------------------------------------------------------------------------------------------------
2D Packing Heuristic in Truck P187654305
Min2DVol: 28.944479999999988 [m2]
Stack 0 with items: ['0091017300_08062023000210', '0091017300_08062023000129', '0091017300_08062023000169', '0091017300_08062023000129']
Stack 1 with items: ['0091017300_08062023000169', '0091017300_08062023000124', '0091017300_08062023000075']
Stack 2 with items: ['0091017300_08062023000124', '0091017300_08062023000098', '0091017300_08062023000089']
Stack 3 with items: ['0091017300_08062023000089', '0091017300_08062023000089', '0091017300_08062023000089']
Stack 4 with items: ['0091017300_08062023000089', '0091017300_08062023000055', '0091017300_08062023000049']
Stack 5 with items: ['0091017300_08062023000055', '0091017300_08062023000028']
Stack 6 with items: ['0091017300_08062023000028', '0091017300_08062023000028', '0091017300_08062023000028']
Stack 7 with items: ['0091017300_08062023000028', '0091017300_08062023000004']
Stack 8 with items: ['0091017300_08062023000184', '0091017300_08062023000184']
Stack 9 with items: ['0091017300_08062023000084', '0091017300_08062023000084']
Stack 10 with items: ['0091017300_08062023000084', '0091017300_08062023000084']
Stack 11 with items: ['0091017300_08062023000084', '0091017300_08062023000084']
Stack 12 with items: ['0091017300_08062023000064', '0091017300_08062023000064']
Stack 13 with items: ['0091017300_08062023000064', '0091017300_08062023000064']
Stack 14 with items: ['0091017300_08062023000084', '0091017300_08062023000084']
Stack 15 with items: ['0091017300_08062023000040', '0091017300_08062023000064']
Stack 16 with items: ['0091017300_08062023000084', '0091017300_08062023000184']
Stack 17 with items: ['0091017300_08062023000148', '0091017300_08062023000148']
Stack 18 with items: ['0091017300_08062023000064', '0091017300_08062023000064']
Stack 19 with items: ['0091017300_08062023000040', '0091017300_08062023000040']
Stack 20 with items: ['0091017300_08062023000064', '0091017300_08062023000064']
Stack 21 with items: ['0091017300_08062023000040', '0091017300_08062023000040']
Stack 22 with items: ['0091017300_08062023000148', '0091017300_08062023000184']
Stack 23 with items: ['0091017300_08062023000084', '0091017300_08062023000084']
Heuristic packed all stacks

----------------------------------------------------------------------------------------------------
2D Packing Heuristic in Truck P236654305
Min2DVol: 15.672239999999993 [m2]
Stack 0 with items: ['0091017300_08062023000204', '0091017300_08062023000059', '0091017300_08062023000203', '0091017300_08062023000059', '0091017300_08062023000204', '0091017300_08062023000204', '0091017300_08062023000204']
Stack 1 with items: ['0091017300_08062023000200', '0091017300_08062023000158', '0091017300_08062023000200']
Stack 2 with items: ['0091017300_08062023000182', '0091017300_08062023000059', '0091017300_08062023000158', '0091017300_08062023000059']
Stack 3 with items: ['0091017300_08062023000114', '0091017300_08062023000114', '0091017300_08062023000114']
Stack 4 with items: ['0091017300_08062023000114', '0091017300_08062023000071', '0091017300_08062023000071']
Stack 5 with items: ['0091017300_08062023000071', '0091017300_08062023000045', '0091017300_08062023000071']
Stack 6 with items: ['0091017300_08062023000054', '0091017300_08062023000054']
Stack 7 with items: ['0091017300_08062023000009', '0091017300_08062023000009']
Stack 8 with items: ['0091017300_08062023000195', '0091017300_08062023000195']
Stack 9 with items: ['0091017300_08062023000202', '0091017300_08062023000202']
Stack 10 with items: ['0091017300_08062023000202', '0091017300_08062023000202']
Stack 11 with items: ['0091017300_08062023000202', '0091017300_08062023000202']
Stack 12 with items: ['0091017300_08062023000195', '0091017300_08062023000195']
Stack 13 with items: ['0091017300_08062023000209', '0091017300_08062023000209']
Stack 14 with items: ['0091017300_08062023000029', '0091017300_08062023000029']
Stack 15 with items: ['0091017300_08062023000195', '0091017300_08062023000195']
Stack 16 with items: ['0091017300_08062023000153', '0091017300_08062023000153']
Stack 17 with items: ['0091017300_08062023000202', '0091017300_08062023000202']
Stack 18 with items: ['0091017300_08062023000195', '0091017300_08062023000195']
Stack 19 with items: ['0091017300_08062023000195', '0091017300_08062023000195']
Stack 20 with items: ['0091017300_08062023000024', '0091017300_08062023000024']
Stack 21 with items: ['0091017300_08062023000195', '0091017300_08062023000195']
Stack 22 with items: ['0091017300_08062023000202', '0091017300_08062023000202']
Stack 23 with items: ['0091017300_08062023000195', '0091017300_08062023000024']
Stack 24 with items: ['0091017300_08062023000195', '0091017300_08062023000195']
Stack 25 with items: ['0091017300_08062023000202', '0091017300_08062023000202']
Stacks not packed:
Stack 20 missing: ['0091017300_08062023000024', '0091017300_08062023000024']
Stack 23 missing: ['0091017300_08062023000195', '0091017300_08062023000024']
----------------------------------------------------------------------------------------------------
3D Packing Heuristic in Truck P236654305
Item 0091017300_08062023000024 with: 3
Item 0091017300_08062023000195 with: 1
Heuristic packed all items

----------------------------------------------------------------------------------------------------
2D Packing Heuristic in Truck P201654305
Min2DVol: 30.180599999999988 [m2]
Stack 0 with items: ['0091017300_08062023000191', '0091017300_08062023000191', '0091017300_08062023000191']
Stack 1 with items: ['0091017300_08062023000191', '0091017300_08062023000170', '0091017300_08062023000170', '0091017300_08062023000191']
Stack 2 with items: ['0091017300_08062023000170', '0091017300_08062023000135', '0091017300_08062023000135', '0091017300_08062023000073']
Stack 3 with items: ['0091017300_08062023000135', '0091017300_08062023000063', '0091017300_08062023000073', '0091017300_08062023000073', '0091017300_08062023000063']
Stack 4 with items: ['0091017300_08062023000063', '0091017300_08062023000047', '0091017300_08062023000047']
Stack 5 with items: ['0091017300_08062023000033', '0091017300_08062023000012', '0091017300_08062023000033']
Stack 6 with items: ['0091017300_08062023000020', '0091017300_08062023000020', '0091017300_08062023000020']
Stack 7 with items: ['0091017300_08062023000020', '0091017300_08062023000012', '0091017300_08062023000012', '0091017300_08062023000020']
Stack 8 with items: ['0091017300_08062023000008', '0091017300_08062023000008', '0091017300_08062023000008']
Stack 9 with items: ['0091017300_08062023000007', '0091017300_08062023000007']
Stack 10 with items: ['0091017300_08062023000018', '0091017300_08062023000044']
Stack 11 with items: ['0091017300_08062023000172', '0091017300_08062023000172']
Stack 12 with items: ['0091017300_08062023000018', '0091017300_08062023000018']
Stack 13 with items: ['0091017300_08062023000018', '0091017300_08062023000018']
Stack 14 with items: ['0091017300_08062023000018', '0091017300_08062023000018']
Stack 15 with items: ['0091017300_08062023000061', '0091017300_08062023000061']
Stack 16 with items: ['0091017300_08062023000061', '0091017300_08062023000015']
Stack 17 with items: ['0091017300_08062023000172', '0091017300_08062023000061']
Stack 18 with items: ['0091017300_08062023000061', '0091017300_08062023000061']
Stack 19 with items: ['0091017300_08062023000018', '0091017300_08062023000018']
Stack 20 with items: ['0091017300_08062023000018', '0091017300_08062023000018']
Stack 21 with items: ['0091017300_08062023000172', '0091017300_08062023000172']
Stack 22 with items: ['0091017300_08062023000172', '0091017300_08062023000172']
Stack 23 with items: ['0091017300_08062023000172', '0091017300_08062023000172']
Stack 24 with items: ['0091017300_08062023000015', '0091017300_08062023000015']
Heuristic packed all stacks

----------------------------------------------------------------------------------------------------
2D Packing Heuristic in Truck P194654305
Min2DVol: 18.67224 [m2]
Stack 0 with items: ['0091017300_08062023000213', '0091017300_08062023000213']
Stack 1 with items: ['0091017300_08062023000213', '0091017300_08062023000213']
Stack 2 with items: ['0091017300_08062023000213', '0091017300_08062023000213']
Stack 3 with items: ['0091017300_08062023000213', '0091017300_08062023000199']
Stack 4 with items: ['0091017300_08062023000199', '0091017300_08062023000199']
Stack 5 with items: ['0091017300_08062023000189', '0091017300_08062023000157']
Stack 6 with items: ['0091017300_08062023000157', '0091017300_08062023000157']
Stack 7 with items: ['0091017300_08062023000157', '0091017300_08062023000157']
Stack 8 with items: ['0091017300_08062023000157', '0091017300_08062023000157']
Stack 9 with items: ['0091017300_08062023000157', '0091017300_08062023000157']
Stack 10 with items: ['0091017300_08062023000157', '0091017300_08062023000157']
Stack 11 with items: ['0091017300_08062023000157', '0091017300_08062023000139']
Stack 12 with items: ['0091017300_08062023000139', '0091017300_08062023000139']
Stack 13 with items: ['0091017300_08062023000139', '0091017300_08062023000139']
Stack 14 with items: ['0091017300_08062023000139', '0091017300_08062023000139']
Stack 15 with items: ['0091017300_08062023000139', '0091017300_08062023000139']
Stack 16 with items: ['0091017300_08062023000139', '0091017300_08062023000081']
Stack 17 with items: ['0091017300_08062023000081', '0091017300_08062023000081']
Stack 18 with items: ['0091017300_08062023000081', '0091017300_08062023000081']
Stack 19 with items: ['0091017300_08062023000035', '0091017300_08062023000035']
Stack 20 with items: ['0091017300_08062023000035', '0091017300_08062023000035']
Stack 21 with items: ['0091017300_08062023000035', '0091017300_08062023000035']
Stack 22 with items: ['0091017300_08062023000035', '0091017300_08062023000035']
Stack 23 with items: ['0091017300_08062023000074', '0091017300_08062023000074', '0091017300_08062023000108', '0091017300_08062023000108']
Stack 24 with items: ['0091017300_08062023000146', '0091017300_08062023000121', '0091017300_08062023000108']
Stack 25 with items: ['0091017300_08062023000217', '0091017300_08062023000155', '0091017300_08062023000217']
Stack 26 with items: ['0091017300_08062023000131', '0091017300_08062023000128', '0091017300_08062023000146']
Stack 27 with items: ['0091017300_08062023000074', '0091017300_08062023000074', '0091017300_08062023000095', '0091017300_08062023000159', '0091017300_08062023000159']
Stack 28 with items: ['0091017300_08062023000095', '0091017300_08062023000095', '0091017300_08062023000174', '0091017300_08062023000217']
Stack 29 with items: ['0091017300_08062023000146', '0091017300_08062023000134', '0091017300_08062023000134']
Stack 30 with items: ['0091017300_08062023000174', '0091017300_08062023000134', '0091017300_08062023000134']
Stacks not packed:
Stack 10 missing: ['0091017300_08062023000157', '0091017300_08062023000157']
Stack 16 missing: ['0091017300_08062023000139', '0091017300_08062023000081']
Stack 17 missing: ['0091017300_08062023000081', '0091017300_08062023000081']
Stack 18 missing: ['0091017300_08062023000081', '0091017300_08062023000081']
Stack 19 missing: ['0091017300_08062023000035', '0091017300_08062023000035']
Stack 20 missing: ['0091017300_08062023000035', '0091017300_08062023000035']
Stack 21 missing: ['0091017300_08062023000035', '0091017300_08062023000035']
Stack 22 missing: ['0091017300_08062023000035', '0091017300_08062023000035']
----------------------------------------------------------------------------------------------------
3D Packing Heuristic in Truck P194654305
Item 0091017300_08062023000157 with: 2
Item 0091017300_08062023000139 with: 1
Item 0091017300_08062023000081 with: 5
Item 0091017300_08062023000035 with: 8
Heuristic packed all items

----------------------------------------------------------------------------------------------------
2D Packing Heuristic in Truck P178654305
Min2DVol: 23.445150000000012 [m2]
Stack 0 with items: ['0091017300_08062023000056', '0091017300_08062023000038', '0091017300_08062023000056', '0091017300_08062023000056', '0091017300_08062023000056']
Stack 1 with items: ['0091017300_08062023000014', '0091017300_08062023000014', '0091017300_08062023000149', '0091017300_08062023000149', '0091017300_08062023000149']
Stack 2 with items: ['0091017300_08062023000102', '0091017300_08062023000102', '0091017300_08062023000149', '0091017300_08062023000149', '0091017300_08062023000149']
Stack 3 with items: ['0091017300_08062023000082', '0091017300_08062023000056', '0091017300_08062023000056', '0091017300_08062023000043']
Stack 4 with items: ['0091017300_08062023000156', '0091017300_08062023000082', '0091017300_08062023000156']
Stack 5 with items: ['0091017300_08062023000192', '0091017300_08062023000192']
Stack 6 with items: ['0091017300_08062023000192', '0091017300_08062023000192']
Stack 7 with items: ['0091017300_08062023000145', '0091017300_08062023000145']
Stack 8 with items: ['0091017300_08062023000145', '0091017300_08062023000145']
Stack 9 with items: ['0091017300_08062023000145', '0091017300_08062023000090']
Stack 10 with items: ['0091017300_08062023000090', '0091017300_08062023000090']
Stack 11 with items: ['0091017300_08062023000090', '0091017300_08062023000090']
Stack 12 with items: ['0091017300_08062023000090', '0091017300_08062023000070']
Stack 13 with items: ['0091017300_08062023000070', '0091017300_08062023000070']
Stack 14 with items: ['0091017300_08062023000070', '0091017300_08062023000070']
Stack 15 with items: ['0091017300_08062023000070', '0091017300_08062023000070']
Stack 16 with items: ['0091017300_08062023000070', '0091017300_08062023000070']
Stack 17 with items: ['0091017300_08062023000070', '0091017300_08062023000070']
Stack 18 with items: ['0091017300_08062023000070', '0091017300_08062023000070']
Stack 19 with items: ['0091017300_08062023000070', '0091017300_08062023000070']
Stack 20 with items: ['0091017300_08062023000070', '0091017300_08062023000070']
Stack 21 with items: ['0091017300_08062023000070', '0091017300_08062023000070']
Stack 22 with items: ['0091017300_08062023000070', '0091017300_08062023000070']
Stack 23 with items: ['0091017300_08062023000070', '0091017300_08062023000070']
Stack 24 with items: ['0091017300_08062023000070', '0091017300_08062023000070']
Stack 25 with items: ['0091017300_08062023000070', '0091017300_08062023000070']
Stack 26 with items: ['0091017300_08062023000025', '0091017300_08062023000025']
Stack 27 with items: ['0091017300_08062023000025', '0091017300_08062023000025']
Stack 28 with items: ['0091017300_08062023000025', '0091017300_08062023000025']
Stack 29 with items: ['0091017300_08062023000025', '0091017300_08062023000025']
Stack 30 with items: ['0091017300_08062023000025', '0091017300_08062023000025']
Stack 31 with items: ['0091017300_08062023000025', '0091017300_08062023000025']
Stack 32 with items: ['0091017300_08062023000025', '0091017300_08062023000025']
Stack 33 with items: ['0091017300_08062023000025', '0091017300_08062023000025']
Stack 34 with items: ['0091017300_08062023000025', '0091017300_08062023000025']
Stack 35 with items: ['0091017300_08062023000025', '0091017300_08062023000025']
Stack 36 with items: ['0091017300_08062023000025', '0091017300_08062023000019']
Stack 37 with items: ['0091017300_08062023000019', '0091017300_08062023000019']
Stack 38 with items: ['0091017300_08062023000019', '0091017300_08062023000019']
Stacks not packed:
Stack 7 missing: ['0091017300_08062023000145', '0091017300_08062023000145']
Stack 8 missing: ['0091017300_08062023000145', '0091017300_08062023000145']
Stack 9 missing: ['0091017300_08062023000145', '0091017300_08062023000090']
Stack 10 missing: ['0091017300_08062023000090', '0091017300_08062023000090']
Stack 11 missing: ['0091017300_08062023000090', '0091017300_08062023000090']
Stack 12 missing: ['0091017300_08062023000090', '0091017300_08062023000070']
Stack 15 missing: ['0091017300_08062023000070', '0091017300_08062023000070']
Stack 16 missing: ['0091017300_08062023000070', '0091017300_08062023000070']
Stack 17 missing: ['0091017300_08062023000070', '0091017300_08062023000070']
Stack 18 missing: ['0091017300_08062023000070', '0091017300_08062023000070']
Stack 19 missing: ['0091017300_08062023000070', '0091017300_08062023000070']
Stack 20 missing: ['0091017300_08062023000070', '0091017300_08062023000070']
Stack 21 missing: ['0091017300_08062023000070', '0091017300_08062023000070']
Stack 22 missing: ['0091017300_08062023000070', '0091017300_08062023000070']
Stack 23 missing: ['0091017300_08062023000070', '0091017300_08062023000070']
Stack 24 missing: ['0091017300_08062023000070', '0091017300_08062023000070']
Stack 25 missing: ['0091017300_08062023000070', '0091017300_08062023000070']
----------------------------------------------------------------------------------------------------
2D Packing Heuristic in Truck P178654305
Min2DVol: 20.39999999999999 [m2]
Stack 0 with items: ['0091017300_08062023000145', '0091017300_08062023000145']
Stack 1 with items: ['0091017300_08062023000145', '0091017300_08062023000145']
Stack 2 with items: ['0091017300_08062023000145', '0091017300_08062023000090']
Stack 3 with items: ['0091017300_08062023000090', '0091017300_08062023000090']
Stack 4 with items: ['0091017300_08062023000090', '0091017300_08062023000090']
Stack 5 with items: ['0091017300_08062023000090', '0091017300_08062023000070']
Stack 6 with items: ['0091017300_08062023000070', '0091017300_08062023000070']
Stack 7 with items: ['0091017300_08062023000070', '0091017300_08062023000070']
Stack 8 with items: ['0091017300_08062023000070', '0091017300_08062023000070']
Stack 9 with items: ['0091017300_08062023000070', '0091017300_08062023000070']
Stack 10 with items: ['0091017300_08062023000070', '0091017300_08062023000070']
Stack 11 with items: ['0091017300_08062023000070', '0091017300_08062023000070']
Stack 12 with items: ['0091017300_08062023000070', '0091017300_08062023000070']
Stack 13 with items: ['0091017300_08062023000070', '0091017300_08062023000070']
Stack 14 with items: ['0091017300_08062023000070', '0091017300_08062023000070']
Stack 15 with items: ['0091017300_08062023000070', '0091017300_08062023000070']
Stack 16 with items: ['0091017300_08062023000070', '0091017300_08062023000070']
Heuristic packed all stacks
****************************************************************************************************
****************************************************************************************************
****************************************************************************************************
Final Solution
Objective;38745.0
Transportation cost;33900.0
Inventory cost;4845.0
Runtime;5.19
****************************************************************************************************
****************************************************************************************************
****************************************************************************************************
####################################################################################################
Export solution
End ROADEF
####################################################################################################
####################################################################################################
####################################################################################################
####################################################################################################
####################################################################################################
####################################################################################################
####################################################################################################

real	0m9.595s
user	0m12.388s
sys	0m0.953s
finished at Thu Oct 12 00:02:24 CEST 2023
