cpu-bind=MASK - cn-0107, task  0  0 [276894]: mask |--------------------||||BBBBBBBB------------|  set
Python 3.10.6
Gurobi Optimizer version 10.0.0 build v10.0.0rc2 (linux64)
Copyright (c) 2022, Gurobi Optimization, LLC
started at Wed Oct 11 23:25:59 CEST 2023
####################################################################################################
####################################################################################################
Start ROADEF
Set parameter TokenServer to value "license3.uni-paderborn.de"
####################################################################################################
####################################################################################################
Time for optimization 3600.0 (s)
####################################################################################################
Data read
Took 	00:00:00.178
####################################################################################################
Presolve
Anzahl Trucks in OPtimierungsproblem:  20
Itemgruppen in AP werden eher enger gemacht:  False
Start Reduction
Orinigial Anzahl:  198 657
Reduzierte Anzahl:  58 657
####################################################################################################
Load Assignment 1 solution
Set parameter MIPFocus to value 1
Set parameter TimeLimit to value 323.91
Set parameter Threads to value 8
Set parameter MIPGap to value 0.005
Gurobi Optimizer version 10.0.0 build v10.0.0rc2 (linux64)

CPU model: Intel(R) Xeon(R) Gold 6148 CPU @ 2.40GHz, instruction set [SSE2|AVX|AVX2|AVX512]
Thread count: 40 physical cores, 40 logical processors, using up to 8 threads

Optimize a model with 260 rows, 332 columns and 970 nonzeros
Model fingerprint: 0x205579e3
Variable types: 40 continuous, 292 integer (20 binary)
Coefficient statistics:
  Matrix range     [1e-01, 2e+04]
  Objective range  [2e+01, 4e+03]
  Bounds range     [1e+00, 3e+01]
  RHS range        [1e+00, 3e+01]
Presolve removed 168 rows and 176 columns
Presolve time: 0.01s
Presolved: 92 rows, 156 columns, 475 nonzeros
Variable types: 0 continuous, 156 integer (60 binary)
Found heuristic solution: objective 66263.000000

Root relaxation: objective 2.530007e+04, 54 iterations, 0.00 seconds (0.00 work units)

    Nodes    |    Current Node    |     Objective Bounds      |     Work
 Expl Unexpl |  Obj  Depth IntInf | Incumbent    BestBd   Gap | It/Node Time

     0     0 25300.0716    0   27 66263.0000 25300.0716  61.8%     -    0s
H    0     0                    36679.000000 25300.0716  31.0%     -    0s
H    0     0                    36671.000000 25300.0716  31.0%     -    0s
H    0     0                    35695.000000 30917.4244  13.4%     -    0s
H    0     0                    34970.000000 30917.4244  11.6%     -    0s
     0     0 31215.9481    0   31 34970.0000 31215.9481  10.7%     -    0s
H    0     0                    34265.000000 31215.9481  8.90%     -    0s
H    0     0                    33137.000000 31215.9481  5.80%     -    0s
H    0     0                    32889.000000 31215.9481  5.09%     -    0s
     0     0 31253.1975    0   26 32889.0000 31253.1975  4.97%     -    0s
     0     0 31253.1975    0   22 32889.0000 31253.1975  4.97%     -    0s
H    0     0                    32637.000000 31427.1505  3.71%     -    0s
H    0     0                    32575.000000 31427.1505  3.52%     -    0s
     0     0 31449.5251    0   33 32575.0000 31449.5251  3.46%     -    0s
H    0     0                    32392.000000 31449.5251  2.91%     -    0s
     0     0 31549.2565    0   24 32392.0000 31549.2565  2.60%     -    0s
H    0     0                    31807.000000 31596.4971  0.66%     -    0s
     0     0 31656.7946    0   25 31807.0000 31656.7946  0.47%     -    0s

Cutting planes:
  Gomory: 6
  Cover: 6
  Implied bound: 9
  Clique: 1
  MIR: 13
  StrongCG: 2
  Flow cover: 2

Explored 1 nodes (146 simplex iterations) in 0.02 seconds (0.01 work units)
Thread count was 8 (of 40 available processors)

Solution count 10: 31807 32392 32575 ... 36671

Optimal solution found (tolerance 5.00e-03)
Best objective 3.180700000000e+04, best bound 3.165700000000e+04, gap 0.4716%

User-callback calls 565, time in user-callback 0.00 sec
Objective AP1: 31807.0, MIP-Gap: 0.47%
AP0 requires 15 trucks and 2 pseudo trucks.
####################################################################################################
####################################################################################################
Assignment 1
Set parameter TimeLimit to value 647.570411879737
Set parameter Threads to value 8
Set parameter MIPGap to value 1e-16
Gurobi Optimizer version 10.0.0 build v10.0.0rc2 (linux64)

CPU model: Intel(R) Xeon(R) Gold 6148 CPU @ 2.40GHz, instruction set [SSE2|AVX|AVX2|AVX512]
Thread count: 40 physical cores, 40 logical processors, using up to 8 threads

Optimize a model with 648 rows, 2289 columns and 13547 nonzeros
Model fingerprint: 0x75623d6d
Variable types: 40 continuous, 2249 integer (1760 binary)
Coefficient statistics:
  Matrix range     [5e-01, 2e+04]
  Objective range  [2e+01, 2e+03]
  Bounds range     [1e+00, 3e+01]
  RHS range        [1e+00, 6e+01]
Presolve removed 626 rows and 2165 columns
Presolve time: 0.01s
Presolved: 22 rows, 124 columns, 302 nonzeros
Variable types: 0 continuous, 124 integer (105 binary)

Root relaxation: objective 3.138700e+04, 10 iterations, 0.00 seconds (0.00 work units)

    Nodes    |    Current Node    |     Objective Bounds      |     Work
 Expl Unexpl |  Obj  Depth IntInf | Incumbent    BestBd   Gap | It/Node Time

     0     0 31387.0000    0    3          - 31387.0000      -     -    0s
H    0     0                    31387.000000 31387.0000  0.00%     -    0s

Explored 1 nodes (10 simplex iterations) in 0.01 seconds (0.01 work units)
Thread count was 8 (of 40 available processors)

Solution count 1: 31387 

Optimal solution found (tolerance 1.00e-16)
Best objective 3.138700000000e+04, best bound 3.138700000000e+04, gap 0.0000%
####################################################################################################
Hier wird die fixierte Version nochmal relaxiert um bessere Lösungen zu erhalten
Set parameter TimeLimit to value 6.4746431302947929e+02
Set parameter MIPFocus to value 1
Gurobi Optimizer version 10.0.0 build v10.0.0rc2 (linux64)

CPU model: Intel(R) Xeon(R) Gold 6148 CPU @ 2.40GHz, instruction set [SSE2|AVX|AVX2|AVX512]
Thread count: 40 physical cores, 40 logical processors, using up to 8 threads

Optimize a model with 478 rows, 2289 columns and 12877 nonzeros
Model fingerprint: 0x650ad501
Variable types: 40 continuous, 2249 integer (1760 binary)
Coefficient statistics:
  Matrix range     [5e-01, 2e+04]
  Objective range  [2e+01, 2e+03]
  Bounds range     [1e+00, 3e+01]
  RHS range        [1e+00, 3e+01]

MIP start from previous solve produced solution with objective 31387 (0.00s)
Loaded MIP start from previous solve with objective 31387

Presolve removed 279 rows and 574 columns
Presolve time: 0.03s
Presolved: 199 rows, 1715 columns, 6113 nonzeros
Found heuristic solution: objective 30820.000000
Variable types: 0 continuous, 1715 integer (1468 binary)

Root relaxation: objective 2.320523e+04, 68 iterations, 0.00 seconds (0.00 work units)

    Nodes    |    Current Node    |     Objective Bounds      |     Work
 Expl Unexpl |  Obj  Depth IntInf | Incumbent    BestBd   Gap | It/Node Time

     0     0 23205.2316    0   34 30820.0000 23205.2316  24.7%     -    0s
     0     0 23205.2316    0   33 30820.0000 23205.2316  24.7%     -    0s
H    0     0                    30804.000000 23205.2316  24.7%     -    0s
H    0     0                    30770.000000 27396.9172  11.0%     -    0s
     0     0 27425.1792    0   70 30770.0000 27425.1792  10.9%     -    0s
H    0     0                    30683.000000 28402.0116  7.43%     -    0s
     0     0 28981.7404    0   80 30683.0000 28981.7404  5.54%     -    0s
     0     0 29210.9583    0   74 30683.0000 29210.9583  4.80%     -    0s
     0     0 29210.9583    0   69 30683.0000 29210.9583  4.80%     -    0s
     0     0 29210.9583    0   69 30683.0000 29210.9583  4.80%     -    0s
     0     0 29361.8558    0  100 30683.0000 29361.8558  4.31%     -    0s
H    0     0                    30628.000000 29361.8558  4.13%     -    0s
     0     0 29373.5428    0   88 30628.0000 29373.5428  4.10%     -    0s
     0     0 29375.4103    0   84 30628.0000 29375.4103  4.09%     -    0s
     0     0 29492.7130    0   87 30628.0000 29492.7130  3.71%     -    0s
H    0     0                    30591.000000 29492.7130  3.59%     -    0s
H    0     0                    30258.000000 29492.7130  2.53%     -    0s
     0     0 29653.3984    0   83 30258.0000 29653.3984  2.00%     -    0s
     0     0 29653.3984    0   80 30258.0000 29653.3984  2.00%     -    0s
H    0     0                    30225.000000 29653.3984  1.89%     -    0s
H    0     0                    29944.000000 29653.3984  0.97%     -    0s
     0     0 29653.3984    0   94 29944.0000 29653.3984  0.97%     -    0s
     0     0 29653.3984    0   97 29944.0000 29653.3984  0.97%     -    0s
     0     0 29653.3984    0  101 29944.0000 29653.3984  0.97%     -    0s
     0     0 29653.3984    0  103 29944.0000 29653.3984  0.97%     -    0s
H    0     0                    29915.000000 29653.3984  0.87%     -    0s
H    0     0                    29886.000000 29653.3984  0.78%     -    0s
H    0     0                    29863.000000 29653.3984  0.70%     -    0s
     0     0 29672.1565    0  102 29863.0000 29672.1565  0.64%     -    0s
     0     0 29672.1565    0   26 29863.0000 29672.1565  0.64%     -    0s
H    0     0                    29786.000000 29672.1565  0.38%     -    0s
     0     0 29672.1565    0   44 29786.0000 29672.1565  0.38%     -    0s
     0     0 29672.1565    0   44 29786.0000 29672.1565  0.38%     -    0s
H    0     0                    29782.000000 29672.1565  0.37%     -    0s
     0     0 29672.1565    0   54 29782.0000 29672.1565  0.37%     -    0s
     0     0 29672.1565    0   54 29782.0000 29672.1565  0.37%     -    0s
     0     0 29672.1565    0   53 29782.0000 29672.1565  0.37%     -    0s
     0     0 29672.1565    0   61 29782.0000 29672.1565  0.37%     -    0s
     0     0 29672.1565    0   67 29782.0000 29672.1565  0.37%     -    0s
     0     0 29672.1565    0   80 29782.0000 29672.1565  0.37%     -    0s
     0     0 29672.1565    0   80 29782.0000 29672.1565  0.37%     -    0s
     0     0 29672.1565    0   83 29782.0000 29672.1565  0.37%     -    0s
     0     0 29672.1565    0   66 29782.0000 29672.1565  0.37%     -    0s
     0     0 29672.1565    0   53 29782.0000 29672.1565  0.37%     -    0s
     0     0 29672.1565    0   53 29782.0000 29672.1565  0.37%     -    0s
     0     0 29672.1565    0   53 29782.0000 29672.1565  0.37%     -    0s
     0     0 29672.1565    0   53 29782.0000 29672.1565  0.37%     -    0s
     0     0 29672.1565    0   53 29782.0000 29672.1565  0.37%     -    0s
     0     0 29672.1565    0   53 29782.0000 29672.1565  0.37%     -    0s
     0     0 29672.1565    0   53 29782.0000 29672.1565  0.37%     -    0s
     0     0 29672.1565    0   53 29782.0000 29672.1565  0.37%     -    0s
     0     0 29672.1565    0   53 29782.0000 29672.1565  0.37%     -    0s
     0     0 29672.1565    0   53 29782.0000 29672.1565  0.37%     -    0s
     0     0 29672.1565    0   51 29782.0000 29672.1565  0.37%     -    0s
H    0     0                    29780.000000 29672.1565  0.36%     -    0s
     0     0 29688.5035    0   41 29780.0000 29688.5035  0.31%     -    0s
     0     0 29688.5035    0   25 29780.0000 29688.5035  0.31%     -    0s
     0     0 29688.5035    0   30 29780.0000 29688.5035  0.31%     -    0s
     0     0 29688.5035    0   30 29780.0000 29688.5035  0.31%     -    0s
     0     0 29688.5035    0   30 29780.0000 29688.5035  0.31%     -    0s
     0     0 29688.5035    0   30 29780.0000 29688.5035  0.31%     -    0s
H    0     0                    29722.000000 29688.5035  0.11%     -    0s
     0     0 29688.5035    0   29 29722.0000 29688.5035  0.11%     -    0s
     0     0 29688.5035    0   29 29722.0000 29688.5035  0.11%     -    0s
     0     0 29688.5035    0   29 29722.0000 29688.5035  0.11%     -    0s
     0     0 29688.5035    0   29 29722.0000 29688.5035  0.11%     -    0s
     0     0 29696.4585    0   33 29722.0000 29696.4585  0.09%     -    0s
H    0     0                    29701.000000 29696.4585  0.02%     -    0s
     0     0 29696.4585    0    8 29701.0000 29696.4585  0.02%     -    0s
     0     0 29696.4585    0   12 29701.0000 29696.4585  0.02%     -    0s
     0     0 29696.4585    0   12 29701.0000 29696.4585  0.02%     -    0s
     0     0 29696.4585    0   12 29701.0000 29696.4585  0.02%     -    0s
     0     0 29696.4585    0   12 29701.0000 29696.4585  0.02%     -    0s
     0     0 29696.4585    0   12 29701.0000 29696.4585  0.02%     -    0s
     0     0 29696.4585    0   12 29701.0000 29696.4585  0.02%     -    0s
     0     0 29696.4585    0   12 29701.0000 29696.4585  0.02%     -    0s
     0     0 29696.4585    0   12 29701.0000 29696.4585  0.02%     -    0s
     0     0 29696.4585    0   12 29701.0000 29696.4585  0.02%     -    0s
     0     0 29696.4585    0   12 29701.0000 29696.4585  0.02%     -    0s
     0     0 29697.4839    0   12 29701.0000 29697.4839  0.01%     -    0s
     0     0 29697.4839    0    7 29701.0000 29697.4839  0.01%     -    0s
     0     0 29697.4839    0    6 29701.0000 29697.4839  0.01%     -    0s
     0     0 29697.4839    0    6 29701.0000 29697.4839  0.01%     -    0s

Cutting planes:
  Implied bound: 2
  StrongCG: 4
  Zero half: 1
  Relax-and-lift: 1

Explored 1 nodes (1172 simplex iterations) in 0.45 seconds (0.22 work units)
Thread count was 8 (of 40 available processors)

Solution count 10: 29701 29722 29780 ... 30225

Optimal solution found (tolerance 1.00e-16)
Best objective 2.970100000000e+04, best bound 2.970100000000e+04, gap 0.0000%

User-callback calls 644, time in user-callback 0.00 sec
Objective AP1: 29701.0, MIP-Gap: 0.0%
AP1 requires 16 trucks to transport 657 items. 14 trucks and 2 pseudo trucks.

P173654305 0

P178654305 1

P185654305 0

P186654301 0

P187654305 0

P191654301 0

P192654305 0

P194654305 0

P198654301 0

P199654305 0

P201654305 0

P205654301 0

P208654305 0

P236654305 1
Took 	00:00:00.810
####################################################################################################
####################################################################################################
Simple Packing:  2
dataP.t2DSP:  1
####################################################################################################
####################################################################################################
First packing

----------------------------------------------------------------------------------------------------
3D Packing Heuristic in Truck P198654301
Item 0091017300_14062023000016 with: 2
Item 0091017300_14062023000047 with: 2
Item 0091017300_14062023000100 with: 2
Item 0091017300_14062023000103 with: 2
Item 0091017300_14062023000104 with: 3
Item 0091017300_14062023000149 with: 1
Item 0091017300_14062023000167 with: 1
Heuristic packed all items

----------------------------------------------------------------------------------------------------
3D Packing Heuristic in Truck P191654301
Item 0091017300_14062023000011 with: 2
Item 0091017300_14062023000032 with: 5
Item 0091017300_14062023000041 with: 1
Item 0091017300_14062023000096 with: 2
Item 0091017300_14062023000140 with: 1
Item 0091017300_14062023000155 with: 2
Item 0091017300_14062023000173 with: 3
Item 0091017300_14062023000195 with: 1
Heuristic packed all items

----------------------------------------------------------------------------------------------------
3D Packing Heuristic in Truck P205654301
Item 0091017300_14062023000020 with: 2
Item 0091017300_14062023000028 with: 1
Item 0091017300_14062023000058 with: 3
Item 0091017300_14062023000124 with: 3
Item 0091017300_14062023000130 with: 1
Item 0091017300_14062023000143 with: 1
Item 0091017300_14062023000179 with: 5
Item 0091017300_14062023000189 with: 4
Heuristic packed all items

----------------------------------------------------------------------------------------------------
2D Packing Heuristic in Truck P185654305
Min2DVol: 15.654179999999995 [m2]
Stack 0 with items: ['0091017300_14062023000006', '0091017300_14062023000046', '0091017300_14062023000113']
Stack 1 with items: ['0091017300_14062023000076', '0091017300_14062023000030', '0091017300_14062023000076']
Stack 2 with items: ['0091017300_14062023000006', '0091017300_14062023000024', '0091017300_14062023000024', '0091017300_14062023000030', '0091017300_14062023000090']
Stack 3 with items: ['0091017300_14062023000175', '0091017300_14062023000175']
Stack 4 with items: ['0091017300_14062023000132', '0091017300_14062023000098']
Stack 5 with items: ['0091017300_14062023000075', '0091017300_14062023000075']
Stack 6 with items: ['0091017300_14062023000075', '0091017300_14062023000075']
Stack 7 with items: ['0091017300_14062023000075', '0091017300_14062023000075']
Stack 8 with items: ['0091017300_14062023000075', '0091017300_14062023000054']
Stack 9 with items: ['0091017300_14062023000054', '0091017300_14062023000054']
Stack 10 with items: ['0091017300_14062023000054', '0091017300_14062023000054']
Stack 11 with items: ['0091017300_14062023000034', '0091017300_14062023000034']
Stack 12 with items: ['0091017300_14062023000034']
Heuristic packed all stacks

----------------------------------------------------------------------------------------------------
2D Packing Heuristic in Truck P186654301
Min2DVol: 20.39999999999999 [m2]
Stack 0 with items: ['0091017300_14062023000197', '0091017300_14062023000197']
Stack 1 with items: ['0091017300_14062023000197', '0091017300_14062023000197']
Stack 2 with items: ['0091017300_14062023000197', '0091017300_14062023000192']
Stack 3 with items: ['0091017300_14062023000192', '0091017300_14062023000192']
Stack 4 with items: ['0091017300_14062023000192', '0091017300_14062023000192']
Stack 5 with items: ['0091017300_14062023000192', '0091017300_14062023000192']
Stack 6 with items: ['0091017300_14062023000181', '0091017300_14062023000163']
Stack 7 with items: ['0091017300_14062023000137', '0091017300_14062023000137']
Stack 8 with items: ['0091017300_14062023000137', '0091017300_14062023000137']
Stack 9 with items: ['0091017300_14062023000128', '0091017300_14062023000120']
Stack 10 with items: ['0091017300_14062023000120', '0091017300_14062023000120']
Stack 11 with items: ['0091017300_14062023000087', '0091017300_14062023000087']
Stack 12 with items: ['0091017300_14062023000087', '0091017300_14062023000087']
Stack 13 with items: ['0091017300_14062023000087', '0091017300_14062023000087']
Stack 14 with items: ['0091017300_14062023000087', '0091017300_14062023000074']
Stack 15 with items: ['0091017300_14062023000036', '0091017300_14062023000036']
Stack 16 with items: ['0091017300_14062023000036']
Heuristic packed all stacks

----------------------------------------------------------------------------------------------------
2D Packing Heuristic in Truck P208654305
Min2DVol: 21.690299999999993 [m2]
Stack 0 with items: ['0091017300_14062023000001', '0091017300_14062023000001', '0091017300_14062023000001', '0091017300_14062023000094']
Stack 1 with items: ['0091017300_14062023000166', '0091017300_14062023000021', '0091017300_14062023000105', '0091017300_14062023000021']
Stack 2 with items: ['0091017300_14062023000131', '0091017300_14062023000105', '0091017300_14062023000068']
Stack 3 with items: ['0091017300_14062023000131', '0091017300_14062023000148', '0091017300_14062023000148']
Stack 4 with items: ['0091017300_14062023000069', '0091017300_14062023000021', '0091017300_14062023000148']
Stack 5 with items: ['0091017300_14062023000142', '0091017300_14062023000142']
Stack 6 with items: ['0091017300_14062023000142', '0091017300_14062023000142']
Stack 7 with items: ['0091017300_14062023000093', '0091017300_14062023000093']
Stack 8 with items: ['0091017300_14062023000093', '0091017300_14062023000093']
Stack 9 with items: ['0091017300_14062023000093', '0091017300_14062023000093']
Stack 10 with items: ['0091017300_14062023000084', '0091017300_14062023000084']
Stack 11 with items: ['0091017300_14062023000084', '0091017300_14062023000084']
Stack 12 with items: ['0091017300_14062023000084', '0091017300_14062023000084']
Stack 13 with items: ['0091017300_14062023000084', '0091017300_14062023000084']
Stack 14 with items: ['0091017300_14062023000070', '0091017300_14062023000070']
Stack 15 with items: ['0091017300_14062023000070', '0091017300_14062023000070']
Stack 16 with items: ['0091017300_14062023000038', '0091017300_14062023000038']
Stack 17 with items: ['0091017300_14062023000025', '0091017300_14062023000025']
Heuristic packed all stacks

----------------------------------------------------------------------------------------------------
2D Packing Heuristic in Truck P173654305
Min2DVol: 21.690299999999993 [m2]
Stack 0 with items: ['0091017300_14062023000083', '0091017300_14062023000029', '0091017300_14062023000151', '0091017300_14062023000164']
Stack 1 with items: ['0091017300_14062023000183', '0091017300_14062023000082', '0091017300_14062023000059']
Stack 2 with items: ['0091017300_14062023000029', '0091017300_14062023000029', '0091017300_14062023000029', '0091017300_14062023000082', '0091017300_14062023000082']
Stack 3 with items: ['0091017300_14062023000180', '0091017300_14062023000029', '0091017300_14062023000136', '0091017300_14062023000029']
Stack 4 with items: ['0091017300_14062023000164', '0091017300_14062023000151', '0091017300_14062023000164', '0091017300_14062023000164', '0091017300_14062023000164', '0091017300_14062023000164']
Stack 5 with items: ['0091017300_14062023000152', '0091017300_14062023000116']
Stack 6 with items: ['0091017300_14062023000107', '0091017300_14062023000107']
Stack 7 with items: ['0091017300_14062023000107', '0091017300_14062023000107']
Stack 8 with items: ['0091017300_14062023000107', '0091017300_14062023000107']
Stack 9 with items: ['0091017300_14062023000091', '0091017300_14062023000091']
Stack 10 with items: ['0091017300_14062023000091', '0091017300_14062023000091']
Stack 11 with items: ['0091017300_14062023000091', '0091017300_14062023000081']
Stack 12 with items: ['0091017300_14062023000073', '0091017300_14062023000073']
Stack 13 with items: ['0091017300_14062023000073', '0091017300_14062023000051']
Stack 14 with items: ['0091017300_14062023000051', '0091017300_14062023000051']
Stack 15 with items: ['0091017300_14062023000051', '0091017300_14062023000051']
Stack 16 with items: ['0091017300_14062023000051', '0091017300_14062023000051']
Stack 17 with items: ['0091017300_14062023000051']
Heuristic packed all stacks

----------------------------------------------------------------------------------------------------
2D Packing Heuristic in Truck P192654305
Min2DVol: 27.708360000000003 [m2]
Stack 0 with items: ['0091017300_14062023000194', '0091017300_14062023000194']
Stack 1 with items: ['0091017300_14062023000194', '0091017300_14062023000176']
Stack 2 with items: ['0091017300_14062023000173', '0091017300_14062023000170']
Stack 3 with items: ['0091017300_14062023000170', '0091017300_14062023000170']
Stack 4 with items: ['0091017300_14062023000170', '0091017300_14062023000170']
Stack 5 with items: ['0091017300_14062023000170', '0091017300_14062023000160']
Stack 6 with items: ['0091017300_14062023000154', '0091017300_14062023000153']
Stack 7 with items: ['0091017300_14062023000153', '0091017300_14062023000153']
Stack 8 with items: ['0091017300_14062023000145', '0091017300_14062023000139']
Stack 9 with items: ['0091017300_14062023000121', '0091017300_14062023000121']
Stack 10 with items: ['0091017300_14062023000121', '0091017300_14062023000115']
Stack 11 with items: ['0091017300_14062023000115', '0091017300_14062023000115']
Stack 12 with items: ['0091017300_14062023000115', '0091017300_14062023000071']
Stack 13 with items: ['0091017300_14062023000060', '0091017300_14062023000060']
Stack 14 with items: ['0091017300_14062023000010', '0091017300_14062023000003']
Stack 15 with items: ['0091017300_14062023000003', '0091017300_14062023000003']
Stack 16 with items: ['0091017300_14062023000002']
Stack 17 with items: ['0091017300_14062023000078', '0091017300_14062023000078']
Stack 18 with items: ['0091017300_14062023000174', '0091017300_14062023000086', '0091017300_14062023000162', '0091017300_14062023000086']
Stack 19 with items: ['0091017300_14062023000129', '0091017300_14062023000129', '0091017300_14062023000162']
Stack 20 with items: ['0091017300_14062023000158', '0091017300_14062023000110']
Stack 21 with items: ['0091017300_14062023000044', '0091017300_14062023000044', '0091017300_14062023000129', '0091017300_14062023000158']
Stack 22 with items: ['0091017300_14062023000089', '0091017300_14062023000089', '0091017300_14062023000089']
Heuristic packed all stacks

----------------------------------------------------------------------------------------------------
2D Packing Heuristic in Truck P199654305
Min2DVol: 26.50835999999999 [m2]
Stack 0 with items: ['0091017300_14062023000007', '0091017300_14062023000133', '0091017300_14062023000186', '0091017300_14062023000186']
Stack 1 with items: ['0091017300_14062023000095', '0091017300_14062023000095', '0091017300_14062023000127']
Stack 2 with items: ['0091017300_14062023000191', '0091017300_14062023000005', '0091017300_14062023000172', '0091017300_14062023000005']
Stack 3 with items: ['0091017300_14062023000125', '0091017300_14062023000125', '0091017300_14062023000191']
Stack 4 with items: ['0091017300_14062023000007', '0091017300_14062023000077']
Stack 5 with items: ['0091017300_14062023000008', '0091017300_14062023000057', '0091017300_14062023000057']
Stack 6 with items: ['0091017300_14062023000196', '0091017300_14062023000196']
Stack 7 with items: ['0091017300_14062023000190', '0091017300_14062023000165']
Stack 8 with items: ['0091017300_14062023000165', '0091017300_14062023000165']
Stack 9 with items: ['0091017300_14062023000165', '0091017300_14062023000161']
Stack 10 with items: ['0091017300_14062023000111', '0091017300_14062023000111']
Stack 11 with items: ['0091017300_14062023000111', '0091017300_14062023000108']
Stack 12 with items: ['0091017300_14062023000106', '0091017300_14062023000106']
Stack 13 with items: ['0091017300_14062023000099', '0091017300_14062023000099']
Stack 14 with items: ['0091017300_14062023000099', '0091017300_14062023000099']
Stack 15 with items: ['0091017300_14062023000099', '0091017300_14062023000099']
Stack 16 with items: ['0091017300_14062023000065', '0091017300_14062023000063']
Stack 17 with items: ['0091017300_14062023000045', '0091017300_14062023000045']
Stack 18 with items: ['0091017300_14062023000045', '0091017300_14062023000033']
Stack 19 with items: ['0091017300_14062023000033', '0091017300_14062023000033']
Stack 20 with items: ['0091017300_14062023000017', '0091017300_14062023000015']
Stack 21 with items: ['0091017300_14062023000015', '0091017300_14062023000015']
Heuristic packed all stacks

----------------------------------------------------------------------------------------------------
2D Packing Heuristic in Truck P187654305
Min2DVol: 27.726419999999987 [m2]
Stack 0 with items: ['0091017300_14062023000156', '0091017300_14062023000118', '0091017300_14062023000156']
Stack 1 with items: ['0091017300_14062023000118', '0091017300_14062023000112', '0091017300_14062023000112', '0091017300_14062023000118', '0091017300_14062023000118']
Stack 2 with items: ['0091017300_14062023000088', '0091017300_14062023000079', '0091017300_14062023000079']
Stack 3 with items: ['0091017300_14062023000079', '0091017300_14062023000067', '0091017300_14062023000067', '0091017300_14062023000067', '0091017300_14062023000079']
Stack 4 with items: ['0091017300_14062023000067', '0091017300_14062023000049', '0091017300_14062023000049']
Stack 5 with items: ['0091017300_14062023000026', '0091017300_14062023000026', '0091017300_14062023000026']
Stack 6 with items: ['0091017300_14062023000026', '0091017300_14062023000004']
Stack 7 with items: ['0091017300_14062023000074', '0091017300_14062023000037']
Stack 8 with items: ['0091017300_14062023000074', '0091017300_14062023000037']
Stack 9 with items: ['0091017300_14062023000074', '0091017300_14062023000074']
Stack 10 with items: ['0091017300_14062023000056', '0091017300_14062023000056']
Stack 11 with items: ['0091017300_14062023000137', '0091017300_14062023000056']
Stack 12 with items: ['0091017300_14062023000037', '0091017300_14062023000074']
Stack 13 with items: ['0091017300_14062023000056', '0091017300_14062023000056']
Stack 14 with items: ['0091017300_14062023000171', '0091017300_14062023000171']
Stack 15 with items: ['0091017300_14062023000074', '0091017300_14062023000074']
Stack 16 with items: ['0091017300_14062023000037', '0091017300_14062023000056']
Stack 17 with items: ['0091017300_14062023000074', '0091017300_14062023000074']
Stack 18 with items: ['0091017300_14062023000037', '0091017300_14062023000056']
Stack 19 with items: ['0091017300_14062023000074', '0091017300_14062023000074']
Stack 20 with items: ['0091017300_14062023000056', '0091017300_14062023000056']
Stack 21 with items: ['0091017300_14062023000171', '0091017300_14062023000171']
Stack 22 with items: ['0091017300_14062023000037', '0091017300_14062023000037']
Heuristic packed all stacks

----------------------------------------------------------------------------------------------------
2D Packing Heuristic in Truck P194654305
Min2DVol: 28.944479999999988 [m2]
Stack 0 with items: ['0091017300_14062023000198', '0091017300_14062023000147', '0091017300_14062023000147', '0091017300_14062023000147', '0091017300_14062023000198']
Stack 1 with items: ['0091017300_14062023000135', '0091017300_14062023000122', '0091017300_14062023000135']
Stack 2 with items: ['0091017300_14062023000122', '0091017300_14062023000122', '0091017300_14062023000122']
Stack 3 with items: ['0091017300_14062023000122', '0091017300_14062023000119', '0091017300_14062023000117']
Stack 4 with items: ['0091017300_14062023000119', '0091017300_14062023000097', '0091017300_14062023000117', '0091017300_14062023000085']
Stack 5 with items: ['0091017300_14062023000109', '0091017300_14062023000085', '0091017300_14062023000097', '0091017300_14062023000085']
Stack 6 with items: ['0091017300_14062023000066', '0091017300_14062023000066', '0091017300_14062023000066']
Stack 7 with items: ['0091017300_14062023000066', '0091017300_14062023000066']
Stack 8 with items: ['0091017300_14062023000126', '0091017300_14062023000126']
Stack 9 with items: ['0091017300_14062023000145', '0091017300_14062023000145']
Stack 10 with items: ['0091017300_14062023000145', '0091017300_14062023000145']
Stack 11 with items: ['0091017300_14062023000184', '0091017300_14062023000184']
Stack 12 with items: ['0091017300_14062023000194', '0091017300_14062023000194']
Stack 13 with items: ['0091017300_14062023000126', '0091017300_14062023000126']
Stack 14 with items: ['0091017300_14062023000126', '0091017300_14062023000126']
Stack 15 with items: ['0091017300_14062023000145', '0091017300_14062023000145']
Stack 16 with items: ['0091017300_14062023000145', '0091017300_14062023000145']
Stack 17 with items: ['0091017300_14062023000145', '0091017300_14062023000145']
Stack 18 with items: ['0091017300_14062023000145', '0091017300_14062023000145']
Stack 19 with items: ['0091017300_14062023000126', '0091017300_14062023000126']
Stack 20 with items: ['0091017300_14062023000184', '0091017300_14062023000184']
Stack 21 with items: ['0091017300_14062023000071', '0091017300_14062023000071']
Stack 22 with items: ['0091017300_14062023000126', '0091017300_14062023000126']
Stack 23 with items: ['0091017300_14062023000071', '0091017300_14062023000071']
Heuristic packed all stacks

----------------------------------------------------------------------------------------------------
2D Packing Heuristic in Truck P201654305
Min2DVol: 31.380599999999987 [m2]
Stack 0 with items: ['0091017300_14062023000177', '0091017300_14062023000177', '0091017300_14062023000177']
Stack 1 with items: ['0091017300_14062023000177', '0091017300_14062023000177', '0091017300_14062023000177']
Stack 2 with items: ['0091017300_14062023000157', '0091017300_14062023000123', '0091017300_14062023000123', '0091017300_14062023000157']
Stack 3 with items: ['0091017300_14062023000123', '0091017300_14062023000055', '0091017300_14062023000064', '0091017300_14062023000064', '0091017300_14062023000055']
Stack 4 with items: ['0091017300_14062023000055', '0091017300_14062023000043', '0091017300_14062023000019', '0091017300_14062023000055']
Stack 5 with items: ['0091017300_14062023000043', '0091017300_14062023000031', '0091017300_14062023000013']
Stack 6 with items: ['0091017300_14062023000031', '0091017300_14062023000013', '0091017300_14062023000031']
Stack 7 with items: ['0091017300_14062023000019', '0091017300_14062023000019', '0091017300_14062023000019']
Stack 8 with items: ['0091017300_14062023000019', '0091017300_14062023000013', '0091017300_14062023000013', '0091017300_14062023000019']
Stack 9 with items: ['0091017300_14062023000008', '0091017300_14062023000008']
Stack 10 with items: ['0091017300_14062023000017', '0091017300_14062023000017']
Stack 11 with items: ['0091017300_14062023000017', '0091017300_14062023000017']
Stack 12 with items: ['0091017300_14062023000017', '0091017300_14062023000017']
Stack 13 with items: ['0091017300_14062023000017', '0091017300_14062023000017']
Stack 14 with items: ['0091017300_14062023000017', '0091017300_14062023000040']
Stack 15 with items: ['0091017300_14062023000159']
Stack 16 with items: ['0091017300_14062023000017', '0091017300_14062023000017']
Stack 17 with items: ['0091017300_14062023000053', '0091017300_14062023000053']
Stack 18 with items: ['0091017300_14062023000040', '0091017300_14062023000040']
Stack 19 with items: ['0091017300_14062023000017', '0091017300_14062023000017']
Stack 20 with items: ['0091017300_14062023000159', '0091017300_14062023000159']
Stack 21 with items: ['0091017300_14062023000159', '0091017300_14062023000159']
Stack 22 with items: ['0091017300_14062023000017', '0091017300_14062023000159']
Stack 23 with items: ['0091017300_14062023000159', '0091017300_14062023000159']
Stack 24 with items: ['0091017300_14062023000017', '0091017300_14062023000159']
Stack 25 with items: ['0091017300_14062023000159', '0091017300_14062023000159']
Heuristic packed all stacks

----------------------------------------------------------------------------------------------------
2D Packing Heuristic in Truck P236654305
Min2DVol: 20.481270000000002 [m2]
Stack 0 with items: ['0091017300_14062023000188', '0091017300_14062023000185', '0091017300_14062023000188', '0091017300_14062023000188', '0091017300_14062023000188', '0091017300_14062023000188']
Stack 1 with items: ['0091017300_14062023000185', '0091017300_14062023000146', '0091017300_14062023000185']
Stack 2 with items: ['0091017300_14062023000169', '0091017300_14062023000052', '0091017300_14062023000169']
Stack 3 with items: ['0091017300_14062023000146', '0091017300_14062023000102', '0091017300_14062023000102']
Stack 4 with items: ['0091017300_14062023000102', '0091017300_14062023000102', '0091017300_14062023000102']
Stack 5 with items: ['0091017300_14062023000062', '0091017300_14062023000062', '0091017300_14062023000062']
Stack 6 with items: ['0091017300_14062023000062', '0091017300_14062023000052', '0091017300_14062023000052', '0091017300_14062023000052', '0091017300_14062023000062']
Stack 7 with items: ['0091017300_14062023000052', '0091017300_14062023000048', '0091017300_14062023000048']
Stack 8 with items: ['0091017300_14062023000009']
Stack 9 with items: ['0091017300_14062023000193', '0091017300_14062023000193']
Stack 10 with items: ['0091017300_14062023000193', '0091017300_14062023000193']
Stack 11 with items: ['0091017300_14062023000193', '0091017300_14062023000193']
Stack 12 with items: ['0091017300_14062023000193', '0091017300_14062023000193']
Stack 13 with items: ['0091017300_14062023000193', '0091017300_14062023000187']
Stack 14 with items: ['0091017300_14062023000187', '0091017300_14062023000187']
Stack 15 with items: ['0091017300_14062023000187', '0091017300_14062023000187']
Stack 16 with items: ['0091017300_14062023000187', '0091017300_14062023000187']
Stack 17 with items: ['0091017300_14062023000187', '0091017300_14062023000182']
Stack 18 with items: ['0091017300_14062023000182', '0091017300_14062023000182']
Stack 19 with items: ['0091017300_14062023000182', '0091017300_14062023000182']
Stack 20 with items: ['0091017300_14062023000182', '0091017300_14062023000182']
Stack 21 with items: ['0091017300_14062023000182', '0091017300_14062023000182']
Stack 22 with items: ['0091017300_14062023000182', '0091017300_14062023000168']
Stack 23 with items: ['0091017300_14062023000168', '0091017300_14062023000168']
Stack 24 with items: ['0091017300_14062023000150', '0091017300_14062023000150']
Stack 25 with items: ['0091017300_14062023000141', '0091017300_14062023000141']
Stack 26 with items: ['0091017300_14062023000141', '0091017300_14062023000141']
Stack 27 with items: ['0091017300_14062023000141', '0091017300_14062023000141']
Stack 28 with items: ['0091017300_14062023000141', '0091017300_14062023000114']
Stack 29 with items: ['0091017300_14062023000114', '0091017300_14062023000101']
Stack 30 with items: ['0091017300_14062023000101', '0091017300_14062023000042']
Stack 31 with items: ['0091017300_14062023000027', '0091017300_14062023000027']
Stack 32 with items: ['0091017300_14062023000022', '0091017300_14062023000022']
Stack 33 with items: ['0091017300_14062023000022', '0091017300_14062023000012']
Stacks not packed:
Stack 9 missing: ['0091017300_14062023000193', '0091017300_14062023000193']
Stack 10 missing: ['0091017300_14062023000193', '0091017300_14062023000193']
Stack 11 missing: ['0091017300_14062023000193', '0091017300_14062023000193']
Stack 12 missing: ['0091017300_14062023000193', '0091017300_14062023000193']
Stack 22 missing: ['0091017300_14062023000182', '0091017300_14062023000168']
Stack 23 missing: ['0091017300_14062023000168', '0091017300_14062023000168']
Stack 24 missing: ['0091017300_14062023000150', '0091017300_14062023000150']
Stack 30 missing: ['0091017300_14062023000101', '0091017300_14062023000042']
Stack 32 missing: ['0091017300_14062023000022', '0091017300_14062023000022']
Stack 33 missing: ['0091017300_14062023000022', '0091017300_14062023000012']
----------------------------------------------------------------------------------------------------
3D Packing Heuristic in Truck P236654305
Item 0091017300_14062023000193 with: 8
Item 0091017300_14062023000182 with: 1
Item 0091017300_14062023000168 with: 3
Item 0091017300_14062023000150 with: 2
Item 0091017300_14062023000101 with: 1
Item 0091017300_14062023000042 with: 1
Item 0091017300_14062023000022 with: 3
Item 0091017300_14062023000012 with: 1
Heuristic packed all items

----------------------------------------------------------------------------------------------------
2D Packing Heuristic in Truck P178654305
Min2DVol: 24.054180000000013 [m2]
Stack 0 with items: ['0091017300_14062023000050', '0091017300_14062023000035', '0091017300_14062023000050', '0091017300_14062023000050', '0091017300_14062023000050']
Stack 1 with items: ['0091017300_14062023000014', '0091017300_14062023000014', '0091017300_14062023000072']
Stack 2 with items: ['0091017300_14062023000092', '0091017300_14062023000092', '0091017300_14062023000092']
Stack 3 with items: ['0091017300_14062023000072', '0091017300_14062023000138', '0091017300_14062023000138', '0091017300_14062023000138', '0091017300_14062023000144']
Stack 4 with items: ['0091017300_14062023000138', '0091017300_14062023000138', '0091017300_14062023000138', '0091017300_14062023000144', '0091017300_14062023000144']
Stack 5 with items: ['0091017300_14062023000039', '0091017300_14062023000050', '0091017300_14062023000050', '0091017300_14062023000072']
Stack 6 with items: ['0091017300_14062023000178', '0091017300_14062023000178']
Stack 7 with items: ['0091017300_14062023000178', '0091017300_14062023000178']
Stack 8 with items: ['0091017300_14062023000134', '0091017300_14062023000134']
Stack 9 with items: ['0091017300_14062023000134', '0091017300_14062023000134']
Stack 10 with items: ['0091017300_14062023000080', '0091017300_14062023000080']
Stack 11 with items: ['0091017300_14062023000080', '0091017300_14062023000080']
Stack 12 with items: ['0091017300_14062023000080', '0091017300_14062023000061']
Stack 13 with items: ['0091017300_14062023000061', '0091017300_14062023000061']
Stack 14 with items: ['0091017300_14062023000061', '0091017300_14062023000061']
Stack 15 with items: ['0091017300_14062023000061', '0091017300_14062023000061']
Stack 16 with items: ['0091017300_14062023000061', '0091017300_14062023000061']
Stack 17 with items: ['0091017300_14062023000061', '0091017300_14062023000061']
Stack 18 with items: ['0091017300_14062023000061', '0091017300_14062023000061']
Stack 19 with items: ['0091017300_14062023000061', '0091017300_14062023000061']
Stack 20 with items: ['0091017300_14062023000061', '0091017300_14062023000061']
Stack 21 with items: ['0091017300_14062023000061', '0091017300_14062023000061']
Stack 22 with items: ['0091017300_14062023000061', '0091017300_14062023000061']
Stack 23 with items: ['0091017300_14062023000061', '0091017300_14062023000061']
Stack 24 with items: ['0091017300_14062023000061', '0091017300_14062023000061']
Stack 25 with items: ['0091017300_14062023000061', '0091017300_14062023000061']
Stack 26 with items: ['0091017300_14062023000023', '0091017300_14062023000023']
Stack 27 with items: ['0091017300_14062023000023', '0091017300_14062023000023']
Stack 28 with items: ['0091017300_14062023000023', '0091017300_14062023000023']
Stack 29 with items: ['0091017300_14062023000023', '0091017300_14062023000023']
Stack 30 with items: ['0091017300_14062023000023', '0091017300_14062023000023']
Stack 31 with items: ['0091017300_14062023000023', '0091017300_14062023000023']
Stack 32 with items: ['0091017300_14062023000023', '0091017300_14062023000023']
Stack 33 with items: ['0091017300_14062023000023', '0091017300_14062023000023']
Stack 34 with items: ['0091017300_14062023000023', '0091017300_14062023000023']
Stack 35 with items: ['0091017300_14062023000023', '0091017300_14062023000023']
Stack 36 with items: ['0091017300_14062023000023', '0091017300_14062023000023']
Stack 37 with items: ['0091017300_14062023000018', '0091017300_14062023000018']
Stack 38 with items: ['0091017300_14062023000018', '0091017300_14062023000018']
Stack 39 with items: ['0091017300_14062023000018']
Stacks not packed:
Stack 8 missing: ['0091017300_14062023000134', '0091017300_14062023000134']
Stack 9 missing: ['0091017300_14062023000134', '0091017300_14062023000134']
Stack 10 missing: ['0091017300_14062023000080', '0091017300_14062023000080']
Stack 11 missing: ['0091017300_14062023000080', '0091017300_14062023000080']
Stack 12 missing: ['0091017300_14062023000080', '0091017300_14062023000061']
Stack 14 missing: ['0091017300_14062023000061', '0091017300_14062023000061']
Stack 15 missing: ['0091017300_14062023000061', '0091017300_14062023000061']
Stack 16 missing: ['0091017300_14062023000061', '0091017300_14062023000061']
Stack 17 missing: ['0091017300_14062023000061', '0091017300_14062023000061']
Stack 18 missing: ['0091017300_14062023000061', '0091017300_14062023000061']
Stack 19 missing: ['0091017300_14062023000061', '0091017300_14062023000061']
Stack 20 missing: ['0091017300_14062023000061', '0091017300_14062023000061']
Stack 21 missing: ['0091017300_14062023000061', '0091017300_14062023000061']
Stack 22 missing: ['0091017300_14062023000061', '0091017300_14062023000061']
Stack 23 missing: ['0091017300_14062023000061', '0091017300_14062023000061']
Stack 24 missing: ['0091017300_14062023000061', '0091017300_14062023000061']
Stack 25 missing: ['0091017300_14062023000061', '0091017300_14062023000061']
----------------------------------------------------------------------------------------------------
2D Packing Heuristic in Truck P178654305
Min2DVol: 20.39999999999999 [m2]
Stack 0 with items: ['0091017300_14062023000134', '0091017300_14062023000134']
Stack 1 with items: ['0091017300_14062023000134', '0091017300_14062023000134']
Stack 2 with items: ['0091017300_14062023000080', '0091017300_14062023000080']
Stack 3 with items: ['0091017300_14062023000080', '0091017300_14062023000080']
Stack 4 with items: ['0091017300_14062023000080', '0091017300_14062023000061']
Stack 5 with items: ['0091017300_14062023000061', '0091017300_14062023000061']
Stack 6 with items: ['0091017300_14062023000061', '0091017300_14062023000061']
Stack 7 with items: ['0091017300_14062023000061', '0091017300_14062023000061']
Stack 8 with items: ['0091017300_14062023000061', '0091017300_14062023000061']
Stack 9 with items: ['0091017300_14062023000061', '0091017300_14062023000061']
Stack 10 with items: ['0091017300_14062023000061', '0091017300_14062023000061']
Stack 11 with items: ['0091017300_14062023000061', '0091017300_14062023000061']
Stack 12 with items: ['0091017300_14062023000061', '0091017300_14062023000061']
Stack 13 with items: ['0091017300_14062023000061', '0091017300_14062023000061']
Stack 14 with items: ['0091017300_14062023000061', '0091017300_14062023000061']
Stack 15 with items: ['0091017300_14062023000061', '0091017300_14062023000061']
Stack 16 with items: ['0091017300_14062023000061', '0091017300_14062023000061']
Heuristic packed all stacks
****************************************************************************************************
****************************************************************************************************
****************************************************************************************************
Final Solution
Objective;29701.0
Transportation cost;24600.0
Inventory cost;5101.0
Runtime;5.74
****************************************************************************************************
****************************************************************************************************
****************************************************************************************************
####################################################################################################
Export solution
End ROADEF
####################################################################################################
####################################################################################################
####################################################################################################
####################################################################################################
####################################################################################################
####################################################################################################
####################################################################################################

real	0m10.808s
user	0m17.934s
sys	0m1.262s
finished at Wed Oct 11 23:26:10 CEST 2023
