cpu-bind=MASK - cn-0107, task  0  0 [277141]: mask |--------------------||||BBBBBBBB------------|  set
Python 3.10.6
Gurobi Optimizer version 10.0.0 build v10.0.0rc2 (linux64)
Copyright (c) 2022, Gurobi Optimization, LLC
started at Wed Oct 11 23:26:59 CEST 2023
####################################################################################################
####################################################################################################
Start ROADEF
Set parameter TokenServer to value "license3.uni-paderborn.de"
####################################################################################################
####################################################################################################
Time for optimization 3600.0 (s)
####################################################################################################
Data read
Took 	00:00:00.190
####################################################################################################
Presolve
Anzahl Trucks in OPtimierungsproblem:  20
Itemgruppen in AP werden eher enger gemacht:  False
Start Reduction
Orinigial Anzahl:  198 657
Reduzierte Anzahl:  58 657
####################################################################################################
Load Assignment 1 solution
Set parameter MIPFocus to value 1
Set parameter TimeLimit to value 323.91
Set parameter Threads to value 8
Set parameter MIPGap to value 0.005
Gurobi Optimizer version 10.0.0 build v10.0.0rc2 (linux64)

CPU model: Intel(R) Xeon(R) Gold 6148 CPU @ 2.40GHz, instruction set [SSE2|AVX|AVX2|AVX512]
Thread count: 40 physical cores, 40 logical processors, using up to 8 threads

Optimize a model with 260 rows, 332 columns and 970 nonzeros
Model fingerprint: 0xcb0205d4
Variable types: 40 continuous, 292 integer (20 binary)
Coefficient statistics:
  Matrix range     [1e-01, 2e+04]
  Objective range  [2e+01, 9e+03]
  Bounds range     [1e+00, 3e+01]
  RHS range        [1e+00, 3e+01]
Presolve removed 169 rows and 177 columns
Presolve time: 0.01s
Presolved: 91 rows, 155 columns, 473 nonzeros
Variable types: 0 continuous, 155 integer (60 binary)
Found heuristic solution: objective 214428.00000

Root relaxation: objective 1.140260e+05, 64 iterations, 0.00 seconds (0.00 work units)

    Nodes    |    Current Node    |     Objective Bounds      |     Work
 Expl Unexpl |  Obj  Depth IntInf | Incumbent    BestBd   Gap | It/Node Time

     0     0 114025.990    0   29 214428.000 114025.990  46.8%     -    0s
H    0     0                    158917.00000 114025.990  28.2%     -    0s
H    0     0                    150103.00000 114025.990  24.0%     -    0s
H    0     0                    149855.00000 114025.990  23.9%     -    0s
H    0     0                    149731.00000 114025.990  23.8%     -    0s
H    0     0                    149669.00000 114025.990  23.8%     -    0s
H    0     0                    132641.00000 122366.555  7.75%     -    0s
     0     0 122366.555    0   39 132641.000 122366.555  7.75%     -    0s
     0     0 122568.777    0   40 132641.000 122568.777  7.59%     -    0s
     0     0 122630.864    0   45 132641.000 122630.864  7.55%     -    0s
H    0     0                    132611.00000 122630.864  7.53%     -    0s
     0     0 122630.864    0   46 132611.000 122630.864  7.53%     -    0s
H    0     0                    130209.00000 122630.864  5.82%     -    0s
H    0     0                    126712.00000 124653.302  1.62%     -    0s
     0     0 124653.302    0   45 126712.000 124653.302  1.62%     -    0s
     0     0 124702.489    0   34 126712.000 124702.489  1.59%     -    0s
H    0     0                    126651.00000 124730.015  1.52%     -    0s
     0     0 124730.015    0   29 126651.000 124730.015  1.52%     -    0s
     0     0 124847.635    0   45 126651.000 124847.635  1.42%     -    0s
     0     0 124969.742    0   56 126651.000 124969.742  1.33%     -    0s
     0     0 125026.217    0   60 126651.000 125026.217  1.28%     -    0s
     0     0 125811.615    0   60 126651.000 125811.615  0.66%     -    0s
     0     0 125811.615    0   60 126651.000 125811.615  0.66%     -    0s

Cutting planes:
  Gomory: 5
  Cover: 6
  Implied bound: 14
  Clique: 4
  MIR: 22
  StrongCG: 9
  Flow cover: 4
  Zero half: 1

Explored 1 nodes (218 simplex iterations) in 0.05 seconds (0.01 work units)
Thread count was 8 (of 40 available processors)

Solution count 10: 126651 126712 130209 ... 158917

Optimal solution found (tolerance 5.00e-03)
Best objective 1.266510000000e+05, best bound 1.266150000000e+05, gap 0.0284%

User-callback calls 596, time in user-callback 0.00 sec
Objective AP1: 126651.0, MIP-Gap: 0.03%
AP0 requires 14 trucks and 1 pseudo trucks.
####################################################################################################
####################################################################################################
Assignment 1
Set parameter TimeLimit to value 6.4753061731269588e+02
Set parameter Threads to value 8
Set parameter MIPGap to value 1e-16
Gurobi Optimizer version 10.0.0 build v10.0.0rc2 (linux64)

CPU model: Intel(R) Xeon(R) Gold 6148 CPU @ 2.40GHz, instruction set [SSE2|AVX|AVX2|AVX512]
Thread count: 40 physical cores, 40 logical processors, using up to 8 threads

Optimize a model with 645 rows, 2289 columns and 13535 nonzeros
Model fingerprint: 0x1c884bda
Variable types: 40 continuous, 2249 integer (1760 binary)
Coefficient statistics:
  Matrix range     [5e-01, 2e+04]
  Objective range  [2e+01, 9e+03]
  Bounds range     [1e+00, 3e+01]
  RHS range        [1e+00, 4e+01]
Presolve removed 622 rows and 2117 columns
Presolve time: 0.02s
Presolved: 23 rows, 172 columns, 442 nonzeros
Variable types: 0 continuous, 172 integer (151 binary)

Root relaxation: objective 1.258860e+05, 10 iterations, 0.00 seconds (0.00 work units)

    Nodes    |    Current Node    |     Objective Bounds      |     Work
 Expl Unexpl |  Obj  Depth IntInf | Incumbent    BestBd   Gap | It/Node Time

     0     0 125886.000    0    3          - 125886.000      -     -    0s
H    0     0                    125886.00000 125886.000  0.00%     -    0s

Explored 1 nodes (10 simplex iterations) in 0.03 seconds (0.02 work units)
Thread count was 8 (of 40 available processors)

Solution count 1: 125886 

Optimal solution found (tolerance 1.00e-16)
Best objective 1.258860000000e+05, best bound 1.258860000000e+05, gap 0.0000%
####################################################################################################
Hier wird die fixierte Version nochmal relaxiert um bessere Lösungen zu erhalten
Set parameter TimeLimit to value 6.4738318264361476e+02
Set parameter MIPFocus to value 1
Gurobi Optimizer version 10.0.0 build v10.0.0rc2 (linux64)

CPU model: Intel(R) Xeon(R) Gold 6148 CPU @ 2.40GHz, instruction set [SSE2|AVX|AVX2|AVX512]
Thread count: 40 physical cores, 40 logical processors, using up to 8 threads

Optimize a model with 478 rows, 2289 columns and 12877 nonzeros
Model fingerprint: 0x9413b93a
Variable types: 40 continuous, 2249 integer (1760 binary)
Coefficient statistics:
  Matrix range     [5e-01, 2e+04]
  Objective range  [2e+01, 9e+03]
  Bounds range     [1e+00, 3e+01]
  RHS range        [1e+00, 3e+01]

MIP start from previous solve produced solution with objective 125886 (0.00s)
Loaded MIP start from previous solve with objective 125886

Presolve removed 279 rows and 574 columns
Presolve time: 0.08s
Presolved: 199 rows, 1715 columns, 6113 nonzeros
Found heuristic solution: objective 124896.00000
Variable types: 0 continuous, 1715 integer (1468 binary)

Root relaxation: objective 1.048475e+05, 108 iterations, 0.00 seconds (0.00 work units)

    Nodes    |    Current Node    |     Objective Bounds      |     Work
 Expl Unexpl |  Obj  Depth IntInf | Incumbent    BestBd   Gap | It/Node Time

     0     0 104847.513    0   38 124896.000 104847.513  16.1%     -    0s
     0     0 104847.513    0   38 124896.000 104847.513  16.1%     -    0s
H    0     0                    124776.00000 104847.513  16.0%     -    0s
H    0     0                    124715.00000 104847.513  15.9%     -    0s
H    0     0                    124709.00000 113309.259  9.14%     -    0s
     0     0 113309.259    0   77 124709.000 113309.259  9.14%     -    0s
H    0     0                    124692.00000 113309.259  9.13%     -    0s
     0     0 113821.776    0   94 124692.000 113821.776  8.72%     -    0s
     0     0 116340.053    0   81 124692.000 116340.053  6.70%     -    0s
     0     0 116340.096    0   83 124692.000 116340.096  6.70%     -    0s
H    0     0                    124687.00000 117393.365  5.85%     -    0s
     0     0 117393.365    0   92 124687.000 117393.365  5.85%     -    0s
H    0     0                    124524.00000 117393.365  5.73%     -    0s
     0     0 118024.976    0   93 124524.000 118024.976  5.22%     -    0s
     0     0 118027.290    0   96 124524.000 118027.290  5.22%     -    0s
     0     0 118028.910    0   98 124524.000 118028.910  5.22%     -    0s
     0     0 118029.403    0   99 124524.000 118029.403  5.22%     -    0s
     0     0 118045.453    0   94 124524.000 118045.453  5.20%     -    0s
H    0     0                    124495.00000 118045.453  5.18%     -    0s
     0     0 118046.807    0  114 124495.000 118046.807  5.18%     -    0s
     0     0 118047.977    0  112 124495.000 118047.977  5.18%     -    0s
     0     0 118056.519    0  111 124495.000 118056.519  5.17%     -    0s
     0     0 118058.163    0  120 124495.000 118058.163  5.17%     -    0s
     0     0 118059.109    0  128 124495.000 118059.109  5.17%     -    0s
H    0     0                    124394.00000 118059.109  5.09%     -    0s
     0     0 118062.599    0  117 124394.000 118062.599  5.09%     -    0s
H    0     0                    124296.00000 118062.599  5.01%     -    0s
     0     2 118062.599    0  117 124296.000 118062.599  5.01%     -    0s
H    3     8                    124242.00000 118243.977  4.83%  41.3    0s
H   32    40                    124215.00000 118520.754  4.58%  40.5    0s
H   37    40                    124105.00000 118772.037  4.30%  37.5    0s
H  975   607                    122316.00000 118772.037  2.90%   5.5    1s
H  978   451                    120182.00000 118772.037  1.17%   5.5    1s
H  980   451                    119161.00000 118772.037  0.33%   5.5    1s
H 1000   493                    119153.00000 118965.057  0.16%   5.4    1s
H 1026   493                    119138.00000 118965.057  0.15%   5.4    1s
H 1097   493                    119135.00000 118967.530  0.14%   5.2    1s
H 1107   493                    119091.00000 118967.530  0.10%   5.2    1s
H 1400   636                    119088.00000 118969.782  0.10%   4.8    1s
H 1470   636                    119080.00000 118969.782  0.09%   4.7    1s
H 1610   636                    119070.00000 118969.782  0.08%   4.6    1s
H 1724   568                    119069.00000 118969.782  0.08%   4.4    1s
H 3120  1384                    119043.00000 118980.566  0.05%   3.9    1s
H 3139  1326                    119040.00000 118980.566  0.05%   3.8    1s
H 3169  1277                    119032.00000 118980.566  0.04%   4.3    1s
H 3170  1213                    119006.00000 118980.566  0.02%   4.3    1s

Cutting planes:
  Gomory: 9
  Cover: 16
  Implied bound: 39
  Clique: 7
  MIR: 37
  StrongCG: 10
  Flow cover: 23
  GUB cover: 3
  Zero half: 2
  Mod-K: 1
  Network: 1
  RLT: 12
  Relax-and-lift: 17

Explored 6776 nodes (29923 simplex iterations) in 1.99 seconds (1.34 work units)
Thread count was 8 (of 40 available processors)

Solution count 10: 119006 119032 119040 ... 119135

Optimal solution found (tolerance 1.00e-16)
Best objective 1.190060000000e+05, best bound 1.190060000000e+05, gap 0.0000%

User-callback calls 14800, time in user-callback 0.03 sec
Objective AP1: 119006.0, MIP-Gap: 0.0%
AP1 requires 14 trucks to transport 657 items. 13 trucks and 1 pseudo trucks.

P173654305 0

P177654301 0

P178654305 0

P185654305 0

P186654301 0

P187654305 0

P192654305 0

P194654305 0

P198654301 0

P199654305 0

P201654305 0

P208654305 0

P236654305 1
Took 	00:00:02.445
####################################################################################################
####################################################################################################
Simple Packing:  2
dataP.t2DSP:  1
####################################################################################################
####################################################################################################
First packing

----------------------------------------------------------------------------------------------------
2D Packing Heuristic in Truck P198654301
Min2DVol: 19.199999999999996 [m2]
Stack 0 with items: ['0091017300_14062023000196', '0091017300_14062023000196']
Stack 1 with items: ['0091017300_14062023000190', '0091017300_14062023000167']
Stack 2 with items: ['0091017300_14062023000161', '0091017300_14062023000149']
Stack 3 with items: ['0091017300_14062023000108', '0091017300_14062023000104']
Stack 4 with items: ['0091017300_14062023000104', '0091017300_14062023000104']
Stack 5 with items: ['0091017300_14062023000103', '0091017300_14062023000103']
Stack 6 with items: ['0091017300_14062023000100', '0091017300_14062023000100']
Stack 7 with items: ['0091017300_14062023000099', '0091017300_14062023000065']
Stack 8 with items: ['0091017300_14062023000063', '0091017300_14062023000053']
Stack 9 with items: ['0091017300_14062023000053', '0091017300_14062023000047']
Stack 10 with items: ['0091017300_14062023000047', '0091017300_14062023000040']
Stack 11 with items: ['0091017300_14062023000040', '0091017300_14062023000040']
Stack 12 with items: ['0091017300_14062023000033', '0091017300_14062023000033']
Stack 13 with items: ['0091017300_14062023000033', '0091017300_14062023000016']
Stack 14 with items: ['0091017300_14062023000016', '0091017300_14062023000015']
Stack 15 with items: ['0091017300_14062023000015', '0091017300_14062023000015']
Heuristic packed all stacks

----------------------------------------------------------------------------------------------------
2D Packing Heuristic in Truck P177654301
Min2DVol: 22.799999999999994 [m2]
Stack 0 with items: ['0091017300_14062023000134', '0091017300_14062023000091']
Stack 1 with items: ['0091017300_14062023000091', '0091017300_14062023000091']
Stack 2 with items: ['0091017300_14062023000091', '0091017300_14062023000091']
Stack 3 with items: ['0091017300_14062023000080', '0091017300_14062023000080']
Stack 4 with items: ['0091017300_14062023000080', '0091017300_14062023000080']
Stack 5 with items: ['0091017300_14062023000073', '0091017300_14062023000073']
Stack 6 with items: ['0091017300_14062023000073', '0091017300_14062023000061']
Stack 7 with items: ['0091017300_14062023000061', '0091017300_14062023000061']
Stack 8 with items: ['0091017300_14062023000061', '0091017300_14062023000061']
Stack 9 with items: ['0091017300_14062023000061', '0091017300_14062023000061']
Stack 10 with items: ['0091017300_14062023000061', '0091017300_14062023000061']
Stack 11 with items: ['0091017300_14062023000061', '0091017300_14062023000061']
Stack 12 with items: ['0091017300_14062023000061', '0091017300_14062023000061']
Stack 13 with items: ['0091017300_14062023000061', '0091017300_14062023000061']
Stack 14 with items: ['0091017300_14062023000061', '0091017300_14062023000061']
Stack 15 with items: ['0091017300_14062023000061', '0091017300_14062023000061']
Stack 16 with items: ['0091017300_14062023000061', '0091017300_14062023000061']
Stack 17 with items: ['0091017300_14062023000018', '0091017300_14062023000018']
Stack 18 with items: ['0091017300_14062023000018']
Heuristic packed all stacks

----------------------------------------------------------------------------------------------------
2D Packing Heuristic in Truck P186654301
Min2DVol: 22.799999999999994 [m2]
Stack 0 with items: ['0091017300_14062023000197', '0091017300_14062023000197']
Stack 1 with items: ['0091017300_14062023000197', '0091017300_14062023000197']
Stack 2 with items: ['0091017300_14062023000197', '0091017300_14062023000192']
Stack 3 with items: ['0091017300_14062023000192', '0091017300_14062023000192']
Stack 4 with items: ['0091017300_14062023000192', '0091017300_14062023000192']
Stack 5 with items: ['0091017300_14062023000192', '0091017300_14062023000192']
Stack 6 with items: ['0091017300_14062023000181', '0091017300_14062023000171']
Stack 7 with items: ['0091017300_14062023000171', '0091017300_14062023000171']
Stack 8 with items: ['0091017300_14062023000171', '0091017300_14062023000163']
Stack 9 with items: ['0091017300_14062023000140', '0091017300_14062023000137']
Stack 10 with items: ['0091017300_14062023000137', '0091017300_14062023000137']
Stack 11 with items: ['0091017300_14062023000137', '0091017300_14062023000137']
Stack 12 with items: ['0091017300_14062023000128', '0091017300_14062023000120']
Stack 13 with items: ['0091017300_14062023000120', '0091017300_14062023000120']
Stack 14 with items: ['0091017300_14062023000087', '0091017300_14062023000074']
Stack 15 with items: ['0091017300_14062023000074', '0091017300_14062023000037']
Stack 16 with items: ['0091017300_14062023000036', '0091017300_14062023000036']
Stack 17 with items: ['0091017300_14062023000036', '0091017300_14062023000011']
Stack 18 with items: ['0091017300_14062023000011']
Heuristic packed all stacks

----------------------------------------------------------------------------------------------------
2D Packing Heuristic in Truck P173654305
Min2DVol: 19.290299999999995 [m2]
Stack 0 with items: ['0091017300_14062023000083', '0091017300_14062023000029', '0091017300_14062023000151', '0091017300_14062023000164']
Stack 1 with items: ['0091017300_14062023000183', '0091017300_14062023000082', '0091017300_14062023000059']
Stack 2 with items: ['0091017300_14062023000029', '0091017300_14062023000029', '0091017300_14062023000029', '0091017300_14062023000082', '0091017300_14062023000082']
Stack 3 with items: ['0091017300_14062023000180', '0091017300_14062023000029', '0091017300_14062023000136', '0091017300_14062023000029']
Stack 4 with items: ['0091017300_14062023000164', '0091017300_14062023000151', '0091017300_14062023000164', '0091017300_14062023000164', '0091017300_14062023000164', '0091017300_14062023000164']
Stack 5 with items: ['0091017300_14062023000152', '0091017300_14062023000134']
Stack 6 with items: ['0091017300_14062023000134', '0091017300_14062023000134']
Stack 7 with items: ['0091017300_14062023000116', '0091017300_14062023000107']
Stack 8 with items: ['0091017300_14062023000107', '0091017300_14062023000107']
Stack 9 with items: ['0091017300_14062023000107', '0091017300_14062023000107']
Stack 10 with items: ['0091017300_14062023000107', '0091017300_14062023000081']
Stack 11 with items: ['0091017300_14062023000080', '0091017300_14062023000051']
Stack 12 with items: ['0091017300_14062023000051', '0091017300_14062023000051']
Stack 13 with items: ['0091017300_14062023000051', '0091017300_14062023000051']
Stack 14 with items: ['0091017300_14062023000051', '0091017300_14062023000051']
Stack 15 with items: ['0091017300_14062023000051']
Heuristic packed all stacks

----------------------------------------------------------------------------------------------------
2D Packing Heuristic in Truck P185654305
Min2DVol: 24.07223999999999 [m2]
Stack 0 with items: ['0091017300_14062023000113', '0091017300_14062023000090', '0091017300_14062023000004']
Stack 1 with items: ['0091017300_14062023000024', '0091017300_14062023000006', '0091017300_14062023000024', '0091017300_14062023000076', '0091017300_14062023000076']
Stack 2 with items: ['0091017300_14062023000030', '0091017300_14062023000046']
Stack 3 with items: ['0091017300_14062023000030', '0091017300_14062023000006']
Stack 4 with items: ['0091017300_14062023000175', '0091017300_14062023000175']
Stack 5 with items: ['0091017300_14062023000132', '0091017300_14062023000098']
Stack 6 with items: ['0091017300_14062023000087', '0091017300_14062023000087']
Stack 7 with items: ['0091017300_14062023000087', '0091017300_14062023000087']
Stack 8 with items: ['0091017300_14062023000087', '0091017300_14062023000087']
Stack 9 with items: ['0091017300_14062023000075', '0091017300_14062023000075']
Stack 10 with items: ['0091017300_14062023000075', '0091017300_14062023000075']
Stack 11 with items: ['0091017300_14062023000075', '0091017300_14062023000075']
Stack 12 with items: ['0091017300_14062023000075', '0091017300_14062023000054']
Stack 13 with items: ['0091017300_14062023000054', '0091017300_14062023000054']
Stack 14 with items: ['0091017300_14062023000054', '0091017300_14062023000054']
Stack 15 with items: ['0091017300_14062023000037', '0091017300_14062023000037']
Stack 16 with items: ['0091017300_14062023000037', '0091017300_14062023000037']
Stack 17 with items: ['0091017300_14062023000037', '0091017300_14062023000037']
Stack 18 with items: ['0091017300_14062023000034', '0091017300_14062023000034']
Stack 19 with items: ['0091017300_14062023000034']
Heuristic packed all stacks

----------------------------------------------------------------------------------------------------
2D Packing Heuristic in Truck P208654305
Min2DVol: 21.690299999999993 [m2]
Stack 0 with items: ['0091017300_14062023000001', '0091017300_14062023000001', '0091017300_14062023000001', '0091017300_14062023000094']
Stack 1 with items: ['0091017300_14062023000166', '0091017300_14062023000021', '0091017300_14062023000105', '0091017300_14062023000021']
Stack 2 with items: ['0091017300_14062023000131', '0091017300_14062023000105', '0091017300_14062023000068']
Stack 3 with items: ['0091017300_14062023000131', '0091017300_14062023000148', '0091017300_14062023000148']
Stack 4 with items: ['0091017300_14062023000069', '0091017300_14062023000021', '0091017300_14062023000148']
Stack 5 with items: ['0091017300_14062023000142', '0091017300_14062023000142']
Stack 6 with items: ['0091017300_14062023000142', '0091017300_14062023000142']
Stack 7 with items: ['0091017300_14062023000093', '0091017300_14062023000093']
Stack 8 with items: ['0091017300_14062023000093', '0091017300_14062023000093']
Stack 9 with items: ['0091017300_14062023000093', '0091017300_14062023000093']
Stack 10 with items: ['0091017300_14062023000084', '0091017300_14062023000084']
Stack 11 with items: ['0091017300_14062023000084', '0091017300_14062023000084']
Stack 12 with items: ['0091017300_14062023000084', '0091017300_14062023000084']
Stack 13 with items: ['0091017300_14062023000084', '0091017300_14062023000084']
Stack 14 with items: ['0091017300_14062023000070', '0091017300_14062023000070']
Stack 15 with items: ['0091017300_14062023000070', '0091017300_14062023000070']
Stack 16 with items: ['0091017300_14062023000038', '0091017300_14062023000038']
Stack 17 with items: ['0091017300_14062023000025', '0091017300_14062023000025']
Heuristic packed all stacks

----------------------------------------------------------------------------------------------------
2D Packing Heuristic in Truck P192654305
Min2DVol: 27.708360000000003 [m2]
Stack 0 with items: ['0091017300_14062023000194', '0091017300_14062023000194']
Stack 1 with items: ['0091017300_14062023000194', '0091017300_14062023000176']
Stack 2 with items: ['0091017300_14062023000170', '0091017300_14062023000170']
Stack 3 with items: ['0091017300_14062023000170', '0091017300_14062023000170']
Stack 4 with items: ['0091017300_14062023000170', '0091017300_14062023000170']
Stack 5 with items: ['0091017300_14062023000160', '0091017300_14062023000154']
Stack 6 with items: ['0091017300_14062023000153', '0091017300_14062023000153']
Stack 7 with items: ['0091017300_14062023000153', '0091017300_14062023000145']
Stack 8 with items: ['0091017300_14062023000139', '0091017300_14062023000115']
Stack 9 with items: ['0091017300_14062023000115', '0091017300_14062023000115']
Stack 10 with items: ['0091017300_14062023000115', '0091017300_14062023000071']
Stack 11 with items: ['0091017300_14062023000060', '0091017300_14062023000032']
Stack 12 with items: ['0091017300_14062023000032', '0091017300_14062023000032']
Stack 13 with items: ['0091017300_14062023000032', '0091017300_14062023000032']
Stack 14 with items: ['0091017300_14062023000010', '0091017300_14062023000003']
Stack 15 with items: ['0091017300_14062023000003', '0091017300_14062023000003']
Stack 16 with items: ['0091017300_14062023000002']
Stack 17 with items: ['0091017300_14062023000078', '0091017300_14062023000078']
Stack 18 with items: ['0091017300_14062023000174', '0091017300_14062023000086', '0091017300_14062023000162', '0091017300_14062023000086']
Stack 19 with items: ['0091017300_14062023000129', '0091017300_14062023000129', '0091017300_14062023000162']
Stack 20 with items: ['0091017300_14062023000158', '0091017300_14062023000110']
Stack 21 with items: ['0091017300_14062023000044', '0091017300_14062023000044', '0091017300_14062023000129', '0091017300_14062023000158']
Stack 22 with items: ['0091017300_14062023000089', '0091017300_14062023000089', '0091017300_14062023000089']
Heuristic packed all stacks

----------------------------------------------------------------------------------------------------
2D Packing Heuristic in Truck P199654305
Min2DVol: 27.70835999999999 [m2]
Stack 0 with items: ['0091017300_14062023000191', '0091017300_14062023000186', '0091017300_14062023000186', '0091017300_14062023000005', '0091017300_14062023000191']
Stack 1 with items: ['0091017300_14062023000172', '0091017300_14062023000127', '0091017300_14062023000133', '0091017300_14062023000005']
Stack 2 with items: ['0091017300_14062023000125', '0091017300_14062023000095', '0091017300_14062023000125']
Stack 3 with items: ['0091017300_14062023000095', '0091017300_14062023000077']
Stack 4 with items: ['0091017300_14062023000057', '0091017300_14062023000008', '0091017300_14062023000057']
Stack 5 with items: ['0091017300_14062023000007', '0091017300_14062023000007']
Stack 6 with items: ['0091017300_14062023000017']
Stack 7 with items: ['0091017300_14062023000017', '0091017300_14062023000017']
Stack 8 with items: ['0091017300_14062023000111', '0091017300_14062023000111']
Stack 9 with items: ['0091017300_14062023000165', '0091017300_14062023000165']
Stack 10 with items: ['0091017300_14062023000017', '0091017300_14062023000017']
Stack 11 with items: ['0091017300_14062023000099', '0091017300_14062023000099']
Stack 12 with items: ['0091017300_14062023000017', '0091017300_14062023000017']
Stack 13 with items: ['0091017300_14062023000017', '0091017300_14062023000017']
Stack 14 with items: ['0091017300_14062023000159', '0091017300_14062023000045']
Stack 15 with items: ['0091017300_14062023000017', '0091017300_14062023000017']
Stack 16 with items: ['0091017300_14062023000017', '0091017300_14062023000017']
Stack 17 with items: ['0091017300_14062023000111', '0091017300_14062023000106']
Stack 18 with items: ['0091017300_14062023000017', '0091017300_14062023000045']
Stack 19 with items: ['0091017300_14062023000099', '0091017300_14062023000106']
Stack 20 with items: ['0091017300_14062023000045', '0091017300_14062023000017']
Stack 21 with items: ['0091017300_14062023000165', '0091017300_14062023000165']
Stack 22 with items: ['0091017300_14062023000099', '0091017300_14062023000099']
Heuristic packed all stacks

----------------------------------------------------------------------------------------------------
2D Packing Heuristic in Truck P187654305
Min2DVol: 28.926419999999986 [m2]
Stack 0 with items: ['0091017300_14062023000118', '0091017300_14062023000079', '0091017300_14062023000118', '0091017300_14062023000118', '0091017300_14062023000118']
Stack 1 with items: ['0091017300_14062023000088', '0091017300_14062023000067', '0091017300_14062023000067', '0091017300_14062023000079', '0091017300_14062023000067']
Stack 2 with items: ['0091017300_14062023000156', '0091017300_14062023000156']
Stack 3 with items: ['0091017300_14062023000026', '0091017300_14062023000026', '0091017300_14062023000026']
Stack 4 with items: ['0091017300_14062023000079', '0091017300_14062023000026', '0091017300_14062023000079']
Stack 5 with items: ['0091017300_14062023000112', '0091017300_14062023000112']
Stack 6 with items: ['0091017300_14062023000049', '0091017300_14062023000049', '0091017300_14062023000067']
Stack 7 with items: ['0091017300_14062023000195', '0091017300_14062023000173']
Stack 8 with items: ['0091017300_14062023000173', '0091017300_14062023000173']
Stack 9 with items: ['0091017300_14062023000173', '0091017300_14062023000155']
Stack 10 with items: ['0091017300_14062023000155', '0091017300_14062023000121']
Stack 11 with items: ['0091017300_14062023000121', '0091017300_14062023000121']
Stack 12 with items: ['0091017300_14062023000096', '0091017300_14062023000096']
Stack 13 with items: ['0091017300_14062023000074', '0091017300_14062023000074']
Stack 14 with items: ['0091017300_14062023000074', '0091017300_14062023000074']
Stack 15 with items: ['0091017300_14062023000074', '0091017300_14062023000074']
Stack 16 with items: ['0091017300_14062023000074', '0091017300_14062023000074']
Stack 17 with items: ['0091017300_14062023000074', '0091017300_14062023000074']
Stack 18 with items: ['0091017300_14062023000060', '0091017300_14062023000056']
Stack 19 with items: ['0091017300_14062023000056', '0091017300_14062023000056']
Stack 20 with items: ['0091017300_14062023000056', '0091017300_14062023000056']
Stack 21 with items: ['0091017300_14062023000056', '0091017300_14062023000056']
Stack 22 with items: ['0091017300_14062023000056', '0091017300_14062023000056']
Stack 23 with items: ['0091017300_14062023000041']
Heuristic packed all stacks

----------------------------------------------------------------------------------------------------
2D Packing Heuristic in Truck P178654305
Min2DVol: 27.70835999999999 [m2]
Stack 0 with items: ['0091017300_14062023000050', '0091017300_14062023000035', '0091017300_14062023000050', '0091017300_14062023000050', '0091017300_14062023000050']
Stack 1 with items: ['0091017300_14062023000014', '0091017300_14062023000014', '0091017300_14062023000072']
Stack 2 with items: ['0091017300_14062023000092', '0091017300_14062023000092', '0091017300_14062023000092']
Stack 3 with items: ['0091017300_14062023000072', '0091017300_14062023000138', '0091017300_14062023000138', '0091017300_14062023000138', '0091017300_14062023000144']
Stack 4 with items: ['0091017300_14062023000138', '0091017300_14062023000138', '0091017300_14062023000138', '0091017300_14062023000144', '0091017300_14062023000144']
Stack 5 with items: ['0091017300_14062023000039', '0091017300_14062023000050', '0091017300_14062023000050', '0091017300_14062023000072']
Stack 6 with items: ['0091017300_14062023000178', '0091017300_14062023000178']
Stack 7 with items: ['0091017300_14062023000178', '0091017300_14062023000178']
Stack 8 with items: ['0091017300_14062023000061', '0091017300_14062023000061']
Stack 9 with items: ['0091017300_14062023000061', '0091017300_14062023000061']
Stack 10 with items: ['0091017300_14062023000061', '0091017300_14062023000061']
Stack 11 with items: ['0091017300_14062023000023', '0091017300_14062023000023']
Stack 12 with items: ['0091017300_14062023000023', '0091017300_14062023000023']
Stack 13 with items: ['0091017300_14062023000023', '0091017300_14062023000023']
Stack 14 with items: ['0091017300_14062023000023', '0091017300_14062023000023']
Stack 15 with items: ['0091017300_14062023000023', '0091017300_14062023000023']
Stack 16 with items: ['0091017300_14062023000023', '0091017300_14062023000023']
Stack 17 with items: ['0091017300_14062023000023', '0091017300_14062023000023']
Stack 18 with items: ['0091017300_14062023000023', '0091017300_14062023000023']
Stack 19 with items: ['0091017300_14062023000023', '0091017300_14062023000023']
Stack 20 with items: ['0091017300_14062023000023', '0091017300_14062023000023']
Stack 21 with items: ['0091017300_14062023000023', '0091017300_14062023000023']
Stack 22 with items: ['0091017300_14062023000018', '0091017300_14062023000018']
Heuristic packed all stacks

----------------------------------------------------------------------------------------------------
2D Packing Heuristic in Truck P194654305
Min2DVol: 28.944479999999988 [m2]
Stack 0 with items: ['0091017300_14062023000198', '0091017300_14062023000147', '0091017300_14062023000147', '0091017300_14062023000147', '0091017300_14062023000198']
Stack 1 with items: ['0091017300_14062023000135', '0091017300_14062023000122', '0091017300_14062023000135']
Stack 2 with items: ['0091017300_14062023000122', '0091017300_14062023000122', '0091017300_14062023000122']
Stack 3 with items: ['0091017300_14062023000122', '0091017300_14062023000119', '0091017300_14062023000117']
Stack 4 with items: ['0091017300_14062023000119', '0091017300_14062023000097', '0091017300_14062023000117', '0091017300_14062023000085']
Stack 5 with items: ['0091017300_14062023000109', '0091017300_14062023000085', '0091017300_14062023000097', '0091017300_14062023000085']
Stack 6 with items: ['0091017300_14062023000066', '0091017300_14062023000066', '0091017300_14062023000066']
Stack 7 with items: ['0091017300_14062023000066', '0091017300_14062023000066']
Stack 8 with items: ['0091017300_14062023000126', '0091017300_14062023000126']
Stack 9 with items: ['0091017300_14062023000145', '0091017300_14062023000145']
Stack 10 with items: ['0091017300_14062023000145', '0091017300_14062023000145']
Stack 11 with items: ['0091017300_14062023000184', '0091017300_14062023000184']
Stack 12 with items: ['0091017300_14062023000194', '0091017300_14062023000194']
Stack 13 with items: ['0091017300_14062023000126', '0091017300_14062023000126']
Stack 14 with items: ['0091017300_14062023000126', '0091017300_14062023000126']
Stack 15 with items: ['0091017300_14062023000145', '0091017300_14062023000145']
Stack 16 with items: ['0091017300_14062023000145', '0091017300_14062023000145']
Stack 17 with items: ['0091017300_14062023000145', '0091017300_14062023000145']
Stack 18 with items: ['0091017300_14062023000145', '0091017300_14062023000145']
Stack 19 with items: ['0091017300_14062023000126', '0091017300_14062023000126']
Stack 20 with items: ['0091017300_14062023000184', '0091017300_14062023000184']
Stack 21 with items: ['0091017300_14062023000071', '0091017300_14062023000071']
Stack 22 with items: ['0091017300_14062023000126', '0091017300_14062023000126']
Stack 23 with items: ['0091017300_14062023000071', '0091017300_14062023000071']
Heuristic packed all stacks

----------------------------------------------------------------------------------------------------
2D Packing Heuristic in Truck P201654305
Min2DVol: 31.380599999999987 [m2]
Stack 0 with items: ['0091017300_14062023000019', '0091017300_14062023000019', '0091017300_14062023000055', '0091017300_14062023000055', '0091017300_14062023000055']
Stack 1 with items: ['0091017300_14062023000013', '0091017300_14062023000123', '0091017300_14062023000123']
Stack 2 with items: ['0091017300_14062023000019', '0091017300_14062023000019', '0091017300_14062023000019']
Stack 3 with items: ['0091017300_14062023000013', '0091017300_14062023000013', '0091017300_14062023000019', '0091017300_14062023000031']
Stack 4 with items: ['0091017300_14062023000043', '0091017300_14062023000043']
Stack 5 with items: ['0091017300_14062023000008', '0091017300_14062023000008', '0091017300_14062023000177']
Stack 6 with items: ['0091017300_14062023000064', '0091017300_14062023000064', '0091017300_14062023000157', '0091017300_14062023000177']
Stack 7 with items: ['0091017300_14062023000031', '0091017300_14062023000157', '0091017300_14062023000177']
Stack 8 with items: ['0091017300_14062023000123', '0091017300_14062023000177', '0091017300_14062023000177']
Stack 9 with items: ['0091017300_14062023000013', '0091017300_14062023000031', '0091017300_14062023000055', '0091017300_14062023000177']
Stack 10 with items: ['0091017300_14062023000189', '0091017300_14062023000189']
Stack 11 with items: ['0091017300_14062023000189', '0091017300_14062023000189']
Stack 12 with items: ['0091017300_14062023000179', '0091017300_14062023000179']
Stack 13 with items: ['0091017300_14062023000179', '0091017300_14062023000179']
Stack 14 with items: ['0091017300_14062023000179', '0091017300_14062023000159']
Stack 15 with items: ['0091017300_14062023000159', '0091017300_14062023000159']
Stack 16 with items: ['0091017300_14062023000159', '0091017300_14062023000159']
Stack 17 with items: ['0091017300_14062023000159', '0091017300_14062023000159']
Stack 18 with items: ['0091017300_14062023000159', '0091017300_14062023000159']
Stack 19 with items: ['0091017300_14062023000159', '0091017300_14062023000143']
Stack 20 with items: ['0091017300_14062023000130', '0091017300_14062023000124']
Stack 21 with items: ['0091017300_14062023000124', '0091017300_14062023000124']
Stack 22 with items: ['0091017300_14062023000058', '0091017300_14062023000058']
Stack 23 with items: ['0091017300_14062023000058', '0091017300_14062023000028']
Stack 24 with items: ['0091017300_14062023000020', '0091017300_14062023000020']
Stack 25 with items: ['0091017300_14062023000017']
Heuristic packed all stacks

----------------------------------------------------------------------------------------------------
2D Packing Heuristic in Truck P236654305
Min2DVol: 20.481270000000002 [m2]
Stack 0 with items: ['0091017300_14062023000188', '0091017300_14062023000185', '0091017300_14062023000188', '0091017300_14062023000188', '0091017300_14062023000188', '0091017300_14062023000188']
Stack 1 with items: ['0091017300_14062023000185', '0091017300_14062023000146', '0091017300_14062023000185']
Stack 2 with items: ['0091017300_14062023000169', '0091017300_14062023000052', '0091017300_14062023000169']
Stack 3 with items: ['0091017300_14062023000146', '0091017300_14062023000102', '0091017300_14062023000102']
Stack 4 with items: ['0091017300_14062023000102', '0091017300_14062023000102', '0091017300_14062023000102']
Stack 5 with items: ['0091017300_14062023000062', '0091017300_14062023000062', '0091017300_14062023000062']
Stack 6 with items: ['0091017300_14062023000062', '0091017300_14062023000052', '0091017300_14062023000052', '0091017300_14062023000052', '0091017300_14062023000062']
Stack 7 with items: ['0091017300_14062023000052', '0091017300_14062023000048', '0091017300_14062023000048']
Stack 8 with items: ['0091017300_14062023000009']
Stack 9 with items: ['0091017300_14062023000193', '0091017300_14062023000193']
Stack 10 with items: ['0091017300_14062023000193', '0091017300_14062023000193']
Stack 11 with items: ['0091017300_14062023000193', '0091017300_14062023000193']
Stack 12 with items: ['0091017300_14062023000193', '0091017300_14062023000193']
Stack 13 with items: ['0091017300_14062023000193', '0091017300_14062023000187']
Stack 14 with items: ['0091017300_14062023000187', '0091017300_14062023000187']
Stack 15 with items: ['0091017300_14062023000187', '0091017300_14062023000187']
Stack 16 with items: ['0091017300_14062023000187', '0091017300_14062023000187']
Stack 17 with items: ['0091017300_14062023000187', '0091017300_14062023000182']
Stack 18 with items: ['0091017300_14062023000182', '0091017300_14062023000182']
Stack 19 with items: ['0091017300_14062023000182', '0091017300_14062023000182']
Stack 20 with items: ['0091017300_14062023000182', '0091017300_14062023000182']
Stack 21 with items: ['0091017300_14062023000182', '0091017300_14062023000182']
Stack 22 with items: ['0091017300_14062023000182', '0091017300_14062023000168']
Stack 23 with items: ['0091017300_14062023000168', '0091017300_14062023000168']
Stack 24 with items: ['0091017300_14062023000150', '0091017300_14062023000150']
Stack 25 with items: ['0091017300_14062023000141', '0091017300_14062023000141']
Stack 26 with items: ['0091017300_14062023000141', '0091017300_14062023000141']
Stack 27 with items: ['0091017300_14062023000141', '0091017300_14062023000141']
Stack 28 with items: ['0091017300_14062023000141', '0091017300_14062023000114']
Stack 29 with items: ['0091017300_14062023000114', '0091017300_14062023000101']
Stack 30 with items: ['0091017300_14062023000101', '0091017300_14062023000042']
Stack 31 with items: ['0091017300_14062023000027', '0091017300_14062023000027']
Stack 32 with items: ['0091017300_14062023000022', '0091017300_14062023000022']
Stack 33 with items: ['0091017300_14062023000022', '0091017300_14062023000012']
Stacks not packed:
Stack 9 missing: ['0091017300_14062023000193', '0091017300_14062023000193']
Stack 10 missing: ['0091017300_14062023000193', '0091017300_14062023000193']
Stack 11 missing: ['0091017300_14062023000193', '0091017300_14062023000193']
Stack 12 missing: ['0091017300_14062023000193', '0091017300_14062023000193']
Stack 22 missing: ['0091017300_14062023000182', '0091017300_14062023000168']
Stack 23 missing: ['0091017300_14062023000168', '0091017300_14062023000168']
Stack 24 missing: ['0091017300_14062023000150', '0091017300_14062023000150']
Stack 30 missing: ['0091017300_14062023000101', '0091017300_14062023000042']
Stack 32 missing: ['0091017300_14062023000022', '0091017300_14062023000022']
Stack 33 missing: ['0091017300_14062023000022', '0091017300_14062023000012']
----------------------------------------------------------------------------------------------------
3D Packing Heuristic in Truck P236654305
Item 0091017300_14062023000193 with: 8
Item 0091017300_14062023000182 with: 1
Item 0091017300_14062023000168 with: 3
Item 0091017300_14062023000150 with: 2
Item 0091017300_14062023000101 with: 1
Item 0091017300_14062023000042 with: 1
Item 0091017300_14062023000022 with: 3
Item 0091017300_14062023000012 with: 1
Heuristic packed all items
****************************************************************************************************
****************************************************************************************************
****************************************************************************************************
Final Solution
Objective;119006.0
Transportation cost;106500.0
Inventory cost;12506.0
Runtime;8.01
****************************************************************************************************
****************************************************************************************************
****************************************************************************************************
####################################################################################################
Export solution
End ROADEF
####################################################################################################
####################################################################################################
####################################################################################################
####################################################################################################
####################################################################################################
####################################################################################################
####################################################################################################

real	0m12.303s
user	0m34.101s
sys	0m1.748s
finished at Wed Oct 11 23:27:11 CEST 2023
