cpu-bind=MASK - cn-0099, task  0  0 [467238]: mask |--------------------||||BBBBBBBB------------|  set
Python 3.10.6
Gurobi Optimizer version 10.0.0 build v10.0.0rc2 (linux64)
Copyright (c) 2022, Gurobi Optimization, LLC
started at Wed Oct 11 23:51:56 CEST 2023
####################################################################################################
####################################################################################################
Start ROADEF
Set parameter TokenServer to value "license3.uni-paderborn.de"
####################################################################################################
####################################################################################################
Time for optimization 3600.0 (s)
####################################################################################################
Data read
Took 	00:00:00.199
####################################################################################################
Presolve
Anzahl Trucks in OPtimierungsproblem:  20
Itemgruppen in AP werden eher enger gemacht:  False
Start Reduction
Orinigial Anzahl:  198 657
Reduzierte Anzahl:  58 657
####################################################################################################
Load Assignment 1 solution
Set parameter MIPFocus to value 1
Set parameter TimeLimit to value 323.91
Set parameter Threads to value 8
Set parameter MIPGap to value 0.005
Gurobi Optimizer version 10.0.0 build v10.0.0rc2 (linux64)

CPU model: Intel(R) Xeon(R) Gold 6148 CPU @ 2.40GHz, instruction set [SSE2|AVX|AVX2|AVX512]
Thread count: 40 physical cores, 40 logical processors, using up to 8 threads

Optimize a model with 260 rows, 331 columns and 966 nonzeros
Model fingerprint: 0x1a155b14
Variable types: 40 continuous, 291 integer (20 binary)
Coefficient statistics:
  Matrix range     [1e-01, 2e+04]
  Objective range  [2e+01, 4e+03]
  Bounds range     [1e+00, 3e+01]
  RHS range        [1e+00, 3e+01]
Presolve removed 181 rows and 196 columns
Presolve time: 0.01s
Presolved: 79 rows, 135 columns, 410 nonzeros
Variable types: 0 continuous, 135 integer (53 binary)
Found heuristic solution: objective 61569.000000

Root relaxation: objective 2.635174e+04, 52 iterations, 0.00 seconds (0.00 work units)

    Nodes    |    Current Node    |     Objective Bounds      |     Work
 Expl Unexpl |  Obj  Depth IntInf | Incumbent    BestBd   Gap | It/Node Time

     0     0 26351.7410    0   23 61569.0000 26351.7410  57.2%     -    0s
H    0     0                    34925.000000 26351.7410  24.5%     -    0s
H    0     0                    34863.000000 26351.7410  24.4%     -    0s
H    0     0                    34582.000000 30111.3804  12.9%     -    0s
     0     0 30111.3804    0   43 34582.0000 30111.3804  12.9%     -    0s
H    0     0                    32919.000000 30111.3804  8.53%     -    0s
H    0     0                    32454.000000 30502.3392  6.01%     -    0s
H    0     0                    32287.000000 30502.3392  5.53%     -    0s
     0     0 30502.3392    0   29 32287.0000 30502.3392  5.53%     -    0s
H    0     0                    31915.000000 30502.3392  4.43%     -    0s
     0     0 30683.0893    0   39 31915.0000 30683.0893  3.86%     -    0s
H    0     0                    31807.000000 30683.0893  3.53%     -    0s
     0     0 30683.0893    0   33 31807.0000 30683.0893  3.53%     -    0s
H    0     0                    31497.000000 30683.0893  2.58%     -    0s
     0     0 30683.0893    0   31 31497.0000 30683.0893  2.58%     -    0s
     0     0 30683.0893    0   31 31497.0000 30683.0893  2.58%     -    0s
     0     0 30683.0893    0   31 31497.0000 30683.0893  2.58%     -    0s
H    0     0                    31435.000000 30683.0893  2.39%     -    0s
     0     0 30791.4172    0   25 31435.0000 30791.4172  2.05%     -    0s
H    0     0                    31392.000000 30978.8659  1.32%     -    0s
     0     0 31000.6770    0   52 31392.0000 31000.6770  1.25%     -    0s
     0     0 31020.4486    0   37 31392.0000 31020.4486  1.18%     -    0s
     0     0 31026.0568    0   35 31392.0000 31026.0568  1.17%     -    0s
     0     0 31033.2344    0   36 31392.0000 31033.2344  1.14%     -    0s
     0     0 31037.2759    0   33 31392.0000 31037.2759  1.13%     -    0s
     0     0 31041.3903    0   33 31392.0000 31041.3903  1.12%     -    0s
     0     0 31053.5191    0   35 31392.0000 31053.5191  1.08%     -    0s
H    0     0                    31263.000000 31053.5191  0.67%     -    0s

Cutting planes:
  Cover: 7
  Implied bound: 11
  Clique: 6
  MIR: 17
  StrongCG: 5
  Flow cover: 3

Explored 1 nodes (213 simplex iterations) in 0.05 seconds (0.01 work units)
Thread count was 8 (of 40 available processors)

Solution count 10: 31263 31392 31435 ... 34582

Optimal solution found (tolerance 5.00e-03)
Best objective 3.126300000000e+04, best bound 3.111300000000e+04, gap 0.4798%

User-callback calls 829, time in user-callback 0.00 sec
Objective AP1: 31263.0, MIP-Gap: 0.48%
AP0 requires 15 trucks and 2 pseudo trucks.
####################################################################################################
####################################################################################################
Assignment 1
Set parameter TimeLimit to value 6.4752737334527080e+02
Set parameter Threads to value 8
Set parameter MIPGap to value 1e-16
Gurobi Optimizer version 10.0.0 build v10.0.0rc2 (linux64)

CPU model: Intel(R) Xeon(R) Gold 6148 CPU @ 2.40GHz, instruction set [SSE2|AVX|AVX2|AVX512]
Thread count: 40 physical cores, 40 logical processors, using up to 8 threads

Optimize a model with 644 rows, 2283 columns and 13496 nonzeros
Model fingerprint: 0x2f14d3ca
Variable types: 40 continuous, 2243 integer (1756 binary)
Coefficient statistics:
  Matrix range     [5e-01, 2e+04]
  Objective range  [2e+01, 2e+03]
  Bounds range     [1e+00, 3e+01]
  RHS range        [1e+00, 6e+01]
Presolve removed 623 rows and 2155 columns
Presolve time: 0.01s
Presolved: 21 rows, 128 columns, 321 nonzeros
Variable types: 0 continuous, 128 integer (103 binary)
Found heuristic solution: objective 30778.000000

Root relaxation: objective 3.077000e+04, 8 iterations, 0.00 seconds (0.00 work units)

    Nodes    |    Current Node    |     Objective Bounds      |     Work
 Expl Unexpl |  Obj  Depth IntInf | Incumbent    BestBd   Gap | It/Node Time

     0     0 30770.0000    0    2 30778.0000 30770.0000  0.03%     -    0s
     0     0 30770.0000    0    4 30778.0000 30770.0000  0.03%     -    0s
     0     0 30770.0000    0    4 30778.0000 30770.0000  0.03%     -    0s
     0     0 30770.0000    0    4 30778.0000 30770.0000  0.03%     -    0s
     0     0 30770.0000    0    4 30778.0000 30770.0000  0.03%     -    0s
     0     0 30770.0000    0    4 30778.0000 30770.0000  0.03%     -    0s
     0     0 30770.0000    0    4 30778.0000 30770.0000  0.03%     -    0s
     0     0 30770.0000    0    4 30778.0000 30770.0000  0.03%     -    0s
     0     0 30770.0000    0    4 30778.0000 30770.0000  0.03%     -    0s
     0     0 30770.0000    0    4 30778.0000 30770.0000  0.03%     -    0s
     0     0 30770.0000    0    4 30778.0000 30770.0000  0.03%     -    0s
H    0     0                    30770.000000 30770.0000  0.00%     -    0s

Cutting planes:
  Learned: 1
  MIR: 1

Explored 1 nodes (27 simplex iterations) in 0.02 seconds (0.01 work units)
Thread count was 8 (of 40 available processors)

Solution count 2: 30770 30778 

Optimal solution found (tolerance 1.00e-16)
Best objective 3.077000000000e+04, best bound 3.077000000000e+04, gap 0.0000%
####################################################################################################
Hier wird die fixierte Version nochmal relaxiert um bessere Lösungen zu erhalten
Set parameter TimeLimit to value 6.4741513974422594e+02
Set parameter MIPFocus to value 1
Gurobi Optimizer version 10.0.0 build v10.0.0rc2 (linux64)

CPU model: Intel(R) Xeon(R) Gold 6148 CPU @ 2.40GHz, instruction set [SSE2|AVX|AVX2|AVX512]
Thread count: 40 physical cores, 40 logical processors, using up to 8 threads

Optimize a model with 478 rows, 2283 columns and 12843 nonzeros
Model fingerprint: 0x348cef38
Variable types: 40 continuous, 2243 integer (1756 binary)
Coefficient statistics:
  Matrix range     [5e-01, 2e+04]
  Objective range  [2e+01, 2e+03]
  Bounds range     [1e+00, 3e+01]
  RHS range        [1e+00, 3e+01]

MIP start from previous solve produced solution with objective 30770 (0.00s)
Loaded MIP start from previous solve with objective 30770

Presolve removed 283 rows and 577 columns
Presolve time: 0.03s
Presolved: 195 rows, 1706 columns, 5925 nonzeros
Found heuristic solution: objective 30199.000000
Variable types: 0 continuous, 1706 integer (1460 binary)
Found heuristic solution: objective 30195.000000

Root relaxation: objective 2.288035e+04, 72 iterations, 0.00 seconds (0.00 work units)

    Nodes    |    Current Node    |     Objective Bounds      |     Work
 Expl Unexpl |  Obj  Depth IntInf | Incumbent    BestBd   Gap | It/Node Time

     0     0 22880.3550    0   32 30195.0000 22880.3550  24.2%     -    0s
     0     0 22880.3550    0   31 30195.0000 22880.3550  24.2%     -    0s
H    0     0                    30187.000000 22880.3550  24.2%     -    0s
H    0     0                    30185.000000 22880.3550  24.2%     -    0s
H    0     0                    30184.000000 26714.3250  11.5%     -    0s
     0     0 26714.3250    0   91 30184.0000 26714.3250  11.5%     -    0s
H    0     0                    30168.000000 26714.3250  11.4%     -    0s
H    0     0                    29896.000000 27660.0623  7.48%     -    0s
     0     0 28180.8663    0   98 29896.0000 28180.8663  5.74%     -    0s
     0     0 28451.0825    0   85 29896.0000 28451.0825  4.83%     -    0s
     0     0 28451.0825    0   71 29896.0000 28451.0825  4.83%     -    0s
H    0     0                    29811.000000 28537.5831  4.27%     -    0s
     0     0 28537.5831    0  106 29811.0000 28537.5831  4.27%     -    0s
     0     0 28537.5831    0  106 29811.0000 28537.5831  4.27%     -    0s
H    0     0                    29795.000000 28688.9629  3.71%     -    0s
     0     0 28688.9629    0  103 29795.0000 28688.9629  3.71%     -    0s
     0     0 28690.0509    0  102 29795.0000 28690.0509  3.71%     -    0s
     0     0 28748.0638    0  110 29795.0000 28748.0638  3.51%     -    0s
     0     0 28748.0638    0  112 29795.0000 28748.0638  3.51%     -    0s
H    0     0                    29719.000000 28748.0638  3.27%     -    0s
H    0     0                    29675.000000 28833.2656  2.84%     -    0s
     0     0 28833.2656    0   89 29675.0000 28833.2656  2.84%     -    0s
     0     0 28927.0035    0   99 29675.0000 28927.0035  2.52%     -    0s
H    0     0                    29566.000000 28950.7887  2.08%     -    0s
     0     0 28950.7887    0  106 29566.0000 28950.7887  2.08%     -    0s
     0     0 28951.3352    0  110 29566.0000 28951.3352  2.08%     -    0s
H    0     0                    29366.000000 28951.3352  1.41%     -    0s
H    0     0                    29278.000000 29064.1463  0.73%     -    0s
     0     0 29064.5612    0  103 29278.0000 29064.5612  0.73%     -    0s
     0     0 29064.5612    0   27 29278.0000 29064.5612  0.73%     -    0s
H    0     0                    29251.000000 29064.5612  0.64%     -    0s
     0     0 29064.5612    0   39 29251.0000 29064.5612  0.64%     -    0s
     0     0 29064.5612    0   61 29251.0000 29064.5612  0.64%     -    0s
     0     0 29064.5612    0   61 29251.0000 29064.5612  0.64%     -    0s
     0     0 29064.5612    0   61 29251.0000 29064.5612  0.64%     -    0s
     0     0 29064.5612    0   61 29251.0000 29064.5612  0.64%     -    0s
     0     0 29064.5612    0   61 29251.0000 29064.5612  0.64%     -    0s
     0     0 29064.5612    0   61 29251.0000 29064.5612  0.64%     -    0s
     0     0 29064.5612    0   61 29251.0000 29064.5612  0.64%     -    0s
     0     0 29064.5612    0   61 29251.0000 29064.5612  0.64%     -    0s
     0     0 29064.5612    0   61 29251.0000 29064.5612  0.64%     -    0s
     0     0 29064.5612    0   61 29251.0000 29064.5612  0.64%     -    0s
H    0     0                    29247.000000 29064.5612  0.62%     -    0s
     0     0 29064.5612    0   69 29247.0000 29064.5612  0.62%     -    0s
     0     0 29064.5612    0   85 29247.0000 29064.5612  0.62%     -    0s
     0     0 29064.5612    0   92 29247.0000 29064.5612  0.62%     -    0s
     0     0 29064.5612    0   95 29247.0000 29064.5612  0.62%     -    0s
H    0     0                    29219.000000 29064.5612  0.53%     -    0s
H    0     0                    29217.000000 29064.7899  0.52%     -    0s
     0     0 29065.4585    0   93 29217.0000 29065.4585  0.52%     -    0s
H    0     0                    29215.000000 29065.4585  0.51%     -    0s
     0     0 29065.8050    0   97 29215.0000 29065.8050  0.51%     -    0s
     0     0 29065.8392    0  100 29215.0000 29065.8392  0.51%     -    0s
H    0     0                    29211.000000 29065.8392  0.50%     -    0s
H    0     0                    29209.000000 29065.8392  0.49%     -    0s
     0     0 29067.0895    0  103 29209.0000 29067.0895  0.49%     -    0s
H    0     0                    29203.000000 29067.0895  0.47%     -    0s
     0     0 29067.3172    0  105 29203.0000 29067.3172  0.46%     -    0s
     0     0 29067.4455    0  107 29203.0000 29067.4455  0.46%     -    0s
H    0     0                    29155.000000 29067.4455  0.30%     -    0s
H    0     0                    29149.000000 29067.4455  0.28%     -    0s
     0     0 29068.3333    0  115 29149.0000 29068.3333  0.28%     -    0s
H    0     0                    29144.000000 29068.4023  0.26%     -    0s
     0     0 29068.4023    0  120 29144.0000 29068.4023  0.26%     -    0s
     0     0 29068.4207    0  126 29144.0000 29068.4207  0.26%     -    0s
     0     0 29068.4280    0  129 29144.0000 29068.4280  0.26%     -    0s
     0     0 29068.6650    0  120 29144.0000 29068.6650  0.26%     -    0s
H    0     0                    29142.000000 29068.6650  0.25%     -    0s
     0     0 29068.6650    0   26 29142.0000 29068.6650  0.25%     -    0s
     0     0 29068.6650    0   53 29142.0000 29068.6650  0.25%     -    0s
     0     0 29068.6650    0   62 29142.0000 29068.6650  0.25%     -    0s
     0     0 29068.6650    0   73 29142.0000 29068.6650  0.25%     -    0s
     0     0 29068.6650    0   77 29142.0000 29068.6650  0.25%     -    0s
     0     0 29068.6650    0   86 29142.0000 29068.6650  0.25%     -    0s
H    0     0                    29138.000000 29068.6650  0.24%     -    0s
H    0     0                    29116.000000 29068.6650  0.16%     -    0s
     0     0 29084.3848    0   67 29116.0000 29084.3848  0.11%     -    0s
     0     0 29084.3848    0   58 29116.0000 29084.3848  0.11%     -    0s
     0     0 29084.3848    0   57 29116.0000 29084.3848  0.11%     -    0s
     0     0 29093.2551    0   62 29116.0000 29093.2551  0.08%     -    0s
     0     0 29093.2551    0   63 29116.0000 29093.2551  0.08%     -    0s
H    0     0                    29114.000000 29093.2551  0.07%     -    0s
H    0     0                    29110.000000 29093.2551  0.06%     -    0s
     0     0 29096.9228    0   34 29110.0000 29096.9228  0.04%     -    0s
H    0     0                    29102.000000 29096.9228  0.02%     -    0s
     0     0 29096.9228    0   14 29102.0000 29096.9228  0.02%     -    0s
     0     0 29096.9228    0   18 29102.0000 29096.9228  0.02%     -    0s
     0     0 29096.9228    0   18 29102.0000 29096.9228  0.02%     -    0s
     0     0 29096.9228    0   18 29102.0000 29096.9228  0.02%     -    0s
     0     0 29096.9228    0   18 29102.0000 29096.9228  0.02%     -    0s
     0     0 29096.9228    0   18 29102.0000 29096.9228  0.02%     -    0s
     0     0 29096.9228    0   18 29102.0000 29096.9228  0.02%     -    0s
     0     0 29096.9228    0   18 29102.0000 29096.9228  0.02%     -    0s
     0     0 29096.9228    0   18 29102.0000 29096.9228  0.02%     -    0s
     0     0 29096.9228    0   18 29102.0000 29096.9228  0.02%     -    0s
     0     0 29096.9228    0   18 29102.0000 29096.9228  0.02%     -    0s
     0     0 29096.9228    0   19 29102.0000 29096.9228  0.02%     -    0s
H    0     0                    29101.000000 29096.9228  0.01%     -    0s
     0     0 29096.9228    0   10 29101.0000 29096.9228  0.01%     -    0s
     0     0 29096.9228    0    9 29101.0000 29096.9228  0.01%     -    0s
     0     0 29096.9228    0    9 29101.0000 29096.9228  0.01%     -    0s
     0     0 29096.9228    0    9 29101.0000 29096.9228  0.01%     -    0s
     0     0 29096.9228    0    9 29101.0000 29096.9228  0.01%     -    0s
     0     0 29096.9228    0    9 29101.0000 29096.9228  0.01%     -    0s
     0     0 29096.9228    0    9 29101.0000 29096.9228  0.01%     -    0s
     0     0 29096.9228    0    9 29101.0000 29096.9228  0.01%     -    0s
     0     0 29096.9228    0    9 29101.0000 29096.9228  0.01%     -    0s
     0     0 29096.9228    0    9 29101.0000 29096.9228  0.01%     -    0s
     0     0 29096.9228    0    9 29101.0000 29096.9228  0.01%     -    0s

Cutting planes:
  Gomory: 2
  MIR: 2
  StrongCG: 1

Explored 1 nodes (1736 simplex iterations) in 0.66 seconds (0.33 work units)
Thread count was 8 (of 40 available processors)

Solution count 10: 29101 29102 29110 ... 29155

Optimal solution found (tolerance 1.00e-16)
Best objective 2.910100000000e+04, best bound 2.910100000000e+04, gap 0.0000%

User-callback calls 787, time in user-callback 0.00 sec
Objective AP1: 29101.0, MIP-Gap: 0.0%
AP1 requires 16 trucks to transport 657 items. 14 trucks and 2 pseudo trucks.

P173654305 0

P178654305 1

P185654305 0

P186654301 0

P187654305 0

P191654301 0

P192654305 0

P194654305 0

P198654301 0

P199654305 0

P201654305 0

P205654301 0

P208654305 0

P236654305 1
Took 	00:00:01.068
####################################################################################################
####################################################################################################
Simple Packing:  2
dataP.t2DSP:  1
####################################################################################################
####################################################################################################
First packing

----------------------------------------------------------------------------------------------------
3D Packing Heuristic in Truck P198654301
Item 0091017300_14062023000016 with: 2
Item 0091017300_14062023000047 with: 2
Item 0091017300_14062023000100 with: 2
Item 0091017300_14062023000103 with: 2
Item 0091017300_14062023000104 with: 3
Item 0091017300_14062023000149 with: 1
Item 0091017300_14062023000167 with: 1
Heuristic packed all items

----------------------------------------------------------------------------------------------------
3D Packing Heuristic in Truck P191654301
Item 0091017300_14062023000011 with: 2
Item 0091017300_14062023000032 with: 5
Item 0091017300_14062023000041 with: 1
Item 0091017300_14062023000096 with: 2
Item 0091017300_14062023000140 with: 1
Item 0091017300_14062023000155 with: 2
Item 0091017300_14062023000173 with: 3
Item 0091017300_14062023000195 with: 1
Heuristic packed all items

----------------------------------------------------------------------------------------------------
3D Packing Heuristic in Truck P205654301
Item 0091017300_14062023000020 with: 2
Item 0091017300_14062023000028 with: 1
Item 0091017300_14062023000058 with: 3
Item 0091017300_14062023000124 with: 3
Item 0091017300_14062023000130 with: 1
Item 0091017300_14062023000143 with: 1
Item 0091017300_14062023000179 with: 5
Item 0091017300_14062023000189 with: 4
Heuristic packed all items

----------------------------------------------------------------------------------------------------
2D Packing Heuristic in Truck P185654305
Min2DVol: 15.654179999999995 [m2]
Stack 0 with items: ['0091017300_14062023000006', '0091017300_14062023000046', '0091017300_14062023000113']
Stack 1 with items: ['0091017300_14062023000076', '0091017300_14062023000030', '0091017300_14062023000076']
Stack 2 with items: ['0091017300_14062023000006', '0091017300_14062023000024', '0091017300_14062023000024', '0091017300_14062023000030', '0091017300_14062023000090']
Stack 3 with items: ['0091017300_14062023000175', '0091017300_14062023000175']
Stack 4 with items: ['0091017300_14062023000132', '0091017300_14062023000098']
Stack 5 with items: ['0091017300_14062023000075', '0091017300_14062023000075']
Stack 6 with items: ['0091017300_14062023000075', '0091017300_14062023000075']
Stack 7 with items: ['0091017300_14062023000075', '0091017300_14062023000075']
Stack 8 with items: ['0091017300_14062023000075', '0091017300_14062023000054']
Stack 9 with items: ['0091017300_14062023000054', '0091017300_14062023000054']
Stack 10 with items: ['0091017300_14062023000054', '0091017300_14062023000054']
Stack 11 with items: ['0091017300_14062023000034', '0091017300_14062023000034']
Stack 12 with items: ['0091017300_14062023000034']
Heuristic packed all stacks

----------------------------------------------------------------------------------------------------
2D Packing Heuristic in Truck P186654301
Min2DVol: 20.39999999999999 [m2]
Stack 0 with items: ['0091017300_14062023000197', '0091017300_14062023000197']
Stack 1 with items: ['0091017300_14062023000197', '0091017300_14062023000197']
Stack 2 with items: ['0091017300_14062023000197', '0091017300_14062023000192']
Stack 3 with items: ['0091017300_14062023000192', '0091017300_14062023000192']
Stack 4 with items: ['0091017300_14062023000192', '0091017300_14062023000192']
Stack 5 with items: ['0091017300_14062023000192', '0091017300_14062023000192']
Stack 6 with items: ['0091017300_14062023000181', '0091017300_14062023000163']
Stack 7 with items: ['0091017300_14062023000137', '0091017300_14062023000137']
Stack 8 with items: ['0091017300_14062023000137', '0091017300_14062023000137']
Stack 9 with items: ['0091017300_14062023000128', '0091017300_14062023000120']
Stack 10 with items: ['0091017300_14062023000120', '0091017300_14062023000120']
Stack 11 with items: ['0091017300_14062023000087', '0091017300_14062023000087']
Stack 12 with items: ['0091017300_14062023000087', '0091017300_14062023000087']
Stack 13 with items: ['0091017300_14062023000087', '0091017300_14062023000087']
Stack 14 with items: ['0091017300_14062023000087', '0091017300_14062023000074']
Stack 15 with items: ['0091017300_14062023000036', '0091017300_14062023000036']
Stack 16 with items: ['0091017300_14062023000036']
Heuristic packed all stacks

----------------------------------------------------------------------------------------------------
2D Packing Heuristic in Truck P208654305
Min2DVol: 21.690299999999993 [m2]
Stack 0 with items: ['0091017300_14062023000001', '0091017300_14062023000001', '0091017300_14062023000001', '0091017300_14062023000094']
Stack 1 with items: ['0091017300_14062023000166', '0091017300_14062023000021', '0091017300_14062023000105', '0091017300_14062023000021']
Stack 2 with items: ['0091017300_14062023000131', '0091017300_14062023000105', '0091017300_14062023000068']
Stack 3 with items: ['0091017300_14062023000131', '0091017300_14062023000148', '0091017300_14062023000148']
Stack 4 with items: ['0091017300_14062023000069', '0091017300_14062023000021', '0091017300_14062023000148']
Stack 5 with items: ['0091017300_14062023000142', '0091017300_14062023000142']
Stack 6 with items: ['0091017300_14062023000142', '0091017300_14062023000142']
Stack 7 with items: ['0091017300_14062023000093', '0091017300_14062023000093']
Stack 8 with items: ['0091017300_14062023000093', '0091017300_14062023000093']
Stack 9 with items: ['0091017300_14062023000093', '0091017300_14062023000093']
Stack 10 with items: ['0091017300_14062023000084', '0091017300_14062023000084']
Stack 11 with items: ['0091017300_14062023000084', '0091017300_14062023000084']
Stack 12 with items: ['0091017300_14062023000084', '0091017300_14062023000084']
Stack 13 with items: ['0091017300_14062023000084', '0091017300_14062023000084']
Stack 14 with items: ['0091017300_14062023000070', '0091017300_14062023000070']
Stack 15 with items: ['0091017300_14062023000070', '0091017300_14062023000070']
Stack 16 with items: ['0091017300_14062023000038', '0091017300_14062023000038']
Stack 17 with items: ['0091017300_14062023000025', '0091017300_14062023000025']
Heuristic packed all stacks

----------------------------------------------------------------------------------------------------
2D Packing Heuristic in Truck P173654305
Min2DVol: 21.690299999999993 [m2]
Stack 0 with items: ['0091017300_14062023000083', '0091017300_14062023000029', '0091017300_14062023000151', '0091017300_14062023000164']
Stack 1 with items: ['0091017300_14062023000183', '0091017300_14062023000082', '0091017300_14062023000059']
Stack 2 with items: ['0091017300_14062023000029', '0091017300_14062023000029', '0091017300_14062023000029', '0091017300_14062023000082', '0091017300_14062023000082']
Stack 3 with items: ['0091017300_14062023000180', '0091017300_14062023000029', '0091017300_14062023000136', '0091017300_14062023000029']
Stack 4 with items: ['0091017300_14062023000164', '0091017300_14062023000151', '0091017300_14062023000164', '0091017300_14062023000164', '0091017300_14062023000164', '0091017300_14062023000164']
Stack 5 with items: ['0091017300_14062023000152', '0091017300_14062023000116']
Stack 6 with items: ['0091017300_14062023000107', '0091017300_14062023000107']
Stack 7 with items: ['0091017300_14062023000107', '0091017300_14062023000107']
Stack 8 with items: ['0091017300_14062023000107', '0091017300_14062023000107']
Stack 9 with items: ['0091017300_14062023000091', '0091017300_14062023000091']
Stack 10 with items: ['0091017300_14062023000091', '0091017300_14062023000091']
Stack 11 with items: ['0091017300_14062023000091', '0091017300_14062023000081']
Stack 12 with items: ['0091017300_14062023000073', '0091017300_14062023000073']
Stack 13 with items: ['0091017300_14062023000073', '0091017300_14062023000051']
Stack 14 with items: ['0091017300_14062023000051', '0091017300_14062023000051']
Stack 15 with items: ['0091017300_14062023000051', '0091017300_14062023000051']
Stack 16 with items: ['0091017300_14062023000051', '0091017300_14062023000051']
Stack 17 with items: ['0091017300_14062023000051']
Heuristic packed all stacks

----------------------------------------------------------------------------------------------------
2D Packing Heuristic in Truck P192654305
Min2DVol: 27.708360000000003 [m2]
Stack 0 with items: ['0091017300_14062023000194', '0091017300_14062023000194']
Stack 1 with items: ['0091017300_14062023000194', '0091017300_14062023000176']
Stack 2 with items: ['0091017300_14062023000173', '0091017300_14062023000170']
Stack 3 with items: ['0091017300_14062023000170', '0091017300_14062023000170']
Stack 4 with items: ['0091017300_14062023000170', '0091017300_14062023000170']
Stack 5 with items: ['0091017300_14062023000170', '0091017300_14062023000160']
Stack 6 with items: ['0091017300_14062023000154', '0091017300_14062023000153']
Stack 7 with items: ['0091017300_14062023000153', '0091017300_14062023000153']
Stack 8 with items: ['0091017300_14062023000145', '0091017300_14062023000139']
Stack 9 with items: ['0091017300_14062023000121', '0091017300_14062023000121']
Stack 10 with items: ['0091017300_14062023000121', '0091017300_14062023000115']
Stack 11 with items: ['0091017300_14062023000115', '0091017300_14062023000115']
Stack 12 with items: ['0091017300_14062023000115', '0091017300_14062023000071']
Stack 13 with items: ['0091017300_14062023000060', '0091017300_14062023000060']
Stack 14 with items: ['0091017300_14062023000010', '0091017300_14062023000003']
Stack 15 with items: ['0091017300_14062023000003', '0091017300_14062023000003']
Stack 16 with items: ['0091017300_14062023000002']
Stack 17 with items: ['0091017300_14062023000078', '0091017300_14062023000078']
Stack 18 with items: ['0091017300_14062023000174', '0091017300_14062023000086', '0091017300_14062023000162', '0091017300_14062023000086']
Stack 19 with items: ['0091017300_14062023000129', '0091017300_14062023000129', '0091017300_14062023000162']
Stack 20 with items: ['0091017300_14062023000158', '0091017300_14062023000110']
Stack 21 with items: ['0091017300_14062023000044', '0091017300_14062023000044', '0091017300_14062023000129', '0091017300_14062023000158']
Stack 22 with items: ['0091017300_14062023000089', '0091017300_14062023000089', '0091017300_14062023000089']
Heuristic packed all stacks

----------------------------------------------------------------------------------------------------
2D Packing Heuristic in Truck P199654305
Min2DVol: 26.50835999999999 [m2]
Stack 0 with items: ['0091017300_14062023000007', '0091017300_14062023000133', '0091017300_14062023000186', '0091017300_14062023000186']
Stack 1 with items: ['0091017300_14062023000095', '0091017300_14062023000095', '0091017300_14062023000127']
Stack 2 with items: ['0091017300_14062023000191', '0091017300_14062023000005', '0091017300_14062023000172', '0091017300_14062023000005']
Stack 3 with items: ['0091017300_14062023000125', '0091017300_14062023000125', '0091017300_14062023000191']
Stack 4 with items: ['0091017300_14062023000007', '0091017300_14062023000077']
Stack 5 with items: ['0091017300_14062023000008', '0091017300_14062023000057', '0091017300_14062023000057']
Stack 6 with items: ['0091017300_14062023000196', '0091017300_14062023000196']
Stack 7 with items: ['0091017300_14062023000190', '0091017300_14062023000165']
Stack 8 with items: ['0091017300_14062023000165', '0091017300_14062023000165']
Stack 9 with items: ['0091017300_14062023000165', '0091017300_14062023000161']
Stack 10 with items: ['0091017300_14062023000111', '0091017300_14062023000111']
Stack 11 with items: ['0091017300_14062023000111', '0091017300_14062023000108']
Stack 12 with items: ['0091017300_14062023000106', '0091017300_14062023000106']
Stack 13 with items: ['0091017300_14062023000099', '0091017300_14062023000099']
Stack 14 with items: ['0091017300_14062023000099', '0091017300_14062023000099']
Stack 15 with items: ['0091017300_14062023000099', '0091017300_14062023000099']
Stack 16 with items: ['0091017300_14062023000065', '0091017300_14062023000063']
Stack 17 with items: ['0091017300_14062023000045', '0091017300_14062023000045']
Stack 18 with items: ['0091017300_14062023000045', '0091017300_14062023000033']
Stack 19 with items: ['0091017300_14062023000033', '0091017300_14062023000033']
Stack 20 with items: ['0091017300_14062023000017', '0091017300_14062023000015']
Stack 21 with items: ['0091017300_14062023000015', '0091017300_14062023000015']
Heuristic packed all stacks

----------------------------------------------------------------------------------------------------
2D Packing Heuristic in Truck P187654305
Min2DVol: 27.726419999999987 [m2]
Stack 0 with items: ['0091017300_14062023000156', '0091017300_14062023000118', '0091017300_14062023000156']
Stack 1 with items: ['0091017300_14062023000118', '0091017300_14062023000112', '0091017300_14062023000112', '0091017300_14062023000118', '0091017300_14062023000118']
Stack 2 with items: ['0091017300_14062023000088', '0091017300_14062023000079', '0091017300_14062023000079']
Stack 3 with items: ['0091017300_14062023000079', '0091017300_14062023000067', '0091017300_14062023000067', '0091017300_14062023000067', '0091017300_14062023000079']
Stack 4 with items: ['0091017300_14062023000067', '0091017300_14062023000049', '0091017300_14062023000049']
Stack 5 with items: ['0091017300_14062023000026', '0091017300_14062023000026', '0091017300_14062023000026']
Stack 6 with items: ['0091017300_14062023000026', '0091017300_14062023000004']
Stack 7 with items: ['0091017300_14062023000074', '0091017300_14062023000037']
Stack 8 with items: ['0091017300_14062023000074', '0091017300_14062023000037']
Stack 9 with items: ['0091017300_14062023000074', '0091017300_14062023000074']
Stack 10 with items: ['0091017300_14062023000056', '0091017300_14062023000056']
Stack 11 with items: ['0091017300_14062023000137', '0091017300_14062023000056']
Stack 12 with items: ['0091017300_14062023000037', '0091017300_14062023000074']
Stack 13 with items: ['0091017300_14062023000056', '0091017300_14062023000056']
Stack 14 with items: ['0091017300_14062023000171', '0091017300_14062023000171']
Stack 15 with items: ['0091017300_14062023000074', '0091017300_14062023000074']
Stack 16 with items: ['0091017300_14062023000037', '0091017300_14062023000056']
Stack 17 with items: ['0091017300_14062023000074', '0091017300_14062023000074']
Stack 18 with items: ['0091017300_14062023000037', '0091017300_14062023000056']
Stack 19 with items: ['0091017300_14062023000074', '0091017300_14062023000074']
Stack 20 with items: ['0091017300_14062023000056', '0091017300_14062023000056']
Stack 21 with items: ['0091017300_14062023000171', '0091017300_14062023000171']
Stack 22 with items: ['0091017300_14062023000037', '0091017300_14062023000037']
Heuristic packed all stacks

----------------------------------------------------------------------------------------------------
2D Packing Heuristic in Truck P194654305
Min2DVol: 28.944479999999988 [m2]
Stack 0 with items: ['0091017300_14062023000198', '0091017300_14062023000147', '0091017300_14062023000147', '0091017300_14062023000147', '0091017300_14062023000198']
Stack 1 with items: ['0091017300_14062023000135', '0091017300_14062023000122', '0091017300_14062023000135']
Stack 2 with items: ['0091017300_14062023000122', '0091017300_14062023000122', '0091017300_14062023000122']
Stack 3 with items: ['0091017300_14062023000122', '0091017300_14062023000119', '0091017300_14062023000117']
Stack 4 with items: ['0091017300_14062023000119', '0091017300_14062023000097', '0091017300_14062023000117', '0091017300_14062023000085']
Stack 5 with items: ['0091017300_14062023000109', '0091017300_14062023000085', '0091017300_14062023000097', '0091017300_14062023000085']
Stack 6 with items: ['0091017300_14062023000066', '0091017300_14062023000066', '0091017300_14062023000066']
Stack 7 with items: ['0091017300_14062023000066', '0091017300_14062023000066']
Stack 8 with items: ['0091017300_14062023000126', '0091017300_14062023000126']
Stack 9 with items: ['0091017300_14062023000145', '0091017300_14062023000145']
Stack 10 with items: ['0091017300_14062023000145', '0091017300_14062023000145']
Stack 11 with items: ['0091017300_14062023000184', '0091017300_14062023000184']
Stack 12 with items: ['0091017300_14062023000194', '0091017300_14062023000194']
Stack 13 with items: ['0091017300_14062023000126', '0091017300_14062023000126']
Stack 14 with items: ['0091017300_14062023000126', '0091017300_14062023000126']
Stack 15 with items: ['0091017300_14062023000145', '0091017300_14062023000145']
Stack 16 with items: ['0091017300_14062023000145', '0091017300_14062023000145']
Stack 17 with items: ['0091017300_14062023000145', '0091017300_14062023000145']
Stack 18 with items: ['0091017300_14062023000145', '0091017300_14062023000145']
Stack 19 with items: ['0091017300_14062023000126', '0091017300_14062023000126']
Stack 20 with items: ['0091017300_14062023000184', '0091017300_14062023000184']
Stack 21 with items: ['0091017300_14062023000071', '0091017300_14062023000071']
Stack 22 with items: ['0091017300_14062023000126', '0091017300_14062023000126']
Stack 23 with items: ['0091017300_14062023000071', '0091017300_14062023000071']
Heuristic packed all stacks

----------------------------------------------------------------------------------------------------
2D Packing Heuristic in Truck P201654305
Min2DVol: 31.380599999999987 [m2]
Stack 0 with items: ['0091017300_14062023000177', '0091017300_14062023000177', '0091017300_14062023000177']
Stack 1 with items: ['0091017300_14062023000177', '0091017300_14062023000177', '0091017300_14062023000177']
Stack 2 with items: ['0091017300_14062023000157', '0091017300_14062023000123', '0091017300_14062023000123', '0091017300_14062023000157']
Stack 3 with items: ['0091017300_14062023000123', '0091017300_14062023000055', '0091017300_14062023000064', '0091017300_14062023000064', '0091017300_14062023000055']
Stack 4 with items: ['0091017300_14062023000055', '0091017300_14062023000043', '0091017300_14062023000019', '0091017300_14062023000055']
Stack 5 with items: ['0091017300_14062023000043', '0091017300_14062023000031', '0091017300_14062023000013']
Stack 6 with items: ['0091017300_14062023000031', '0091017300_14062023000013', '0091017300_14062023000031']
Stack 7 with items: ['0091017300_14062023000019', '0091017300_14062023000019', '0091017300_14062023000019']
Stack 8 with items: ['0091017300_14062023000019', '0091017300_14062023000013', '0091017300_14062023000013', '0091017300_14062023000019']
Stack 9 with items: ['0091017300_14062023000008', '0091017300_14062023000008']
Stack 10 with items: ['0091017300_14062023000017', '0091017300_14062023000017']
Stack 11 with items: ['0091017300_14062023000017', '0091017300_14062023000017']
Stack 12 with items: ['0091017300_14062023000017', '0091017300_14062023000017']
Stack 13 with items: ['0091017300_14062023000017', '0091017300_14062023000017']
Stack 14 with items: ['0091017300_14062023000017', '0091017300_14062023000040']
Stack 15 with items: ['0091017300_14062023000159']
Stack 16 with items: ['0091017300_14062023000017', '0091017300_14062023000017']
Stack 17 with items: ['0091017300_14062023000053', '0091017300_14062023000053']
Stack 18 with items: ['0091017300_14062023000040', '0091017300_14062023000040']
Stack 19 with items: ['0091017300_14062023000017', '0091017300_14062023000017']
Stack 20 with items: ['0091017300_14062023000159', '0091017300_14062023000159']
Stack 21 with items: ['0091017300_14062023000159', '0091017300_14062023000159']
Stack 22 with items: ['0091017300_14062023000017', '0091017300_14062023000159']
Stack 23 with items: ['0091017300_14062023000159', '0091017300_14062023000159']
Stack 24 with items: ['0091017300_14062023000017', '0091017300_14062023000159']
Stack 25 with items: ['0091017300_14062023000159', '0091017300_14062023000159']
Heuristic packed all stacks

----------------------------------------------------------------------------------------------------
2D Packing Heuristic in Truck P236654305
Min2DVol: 20.481270000000002 [m2]
Stack 0 with items: ['0091017300_14062023000188', '0091017300_14062023000185', '0091017300_14062023000188', '0091017300_14062023000188', '0091017300_14062023000188', '0091017300_14062023000188']
Stack 1 with items: ['0091017300_14062023000185', '0091017300_14062023000146', '0091017300_14062023000185']
Stack 2 with items: ['0091017300_14062023000169', '0091017300_14062023000052', '0091017300_14062023000169']
Stack 3 with items: ['0091017300_14062023000146', '0091017300_14062023000102', '0091017300_14062023000102']
Stack 4 with items: ['0091017300_14062023000102', '0091017300_14062023000102', '0091017300_14062023000102']
Stack 5 with items: ['0091017300_14062023000062', '0091017300_14062023000062', '0091017300_14062023000062']
Stack 6 with items: ['0091017300_14062023000062', '0091017300_14062023000052', '0091017300_14062023000052', '0091017300_14062023000052', '0091017300_14062023000062']
Stack 7 with items: ['0091017300_14062023000052', '0091017300_14062023000048', '0091017300_14062023000048']
Stack 8 with items: ['0091017300_14062023000009']
Stack 9 with items: ['0091017300_14062023000193', '0091017300_14062023000193']
Stack 10 with items: ['0091017300_14062023000193', '0091017300_14062023000193']
Stack 11 with items: ['0091017300_14062023000193', '0091017300_14062023000193']
Stack 12 with items: ['0091017300_14062023000193', '0091017300_14062023000193']
Stack 13 with items: ['0091017300_14062023000193', '0091017300_14062023000187']
Stack 14 with items: ['0091017300_14062023000187', '0091017300_14062023000187']
Stack 15 with items: ['0091017300_14062023000187', '0091017300_14062023000187']
Stack 16 with items: ['0091017300_14062023000187', '0091017300_14062023000187']
Stack 17 with items: ['0091017300_14062023000187', '0091017300_14062023000182']
Stack 18 with items: ['0091017300_14062023000182', '0091017300_14062023000182']
Stack 19 with items: ['0091017300_14062023000182', '0091017300_14062023000182']
Stack 20 with items: ['0091017300_14062023000182', '0091017300_14062023000182']
Stack 21 with items: ['0091017300_14062023000182', '0091017300_14062023000182']
Stack 22 with items: ['0091017300_14062023000182', '0091017300_14062023000168']
Stack 23 with items: ['0091017300_14062023000168', '0091017300_14062023000168']
Stack 24 with items: ['0091017300_14062023000150', '0091017300_14062023000150']
Stack 25 with items: ['0091017300_14062023000141', '0091017300_14062023000141']
Stack 26 with items: ['0091017300_14062023000141', '0091017300_14062023000141']
Stack 27 with items: ['0091017300_14062023000141', '0091017300_14062023000141']
Stack 28 with items: ['0091017300_14062023000141', '0091017300_14062023000114']
Stack 29 with items: ['0091017300_14062023000114', '0091017300_14062023000101']
Stack 30 with items: ['0091017300_14062023000101', '0091017300_14062023000042']
Stack 31 with items: ['0091017300_14062023000027', '0091017300_14062023000027']
Stack 32 with items: ['0091017300_14062023000022', '0091017300_14062023000022']
Stack 33 with items: ['0091017300_14062023000022', '0091017300_14062023000012']
Stacks not packed:
Stack 9 missing: ['0091017300_14062023000193', '0091017300_14062023000193']
Stack 10 missing: ['0091017300_14062023000193', '0091017300_14062023000193']
Stack 11 missing: ['0091017300_14062023000193', '0091017300_14062023000193']
Stack 12 missing: ['0091017300_14062023000193', '0091017300_14062023000193']
Stack 22 missing: ['0091017300_14062023000182', '0091017300_14062023000168']
Stack 23 missing: ['0091017300_14062023000168', '0091017300_14062023000168']
Stack 24 missing: ['0091017300_14062023000150', '0091017300_14062023000150']
Stack 30 missing: ['0091017300_14062023000101', '0091017300_14062023000042']
Stack 32 missing: ['0091017300_14062023000022', '0091017300_14062023000022']
Stack 33 missing: ['0091017300_14062023000022', '0091017300_14062023000012']
----------------------------------------------------------------------------------------------------
3D Packing Heuristic in Truck P236654305
Item 0091017300_14062023000193 with: 8
Item 0091017300_14062023000182 with: 1
Item 0091017300_14062023000168 with: 3
Item 0091017300_14062023000150 with: 2
Item 0091017300_14062023000101 with: 1
Item 0091017300_14062023000042 with: 1
Item 0091017300_14062023000022 with: 3
Item 0091017300_14062023000012 with: 1
Heuristic packed all items

----------------------------------------------------------------------------------------------------
2D Packing Heuristic in Truck P178654305
Min2DVol: 24.054180000000013 [m2]
Stack 0 with items: ['0091017300_14062023000050', '0091017300_14062023000035', '0091017300_14062023000050', '0091017300_14062023000050', '0091017300_14062023000050']
Stack 1 with items: ['0091017300_14062023000014', '0091017300_14062023000014', '0091017300_14062023000072']
Stack 2 with items: ['0091017300_14062023000092', '0091017300_14062023000092', '0091017300_14062023000092']
Stack 3 with items: ['0091017300_14062023000072', '0091017300_14062023000138', '0091017300_14062023000138', '0091017300_14062023000138', '0091017300_14062023000144']
Stack 4 with items: ['0091017300_14062023000138', '0091017300_14062023000138', '0091017300_14062023000138', '0091017300_14062023000144', '0091017300_14062023000144']
Stack 5 with items: ['0091017300_14062023000039', '0091017300_14062023000050', '0091017300_14062023000050', '0091017300_14062023000072']
Stack 6 with items: ['0091017300_14062023000178', '0091017300_14062023000178']
Stack 7 with items: ['0091017300_14062023000178', '0091017300_14062023000178']
Stack 8 with items: ['0091017300_14062023000134', '0091017300_14062023000134']
Stack 9 with items: ['0091017300_14062023000134', '0091017300_14062023000134']
Stack 10 with items: ['0091017300_14062023000080', '0091017300_14062023000080']
Stack 11 with items: ['0091017300_14062023000080', '0091017300_14062023000080']
Stack 12 with items: ['0091017300_14062023000080', '0091017300_14062023000061']
Stack 13 with items: ['0091017300_14062023000061', '0091017300_14062023000061']
Stack 14 with items: ['0091017300_14062023000061', '0091017300_14062023000061']
Stack 15 with items: ['0091017300_14062023000061', '0091017300_14062023000061']
Stack 16 with items: ['0091017300_14062023000061', '0091017300_14062023000061']
Stack 17 with items: ['0091017300_14062023000061', '0091017300_14062023000061']
Stack 18 with items: ['0091017300_14062023000061', '0091017300_14062023000061']
Stack 19 with items: ['0091017300_14062023000061', '0091017300_14062023000061']
Stack 20 with items: ['0091017300_14062023000061', '0091017300_14062023000061']
Stack 21 with items: ['0091017300_14062023000061', '0091017300_14062023000061']
Stack 22 with items: ['0091017300_14062023000061', '0091017300_14062023000061']
Stack 23 with items: ['0091017300_14062023000061', '0091017300_14062023000061']
Stack 24 with items: ['0091017300_14062023000061', '0091017300_14062023000061']
Stack 25 with items: ['0091017300_14062023000061', '0091017300_14062023000061']
Stack 26 with items: ['0091017300_14062023000023', '0091017300_14062023000023']
Stack 27 with items: ['0091017300_14062023000023', '0091017300_14062023000023']
Stack 28 with items: ['0091017300_14062023000023', '0091017300_14062023000023']
Stack 29 with items: ['0091017300_14062023000023', '0091017300_14062023000023']
Stack 30 with items: ['0091017300_14062023000023', '0091017300_14062023000023']
Stack 31 with items: ['0091017300_14062023000023', '0091017300_14062023000023']
Stack 32 with items: ['0091017300_14062023000023', '0091017300_14062023000023']
Stack 33 with items: ['0091017300_14062023000023', '0091017300_14062023000023']
Stack 34 with items: ['0091017300_14062023000023', '0091017300_14062023000023']
Stack 35 with items: ['0091017300_14062023000023', '0091017300_14062023000023']
Stack 36 with items: ['0091017300_14062023000023', '0091017300_14062023000023']
Stack 37 with items: ['0091017300_14062023000018', '0091017300_14062023000018']
Stack 38 with items: ['0091017300_14062023000018', '0091017300_14062023000018']
Stack 39 with items: ['0091017300_14062023000018']
Stacks not packed:
Stack 8 missing: ['0091017300_14062023000134', '0091017300_14062023000134']
Stack 9 missing: ['0091017300_14062023000134', '0091017300_14062023000134']
Stack 10 missing: ['0091017300_14062023000080', '0091017300_14062023000080']
Stack 11 missing: ['0091017300_14062023000080', '0091017300_14062023000080']
Stack 12 missing: ['0091017300_14062023000080', '0091017300_14062023000061']
Stack 14 missing: ['0091017300_14062023000061', '0091017300_14062023000061']
Stack 15 missing: ['0091017300_14062023000061', '0091017300_14062023000061']
Stack 16 missing: ['0091017300_14062023000061', '0091017300_14062023000061']
Stack 17 missing: ['0091017300_14062023000061', '0091017300_14062023000061']
Stack 18 missing: ['0091017300_14062023000061', '0091017300_14062023000061']
Stack 19 missing: ['0091017300_14062023000061', '0091017300_14062023000061']
Stack 20 missing: ['0091017300_14062023000061', '0091017300_14062023000061']
Stack 21 missing: ['0091017300_14062023000061', '0091017300_14062023000061']
Stack 22 missing: ['0091017300_14062023000061', '0091017300_14062023000061']
Stack 23 missing: ['0091017300_14062023000061', '0091017300_14062023000061']
Stack 24 missing: ['0091017300_14062023000061', '0091017300_14062023000061']
Stack 25 missing: ['0091017300_14062023000061', '0091017300_14062023000061']
----------------------------------------------------------------------------------------------------
2D Packing Heuristic in Truck P178654305
Min2DVol: 20.39999999999999 [m2]
Stack 0 with items: ['0091017300_14062023000134', '0091017300_14062023000134']
Stack 1 with items: ['0091017300_14062023000134', '0091017300_14062023000134']
Stack 2 with items: ['0091017300_14062023000080', '0091017300_14062023000080']
Stack 3 with items: ['0091017300_14062023000080', '0091017300_14062023000080']
Stack 4 with items: ['0091017300_14062023000080', '0091017300_14062023000061']
Stack 5 with items: ['0091017300_14062023000061', '0091017300_14062023000061']
Stack 6 with items: ['0091017300_14062023000061', '0091017300_14062023000061']
Stack 7 with items: ['0091017300_14062023000061', '0091017300_14062023000061']
Stack 8 with items: ['0091017300_14062023000061', '0091017300_14062023000061']
Stack 9 with items: ['0091017300_14062023000061', '0091017300_14062023000061']
Stack 10 with items: ['0091017300_14062023000061', '0091017300_14062023000061']
Stack 11 with items: ['0091017300_14062023000061', '0091017300_14062023000061']
Stack 12 with items: ['0091017300_14062023000061', '0091017300_14062023000061']
Stack 13 with items: ['0091017300_14062023000061', '0091017300_14062023000061']
Stack 14 with items: ['0091017300_14062023000061', '0091017300_14062023000061']
Stack 15 with items: ['0091017300_14062023000061', '0091017300_14062023000061']
Stack 16 with items: ['0091017300_14062023000061', '0091017300_14062023000061']
Heuristic packed all stacks
****************************************************************************************************
****************************************************************************************************
****************************************************************************************************
Final Solution
Objective;29101.0
Transportation cost;24000.0
Inventory cost;5101.0
Runtime;5.83
****************************************************************************************************
****************************************************************************************************
****************************************************************************************************
####################################################################################################
Export solution
End ROADEF
####################################################################################################
####################################################################################################
####################################################################################################
####################################################################################################
####################################################################################################
####################################################################################################
####################################################################################################

real	0m10.291s
user	0m18.809s
sys	0m1.315s
finished at Wed Oct 11 23:52:06 CEST 2023
